[2025-03-21 20:51:46,590] INFO: Stack initialized: [0, 0, 0], X=0, word_size=16, complement_mode=UNSIGNED
[2025-03-21 20:51:46,611] INFO: Script started: main.pyw
[2025-03-21 20:51:46,611] INFO: Entering function: main
[2025-03-21 20:51:46,611] INFO: Creating Tk root window
[2025-03-21 20:51:46,671] INFO: Setting window title: HP 16C Emulator
[2025-03-21 20:51:46,671] INFO: Configuring root background color: #1e1818
[2025-03-21 20:51:46,672] INFO: Setting root resizable: False, False
[2025-03-21 20:51:46,672] INFO: Entering function: load_config
[2025-03-21 20:51:46,672] INFO: Config loaded and updated: {'display_width': 575, 'display_height': 80, 'margin': 20, 'bg_color': '#1e1818', 'display_font_family': 'Courier', 'display_font_size': 18, 'display_x': 125, 'display_y': 20}
[2025-03-21 20:51:46,672] INFO: Exiting function: load_config
[2025-03-21 20:51:46,672] INFO: Custom font created: family=Courier, size=18
[2025-03-21 20:51:46,673] INFO: Setting up UI: display at x=125, y=20, width=575, height=80, grid=4x10, total=1089x560
[2025-03-21 20:51:46,673] INFO: Initializing Display: x=125, y=20, width=575, height=80
[2025-03-21 20:51:46,676] INFO: Stack info updated: 00-16-0000
[2025-03-21 20:51:46,676] INFO: Display initialized: mode=DEC, entry=0
[2025-03-21 20:51:46,676] INFO: Setting mode: DEC
[2025-03-21 20:51:46,677] INFO: Setting entry: value=0, raw=False
[2025-03-21 20:51:46,677] INFO: Entry set: 0, value=0
[2025-03-21 20:51:46,677] INFO: Creating buttons from BUTTONS_CONFIG
[2025-03-21 20:51:46,678] INFO: Button 0,0: SL/A/LJ, 75x75, row=0, col=0, rowspan=1
[2025-03-21 20:51:46,679] INFO: Button 1,0: x><(i)/GSB/RTN, 75x75, row=1, col=0, rowspan=1
[2025-03-21 20:51:46,680] INFO: Button 2,0: (i)/R/S/P/R, 75x75, row=2, col=0, rowspan=1
[2025-03-21 20:51:46,680] INFO: Button 3,0: /ON/, 75x75, row=3, col=0, rowspan=1
[2025-03-21 20:51:46,681] INFO: Button 0,1: SR/B/ASR, 75x75, row=0, col=1, rowspan=1
[2025-03-21 20:51:46,682] INFO: Button 1,1: x><I/GTO/LBL, 75x75, row=1, col=1, rowspan=1
[2025-03-21 20:51:46,683] INFO: Button 2,1: I/SST/BST, 75x75, row=2, col=1, rowspan=1
[2025-03-21 20:51:46,683] INFO: Button 3,1: /f/, 75x75, row=3, col=1, rowspan=1
[2025-03-21 20:51:46,684] INFO: Button 0,2: RL/C/DSZ, 75x75, row=0, col=2, rowspan=1
[2025-03-21 20:51:46,685] INFO: Button 1,2: SHOW HEX/HEX/DSZ, 75x75, row=1, col=2, rowspan=1
[2025-03-21 20:51:46,687] INFO: Button 2,2: CLR PRGM/R↓/R↑, 75x75, row=2, col=2, rowspan=1
[2025-03-21 20:51:46,687] INFO: Button 3,2: /g/, 75x75, row=3, col=2, rowspan=1
[2025-03-21 20:51:46,688] INFO: Button 0,3: RR/D/RRC, 75x75, row=0, col=3, rowspan=1
[2025-03-21 20:51:46,689] INFO: Button 1,3: SHOW DEC/DEC/ISZ, 75x75, row=1, col=3, rowspan=1
[2025-03-21 20:51:46,690] INFO: Button 2,3: CLR REG/x><y/PSE, 75x75, row=2, col=3, rowspan=1
[2025-03-21 20:51:46,709] INFO: Button 3,3: WSIZE/STO/⯇, 75x75, row=3, col=3, rowspan=1
[2025-03-21 20:51:46,710] INFO: Button 0,4: RLn/E/RLCn, 75x75, row=0, col=4, rowspan=1
[2025-03-21 20:51:46,711] INFO: Button 1,4: SHOW OCT/OCT/√x, 75x75, row=1, col=4, rowspan=1
[2025-03-21 20:51:46,712] INFO: Button 2,4: CLR PRFX/BSP/CLX, 75x75, row=2, col=4, rowspan=1
[2025-03-21 20:51:46,713] INFO: Button 3,4: FLOAT/RCL/⯈, 75x75, row=3, col=4, rowspan=1
[2025-03-21 20:51:46,713] INFO: Button 0,5: RRn/F/RRCn, 75x75, row=0, col=5, rowspan=1
[2025-03-21 20:51:46,714] INFO: Button 1,5: SHOW BIN/BIN/1/x, 75x75, row=1, col=5, rowspan=1
[2025-03-21 20:51:46,715] INFO: Button 2,5: WINDOW/ENTER/LST X, 75x175, row=2, col=5, rowspan=2
[2025-03-21 20:51:46,716] INFO: Button 0,6: MASKL/7/#B, 75x75, row=0, col=6, rowspan=1
[2025-03-21 20:51:46,717] INFO: Button 1,6: SB/4/SF, 75x75, row=1, col=6, rowspan=1
[2025-03-21 20:51:46,718] INFO: Button 2,6: SC 1'S/1/X≤Y, 75x75, row=2, col=6, rowspan=1
[2025-03-21 20:51:46,719] INFO: Button 3,6: MEM/0/X≠Y, 75x75, row=3, col=6, rowspan=1
[2025-03-21 20:51:46,720] INFO: Button 0,7: MASKR/8/ABS, 75x75, row=0, col=7, rowspan=1
[2025-03-21 20:51:46,721] INFO: Button 1,7: CB/5/CF, 75x75, row=1, col=7, rowspan=1
[2025-03-21 20:51:46,721] INFO: Button 2,7: SC 2'S/2/X<0, 75x75, row=2, col=7, rowspan=1
[2025-03-21 20:51:46,722] INFO: Button 3,7: STATUS/./X≠0, 75x75, row=3, col=7, rowspan=1
[2025-03-21 20:51:46,723] INFO: Button 0,8: RMD/9/DBLR, 75x75, row=0, col=8, rowspan=1
[2025-03-21 20:51:46,724] INFO: Button 1,8: B?/6/F?, 75x75, row=1, col=8, rowspan=1
[2025-03-21 20:51:46,725] INFO: Button 2,8: SC UNSGN/3/X>Y, 75x75, row=2, col=8, rowspan=1
[2025-03-21 20:51:46,726] INFO: Button 3,8: EEx/CHS/X=Y, 75x75, row=3, col=8, rowspan=1
[2025-03-21 20:51:46,727] INFO: Button 0,9: XOR///DBL/, 75x75, row=0, col=9, rowspan=1
[2025-03-21 20:51:46,728] INFO: Button 1,9: AND/*/DBL*, 75x75, row=1, col=9, rowspan=1
[2025-03-21 20:51:46,728] INFO: Button 2,9: NOT/-/X>0, 75x75, row=2, col=9, rowspan=1
[2025-03-21 20:51:46,729] INFO: Button 3,9: OR/+/X=0, 75x75, row=3, col=9, rowspan=1
[2025-03-21 20:51:46,729] INFO: Total buttons created: 39
[2025-03-21 20:51:46,730] INFO: Grid configured: 10 cols, 4 rows, minsize=75
[2025-03-21 20:51:46,755] INFO: Initializing HP16CController with display and buttons
[2025-03-21 20:51:46,755] INFO: Initializing HP16CController
[2025-03-21 20:51:46,755] INFO: Binding buttons to controller actions
[2025-03-21 20:51:46,756] INFO: Binding actions to all buttons
[2025-03-21 20:51:46,758] INFO: Starting periodic stack updates
[2025-03-21 20:51:46,759] INFO: Setting entry: value=0, raw=False
[2025-03-21 20:51:46,759] INFO: Entry set: 0, value=0
[2025-03-21 20:51:46,981] INFO: Root window size: 1089x560+104+104
[2025-03-21 20:51:46,981] INFO: Entering Tkinter mainloop
[2025-03-21 20:51:49,175] INFO: Handling command: set_base_hex
[2025-03-21 20:51:49,175] INFO: Handling normal command: HEX
[2025-03-21 20:51:49,175] INFO: Setting mode: HEX
[2025-03-21 20:51:49,175] INFO: Setting entry: value=0, raw=False
[2025-03-21 20:51:49,175] INFO: Entry set: 0, value=0
[2025-03-21 20:51:49,175] INFO: Setting entry: value=0, raw=False
[2025-03-21 20:51:49,176] INFO: Entry set: 0, value=0
[2025-03-21 20:51:49,176] INFO: Base set to HEX
[2025-03-21 20:51:50,060] INFO: Handling command: 
[2025-03-21 20:51:50,060] INFO: Handling normal command: DEC
[2025-03-21 20:51:50,060] INFO: Setting mode: DEC
[2025-03-21 20:51:50,060] INFO: Setting entry: value=0, raw=False
[2025-03-21 20:51:50,060] INFO: Entry set: 0, value=0
[2025-03-21 20:51:50,060] INFO: Setting entry: value=0, raw=False
[2025-03-21 20:51:50,060] INFO: Entry set: 0, value=0
[2025-03-21 20:51:50,060] INFO: Base set to DEC
[2025-03-21 20:51:50,697] INFO: Handling command: 
[2025-03-21 20:51:50,698] INFO: Handling normal command: OCT
[2025-03-21 20:51:50,698] INFO: Setting mode: OCT
[2025-03-21 20:51:50,698] INFO: Setting entry: value=0, raw=False
[2025-03-21 20:51:50,698] INFO: Entry set: 0, value=0
[2025-03-21 20:51:50,698] INFO: Setting entry: value=0, raw=False
[2025-03-21 20:51:50,698] INFO: Entry set: 0, value=0
[2025-03-21 20:51:50,698] INFO: Base set to OCT
[2025-03-21 20:51:51,229] INFO: Handling command: 
[2025-03-21 20:51:51,230] INFO: Handling normal command: BIN
[2025-03-21 20:51:51,230] INFO: Setting mode: BIN
[2025-03-21 20:51:51,230] INFO: Setting entry: value=0, raw=False
[2025-03-21 20:51:51,230] INFO: Entry set: 0, value=0
[2025-03-21 20:51:51,230] INFO: Setting entry: value=0, raw=False
[2025-03-21 20:51:51,230] INFO: Entry set: 0, value=0
[2025-03-21 20:51:51,230] INFO: Base set to BIN
[2025-03-21 20:51:55,340] INFO: Handling command: 
[2025-03-21 20:51:55,340] INFO: Handling normal command: DEC
[2025-03-21 20:51:55,340] INFO: Setting mode: DEC
[2025-03-21 20:51:55,341] INFO: Setting entry: value=0, raw=False
[2025-03-21 20:51:55,341] INFO: Entry set: 0, value=0
[2025-03-21 20:51:55,341] INFO: Setting entry: value=0, raw=False
[2025-03-21 20:51:55,341] INFO: Entry set: 0, value=0
[2025-03-21 20:51:55,341] INFO: Base set to DEC
[2025-03-21 20:51:56,195] INFO: Handling command: 
[2025-03-21 20:51:56,195] INFO: Handling normal command: 8
[2025-03-21 20:51:56,195] INFO: Entering digit: 8
[2025-03-21 20:51:56,196] INFO: Clearing entry
[2025-03-21 20:51:56,196] INFO: Appending character: 8
[2025-03-21 20:51:56,196] INFO: Setting entry: value=8, raw=False
[2025-03-21 20:51:56,196] INFO: Entry set: 8, value=8
[2025-03-21 20:51:58,370] INFO: Handling command: 
[2025-03-21 20:51:58,370] INFO: Handling normal command: BIN
[2025-03-21 20:51:58,370] INFO: Setting mode: BIN
[2025-03-21 20:51:58,370] INFO: Setting entry: value=8, raw=False
[2025-03-21 20:51:58,371] INFO: Entry set: 1000, value=8
[2025-03-21 20:51:58,371] INFO: Setting entry: value=8, raw=False
[2025-03-21 20:51:58,371] INFO: Entry set: 1000, value=8
[2025-03-21 20:51:58,371] INFO: Base set to BIN
[2025-03-21 20:51:59,495] INFO: Handling command: 
[2025-03-21 20:51:59,495] INFO: Handling normal command: OCT
[2025-03-21 20:51:59,495] INFO: Setting mode: OCT
[2025-03-21 20:51:59,495] INFO: Setting entry: value=8, raw=False
[2025-03-21 20:51:59,496] INFO: Entry set: 10, value=8
[2025-03-21 20:51:59,496] INFO: Setting entry: value=8, raw=False
[2025-03-21 20:51:59,496] INFO: Entry set: 10, value=8
[2025-03-21 20:51:59,496] INFO: Base set to OCT
[2025-03-21 20:52:00,245] INFO: Handling command: set_base_hex
[2025-03-21 20:52:00,245] INFO: Handling normal command: HEX
[2025-03-21 20:52:00,245] INFO: Setting mode: HEX
[2025-03-21 20:52:00,245] INFO: Setting entry: value=8, raw=False
[2025-03-21 20:52:00,246] INFO: Entry set: 8, value=8
[2025-03-21 20:52:00,246] INFO: Setting entry: value=8, raw=False
[2025-03-21 20:52:00,246] INFO: Entry set: 8, value=8
[2025-03-21 20:52:00,246] INFO: Base set to HEX
[2025-03-21 20:52:06,190] INFO: Exiting function: main
[2025-03-21 20:52:06,190] INFO: Script ended: main.pyw
