[2025-03-21 19:41:58,427] INFO: Stack initialized: [0, 0, 0], X=0, word_size=16, complement_mode=UNSIGNED
[2025-03-21 19:41:58,436] INFO: Script started: main.pyw
[2025-03-21 19:41:58,436] INFO: Entering function: main
[2025-03-21 19:41:58,436] INFO: Creating Tk root window
[2025-03-21 19:41:58,500] INFO: Setting window title: HP 16C Emulator
[2025-03-21 19:41:58,500] INFO: Configuring root background color: #1e1818
[2025-03-21 19:41:58,500] INFO: Setting root resizable: False, False
[2025-03-21 19:41:58,501] INFO: Entering function: load_config
[2025-03-21 19:41:58,501] INFO: Config loaded and updated: {'display_width': 575, 'display_height': 80, 'margin': 20, 'bg_color': '#1e1818', 'display_font_family': 'Courier', 'display_font_size': 18, 'display_x': 125, 'display_y': 20}
[2025-03-21 19:41:58,501] INFO: Exiting function: load_config
[2025-03-21 19:41:58,501] INFO: Custom font created: family=Courier, size=18
[2025-03-21 19:41:58,501] INFO: Setting up UI: display at x=125, y=20, width=575, height=80, grid=4x10, total=1089x560
[2025-03-21 19:41:58,501] INFO: Initializing Display: x=125, y=20, width=575, height=80
[2025-03-21 19:41:58,505] INFO: Stack info updated: 00-16-0000
[2025-03-21 19:41:58,505] INFO: Display initialized: mode=DEC, entry=0
[2025-03-21 19:41:58,505] INFO: Setting mode: DEC
[2025-03-21 19:41:58,506] INFO: Setting entry: value=0, raw=False
[2025-03-21 19:41:58,506] INFO: Entry set: 0, value=0
[2025-03-21 19:41:58,506] INFO: Creating buttons from BUTTONS_CONFIG
[2025-03-21 19:41:58,508] INFO: Button 0,0: SL/A/LJ, 75x75, row=0, col=0, rowspan=1
[2025-03-21 19:41:58,508] INFO: Button 1,0: x><(i)/GSB/RTN, 75x75, row=1, col=0, rowspan=1
[2025-03-21 19:41:58,509] INFO: Button 2,0: (i)/R/S/P/R, 75x75, row=2, col=0, rowspan=1
[2025-03-21 19:41:58,510] INFO: Button 3,0: /ON/, 75x75, row=3, col=0, rowspan=1
[2025-03-21 19:41:58,510] INFO: Button 0,1: SR/B/ASR, 75x75, row=0, col=1, rowspan=1
[2025-03-21 19:41:58,511] INFO: Button 1,1: x><I/GTO/LBL, 75x75, row=1, col=1, rowspan=1
[2025-03-21 19:41:58,512] INFO: Button 2,1: I/SST/BST, 75x75, row=2, col=1, rowspan=1
[2025-03-21 19:41:58,513] INFO: Button 3,1: /f/, 75x75, row=3, col=1, rowspan=1
[2025-03-21 19:41:58,514] INFO: Button 0,2: RL/C/DSZ, 75x75, row=0, col=2, rowspan=1
[2025-03-21 19:41:58,515] INFO: Button 1,2: SHOW HEX/HEX/DSZ, 75x75, row=1, col=2, rowspan=1
[2025-03-21 19:41:58,518] INFO: Button 2,2: CLR PRGM/R↓/R↑, 75x75, row=2, col=2, rowspan=1
[2025-03-21 19:41:58,518] INFO: Button 3,2: /g/, 75x75, row=3, col=2, rowspan=1
[2025-03-21 19:41:58,519] INFO: Button 0,3: RR/D/RRC, 75x75, row=0, col=3, rowspan=1
[2025-03-21 19:41:58,520] INFO: Button 1,3: SHOW DEC/DEC/ISZ, 75x75, row=1, col=3, rowspan=1
[2025-03-21 19:41:58,521] INFO: Button 2,3: CLR REG/x><y/PSE, 75x75, row=2, col=3, rowspan=1
[2025-03-21 19:41:58,540] INFO: Button 3,3: WSIZE/STO/⯇, 75x75, row=3, col=3, rowspan=1
[2025-03-21 19:41:58,541] INFO: Button 0,4: RLn/E/RLCn, 75x75, row=0, col=4, rowspan=1
[2025-03-21 19:41:58,543] INFO: Button 1,4: SHOW OCT/OCT/√x, 75x75, row=1, col=4, rowspan=1
[2025-03-21 19:41:58,543] INFO: Button 2,4: CLR PRFX/BSP/CLX, 75x75, row=2, col=4, rowspan=1
[2025-03-21 19:41:58,544] INFO: Button 3,4: FLOAT/RCL/⯈, 75x75, row=3, col=4, rowspan=1
[2025-03-21 19:41:58,545] INFO: Button 0,5: RRn/F/RRCn, 75x75, row=0, col=5, rowspan=1
[2025-03-21 19:41:58,546] INFO: Button 1,5: SHOW BIN/BIN/1/x, 75x75, row=1, col=5, rowspan=1
[2025-03-21 19:41:58,547] INFO: Button 2,5: WINDOW/ENTER/LST X, 75x175, row=2, col=5, rowspan=2
[2025-03-21 19:41:58,548] INFO: Button 0,6: MASKL/7/#B, 75x75, row=0, col=6, rowspan=1
[2025-03-21 19:41:58,549] INFO: Button 1,6: SB/4/SF, 75x75, row=1, col=6, rowspan=1
[2025-03-21 19:41:58,549] INFO: Button 2,6: SC 1'S/1/X≤Y, 75x75, row=2, col=6, rowspan=1
[2025-03-21 19:41:58,551] INFO: Button 3,6: MEM/0/X≠Y, 75x75, row=3, col=6, rowspan=1
[2025-03-21 19:41:58,552] INFO: Button 0,7: MASKR/8/ABS, 75x75, row=0, col=7, rowspan=1
[2025-03-21 19:41:58,552] INFO: Button 1,7: CB/5/CF, 75x75, row=1, col=7, rowspan=1
[2025-03-21 19:41:58,553] INFO: Button 2,7: SC 2'S/2/X<0, 75x75, row=2, col=7, rowspan=1
[2025-03-21 19:41:58,554] INFO: Button 3,7: STATUS/./X≠0, 75x75, row=3, col=7, rowspan=1
[2025-03-21 19:41:58,555] INFO: Button 0,8: RMD/9/DBLR, 75x75, row=0, col=8, rowspan=1
[2025-03-21 19:41:58,556] INFO: Button 1,8: B?/6/F?, 75x75, row=1, col=8, rowspan=1
[2025-03-21 19:41:58,557] INFO: Button 2,8: SC UNSGN/3/X>Y, 75x75, row=2, col=8, rowspan=1
[2025-03-21 19:41:58,558] INFO: Button 3,8: EEx/CHS/X=Y, 75x75, row=3, col=8, rowspan=1
[2025-03-21 19:41:58,559] INFO: Button 0,9: XOR///DBL/, 75x75, row=0, col=9, rowspan=1
[2025-03-21 19:41:58,560] INFO: Button 1,9: AND/*/DBL*, 75x75, row=1, col=9, rowspan=1
[2025-03-21 19:41:58,561] INFO: Button 2,9: NOT/-/X>0, 75x75, row=2, col=9, rowspan=1
[2025-03-21 19:41:58,561] INFO: Button 3,9: OR/+/X=0, 75x75, row=3, col=9, rowspan=1
[2025-03-21 19:41:58,561] INFO: Total buttons created: 39
[2025-03-21 19:41:58,562] INFO: Grid configured: 10 cols, 4 rows, minsize=75
[2025-03-21 19:41:58,591] INFO: Initializing HP16CController with display and buttons
[2025-03-21 19:41:58,591] INFO: Initializing HP16CController
[2025-03-21 19:41:58,591] INFO: Binding buttons to controller actions
[2025-03-21 19:41:58,592] INFO: Binding actions to all buttons
[2025-03-21 19:41:58,593] INFO: Starting periodic stack updates
[2025-03-21 19:41:58,594] INFO: Setting entry: value=0, raw=False
[2025-03-21 19:41:58,595] INFO: Entry set: 0, value=0
[2025-03-21 19:41:58,831] INFO: Root window size: 1089x560+208+208
[2025-03-21 19:41:58,831] INFO: Entering Tkinter mainloop
[2025-03-21 19:41:59,983] INFO: Handling command: 
[2025-03-21 19:41:59,983] INFO: Handling normal command: 8
[2025-03-21 19:41:59,983] INFO: Entering digit: 8
[2025-03-21 19:41:59,983] INFO: Clearing entry
[2025-03-21 19:41:59,983] INFO: Appending character: 8
[2025-03-21 19:41:59,984] INFO: Setting entry: value=8, raw=False
[2025-03-21 19:41:59,984] INFO: Entry set: 8, value=8
[2025-03-21 19:42:00,830] INFO: Handling command: yellow_f_function
[2025-03-21 19:42:00,830] INFO: Toggling mode: f, f_active=False, g_active=False
[2025-03-21 19:42:00,867] INFO: Mode set: f
[2025-03-21 19:42:01,490] INFO: f-mode action: WSIZE
[2025-03-21 19:42:01,491] INFO: Setting word size: 8
[2025-03-21 19:42:01,491] INFO: Word size changed: 16 -> 8, X=0, stack=[0, 0, 0]
[2025-03-21 19:42:01,491] INFO: Stack info updated: 00-08-0000
[2025-03-21 19:42:01,491] INFO: Formatted 0 in DEC as 0
[2025-03-21 19:42:01,491] INFO: Setting entry: value=0, raw=False
[2025-03-21 19:42:01,491] INFO: Entry set: 0, value=0
[2025-03-21 19:42:01,491] INFO: Clearing entry
[2025-03-21 19:42:01,492] INFO: Toggling mode: f, f_active=True, g_active=False
[2025-03-21 19:42:01,499] INFO: Mode reset to normal
[2025-03-21 19:42:03,155] INFO: Handling normal command: 9
[2025-03-21 19:42:03,155] INFO: Entering digit: 9
[2025-03-21 19:42:03,155] INFO: Appending character: 9
[2025-03-21 19:42:03,155] INFO: Setting entry: value=9, raw=False
[2025-03-21 19:42:03,156] INFO: Entry set: 9, value=9
[2025-03-21 19:42:03,462] INFO: Handling normal command: 9
[2025-03-21 19:42:03,462] INFO: Entering digit: 9
[2025-03-21 19:42:03,462] INFO: Appending character: 9
[2025-03-21 19:42:03,462] INFO: Setting entry: value=99, raw=False
[2025-03-21 19:42:03,462] INFO: Entry set: 99, value=99
[2025-03-21 19:42:03,770] INFO: Handling normal command: 9
[2025-03-21 19:42:03,770] INFO: Entering digit: 9
[2025-03-21 19:42:03,770] INFO: Appending character: 9
[2025-03-21 19:42:03,770] INFO: Setting entry: value=999, raw=False
[2025-03-21 19:42:03,771] INFO: Entry set: 231, value=231
[2025-03-21 19:42:06,507] INFO: Handling normal command: BSP
[2025-03-21 19:42:06,507] INFO: Performing backspace
[2025-03-21 19:42:06,507] INFO: Setting entry: value=99, raw=False
[2025-03-21 19:42:06,508] INFO: Entry set: 99, value=99
[2025-03-21 19:42:06,740] INFO: Handling normal command: BSP
[2025-03-21 19:42:06,740] INFO: Performing backspace
[2025-03-21 19:42:06,740] INFO: Setting entry: value=9, raw=False
[2025-03-21 19:42:06,740] INFO: Entry set: 9, value=9
[2025-03-21 19:42:06,980] INFO: Handling normal command: BSP
[2025-03-21 19:42:06,980] INFO: Performing backspace
[2025-03-21 19:42:06,980] INFO: Setting entry: value=0, raw=False
[2025-03-21 19:42:06,980] INFO: Entry set: 0, value=0
[2025-03-21 19:42:07,700] INFO: Handling normal command: 2
[2025-03-21 19:42:07,700] INFO: Entering digit: 2
[2025-03-21 19:42:07,700] INFO: Appending character: 2
[2025-03-21 19:42:07,700] INFO: Setting entry: value=2, raw=False
[2025-03-21 19:42:07,701] INFO: Entry set: 2, value=2
[2025-03-21 19:42:08,127] INFO: Handling normal command: 5
[2025-03-21 19:42:08,127] INFO: Entering digit: 5
[2025-03-21 19:42:08,127] INFO: Appending character: 5
[2025-03-21 19:42:08,127] INFO: Setting entry: value=25, raw=False
[2025-03-21 19:42:08,127] INFO: Entry set: 25, value=25
[2025-03-21 19:42:08,465] INFO: Handling normal command: 5
[2025-03-21 19:42:08,465] INFO: Entering digit: 5
[2025-03-21 19:42:08,465] INFO: Appending character: 5
[2025-03-21 19:42:08,465] INFO: Setting entry: value=255, raw=False
[2025-03-21 19:42:08,466] INFO: Entry set: 255, value=255
[2025-03-21 19:42:10,355] INFO: Handling normal command: 5
[2025-03-21 19:42:10,355] INFO: Entering digit: 5
[2025-03-21 19:42:10,355] INFO: Ignoring digit 5: max digits (3) reached for base DEC
[2025-03-21 19:42:10,618] INFO: Handling normal command: 5
[2025-03-21 19:42:10,618] INFO: Entering digit: 5
[2025-03-21 19:42:10,618] INFO: Ignoring digit 5: max digits (3) reached for base DEC
[2025-03-21 19:42:19,333] INFO: Handling normal command: BIN
[2025-03-21 19:42:19,333] INFO: Setting mode: BIN
[2025-03-21 19:42:19,333] INFO: Setting entry: value=255, raw=False
[2025-03-21 19:42:19,333] INFO: Entry set: 11111111, value=255
[2025-03-21 19:42:19,333] INFO: Formatted 255 in BIN as 11111111
[2025-03-21 19:42:19,333] INFO: Setting entry: value=255, raw=False
[2025-03-21 19:42:19,333] INFO: Entry set: 11111111, value=255
[2025-03-21 19:42:19,333] INFO: Base set to BIN
[2025-03-21 19:42:20,990] INFO: Handling normal command: OCT
[2025-03-21 19:42:20,990] INFO: Setting mode: OCT
[2025-03-21 19:42:20,990] INFO: Setting entry: value=255, raw=False
[2025-03-21 19:42:20,990] INFO: Entry set: 377, value=255
[2025-03-21 19:42:20,990] INFO: Formatted 255 in OCT as 377
[2025-03-21 19:42:20,990] INFO: Setting entry: value=255, raw=False
[2025-03-21 19:42:20,990] INFO: Entry set: 377, value=255
[2025-03-21 19:42:20,990] INFO: Base set to OCT
[2025-03-21 19:42:21,973] INFO: Handling normal command: HEX
[2025-03-21 19:42:21,973] INFO: Setting mode: HEX
[2025-03-21 19:42:21,973] INFO: Setting entry: value=255, raw=False
[2025-03-21 19:42:21,973] INFO: Entry set: ff, value=255
[2025-03-21 19:42:21,973] INFO: Formatted 255 in HEX as ff
[2025-03-21 19:42:21,973] INFO: Setting entry: value=255, raw=False
[2025-03-21 19:42:21,973] INFO: Entry set: ff, value=255
[2025-03-21 19:42:21,973] INFO: Base set to HEX
[2025-03-21 19:42:22,858] INFO: Handling normal command: DEC
[2025-03-21 19:42:22,858] INFO: Setting mode: DEC
[2025-03-21 19:42:22,858] INFO: Setting entry: value=255, raw=False
[2025-03-21 19:42:22,858] INFO: Entry set: 255, value=255
[2025-03-21 19:42:22,858] INFO: Formatted 255 in DEC as 255
[2025-03-21 19:42:22,858] INFO: Setting entry: value=255, raw=False
[2025-03-21 19:42:22,858] INFO: Entry set: 255, value=255
[2025-03-21 19:42:22,858] INFO: Base set to DEC
[2025-03-21 19:42:23,532] INFO: Handling normal command: OCT
[2025-03-21 19:42:23,533] INFO: Setting mode: OCT
[2025-03-21 19:42:23,533] INFO: Setting entry: value=255, raw=False
[2025-03-21 19:42:23,533] INFO: Entry set: 377, value=255
[2025-03-21 19:42:23,533] INFO: Formatted 255 in OCT as 377
[2025-03-21 19:42:23,533] INFO: Setting entry: value=255, raw=False
[2025-03-21 19:42:23,533] INFO: Entry set: 377, value=255
[2025-03-21 19:42:23,533] INFO: Base set to OCT
[2025-03-21 19:42:23,997] INFO: Handling normal command: BIN
[2025-03-21 19:42:23,998] INFO: Setting mode: BIN
[2025-03-21 19:42:23,998] INFO: Setting entry: value=255, raw=False
[2025-03-21 19:42:23,998] INFO: Entry set: 11111111, value=255
[2025-03-21 19:42:23,998] INFO: Formatted 255 in BIN as 11111111
[2025-03-21 19:42:23,998] INFO: Setting entry: value=255, raw=False
[2025-03-21 19:42:23,998] INFO: Entry set: 11111111, value=255
[2025-03-21 19:42:23,998] INFO: Base set to BIN
