[2025-03-21 20:37:55,875] INFO: Stack initialized: [0, 0, 0], X=0, word_size=16, complement_mode=UNSIGNED
[2025-03-21 20:37:55,884] INFO: Script started: main.pyw
[2025-03-21 20:37:55,885] INFO: Entering function: main
[2025-03-21 20:37:55,885] INFO: Creating Tk root window
[2025-03-21 20:37:55,949] INFO: Setting window title: HP 16C Emulator
[2025-03-21 20:37:55,950] INFO: Configuring root background color: #1e1818
[2025-03-21 20:37:55,950] INFO: Setting root resizable: False, False
[2025-03-21 20:37:55,950] INFO: Entering function: load_config
[2025-03-21 20:37:55,950] INFO: Config loaded and updated: {'display_width': 575, 'display_height': 80, 'margin': 20, 'bg_color': '#1e1818', 'display_font_family': 'Courier', 'display_font_size': 18, 'display_x': 125, 'display_y': 20}
[2025-03-21 20:37:55,950] INFO: Exiting function: load_config
[2025-03-21 20:37:55,951] INFO: Custom font created: family=Courier, size=18
[2025-03-21 20:37:55,951] INFO: Setting up UI: display at x=125, y=20, width=575, height=80, grid=4x10, total=1089x560
[2025-03-21 20:37:55,951] INFO: Initializing Display: x=125, y=20, width=575, height=80
[2025-03-21 20:37:55,954] INFO: Stack info updated: 00-16-0000
[2025-03-21 20:37:55,954] INFO: Display initialized: mode=DEC, entry=0
[2025-03-21 20:37:55,954] INFO: Setting mode: DEC
[2025-03-21 20:37:55,954] INFO: Setting entry: value=0, raw=False
[2025-03-21 20:37:55,954] INFO: Entry set: 0, value=0
[2025-03-21 20:37:55,955] INFO: Creating buttons from BUTTONS_CONFIG
[2025-03-21 20:37:55,957] INFO: Button 0,0: SL/A/LJ, 75x75, row=0, col=0, rowspan=1
[2025-03-21 20:37:55,957] INFO: Button 1,0: x><(i)/GSB/RTN, 75x75, row=1, col=0, rowspan=1
[2025-03-21 20:37:55,958] INFO: Button 2,0: (i)/R/S/P/R, 75x75, row=2, col=0, rowspan=1
[2025-03-21 20:37:55,958] INFO: Button 3,0: /ON/, 75x75, row=3, col=0, rowspan=1
[2025-03-21 20:37:55,959] INFO: Button 0,1: SR/B/ASR, 75x75, row=0, col=1, rowspan=1
[2025-03-21 20:37:55,960] INFO: Button 1,1: x><I/GTO/LBL, 75x75, row=1, col=1, rowspan=1
[2025-03-21 20:37:55,961] INFO: Button 2,1: I/SST/BST, 75x75, row=2, col=1, rowspan=1
[2025-03-21 20:37:55,961] INFO: Button 3,1: /f/, 75x75, row=3, col=1, rowspan=1
[2025-03-21 20:37:55,962] INFO: Button 0,2: RL/C/DSZ, 75x75, row=0, col=2, rowspan=1
[2025-03-21 20:37:55,963] INFO: Button 1,2: SHOW HEX/HEX/DSZ, 75x75, row=1, col=2, rowspan=1
[2025-03-21 20:37:55,966] INFO: Button 2,2: CLR PRGM/R↓/R↑, 75x75, row=2, col=2, rowspan=1
[2025-03-21 20:37:55,966] INFO: Button 3,2: /g/, 75x75, row=3, col=2, rowspan=1
[2025-03-21 20:37:55,967] INFO: Button 0,3: RR/D/RRC, 75x75, row=0, col=3, rowspan=1
[2025-03-21 20:37:55,968] INFO: Button 1,3: SHOW DEC/DEC/ISZ, 75x75, row=1, col=3, rowspan=1
[2025-03-21 20:37:55,968] INFO: Button 2,3: CLR REG/x><y/PSE, 75x75, row=2, col=3, rowspan=1
[2025-03-21 20:37:56,069] INFO: Button 3,3: WSIZE/STO/⯇, 75x75, row=3, col=3, rowspan=1
[2025-03-21 20:37:56,070] INFO: Button 0,4: RLn/E/RLCn, 75x75, row=0, col=4, rowspan=1
[2025-03-21 20:37:56,070] INFO: Button 1,4: SHOW OCT/OCT/√x, 75x75, row=1, col=4, rowspan=1
[2025-03-21 20:37:56,071] INFO: Button 2,4: CLR PRFX/BSP/CLX, 75x75, row=2, col=4, rowspan=1
[2025-03-21 20:37:56,072] INFO: Button 3,4: FLOAT/RCL/⯈, 75x75, row=3, col=4, rowspan=1
[2025-03-21 20:37:56,073] INFO: Button 0,5: RRn/F/RRCn, 75x75, row=0, col=5, rowspan=1
[2025-03-21 20:37:56,074] INFO: Button 1,5: SHOW BIN/BIN/1/x, 75x75, row=1, col=5, rowspan=1
[2025-03-21 20:37:56,075] INFO: Button 2,5: WINDOW/ENTER/LST X, 75x175, row=2, col=5, rowspan=2
[2025-03-21 20:37:56,076] INFO: Button 0,6: MASKL/7/#B, 75x75, row=0, col=6, rowspan=1
[2025-03-21 20:37:56,077] INFO: Button 1,6: SB/4/SF, 75x75, row=1, col=6, rowspan=1
[2025-03-21 20:37:56,078] INFO: Button 2,6: SC 1'S/1/X≤Y, 75x75, row=2, col=6, rowspan=1
[2025-03-21 20:37:56,079] INFO: Button 3,6: MEM/0/X≠Y, 75x75, row=3, col=6, rowspan=1
[2025-03-21 20:37:56,080] INFO: Button 0,7: MASKR/8/ABS, 75x75, row=0, col=7, rowspan=1
[2025-03-21 20:37:56,080] INFO: Button 1,7: CB/5/CF, 75x75, row=1, col=7, rowspan=1
[2025-03-21 20:37:56,081] INFO: Button 2,7: SC 2'S/2/X<0, 75x75, row=2, col=7, rowspan=1
[2025-03-21 20:37:56,082] INFO: Button 3,7: STATUS/./X≠0, 75x75, row=3, col=7, rowspan=1
[2025-03-21 20:37:56,083] INFO: Button 0,8: RMD/9/DBLR, 75x75, row=0, col=8, rowspan=1
[2025-03-21 20:37:56,084] INFO: Button 1,8: B?/6/F?, 75x75, row=1, col=8, rowspan=1
[2025-03-21 20:37:56,084] INFO: Button 2,8: SC UNSGN/3/X>Y, 75x75, row=2, col=8, rowspan=1
[2025-03-21 20:37:56,085] INFO: Button 3,8: EEx/CHS/X=Y, 75x75, row=3, col=8, rowspan=1
[2025-03-21 20:37:56,086] INFO: Button 0,9: XOR///DBL/, 75x75, row=0, col=9, rowspan=1
[2025-03-21 20:37:56,087] INFO: Button 1,9: AND/*/DBL*, 75x75, row=1, col=9, rowspan=1
[2025-03-21 20:37:56,087] INFO: Button 2,9: NOT/-/X>0, 75x75, row=2, col=9, rowspan=1
[2025-03-21 20:37:56,088] INFO: Button 3,9: OR/+/X=0, 75x75, row=3, col=9, rowspan=1
[2025-03-21 20:37:56,088] INFO: Total buttons created: 39
[2025-03-21 20:37:56,088] INFO: Grid configured: 10 cols, 4 rows, minsize=75
[2025-03-21 20:37:56,115] INFO: Initializing HP16CController with display and buttons
[2025-03-21 20:37:56,115] INFO: Initializing HP16CController
[2025-03-21 20:37:56,116] INFO: Binding buttons to controller actions
[2025-03-21 20:37:56,116] INFO: Binding actions to all buttons
[2025-03-21 20:37:56,117] INFO: Starting periodic stack updates
[2025-03-21 20:37:56,118] INFO: Setting entry: value=0, raw=False
[2025-03-21 20:37:56,119] INFO: Entry set: 0, value=0
[2025-03-21 20:37:56,362] INFO: Root window size: 1089x560+52+52
[2025-03-21 20:37:56,362] INFO: Entering Tkinter mainloop
[2025-03-21 20:37:58,602] INFO: Handling command: set_base_hex
[2025-03-21 20:37:58,602] INFO: Handling normal command: HEX
[2025-03-21 20:37:58,602] INFO: Setting mode: HEX
[2025-03-21 20:37:58,602] INFO: Setting entry: value=0, raw=False
[2025-03-21 20:37:58,602] INFO: Entry set: 0000, value=0
[2025-03-21 20:37:58,603] INFO: Formatted 0 in HEX as 0
[2025-03-21 20:37:58,603] INFO: Setting entry: value=0, raw=False
[2025-03-21 20:37:58,603] INFO: Entry set: 0000, value=0
[2025-03-21 20:37:58,603] INFO: Base set to HEX
[2025-03-21 20:37:59,786] INFO: Handling command: 
[2025-03-21 20:37:59,786] INFO: Handling normal command: DEC
[2025-03-21 20:37:59,786] INFO: Setting mode: DEC
[2025-03-21 20:37:59,787] INFO: Setting entry: value=0, raw=False
[2025-03-21 20:37:59,787] INFO: Entry set: 0, value=0
[2025-03-21 20:37:59,787] INFO: Formatted 0 in DEC as 0
[2025-03-21 20:37:59,787] INFO: Setting entry: value=0, raw=False
[2025-03-21 20:37:59,787] INFO: Entry set: 0, value=0
[2025-03-21 20:37:59,787] INFO: Base set to DEC
[2025-03-21 20:38:04,422] INFO: Handling command: 
[2025-03-21 20:38:04,422] INFO: Handling normal command: OCT
[2025-03-21 20:38:04,422] INFO: Setting mode: OCT
[2025-03-21 20:38:04,423] INFO: Setting entry: value=0, raw=False
[2025-03-21 20:38:04,423] INFO: Entry set: 000000, value=0
[2025-03-21 20:38:04,423] INFO: Formatted 0 in OCT as 0
[2025-03-21 20:38:04,423] INFO: Setting entry: value=0, raw=False
[2025-03-21 20:38:04,423] INFO: Entry set: 000000, value=0
[2025-03-21 20:38:04,423] INFO: Base set to OCT
[2025-03-21 20:38:07,264] INFO: Handling command: 
[2025-03-21 20:38:07,264] INFO: Handling normal command: BIN
[2025-03-21 20:38:07,265] INFO: Setting mode: BIN
[2025-03-21 20:38:07,265] INFO: Setting entry: value=0, raw=False
[2025-03-21 20:38:07,265] INFO: Entry set: 0000000000000000, value=0
[2025-03-21 20:38:07,265] INFO: Formatted 0 in BIN as 0000000000000000
[2025-03-21 20:38:07,265] INFO: Setting entry: value=0, raw=False
[2025-03-21 20:38:07,265] INFO: Entry set: 0000000000000000, value=0
[2025-03-21 20:38:07,265] INFO: Base set to BIN
[2025-03-21 20:39:41,029] INFO: Handling command: 
[2025-03-21 20:39:41,029] INFO: Handling normal command: OCT
[2025-03-21 20:39:41,029] INFO: Setting mode: OCT
[2025-03-21 20:39:41,029] INFO: Setting entry: value=0000000000000000, raw=False
[2025-03-21 20:39:41,029] INFO: Entry set: 000000, value=0
[2025-03-21 20:39:41,029] INFO: Formatted 0 in OCT as 0
[2025-03-21 20:39:41,030] INFO: Setting entry: value=0, raw=False
[2025-03-21 20:39:41,030] INFO: Entry set: 000000, value=0
[2025-03-21 20:39:41,030] INFO: Base set to OCT
[2025-03-21 20:40:03,597] INFO: Handling command: 
[2025-03-21 20:40:03,597] INFO: Handling normal command: BIN
[2025-03-21 20:40:03,597] INFO: Setting mode: BIN
[2025-03-21 20:40:03,598] INFO: Setting entry: value=0, raw=False
[2025-03-21 20:40:03,598] INFO: Entry set: 0000000000000000, value=0
[2025-03-21 20:40:03,598] INFO: Formatted 0 in BIN as 0000000000000000
[2025-03-21 20:40:03,598] INFO: Setting entry: value=0, raw=False
[2025-03-21 20:40:03,599] INFO: Entry set: 0000000000000000, value=0
[2025-03-21 20:40:03,599] INFO: Base set to BIN
[2025-03-21 20:40:16,138] INFO: Handling command: 
[2025-03-21 20:40:16,138] INFO: Handling normal command: DEC
[2025-03-21 20:40:16,138] INFO: Setting mode: DEC
[2025-03-21 20:40:16,139] INFO: Setting entry: value=0000000000000000, raw=False
[2025-03-21 20:40:16,139] INFO: Entry set: 0, value=0
[2025-03-21 20:40:16,139] INFO: Formatted 0 in DEC as 0
[2025-03-21 20:40:16,139] INFO: Setting entry: value=0, raw=False
[2025-03-21 20:40:16,139] INFO: Entry set: 0, value=0
[2025-03-21 20:40:16,140] INFO: Base set to DEC
[2025-03-21 20:42:31,341] INFO: Handling command: 
[2025-03-21 20:42:31,341] INFO: Handling normal command: 2
[2025-03-21 20:42:31,341] INFO: Entering digit: 2
[2025-03-21 20:42:31,341] INFO: Clearing entry
[2025-03-21 20:42:31,342] INFO: Appending character: 2
[2025-03-21 20:42:31,342] INFO: Setting entry: value=2, raw=False
[2025-03-21 20:42:31,342] INFO: Entry set: 2, value=2
[2025-03-21 20:42:31,692] INFO: Handling command: 
[2025-03-21 20:42:31,692] INFO: Handling normal command: 5
[2025-03-21 20:42:31,692] INFO: Entering digit: 5
[2025-03-21 20:42:31,692] INFO: Appending character: 5
[2025-03-21 20:42:31,692] INFO: Setting entry: value=25, raw=False
[2025-03-21 20:42:31,692] INFO: Entry set: 25, value=25
[2025-03-21 20:42:31,909] INFO: Handling command: 
[2025-03-21 20:42:31,909] INFO: Handling normal command: 5
[2025-03-21 20:42:31,909] INFO: Entering digit: 5
[2025-03-21 20:42:31,909] INFO: Appending character: 5
[2025-03-21 20:42:31,909] INFO: Setting entry: value=255, raw=False
[2025-03-21 20:42:31,909] INFO: Entry set: 255, value=255
[2025-03-21 20:42:32,974] INFO: Handling command: yellow_f_function
[2025-03-21 20:42:32,974] INFO: Toggling mode: f, f_active=False, g_active=False
[2025-03-21 20:42:33,007] INFO: Mode set: f
[2025-03-21 20:42:33,627] INFO: f-mode action: SHOW HEX
[2025-03-21 20:42:33,627] INFO: Formatted 255 in HEX as ff
[2025-03-21 20:42:33,627] INFO: Setting entry: value=ff, raw=True
[2025-03-21 20:42:33,627] INFO: Raw entry set: ff
[2025-03-21 20:42:33,627] INFO: Scheduling reset in 1 second
[2025-03-21 20:42:33,628] INFO: Toggling mode: f, f_active=True, g_active=False
[2025-03-21 20:42:33,635] INFO: Mode reset to normal
[2025-03-21 20:42:34,628] INFO: Clearing entry
[2025-03-21 20:42:37,629] INFO: Formatted 255 in DEC as 255
[2025-03-21 20:42:37,629] INFO: Setting entry: value=255, raw=False
[2025-03-21 20:42:37,629] INFO: Entry set: 255, value=255
