[2025-03-21 18:15:42,762] INFO: Stack initialized: [0, 0, 0], X=0, word_size=16, complement_mode=UNSIGNED
[2025-03-21 18:15:42,787] INFO: Script started: main.pyw
[2025-03-21 18:15:42,788] INFO: Entering function: main
[2025-03-21 18:15:42,788] INFO: Creating Tk root window
[2025-03-21 18:15:42,846] INFO: Setting window title: HP 16C Emulator
[2025-03-21 18:15:42,846] INFO: Configuring root background color: #1e1818
[2025-03-21 18:15:42,847] INFO: Setting root resizable: False, False
[2025-03-21 18:15:42,847] INFO: Entering function: load_config
[2025-03-21 18:15:42,847] INFO: Config loaded and updated: {'display_width': 575, 'display_height': 80, 'margin': 20, 'bg_color': '#1e1818', 'display_font_family': 'Courier', 'display_font_size': 18, 'display_x': 125, 'display_y': 20}
[2025-03-21 18:15:42,847] INFO: Exiting function: load_config
[2025-03-21 18:15:42,847] INFO: Custom font created: family=Courier, size=18
[2025-03-21 18:15:42,847] INFO: Setting up UI: display at x=125, y=20, width=575, height=80, grid=4x10, total=1089x560
[2025-03-21 18:15:42,848] INFO: Initializing Display: x=125, y=20, width=575, height=80
[2025-03-21 18:15:42,851] INFO: Stack info updated: 00-16-0000
[2025-03-21 18:15:42,851] INFO: Display initialized: mode=DEC, entry=0
[2025-03-21 18:15:42,851] INFO: Setting mode: DEC
[2025-03-21 18:15:42,851] INFO: Setting entry: value=0, raw=False
[2025-03-21 18:15:42,851] INFO: Entry set: 0, value=0
[2025-03-21 18:15:42,852] INFO: Creating buttons from BUTTONS_CONFIG
[2025-03-21 18:15:42,854] INFO: Button 0,0: SL/A/LJ, 75x75, row=0, col=0, rowspan=1
[2025-03-21 18:15:42,855] INFO: Button 1,0: x><(i)/GSB/RTN, 75x75, row=1, col=0, rowspan=1
[2025-03-21 18:15:42,855] INFO: Button 2,0: (i)/R/S/P/R, 75x75, row=2, col=0, rowspan=1
[2025-03-21 18:15:42,856] INFO: Button 3,0: /ON/, 75x75, row=3, col=0, rowspan=1
[2025-03-21 18:15:42,857] INFO: Button 0,1: SR/B/ASR, 75x75, row=0, col=1, rowspan=1
[2025-03-21 18:15:42,857] INFO: Button 1,1: x><I/GTO/LBL, 75x75, row=1, col=1, rowspan=1
[2025-03-21 18:15:42,858] INFO: Button 2,1: I/SST/BST, 75x75, row=2, col=1, rowspan=1
[2025-03-21 18:15:42,858] INFO: Button 3,1: /f/, 75x75, row=3, col=1, rowspan=1
[2025-03-21 18:15:42,859] INFO: Button 0,2: RL/C/DSZ, 75x75, row=0, col=2, rowspan=1
[2025-03-21 18:15:42,860] INFO: Button 1,2: SHOW HEX/HEX/DSZ, 75x75, row=1, col=2, rowspan=1
[2025-03-21 18:15:42,862] INFO: Button 2,2: CLR PRGM/R↓/R↑, 75x75, row=2, col=2, rowspan=1
[2025-03-21 18:15:42,863] INFO: Button 3,2: /g/, 75x75, row=3, col=2, rowspan=1
[2025-03-21 18:15:42,864] INFO: Button 0,3: RR/D/RRC, 75x75, row=0, col=3, rowspan=1
[2025-03-21 18:15:42,864] INFO: Button 1,3: SHOW DEC/DEC/ISZ, 75x75, row=1, col=3, rowspan=1
[2025-03-21 18:15:42,865] INFO: Button 2,3: CLR REG/x><y/PSE, 75x75, row=2, col=3, rowspan=1
[2025-03-21 18:15:42,884] INFO: Button 3,3: WSIZE/STO/⯇, 75x75, row=3, col=3, rowspan=1
[2025-03-21 18:15:42,885] INFO: Button 0,4: RLn/E/RLCn, 75x75, row=0, col=4, rowspan=1
[2025-03-21 18:15:42,886] INFO: Button 1,4: SHOW OCT/OCT/√x, 75x75, row=1, col=4, rowspan=1
[2025-03-21 18:15:42,887] INFO: Button 2,4: CLR PRFX/BSP/CLX, 75x75, row=2, col=4, rowspan=1
[2025-03-21 18:15:42,888] INFO: Button 3,4: FLOAT/RCL/⯈, 75x75, row=3, col=4, rowspan=1
[2025-03-21 18:15:42,888] INFO: Button 0,5: RRn/F/RRCn, 75x75, row=0, col=5, rowspan=1
[2025-03-21 18:15:42,889] INFO: Button 1,5: SHOW BIN/BIN/1/x, 75x75, row=1, col=5, rowspan=1
[2025-03-21 18:15:42,890] INFO: Button 2,5: WINDOW/ENTER/LST X, 75x175, row=2, col=5, rowspan=2
[2025-03-21 18:15:42,891] INFO: Button 0,6: MASKL/7/#B, 75x75, row=0, col=6, rowspan=1
[2025-03-21 18:15:42,892] INFO: Button 1,6: SB/4/SF, 75x75, row=1, col=6, rowspan=1
[2025-03-21 18:15:42,893] INFO: Button 2,6: SC 1'S/1/X≤Y, 75x75, row=2, col=6, rowspan=1
[2025-03-21 18:15:42,894] INFO: Button 3,6: MEM/0/X≠Y, 75x75, row=3, col=6, rowspan=1
[2025-03-21 18:15:42,894] INFO: Button 0,7: MASKR/8/ABS, 75x75, row=0, col=7, rowspan=1
[2025-03-21 18:15:42,895] INFO: Button 1,7: CB/5/CF, 75x75, row=1, col=7, rowspan=1
[2025-03-21 18:15:42,896] INFO: Button 2,7: SC 2'S/2/X<0, 75x75, row=2, col=7, rowspan=1
[2025-03-21 18:15:42,897] INFO: Button 3,7: STATUS/./X≠0, 75x75, row=3, col=7, rowspan=1
[2025-03-21 18:15:42,898] INFO: Button 0,8: RMD/9/DBLR, 75x75, row=0, col=8, rowspan=1
[2025-03-21 18:15:42,898] INFO: Button 1,8: B?/6/F?, 75x75, row=1, col=8, rowspan=1
[2025-03-21 18:15:42,899] INFO: Button 2,8: SC UNSGN/3/X>Y, 75x75, row=2, col=8, rowspan=1
[2025-03-21 18:15:42,900] INFO: Button 3,8: EEx/CHS/X=Y, 75x75, row=3, col=8, rowspan=1
[2025-03-21 18:15:42,901] INFO: Button 0,9: XOR///DBL/, 75x75, row=0, col=9, rowspan=1
[2025-03-21 18:15:42,902] INFO: Button 1,9: AND/*/DBL*, 75x75, row=1, col=9, rowspan=1
[2025-03-21 18:15:42,903] INFO: Button 2,9: NOT/-/X>0, 75x75, row=2, col=9, rowspan=1
[2025-03-21 18:15:42,903] INFO: Button 3,9: OR/+/X=0, 75x75, row=3, col=9, rowspan=1
[2025-03-21 18:15:42,904] INFO: Total buttons created: 39
[2025-03-21 18:15:42,904] INFO: Grid configured: 10 cols, 4 rows, minsize=75
[2025-03-21 18:15:42,927] INFO: Initializing HP16CController with display and buttons
[2025-03-21 18:15:42,928] INFO: Initializing HP16CController
[2025-03-21 18:15:42,928] INFO: Binding buttons to controller actions
[2025-03-21 18:15:42,928] INFO: Binding actions to all buttons
[2025-03-21 18:15:42,930] INFO: Starting periodic stack updates
[2025-03-21 18:15:42,930] INFO: Setting entry: value=0, raw=False
[2025-03-21 18:15:42,931] INFO: Entry set: 0, value=0
[2025-03-21 18:15:43,136] INFO: Root window size: 1089x560+26+26
[2025-03-21 18:15:43,136] INFO: Entering Tkinter mainloop
[2025-03-21 18:15:45,902] INFO: Handling command: 
[2025-03-21 18:15:45,902] INFO: Handling normal command: 1
[2025-03-21 18:15:45,902] INFO: Entering digit: 1
[2025-03-21 18:15:45,902] INFO: Appending character: 1
[2025-03-21 18:15:45,902] INFO: Setting entry: value=1, raw=False
[2025-03-21 18:15:45,903] INFO: Entry set: 1, value=1
[2025-03-21 18:15:46,786] INFO: Handling command: 
[2025-03-21 18:15:46,786] INFO: Handling normal command: ENTER
[2025-03-21 18:15:46,787] INFO: Entering value
[2025-03-21 18:15:46,787] INFO: Pushed value: 1, X=1, stack=[0, 0, 0]
[2025-03-21 18:15:46,787] INFO: Clearing entry
[2025-03-21 18:15:47,446] INFO: Handling command: 
[2025-03-21 18:15:47,447] INFO: Handling normal command: 2
[2025-03-21 18:15:47,447] INFO: Entering digit: 2
[2025-03-21 18:15:47,447] INFO: Clearing entry
[2025-03-21 18:15:47,447] INFO: Appending character: 2
[2025-03-21 18:15:47,447] INFO: Setting entry: value=2, raw=False
[2025-03-21 18:15:47,447] INFO: Entry set: 2, value=2
[2025-03-21 18:15:48,106] INFO: Handling command: 
[2025-03-21 18:15:48,107] INFO: Handling normal command: ENTER
[2025-03-21 18:15:48,107] INFO: Entering value
[2025-03-21 18:15:48,107] INFO: Pushed value: 2, X=2, stack=[0, 0, 1]
[2025-03-21 18:15:48,107] INFO: Clearing entry
[2025-03-21 18:15:48,901] INFO: Handling command: 
[2025-03-21 18:15:48,902] INFO: Handling normal command: 3
[2025-03-21 18:15:48,902] INFO: Entering digit: 3
[2025-03-21 18:15:48,902] INFO: Clearing entry
[2025-03-21 18:15:48,902] INFO: Appending character: 3
[2025-03-21 18:15:48,902] INFO: Setting entry: value=3, raw=False
[2025-03-21 18:15:48,902] INFO: Entry set: 3, value=3
[2025-03-21 18:15:49,779] INFO: Handling command: 
[2025-03-21 18:15:49,779] INFO: Handling normal command: ENTER
[2025-03-21 18:15:49,779] INFO: Entering value
[2025-03-21 18:15:49,779] INFO: Pushed value: 3, X=3, stack=[0, 1, 2]
[2025-03-21 18:15:49,780] INFO: Clearing entry
[2025-03-21 18:15:50,326] INFO: Handling command: 
[2025-03-21 18:15:50,326] INFO: Handling normal command: 4
[2025-03-21 18:15:50,326] INFO: Entering digit: 4
[2025-03-21 18:15:50,327] INFO: Clearing entry
[2025-03-21 18:15:50,327] INFO: Appending character: 4
[2025-03-21 18:15:50,327] INFO: Setting entry: value=4, raw=False
[2025-03-21 18:15:50,327] INFO: Entry set: 4, value=4
[2025-03-21 18:15:51,106] INFO: Handling command: 
[2025-03-21 18:15:51,106] INFO: Handling normal command: R↓
[2025-03-21 18:15:51,107] INFO: Entering operator: R↓
[2025-03-21 18:15:51,107] INFO: Pushed value: 4, X=4, stack=[1, 2, 3]
[2025-03-21 18:15:51,107] INFO: Clearing entry
[2025-03-21 18:15:51,107] INFO: Stack rolled down: X=3, stack=[4, 1, 2]
[2025-03-21 18:15:51,107] INFO: Formatted 3 in DEC as 3
[2025-03-21 18:15:51,107] INFO: Setting entry: value=3, raw=False
[2025-03-21 18:15:51,107] INFO: Entry set: 3, value=3
[2025-03-21 18:15:51,107] INFO: Performed R↓: stack rotated down
[2025-03-21 18:15:51,481] INFO: Handling command: 
[2025-03-21 18:15:51,481] INFO: Handling normal command: R↓
[2025-03-21 18:15:51,482] INFO: Entering operator: R↓
[2025-03-21 18:15:51,482] INFO: Stack rolled down: X=2, stack=[3, 4, 1]
[2025-03-21 18:15:51,482] INFO: Formatted 2 in DEC as 2
[2025-03-21 18:15:51,482] INFO: Setting entry: value=2, raw=False
[2025-03-21 18:15:51,482] INFO: Entry set: 2, value=2
[2025-03-21 18:15:51,482] INFO: Performed R↓: stack rotated down
[2025-03-21 18:15:51,864] INFO: Handling command: 
[2025-03-21 18:15:51,864] INFO: Handling normal command: R↓
[2025-03-21 18:15:51,864] INFO: Entering operator: R↓
[2025-03-21 18:15:51,865] INFO: Stack rolled down: X=1, stack=[2, 3, 4]
[2025-03-21 18:15:51,865] INFO: Formatted 1 in DEC as 1
[2025-03-21 18:15:51,865] INFO: Setting entry: value=1, raw=False
[2025-03-21 18:15:51,865] INFO: Entry set: 1, value=1
[2025-03-21 18:15:51,865] INFO: Performed R↓: stack rotated down
[2025-03-21 18:15:52,246] INFO: Handling command: 
[2025-03-21 18:15:52,246] INFO: Handling normal command: R↓
[2025-03-21 18:15:52,247] INFO: Entering operator: R↓
[2025-03-21 18:15:52,247] INFO: Stack rolled down: X=4, stack=[1, 2, 3]
[2025-03-21 18:15:52,247] INFO: Formatted 4 in DEC as 4
[2025-03-21 18:15:52,247] INFO: Setting entry: value=4, raw=False
[2025-03-21 18:15:52,247] INFO: Entry set: 4, value=4
[2025-03-21 18:15:52,247] INFO: Performed R↓: stack rotated down
[2025-03-21 18:15:52,636] INFO: Handling command: 
[2025-03-21 18:15:52,636] INFO: Handling normal command: R↓
[2025-03-21 18:15:52,637] INFO: Entering operator: R↓
[2025-03-21 18:15:52,637] INFO: Stack rolled down: X=3, stack=[4, 1, 2]
[2025-03-21 18:15:52,637] INFO: Formatted 3 in DEC as 3
[2025-03-21 18:15:52,637] INFO: Setting entry: value=3, raw=False
[2025-03-21 18:15:52,637] INFO: Entry set: 3, value=3
[2025-03-21 18:15:52,637] INFO: Performed R↓: stack rotated down
[2025-03-21 18:15:52,906] INFO: Handling command: 
[2025-03-21 18:15:52,906] INFO: Handling normal command: R↓
[2025-03-21 18:15:52,906] INFO: Entering operator: R↓
[2025-03-21 18:15:52,906] INFO: Stack rolled down: X=2, stack=[3, 4, 1]
[2025-03-21 18:15:52,907] INFO: Formatted 2 in DEC as 2
[2025-03-21 18:15:52,907] INFO: Setting entry: value=2, raw=False
[2025-03-21 18:15:52,907] INFO: Entry set: 2, value=2
[2025-03-21 18:15:52,907] INFO: Performed R↓: stack rotated down
[2025-03-21 18:15:53,146] INFO: Handling command: 
[2025-03-21 18:15:53,146] INFO: Handling normal command: R↓
[2025-03-21 18:15:53,146] INFO: Entering operator: R↓
[2025-03-21 18:15:53,147] INFO: Stack rolled down: X=1, stack=[2, 3, 4]
[2025-03-21 18:15:53,147] INFO: Formatted 1 in DEC as 1
[2025-03-21 18:15:53,147] INFO: Setting entry: value=1, raw=False
[2025-03-21 18:15:53,147] INFO: Entry set: 1, value=1
[2025-03-21 18:15:53,147] INFO: Performed R↓: stack rotated down
[2025-03-21 18:15:53,671] INFO: Handling command: 
[2025-03-21 18:15:53,671] INFO: Handling normal command: R↓
[2025-03-21 18:15:53,671] INFO: Entering operator: R↓
[2025-03-21 18:15:53,672] INFO: Stack rolled down: X=4, stack=[1, 2, 3]
[2025-03-21 18:15:53,672] INFO: Formatted 4 in DEC as 4
[2025-03-21 18:15:53,672] INFO: Setting entry: value=4, raw=False
[2025-03-21 18:15:53,672] INFO: Entry set: 4, value=4
[2025-03-21 18:15:53,672] INFO: Performed R↓: stack rotated down
[2025-03-21 18:15:53,889] INFO: Handling command: 
[2025-03-21 18:15:53,889] INFO: Handling normal command: R↓
[2025-03-21 18:15:53,889] INFO: Entering operator: R↓
[2025-03-21 18:15:53,889] INFO: Stack rolled down: X=3, stack=[4, 1, 2]
[2025-03-21 18:15:53,890] INFO: Formatted 3 in DEC as 3
[2025-03-21 18:15:53,890] INFO: Setting entry: value=3, raw=False
[2025-03-21 18:15:53,890] INFO: Entry set: 3, value=3
[2025-03-21 18:15:53,890] INFO: Performed R↓: stack rotated down
[2025-03-21 18:15:54,114] INFO: Handling command: 
[2025-03-21 18:15:54,114] INFO: Handling normal command: R↓
[2025-03-21 18:15:54,114] INFO: Entering operator: R↓
[2025-03-21 18:15:54,114] INFO: Stack rolled down: X=2, stack=[3, 4, 1]
[2025-03-21 18:15:54,115] INFO: Formatted 2 in DEC as 2
[2025-03-21 18:15:54,115] INFO: Setting entry: value=2, raw=False
[2025-03-21 18:15:54,115] INFO: Entry set: 2, value=2
[2025-03-21 18:15:54,115] INFO: Performed R↓: stack rotated down
[2025-03-21 18:15:54,331] INFO: Handling command: 
[2025-03-21 18:15:54,332] INFO: Handling normal command: R↓
[2025-03-21 18:15:54,332] INFO: Entering operator: R↓
[2025-03-21 18:15:54,332] INFO: Stack rolled down: X=1, stack=[2, 3, 4]
[2025-03-21 18:15:54,332] INFO: Formatted 1 in DEC as 1
[2025-03-21 18:15:54,332] INFO: Setting entry: value=1, raw=False
[2025-03-21 18:15:54,332] INFO: Entry set: 1, value=1
[2025-03-21 18:15:54,332] INFO: Performed R↓: stack rotated down
[2025-03-21 18:15:54,579] INFO: Handling command: 
[2025-03-21 18:15:54,579] INFO: Handling normal command: R↓
[2025-03-21 18:15:54,579] INFO: Entering operator: R↓
[2025-03-21 18:15:54,580] INFO: Stack rolled down: X=4, stack=[1, 2, 3]
[2025-03-21 18:15:54,580] INFO: Formatted 4 in DEC as 4
[2025-03-21 18:15:54,580] INFO: Setting entry: value=4, raw=False
[2025-03-21 18:15:54,580] INFO: Entry set: 4, value=4
[2025-03-21 18:15:54,580] INFO: Performed R↓: stack rotated down
[2025-03-21 18:15:54,826] INFO: Handling command: 
[2025-03-21 18:15:54,826] INFO: Handling normal command: R↓
[2025-03-21 18:15:54,826] INFO: Entering operator: R↓
[2025-03-21 18:15:54,826] INFO: Stack rolled down: X=3, stack=[4, 1, 2]
[2025-03-21 18:15:54,826] INFO: Formatted 3 in DEC as 3
[2025-03-21 18:15:54,826] INFO: Setting entry: value=3, raw=False
[2025-03-21 18:15:54,827] INFO: Entry set: 3, value=3
[2025-03-21 18:15:54,827] INFO: Performed R↓: stack rotated down
[2025-03-21 18:15:55,074] INFO: Handling command: 
[2025-03-21 18:15:55,074] INFO: Handling normal command: R↓
[2025-03-21 18:15:55,074] INFO: Entering operator: R↓
[2025-03-21 18:15:55,074] INFO: Stack rolled down: X=2, stack=[3, 4, 1]
[2025-03-21 18:15:55,074] INFO: Formatted 2 in DEC as 2
[2025-03-21 18:15:55,075] INFO: Setting entry: value=2, raw=False
[2025-03-21 18:15:55,075] INFO: Entry set: 2, value=2
[2025-03-21 18:15:55,075] INFO: Performed R↓: stack rotated down
[2025-03-21 18:15:55,314] INFO: Handling command: 
[2025-03-21 18:15:55,314] INFO: Handling normal command: R↓
[2025-03-21 18:15:55,314] INFO: Entering operator: R↓
[2025-03-21 18:15:55,314] INFO: Stack rolled down: X=1, stack=[2, 3, 4]
[2025-03-21 18:15:55,315] INFO: Formatted 1 in DEC as 1
[2025-03-21 18:15:55,315] INFO: Setting entry: value=1, raw=False
[2025-03-21 18:15:55,315] INFO: Entry set: 1, value=1
[2025-03-21 18:15:55,315] INFO: Performed R↓: stack rotated down
[2025-03-21 18:15:57,429] INFO: Handling command: 
[2025-03-21 18:15:57,429] INFO: Handling normal command: 2
[2025-03-21 18:15:57,429] INFO: Entering digit: 2
[2025-03-21 18:15:57,429] INFO: Appending character: 2
[2025-03-21 18:15:57,429] INFO: Setting entry: value=12, raw=False
[2025-03-21 18:15:57,430] INFO: Entry set: 12, value=12
[2025-03-21 18:16:00,189] INFO: Handling command: 
[2025-03-21 18:16:00,189] INFO: Handling normal command: R↓
[2025-03-21 18:16:00,189] INFO: Entering operator: R↓
[2025-03-21 18:16:00,189] INFO: Pushed value: 12, X=12, stack=[3, 4, 1]
[2025-03-21 18:16:00,189] INFO: Clearing entry
[2025-03-21 18:16:00,190] INFO: Stack rolled down: X=1, stack=[12, 3, 4]
[2025-03-21 18:16:00,190] INFO: Formatted 1 in DEC as 1
[2025-03-21 18:16:00,190] INFO: Setting entry: value=1, raw=False
[2025-03-21 18:16:00,190] INFO: Entry set: 1, value=1
[2025-03-21 18:16:00,190] INFO: Performed R↓: stack rotated down
[2025-03-21 18:16:00,579] INFO: Handling command: 
[2025-03-21 18:16:00,579] INFO: Handling normal command: R↓
[2025-03-21 18:16:00,579] INFO: Entering operator: R↓
[2025-03-21 18:16:00,580] INFO: Stack rolled down: X=4, stack=[1, 12, 3]
[2025-03-21 18:16:00,580] INFO: Formatted 4 in DEC as 4
[2025-03-21 18:16:00,580] INFO: Setting entry: value=4, raw=False
[2025-03-21 18:16:00,580] INFO: Entry set: 4, value=4
[2025-03-21 18:16:00,580] INFO: Performed R↓: stack rotated down
[2025-03-21 18:16:00,946] INFO: Handling command: 
[2025-03-21 18:16:00,946] INFO: Handling normal command: R↓
[2025-03-21 18:16:00,946] INFO: Entering operator: R↓
[2025-03-21 18:16:00,946] INFO: Stack rolled down: X=3, stack=[4, 1, 12]
[2025-03-21 18:16:00,946] INFO: Formatted 3 in DEC as 3
[2025-03-21 18:16:00,946] INFO: Setting entry: value=3, raw=False
[2025-03-21 18:16:00,946] INFO: Entry set: 3, value=3
[2025-03-21 18:16:00,947] INFO: Performed R↓: stack rotated down
[2025-03-21 18:16:01,299] INFO: Handling command: 
[2025-03-21 18:16:01,299] INFO: Handling normal command: R↓
[2025-03-21 18:16:01,299] INFO: Entering operator: R↓
[2025-03-21 18:16:01,299] INFO: Stack rolled down: X=12, stack=[3, 4, 1]
[2025-03-21 18:16:01,299] INFO: Formatted 12 in DEC as 12
[2025-03-21 18:16:01,299] INFO: Setting entry: value=12, raw=False
[2025-03-21 18:16:01,300] INFO: Entry set: 12, value=12
[2025-03-21 18:16:01,300] INFO: Performed R↓: stack rotated down
[2025-03-21 18:16:01,764] INFO: Handling command: 
[2025-03-21 18:16:01,764] INFO: Handling normal command: R↓
[2025-03-21 18:16:01,764] INFO: Entering operator: R↓
[2025-03-21 18:16:01,764] INFO: Stack rolled down: X=1, stack=[12, 3, 4]
[2025-03-21 18:16:01,764] INFO: Formatted 1 in DEC as 1
[2025-03-21 18:16:01,764] INFO: Setting entry: value=1, raw=False
[2025-03-21 18:16:01,764] INFO: Entry set: 1, value=1
[2025-03-21 18:16:01,765] INFO: Performed R↓: stack rotated down
[2025-03-21 18:16:02,019] INFO: Handling command: 
[2025-03-21 18:16:02,019] INFO: Handling normal command: R↓
[2025-03-21 18:16:02,019] INFO: Entering operator: R↓
[2025-03-21 18:16:02,019] INFO: Stack rolled down: X=4, stack=[1, 12, 3]
[2025-03-21 18:16:02,019] INFO: Formatted 4 in DEC as 4
[2025-03-21 18:16:02,019] INFO: Setting entry: value=4, raw=False
[2025-03-21 18:16:02,019] INFO: Entry set: 4, value=4
[2025-03-21 18:16:02,019] INFO: Performed R↓: stack rotated down
[2025-03-21 18:16:02,274] INFO: Handling command: 
[2025-03-21 18:16:02,274] INFO: Handling normal command: R↓
[2025-03-21 18:16:02,274] INFO: Entering operator: R↓
[2025-03-21 18:16:02,274] INFO: Stack rolled down: X=3, stack=[4, 1, 12]
[2025-03-21 18:16:02,274] INFO: Formatted 3 in DEC as 3
[2025-03-21 18:16:02,275] INFO: Setting entry: value=3, raw=False
[2025-03-21 18:16:02,275] INFO: Entry set: 3, value=3
[2025-03-21 18:16:02,275] INFO: Performed R↓: stack rotated down
[2025-03-21 18:16:02,777] INFO: Handling command: 
[2025-03-21 18:16:02,777] INFO: Handling normal command: R↓
[2025-03-21 18:16:02,777] INFO: Entering operator: R↓
[2025-03-21 18:16:02,777] INFO: Stack rolled down: X=12, stack=[3, 4, 1]
[2025-03-21 18:16:02,777] INFO: Formatted 12 in DEC as 12
[2025-03-21 18:16:02,777] INFO: Setting entry: value=12, raw=False
[2025-03-21 18:16:02,777] INFO: Entry set: 12, value=12
[2025-03-21 18:16:02,777] INFO: Performed R↓: stack rotated down
[2025-03-21 18:16:06,843] INFO: Handling command: 
[2025-03-21 18:16:06,843] INFO: Handling normal command: R↓
[2025-03-21 18:16:06,843] INFO: Entering operator: R↓
[2025-03-21 18:16:06,843] INFO: Stack rolled down: X=1, stack=[12, 3, 4]
[2025-03-21 18:16:06,843] INFO: Formatted 1 in DEC as 1
[2025-03-21 18:16:06,843] INFO: Setting entry: value=1, raw=False
[2025-03-21 18:16:06,843] INFO: Entry set: 1, value=1
[2025-03-21 18:16:06,843] INFO: Performed R↓: stack rotated down
[2025-03-21 18:16:08,814] INFO: Handling command: 
[2025-03-21 18:16:08,814] INFO: Handling normal command: 3
[2025-03-21 18:16:08,815] INFO: Entering digit: 3
[2025-03-21 18:16:08,815] INFO: Appending character: 3
[2025-03-21 18:16:08,815] INFO: Setting entry: value=13, raw=False
[2025-03-21 18:16:08,815] INFO: Entry set: 13, value=13
[2025-03-21 18:16:09,654] INFO: Handling command: 
[2025-03-21 18:16:09,654] INFO: Handling normal command: R↓
[2025-03-21 18:16:09,654] INFO: Entering operator: R↓
[2025-03-21 18:16:09,654] INFO: Pushed value: 13, X=13, stack=[3, 4, 1]
[2025-03-21 18:16:09,654] INFO: Clearing entry
[2025-03-21 18:16:09,654] INFO: Stack rolled down: X=1, stack=[13, 3, 4]
[2025-03-21 18:16:09,654] INFO: Formatted 1 in DEC as 1
[2025-03-21 18:16:09,654] INFO: Setting entry: value=1, raw=False
[2025-03-21 18:16:09,655] INFO: Entry set: 1, value=1
[2025-03-21 18:16:09,655] INFO: Performed R↓: stack rotated down
[2025-03-21 18:16:10,367] INFO: Handling command: 
[2025-03-21 18:16:10,368] INFO: Handling normal command: R↓
[2025-03-21 18:16:10,368] INFO: Entering operator: R↓
[2025-03-21 18:16:10,368] INFO: Stack rolled down: X=4, stack=[1, 13, 3]
[2025-03-21 18:16:10,368] INFO: Formatted 4 in DEC as 4
[2025-03-21 18:16:10,368] INFO: Setting entry: value=4, raw=False
[2025-03-21 18:16:10,368] INFO: Entry set: 4, value=4
[2025-03-21 18:16:10,368] INFO: Performed R↓: stack rotated down
[2025-03-21 18:16:11,207] INFO: Handling command: 
[2025-03-21 18:16:11,207] INFO: Handling normal command: R↓
[2025-03-21 18:16:11,207] INFO: Entering operator: R↓
[2025-03-21 18:16:11,207] INFO: Stack rolled down: X=3, stack=[4, 1, 13]
[2025-03-21 18:16:11,207] INFO: Formatted 3 in DEC as 3
[2025-03-21 18:16:11,207] INFO: Setting entry: value=3, raw=False
[2025-03-21 18:16:11,207] INFO: Entry set: 3, value=3
[2025-03-21 18:16:11,207] INFO: Performed R↓: stack rotated down
[2025-03-21 18:16:12,737] INFO: Handling command: 
[2025-03-21 18:16:12,738] INFO: Handling normal command: R↓
[2025-03-21 18:16:12,738] INFO: Entering operator: R↓
[2025-03-21 18:16:12,738] INFO: Stack rolled down: X=13, stack=[3, 4, 1]
[2025-03-21 18:16:12,738] INFO: Formatted 13 in DEC as 13
[2025-03-21 18:16:12,738] INFO: Setting entry: value=13, raw=False
[2025-03-21 18:16:12,738] INFO: Entry set: 13, value=13
[2025-03-21 18:16:12,738] INFO: Performed R↓: stack rotated down
[2025-03-21 18:16:13,802] INFO: Handling command: 
[2025-03-21 18:16:13,802] INFO: Handling normal command: R↓
[2025-03-21 18:16:13,802] INFO: Entering operator: R↓
[2025-03-21 18:16:13,802] INFO: Stack rolled down: X=1, stack=[13, 3, 4]
[2025-03-21 18:16:13,803] INFO: Formatted 1 in DEC as 1
[2025-03-21 18:16:13,803] INFO: Setting entry: value=1, raw=False
[2025-03-21 18:16:13,803] INFO: Entry set: 1, value=1
[2025-03-21 18:16:13,803] INFO: Performed R↓: stack rotated down
[2025-03-21 18:16:14,139] INFO: Handling command: 
[2025-03-21 18:16:14,140] INFO: Handling normal command: R↓
[2025-03-21 18:16:14,140] INFO: Entering operator: R↓
[2025-03-21 18:16:14,140] INFO: Stack rolled down: X=4, stack=[1, 13, 3]
[2025-03-21 18:16:14,140] INFO: Formatted 4 in DEC as 4
[2025-03-21 18:16:14,140] INFO: Setting entry: value=4, raw=False
[2025-03-21 18:16:14,140] INFO: Entry set: 4, value=4
[2025-03-21 18:16:14,140] INFO: Performed R↓: stack rotated down
[2025-03-21 18:16:14,432] INFO: Handling command: 
[2025-03-21 18:16:14,432] INFO: Handling normal command: R↓
[2025-03-21 18:16:14,432] INFO: Entering operator: R↓
[2025-03-21 18:16:14,432] INFO: Stack rolled down: X=3, stack=[4, 1, 13]
[2025-03-21 18:16:14,432] INFO: Formatted 3 in DEC as 3
[2025-03-21 18:16:14,432] INFO: Setting entry: value=3, raw=False
[2025-03-21 18:16:14,432] INFO: Entry set: 3, value=3
[2025-03-21 18:16:14,432] INFO: Performed R↓: stack rotated down
[2025-03-21 18:16:14,702] INFO: Handling command: 
[2025-03-21 18:16:14,702] INFO: Handling normal command: R↓
[2025-03-21 18:16:14,702] INFO: Entering operator: R↓
[2025-03-21 18:16:14,702] INFO: Stack rolled down: X=13, stack=[3, 4, 1]
[2025-03-21 18:16:14,702] INFO: Formatted 13 in DEC as 13
[2025-03-21 18:16:14,702] INFO: Setting entry: value=13, raw=False
[2025-03-21 18:16:14,702] INFO: Entry set: 13, value=13
[2025-03-21 18:16:14,702] INFO: Performed R↓: stack rotated down
[2025-03-21 18:16:15,168] INFO: Handling command: 
[2025-03-21 18:16:15,168] INFO: Handling normal command: R↓
[2025-03-21 18:16:15,168] INFO: Entering operator: R↓
[2025-03-21 18:16:15,168] INFO: Stack rolled down: X=1, stack=[13, 3, 4]
[2025-03-21 18:16:15,168] INFO: Formatted 1 in DEC as 1
[2025-03-21 18:16:15,168] INFO: Setting entry: value=1, raw=False
[2025-03-21 18:16:15,168] INFO: Entry set: 1, value=1
[2025-03-21 18:16:15,168] INFO: Performed R↓: stack rotated down
[2025-03-21 18:16:15,475] INFO: Handling command: 
[2025-03-21 18:16:15,475] INFO: Handling normal command: R↓
[2025-03-21 18:16:15,475] INFO: Entering operator: R↓
[2025-03-21 18:16:15,475] INFO: Stack rolled down: X=4, stack=[1, 13, 3]
[2025-03-21 18:16:15,475] INFO: Formatted 4 in DEC as 4
[2025-03-21 18:16:15,475] INFO: Setting entry: value=4, raw=False
[2025-03-21 18:16:15,475] INFO: Entry set: 4, value=4
[2025-03-21 18:16:15,475] INFO: Performed R↓: stack rotated down
[2025-03-21 18:16:15,737] INFO: Handling command: 
[2025-03-21 18:16:15,737] INFO: Handling normal command: R↓
[2025-03-21 18:16:15,737] INFO: Entering operator: R↓
[2025-03-21 18:16:15,737] INFO: Stack rolled down: X=3, stack=[4, 1, 13]
[2025-03-21 18:16:15,737] INFO: Formatted 3 in DEC as 3
[2025-03-21 18:16:15,737] INFO: Setting entry: value=3, raw=False
[2025-03-21 18:16:15,737] INFO: Entry set: 3, value=3
[2025-03-21 18:16:15,737] INFO: Performed R↓: stack rotated down
[2025-03-21 18:16:16,195] INFO: Handling command: 
[2025-03-21 18:16:16,195] INFO: Handling normal command: R↓
[2025-03-21 18:16:16,195] INFO: Entering operator: R↓
[2025-03-21 18:16:16,195] INFO: Stack rolled down: X=13, stack=[3, 4, 1]
[2025-03-21 18:16:16,195] INFO: Formatted 13 in DEC as 13
[2025-03-21 18:16:16,195] INFO: Setting entry: value=13, raw=False
[2025-03-21 18:16:16,195] INFO: Entry set: 13, value=13
[2025-03-21 18:16:16,195] INFO: Performed R↓: stack rotated down
[2025-03-21 18:16:16,652] INFO: Handling command: 
[2025-03-21 18:16:16,652] INFO: Handling normal command: R↓
[2025-03-21 18:16:16,652] INFO: Entering operator: R↓
[2025-03-21 18:16:16,652] INFO: Stack rolled down: X=1, stack=[13, 3, 4]
[2025-03-21 18:16:16,652] INFO: Formatted 1 in DEC as 1
[2025-03-21 18:16:16,652] INFO: Setting entry: value=1, raw=False
[2025-03-21 18:16:16,652] INFO: Entry set: 1, value=1
[2025-03-21 18:16:16,652] INFO: Performed R↓: stack rotated down
[2025-03-21 18:16:19,591] INFO: Handling command: yellow_f_function
[2025-03-21 18:16:19,592] INFO: Toggling mode: f, f_active=False, g_active=False
[2025-03-21 18:16:19,624] INFO: Mode set: f
[2025-03-21 18:16:20,500] INFO: f-mode action: STATUS
[2025-03-21 18:16:20,500] INFO: Toggling stack display: show=True, mode=DEC
[2025-03-21 18:16:20,501] INFO: Stack displayed: ['1', '13', '3', '4']
[2025-03-21 18:16:20,501] INFO: Toggling mode: f, f_active=True, g_active=False
[2025-03-21 18:16:20,508] INFO: Mode reset to normal
[2025-03-21 18:16:24,587] INFO: Handling normal command: R↓
[2025-03-21 18:16:24,587] INFO: Entering operator: R↓
[2025-03-21 18:16:24,588] INFO: Stack rolled down: X=4, stack=[1, 13, 3]
[2025-03-21 18:16:24,588] INFO: Formatted 4 in DEC as 4
[2025-03-21 18:16:24,588] INFO: Setting entry: value=4, raw=False
[2025-03-21 18:16:24,588] INFO: Entry set: 4, value=4
[2025-03-21 18:16:24,588] INFO: Performed R↓: stack rotated down
[2025-03-21 18:16:25,052] INFO: Handling normal command: R↓
[2025-03-21 18:16:25,053] INFO: Entering operator: R↓
[2025-03-21 18:16:25,053] INFO: Stack rolled down: X=3, stack=[4, 1, 13]
[2025-03-21 18:16:25,053] INFO: Formatted 3 in DEC as 3
[2025-03-21 18:16:25,053] INFO: Setting entry: value=3, raw=False
[2025-03-21 18:16:25,053] INFO: Entry set: 3, value=3
[2025-03-21 18:16:25,053] INFO: Performed R↓: stack rotated down
[2025-03-21 18:16:25,524] INFO: Handling normal command: R↓
[2025-03-21 18:16:25,524] INFO: Entering operator: R↓
[2025-03-21 18:16:25,524] INFO: Stack rolled down: X=13, stack=[3, 4, 1]
[2025-03-21 18:16:25,524] INFO: Formatted 13 in DEC as 13
[2025-03-21 18:16:25,525] INFO: Setting entry: value=13, raw=False
[2025-03-21 18:16:25,525] INFO: Entry set: 13, value=13
[2025-03-21 18:16:25,525] INFO: Performed R↓: stack rotated down
[2025-03-21 18:16:27,108] INFO: Handling normal command: BSP
[2025-03-21 18:16:27,108] INFO: Performing backspace
[2025-03-21 18:16:27,108] INFO: Setting entry: value=1, raw=False
[2025-03-21 18:16:27,108] INFO: Entry set: 1, value=1
[2025-03-21 18:16:29,575] INFO: Handling normal command: BSP
[2025-03-21 18:16:29,575] INFO: Performing backspace
[2025-03-21 18:16:29,575] INFO: Setting entry: value=0, raw=False
[2025-03-21 18:16:29,575] INFO: Entry set: 0, value=0
[2025-03-21 18:16:30,459] INFO: Handling normal command: 2
[2025-03-21 18:16:30,459] INFO: Entering digit: 2
[2025-03-21 18:16:30,459] INFO: Appending character: 2
[2025-03-21 18:16:30,459] INFO: Setting entry: value=2, raw=False
[2025-03-21 18:16:30,460] INFO: Entry set: 2, value=2
[2025-03-21 18:16:31,884] INFO: Handling normal command: R↓
[2025-03-21 18:16:31,884] INFO: Entering operator: R↓
[2025-03-21 18:16:31,884] INFO: Pushed value: 2, X=2, stack=[4, 1, 13]
[2025-03-21 18:16:31,884] INFO: Clearing entry
[2025-03-21 18:16:31,885] INFO: Stack rolled down: X=13, stack=[2, 4, 1]
[2025-03-21 18:16:31,885] INFO: Formatted 13 in DEC as 13
[2025-03-21 18:16:31,885] INFO: Setting entry: value=13, raw=False
[2025-03-21 18:16:31,885] INFO: Entry set: 13, value=13
[2025-03-21 18:16:31,885] INFO: Performed R↓: stack rotated down
[2025-03-21 18:16:32,529] INFO: Handling normal command: R↓
[2025-03-21 18:16:32,529] INFO: Entering operator: R↓
[2025-03-21 18:16:32,529] INFO: Stack rolled down: X=1, stack=[13, 2, 4]
[2025-03-21 18:16:32,529] INFO: Formatted 1 in DEC as 1
[2025-03-21 18:16:32,530] INFO: Setting entry: value=1, raw=False
[2025-03-21 18:16:32,530] INFO: Entry set: 1, value=1
[2025-03-21 18:16:32,530] INFO: Performed R↓: stack rotated down
[2025-03-21 18:16:32,837] INFO: Handling normal command: R↓
[2025-03-21 18:16:32,837] INFO: Entering operator: R↓
[2025-03-21 18:16:32,837] INFO: Stack rolled down: X=4, stack=[1, 13, 2]
[2025-03-21 18:16:32,837] INFO: Formatted 4 in DEC as 4
[2025-03-21 18:16:32,837] INFO: Setting entry: value=4, raw=False
[2025-03-21 18:16:32,837] INFO: Entry set: 4, value=4
[2025-03-21 18:16:32,837] INFO: Performed R↓: stack rotated down
[2025-03-21 18:16:33,115] INFO: Handling normal command: R↓
[2025-03-21 18:16:33,115] INFO: Entering operator: R↓
[2025-03-21 18:16:33,115] INFO: Stack rolled down: X=2, stack=[4, 1, 13]
[2025-03-21 18:16:33,115] INFO: Formatted 2 in DEC as 2
[2025-03-21 18:16:33,115] INFO: Setting entry: value=2, raw=False
[2025-03-21 18:16:33,115] INFO: Entry set: 2, value=2
[2025-03-21 18:16:33,115] INFO: Performed R↓: stack rotated down
[2025-03-21 18:16:33,399] INFO: Handling normal command: R↓
[2025-03-21 18:16:33,399] INFO: Entering operator: R↓
[2025-03-21 18:16:33,399] INFO: Stack rolled down: X=13, stack=[2, 4, 1]
[2025-03-21 18:16:33,399] INFO: Formatted 13 in DEC as 13
[2025-03-21 18:16:33,399] INFO: Setting entry: value=13, raw=False
[2025-03-21 18:16:33,400] INFO: Entry set: 13, value=13
[2025-03-21 18:16:33,400] INFO: Performed R↓: stack rotated down
[2025-03-21 18:16:34,059] INFO: Handling normal command: R↓
[2025-03-21 18:16:34,059] INFO: Entering operator: R↓
[2025-03-21 18:16:34,059] INFO: Stack rolled down: X=1, stack=[13, 2, 4]
[2025-03-21 18:16:34,060] INFO: Formatted 1 in DEC as 1
[2025-03-21 18:16:34,060] INFO: Setting entry: value=1, raw=False
[2025-03-21 18:16:34,060] INFO: Entry set: 1, value=1
[2025-03-21 18:16:34,060] INFO: Performed R↓: stack rotated down
[2025-03-21 18:16:34,307] INFO: Handling normal command: R↓
[2025-03-21 18:16:34,307] INFO: Entering operator: R↓
[2025-03-21 18:16:34,307] INFO: Stack rolled down: X=4, stack=[1, 13, 2]
[2025-03-21 18:16:34,307] INFO: Formatted 4 in DEC as 4
[2025-03-21 18:16:34,307] INFO: Setting entry: value=4, raw=False
[2025-03-21 18:16:34,308] INFO: Entry set: 4, value=4
[2025-03-21 18:16:34,308] INFO: Performed R↓: stack rotated down
[2025-03-21 18:16:34,592] INFO: Handling normal command: R↓
[2025-03-21 18:16:34,592] INFO: Entering operator: R↓
[2025-03-21 18:16:34,592] INFO: Stack rolled down: X=2, stack=[4, 1, 13]
[2025-03-21 18:16:34,593] INFO: Formatted 2 in DEC as 2
[2025-03-21 18:16:34,593] INFO: Setting entry: value=2, raw=False
[2025-03-21 18:16:34,593] INFO: Entry set: 2, value=2
[2025-03-21 18:16:34,593] INFO: Performed R↓: stack rotated down
[2025-03-21 18:16:34,779] INFO: Handling normal command: R↓
[2025-03-21 18:16:34,779] INFO: Entering operator: R↓
[2025-03-21 18:16:34,780] INFO: Stack rolled down: X=13, stack=[2, 4, 1]
[2025-03-21 18:16:34,780] INFO: Formatted 13 in DEC as 13
[2025-03-21 18:16:34,780] INFO: Setting entry: value=13, raw=False
[2025-03-21 18:16:34,780] INFO: Entry set: 13, value=13
[2025-03-21 18:16:34,780] INFO: Performed R↓: stack rotated down
[2025-03-21 18:16:35,042] INFO: Handling normal command: R↓
[2025-03-21 18:16:35,042] INFO: Entering operator: R↓
[2025-03-21 18:16:35,043] INFO: Stack rolled down: X=1, stack=[13, 2, 4]
[2025-03-21 18:16:35,043] INFO: Formatted 1 in DEC as 1
[2025-03-21 18:16:35,043] INFO: Setting entry: value=1, raw=False
[2025-03-21 18:16:35,043] INFO: Entry set: 1, value=1
[2025-03-21 18:16:35,043] INFO: Performed R↓: stack rotated down
[2025-03-21 18:16:35,334] INFO: Handling normal command: R↓
[2025-03-21 18:16:35,334] INFO: Entering operator: R↓
[2025-03-21 18:16:35,334] INFO: Stack rolled down: X=4, stack=[1, 13, 2]
[2025-03-21 18:16:35,334] INFO: Formatted 4 in DEC as 4
[2025-03-21 18:16:35,334] INFO: Setting entry: value=4, raw=False
[2025-03-21 18:16:35,334] INFO: Entry set: 4, value=4
[2025-03-21 18:16:35,334] INFO: Performed R↓: stack rotated down
[2025-03-21 18:16:35,574] INFO: Handling normal command: R↓
[2025-03-21 18:16:35,574] INFO: Entering operator: R↓
[2025-03-21 18:16:35,574] INFO: Stack rolled down: X=2, stack=[4, 1, 13]
[2025-03-21 18:16:35,574] INFO: Formatted 2 in DEC as 2
[2025-03-21 18:16:35,574] INFO: Setting entry: value=2, raw=False
[2025-03-21 18:16:35,574] INFO: Entry set: 2, value=2
[2025-03-21 18:16:35,574] INFO: Performed R↓: stack rotated down
[2025-03-21 18:16:35,807] INFO: Handling normal command: R↓
[2025-03-21 18:16:35,807] INFO: Entering operator: R↓
[2025-03-21 18:16:35,807] INFO: Stack rolled down: X=13, stack=[2, 4, 1]
[2025-03-21 18:16:35,807] INFO: Formatted 13 in DEC as 13
[2025-03-21 18:16:35,807] INFO: Setting entry: value=13, raw=False
[2025-03-21 18:16:35,807] INFO: Entry set: 13, value=13
[2025-03-21 18:16:35,807] INFO: Performed R↓: stack rotated down
[2025-03-21 18:16:36,032] INFO: Handling normal command: R↓
[2025-03-21 18:16:36,032] INFO: Entering operator: R↓
[2025-03-21 18:16:36,032] INFO: Stack rolled down: X=1, stack=[13, 2, 4]
[2025-03-21 18:16:36,032] INFO: Formatted 1 in DEC as 1
[2025-03-21 18:16:36,032] INFO: Setting entry: value=1, raw=False
[2025-03-21 18:16:36,032] INFO: Entry set: 1, value=1
[2025-03-21 18:16:36,032] INFO: Performed R↓: stack rotated down
[2025-03-21 18:16:36,279] INFO: Handling normal command: R↓
[2025-03-21 18:16:36,279] INFO: Entering operator: R↓
[2025-03-21 18:16:36,279] INFO: Stack rolled down: X=4, stack=[1, 13, 2]
[2025-03-21 18:16:36,279] INFO: Formatted 4 in DEC as 4
[2025-03-21 18:16:36,279] INFO: Setting entry: value=4, raw=False
[2025-03-21 18:16:36,279] INFO: Entry set: 4, value=4
[2025-03-21 18:16:36,279] INFO: Performed R↓: stack rotated down
[2025-03-21 18:16:44,002] INFO: Exiting function: main
[2025-03-21 18:16:44,002] INFO: Script ended: main.pyw
