[2025-03-21 18:07:26,066] INFO: Stack initialized: [0, 0, 0], X=0, word_size=16, complement_mode=UNSIGNED
[2025-03-21 18:07:26,091] INFO: Script started: main.pyw
[2025-03-21 18:07:26,091] INFO: Entering function: main
[2025-03-21 18:07:26,091] INFO: Creating Tk root window
[2025-03-21 18:07:26,150] INFO: Setting window title: HP 16C Emulator
[2025-03-21 18:07:26,151] INFO: Configuring root background color: #1e1818
[2025-03-21 18:07:26,151] INFO: Setting root resizable: False, False
[2025-03-21 18:07:26,151] INFO: Entering function: load_config
[2025-03-21 18:07:26,151] INFO: Config loaded and updated: {'display_width': 575, 'display_height': 80, 'margin': 20, 'bg_color': '#1e1818', 'display_font_family': 'Courier', 'display_font_size': 18, 'display_x': 125, 'display_y': 20}
[2025-03-21 18:07:26,151] INFO: Exiting function: load_config
[2025-03-21 18:07:26,152] INFO: Custom font created: family=Courier, size=18
[2025-03-21 18:07:26,152] INFO: Setting up UI: display at x=125, y=20, width=575, height=80, grid=4x10, total=1089x560
[2025-03-21 18:07:26,152] INFO: Initializing Display: x=125, y=20, width=575, height=80
[2025-03-21 18:07:26,155] INFO: Stack info updated: 00-16-0000
[2025-03-21 18:07:26,155] INFO: Display initialized: mode=DEC, entry=0
[2025-03-21 18:07:26,155] INFO: Setting mode: DEC
[2025-03-21 18:07:26,155] INFO: Setting entry: value=0, raw=False
[2025-03-21 18:07:26,156] INFO: Entry set: 0, value=0
[2025-03-21 18:07:26,156] INFO: Creating buttons from BUTTONS_CONFIG
[2025-03-21 18:07:26,158] INFO: Button 0,0: SL/A/LJ, 75x75, row=0, col=0, rowspan=1
[2025-03-21 18:07:26,158] INFO: Button 1,0: x><(i)/GSB/RTN, 75x75, row=1, col=0, rowspan=1
[2025-03-21 18:07:26,159] INFO: Button 2,0: (i)/R/S/P/R, 75x75, row=2, col=0, rowspan=1
[2025-03-21 18:07:26,159] INFO: Button 3,0: /ON/, 75x75, row=3, col=0, rowspan=1
[2025-03-21 18:07:26,160] INFO: Button 0,1: SR/B/ASR, 75x75, row=0, col=1, rowspan=1
[2025-03-21 18:07:26,161] INFO: Button 1,1: x><I/GTO/LBL, 75x75, row=1, col=1, rowspan=1
[2025-03-21 18:07:26,162] INFO: Button 2,1: I/SST/BST, 75x75, row=2, col=1, rowspan=1
[2025-03-21 18:07:26,163] INFO: Button 3,1: /f/, 75x75, row=3, col=1, rowspan=1
[2025-03-21 18:07:26,163] INFO: Button 0,2: RL/C/DSZ, 75x75, row=0, col=2, rowspan=1
[2025-03-21 18:07:26,164] INFO: Button 1,2: SHOW HEX/HEX/DSZ, 75x75, row=1, col=2, rowspan=1
[2025-03-21 18:07:26,167] INFO: Button 2,2: CLR PRGM/R↓/R↑, 75x75, row=2, col=2, rowspan=1
[2025-03-21 18:07:26,167] INFO: Button 3,2: /g/, 75x75, row=3, col=2, rowspan=1
[2025-03-21 18:07:26,168] INFO: Button 0,3: RR/D/RRC, 75x75, row=0, col=3, rowspan=1
[2025-03-21 18:07:26,169] INFO: Button 1,3: SHOW DEC/DEC/ISZ, 75x75, row=1, col=3, rowspan=1
[2025-03-21 18:07:26,169] INFO: Button 2,3: CLR REG/x><y/PSE, 75x75, row=2, col=3, rowspan=1
[2025-03-21 18:07:26,188] INFO: Button 3,3: WSIZE/STO/⯇, 75x75, row=3, col=3, rowspan=1
[2025-03-21 18:07:26,188] INFO: Button 0,4: RLn/E/RLCn, 75x75, row=0, col=4, rowspan=1
[2025-03-21 18:07:26,189] INFO: Button 1,4: SHOW OCT/OCT/√x, 75x75, row=1, col=4, rowspan=1
[2025-03-21 18:07:26,190] INFO: Button 2,4: CLR PRFX/BSP/CLX, 75x75, row=2, col=4, rowspan=1
[2025-03-21 18:07:26,191] INFO: Button 3,4: FLOAT/RCL/⯈, 75x75, row=3, col=4, rowspan=1
[2025-03-21 18:07:26,192] INFO: Button 0,5: RRn/F/RRCn, 75x75, row=0, col=5, rowspan=1
[2025-03-21 18:07:26,193] INFO: Button 1,5: SHOW BIN/BIN/1/x, 75x75, row=1, col=5, rowspan=1
[2025-03-21 18:07:26,194] INFO: Button 2,5: WINDOW/ENTER/LST X, 75x175, row=2, col=5, rowspan=2
[2025-03-21 18:07:26,194] INFO: Button 0,6: MASKL/7/#B, 75x75, row=0, col=6, rowspan=1
[2025-03-21 18:07:26,195] INFO: Button 1,6: SB/4/SF, 75x75, row=1, col=6, rowspan=1
[2025-03-21 18:07:26,196] INFO: Button 2,6: SC 1'S/1/X≤Y, 75x75, row=2, col=6, rowspan=1
[2025-03-21 18:07:26,197] INFO: Button 3,6: MEM/0/X≠Y, 75x75, row=3, col=6, rowspan=1
[2025-03-21 18:07:26,198] INFO: Button 0,7: MASKR/8/ABS, 75x75, row=0, col=7, rowspan=1
[2025-03-21 18:07:26,198] INFO: Button 1,7: CB/5/CF, 75x75, row=1, col=7, rowspan=1
[2025-03-21 18:07:26,199] INFO: Button 2,7: SC 2'S/2/X<0, 75x75, row=2, col=7, rowspan=1
[2025-03-21 18:07:26,200] INFO: Button 3,7: STATUS/./X≠0, 75x75, row=3, col=7, rowspan=1
[2025-03-21 18:07:26,201] INFO: Button 0,8: RMD/9/DBLR, 75x75, row=0, col=8, rowspan=1
[2025-03-21 18:07:26,202] INFO: Button 1,8: B?/6/F?, 75x75, row=1, col=8, rowspan=1
[2025-03-21 18:07:26,202] INFO: Button 2,8: SC UNSGN/3/X>Y, 75x75, row=2, col=8, rowspan=1
[2025-03-21 18:07:26,203] INFO: Button 3,8: EEx/CHS/X=Y, 75x75, row=3, col=8, rowspan=1
[2025-03-21 18:07:26,204] INFO: Button 0,9: XOR///DBL/, 75x75, row=0, col=9, rowspan=1
[2025-03-21 18:07:26,205] INFO: Button 1,9: AND/*/DBL*, 75x75, row=1, col=9, rowspan=1
[2025-03-21 18:07:26,205] INFO: Button 2,9: NOT/-/X>0, 75x75, row=2, col=9, rowspan=1
[2025-03-21 18:07:26,206] INFO: Button 3,9: OR/+/X=0, 75x75, row=3, col=9, rowspan=1
[2025-03-21 18:07:26,206] INFO: Total buttons created: 39
[2025-03-21 18:07:26,206] INFO: Grid configured: 10 cols, 4 rows, minsize=75
[2025-03-21 18:07:26,231] INFO: Initializing HP16CController with display and buttons
[2025-03-21 18:07:26,231] INFO: Initializing HP16CController
[2025-03-21 18:07:26,231] INFO: Binding buttons to controller actions
[2025-03-21 18:07:26,231] INFO: Binding actions to all buttons
[2025-03-21 18:07:26,233] INFO: Starting periodic stack updates
[2025-03-21 18:07:26,234] INFO: Setting entry: value=0, raw=False
[2025-03-21 18:07:26,234] INFO: Entry set: 0, value=0
[2025-03-21 18:07:26,444] INFO: Root window size: 1089x560+208+208
[2025-03-21 18:07:26,444] INFO: Entering Tkinter mainloop
[2025-03-21 18:07:27,338] INFO: Handling command: 
[2025-03-21 18:07:27,338] INFO: Handling normal command: 1
[2025-03-21 18:07:27,338] INFO: Entering digit: 1
[2025-03-21 18:07:27,338] INFO: Appending character: 1
[2025-03-21 18:07:27,338] INFO: Setting entry: value=1, raw=False
[2025-03-21 18:07:27,339] INFO: Entry set: 1, value=1
[2025-03-21 18:07:27,982] INFO: Handling command: 
[2025-03-21 18:07:27,983] INFO: Handling normal command: ENTER
[2025-03-21 18:07:27,983] INFO: Entering value
[2025-03-21 18:07:27,983] INFO: Pushed value: 1, X=1, stack=[0, 0, 0]
[2025-03-21 18:07:27,983] INFO: Clearing entry
[2025-03-21 18:07:28,568] INFO: Handling command: 
[2025-03-21 18:07:28,569] INFO: Handling normal command: 2
[2025-03-21 18:07:28,569] INFO: Entering digit: 2
[2025-03-21 18:07:28,569] INFO: Clearing entry
[2025-03-21 18:07:28,569] INFO: Appending character: 2
[2025-03-21 18:07:28,569] INFO: Setting entry: value=2, raw=False
[2025-03-21 18:07:28,569] INFO: Entry set: 2, value=2
[2025-03-21 18:07:29,295] INFO: Handling command: 
[2025-03-21 18:07:29,296] INFO: Handling normal command: ENTER
[2025-03-21 18:07:29,296] INFO: Entering value
[2025-03-21 18:07:29,296] INFO: Pushed value: 2, X=2, stack=[0, 0, 1]
[2025-03-21 18:07:29,296] INFO: Clearing entry
[2025-03-21 18:07:30,008] INFO: Handling command: 
[2025-03-21 18:07:30,009] INFO: Handling normal command: 3
[2025-03-21 18:07:30,009] INFO: Entering digit: 3
[2025-03-21 18:07:30,009] INFO: Clearing entry
[2025-03-21 18:07:30,009] INFO: Appending character: 3
[2025-03-21 18:07:30,009] INFO: Setting entry: value=3, raw=False
[2025-03-21 18:07:30,009] INFO: Entry set: 3, value=3
[2025-03-21 18:07:30,780] INFO: Handling command: 
[2025-03-21 18:07:30,780] INFO: Handling normal command: ENTER
[2025-03-21 18:07:30,780] INFO: Entering value
[2025-03-21 18:07:30,781] INFO: Pushed value: 3, X=3, stack=[0, 1, 2]
[2025-03-21 18:07:30,781] INFO: Clearing entry
[2025-03-21 18:07:31,545] INFO: Handling command: 
[2025-03-21 18:07:31,545] INFO: Handling normal command: 4
[2025-03-21 18:07:31,545] INFO: Entering digit: 4
[2025-03-21 18:07:31,546] INFO: Clearing entry
[2025-03-21 18:07:31,546] INFO: Appending character: 4
[2025-03-21 18:07:31,546] INFO: Setting entry: value=4, raw=False
[2025-03-21 18:07:31,546] INFO: Entry set: 4, value=4
[2025-03-21 18:07:33,023] INFO: Handling command: 
[2025-03-21 18:07:33,023] INFO: Handling normal command: R↓
[2025-03-21 18:07:33,024] INFO: Entering operator: R↓
[2025-03-21 18:07:33,024] INFO: Pushed value: 4, X=4, stack=[1, 2, 3]
[2025-03-21 18:07:33,024] INFO: Setting entry: value=4, raw=False
[2025-03-21 18:07:33,024] INFO: Entry set: 4, value=4
[2025-03-21 18:07:33,024] INFO: Stack rolled down: X=3, stack=[4, 1, 2]
[2025-03-21 18:07:33,024] INFO: Formatted 3 in DEC as 3
[2025-03-21 18:07:33,024] INFO: Setting entry: value=3, raw=False
[2025-03-21 18:07:33,024] INFO: Entry set: 3, value=3
[2025-03-21 18:07:33,024] INFO: Performed R↓: stack rotated down
[2025-03-21 18:07:33,504] INFO: Handling command: 
[2025-03-21 18:07:33,504] INFO: Handling normal command: R↓
[2025-03-21 18:07:33,504] INFO: Entering operator: R↓
[2025-03-21 18:07:33,504] INFO: Pushed value: 3, X=3, stack=[1, 2, 3]
[2025-03-21 18:07:33,504] INFO: Setting entry: value=3, raw=False
[2025-03-21 18:07:33,504] INFO: Entry set: 3, value=3
[2025-03-21 18:07:33,504] INFO: Stack rolled down: X=3, stack=[3, 1, 2]
[2025-03-21 18:07:33,504] INFO: Formatted 3 in DEC as 3
[2025-03-21 18:07:33,504] INFO: Setting entry: value=3, raw=False
[2025-03-21 18:07:33,504] INFO: Entry set: 3, value=3
[2025-03-21 18:07:33,505] INFO: Performed R↓: stack rotated down
[2025-03-21 18:07:33,938] INFO: Handling command: 
[2025-03-21 18:07:33,938] INFO: Handling normal command: R↓
[2025-03-21 18:07:33,939] INFO: Entering operator: R↓
[2025-03-21 18:07:33,939] INFO: Pushed value: 3, X=3, stack=[1, 2, 3]
[2025-03-21 18:07:33,939] INFO: Setting entry: value=3, raw=False
[2025-03-21 18:07:33,939] INFO: Entry set: 3, value=3
[2025-03-21 18:07:33,939] INFO: Stack rolled down: X=3, stack=[3, 1, 2]
[2025-03-21 18:07:33,939] INFO: Formatted 3 in DEC as 3
[2025-03-21 18:07:33,939] INFO: Setting entry: value=3, raw=False
[2025-03-21 18:07:33,939] INFO: Entry set: 3, value=3
[2025-03-21 18:07:33,939] INFO: Performed R↓: stack rotated down
[2025-03-21 18:07:34,215] INFO: Handling command: 
[2025-03-21 18:07:34,215] INFO: Handling normal command: R↓
[2025-03-21 18:07:34,215] INFO: Entering operator: R↓
[2025-03-21 18:07:34,215] INFO: Pushed value: 3, X=3, stack=[1, 2, 3]
[2025-03-21 18:07:34,215] INFO: Setting entry: value=3, raw=False
[2025-03-21 18:07:34,216] INFO: Entry set: 3, value=3
[2025-03-21 18:07:34,216] INFO: Stack rolled down: X=3, stack=[3, 1, 2]
[2025-03-21 18:07:34,216] INFO: Formatted 3 in DEC as 3
[2025-03-21 18:07:34,216] INFO: Setting entry: value=3, raw=False
[2025-03-21 18:07:34,216] INFO: Entry set: 3, value=3
[2025-03-21 18:07:34,216] INFO: Performed R↓: stack rotated down
[2025-03-21 18:07:34,478] INFO: Handling command: 
[2025-03-21 18:07:34,478] INFO: Handling normal command: R↓
[2025-03-21 18:07:34,479] INFO: Entering operator: R↓
[2025-03-21 18:07:34,479] INFO: Pushed value: 3, X=3, stack=[1, 2, 3]
[2025-03-21 18:07:34,479] INFO: Setting entry: value=3, raw=False
[2025-03-21 18:07:34,479] INFO: Entry set: 3, value=3
[2025-03-21 18:07:34,479] INFO: Stack rolled down: X=3, stack=[3, 1, 2]
[2025-03-21 18:07:34,479] INFO: Formatted 3 in DEC as 3
[2025-03-21 18:07:34,479] INFO: Setting entry: value=3, raw=False
[2025-03-21 18:07:34,479] INFO: Entry set: 3, value=3
[2025-03-21 18:07:34,479] INFO: Performed R↓: stack rotated down
[2025-03-21 18:07:34,808] INFO: Handling command: 
[2025-03-21 18:07:34,808] INFO: Handling normal command: R↓
[2025-03-21 18:07:34,808] INFO: Entering operator: R↓
[2025-03-21 18:07:34,809] INFO: Pushed value: 3, X=3, stack=[1, 2, 3]
[2025-03-21 18:07:34,809] INFO: Setting entry: value=3, raw=False
[2025-03-21 18:07:34,809] INFO: Entry set: 3, value=3
[2025-03-21 18:07:34,809] INFO: Stack rolled down: X=3, stack=[3, 1, 2]
[2025-03-21 18:07:34,809] INFO: Formatted 3 in DEC as 3
[2025-03-21 18:07:34,809] INFO: Setting entry: value=3, raw=False
[2025-03-21 18:07:34,809] INFO: Entry set: 3, value=3
[2025-03-21 18:07:34,809] INFO: Performed R↓: stack rotated down
[2025-03-21 18:07:36,670] INFO: Exiting function: main
[2025-03-21 18:07:36,670] INFO: Script ended: main.pyw
