[2025-03-21 18:27:22,907] INFO: Stack initialized: [0, 0, 0], X=0, word_size=16, complement_mode=UNSIGNED
[2025-03-21 18:27:22,931] INFO: Script started: main.pyw
[2025-03-21 18:27:22,931] INFO: Entering function: main
[2025-03-21 18:27:22,931] INFO: Creating Tk root window
[2025-03-21 18:27:22,990] INFO: Setting window title: HP 16C Emulator
[2025-03-21 18:27:22,990] INFO: Configuring root background color: #1e1818
[2025-03-21 18:27:22,991] INFO: Setting root resizable: False, False
[2025-03-21 18:27:22,991] INFO: Entering function: load_config
[2025-03-21 18:27:22,991] INFO: Config loaded and updated: {'display_width': 575, 'display_height': 80, 'margin': 20, 'bg_color': '#1e1818', 'display_font_family': 'Courier', 'display_font_size': 18, 'display_x': 125, 'display_y': 20}
[2025-03-21 18:27:22,991] INFO: Exiting function: load_config
[2025-03-21 18:27:22,991] INFO: Custom font created: family=Courier, size=18
[2025-03-21 18:27:22,992] INFO: Setting up UI: display at x=125, y=20, width=575, height=80, grid=4x10, total=1089x560
[2025-03-21 18:27:22,992] INFO: Initializing Display: x=125, y=20, width=575, height=80
[2025-03-21 18:27:22,995] INFO: Stack info updated: 00-16-0000
[2025-03-21 18:27:22,995] INFO: Display initialized: mode=DEC, entry=0
[2025-03-21 18:27:22,995] INFO: Setting mode: DEC
[2025-03-21 18:27:22,995] INFO: Setting entry: value=0, raw=False
[2025-03-21 18:27:22,995] INFO: Entry set: 0, value=0
[2025-03-21 18:27:22,996] INFO: Creating buttons from BUTTONS_CONFIG
[2025-03-21 18:27:22,997] INFO: Button 0,0: SL/A/LJ, 75x75, row=0, col=0, rowspan=1
[2025-03-21 18:27:22,998] INFO: Button 1,0: x><(i)/GSB/RTN, 75x75, row=1, col=0, rowspan=1
[2025-03-21 18:27:22,999] INFO: Button 2,0: (i)/R/S/P/R, 75x75, row=2, col=0, rowspan=1
[2025-03-21 18:27:22,999] INFO: Button 3,0: /ON/, 75x75, row=3, col=0, rowspan=1
[2025-03-21 18:27:23,000] INFO: Button 0,1: SR/B/ASR, 75x75, row=0, col=1, rowspan=1
[2025-03-21 18:27:23,001] INFO: Button 1,1: x><I/GTO/LBL, 75x75, row=1, col=1, rowspan=1
[2025-03-21 18:27:23,001] INFO: Button 2,1: I/SST/BST, 75x75, row=2, col=1, rowspan=1
[2025-03-21 18:27:23,002] INFO: Button 3,1: /f/, 75x75, row=3, col=1, rowspan=1
[2025-03-21 18:27:23,003] INFO: Button 0,2: RL/C/DSZ, 75x75, row=0, col=2, rowspan=1
[2025-03-21 18:27:23,003] INFO: Button 1,2: SHOW HEX/HEX/DSZ, 75x75, row=1, col=2, rowspan=1
[2025-03-21 18:27:23,006] INFO: Button 2,2: CLR PRGM/R↓/R↑, 75x75, row=2, col=2, rowspan=1
[2025-03-21 18:27:23,006] INFO: Button 3,2: /g/, 75x75, row=3, col=2, rowspan=1
[2025-03-21 18:27:23,007] INFO: Button 0,3: RR/D/RRC, 75x75, row=0, col=3, rowspan=1
[2025-03-21 18:27:23,008] INFO: Button 1,3: SHOW DEC/DEC/ISZ, 75x75, row=1, col=3, rowspan=1
[2025-03-21 18:27:23,008] INFO: Button 2,3: CLR REG/x><y/PSE, 75x75, row=2, col=3, rowspan=1
[2025-03-21 18:27:23,027] INFO: Button 3,3: WSIZE/STO/⯇, 75x75, row=3, col=3, rowspan=1
[2025-03-21 18:27:23,028] INFO: Button 0,4: RLn/E/RLCn, 75x75, row=0, col=4, rowspan=1
[2025-03-21 18:27:23,029] INFO: Button 1,4: SHOW OCT/OCT/√x, 75x75, row=1, col=4, rowspan=1
[2025-03-21 18:27:23,030] INFO: Button 2,4: CLR PRFX/BSP/CLX, 75x75, row=2, col=4, rowspan=1
[2025-03-21 18:27:23,031] INFO: Button 3,4: FLOAT/RCL/⯈, 75x75, row=3, col=4, rowspan=1
[2025-03-21 18:27:23,031] INFO: Button 0,5: RRn/F/RRCn, 75x75, row=0, col=5, rowspan=1
[2025-03-21 18:27:23,032] INFO: Button 1,5: SHOW BIN/BIN/1/x, 75x75, row=1, col=5, rowspan=1
[2025-03-21 18:27:23,033] INFO: Button 2,5: WINDOW/ENTER/LST X, 75x175, row=2, col=5, rowspan=2
[2025-03-21 18:27:23,034] INFO: Button 0,6: MASKL/7/#B, 75x75, row=0, col=6, rowspan=1
[2025-03-21 18:27:23,034] INFO: Button 1,6: SB/4/SF, 75x75, row=1, col=6, rowspan=1
[2025-03-21 18:27:23,035] INFO: Button 2,6: SC 1'S/1/X≤Y, 75x75, row=2, col=6, rowspan=1
[2025-03-21 18:27:23,036] INFO: Button 3,6: MEM/0/X≠Y, 75x75, row=3, col=6, rowspan=1
[2025-03-21 18:27:23,037] INFO: Button 0,7: MASKR/8/ABS, 75x75, row=0, col=7, rowspan=1
[2025-03-21 18:27:23,037] INFO: Button 1,7: CB/5/CF, 75x75, row=1, col=7, rowspan=1
[2025-03-21 18:27:23,038] INFO: Button 2,7: SC 2'S/2/X<0, 75x75, row=2, col=7, rowspan=1
[2025-03-21 18:27:23,039] INFO: Button 3,7: STATUS/./X≠0, 75x75, row=3, col=7, rowspan=1
[2025-03-21 18:27:23,040] INFO: Button 0,8: RMD/9/DBLR, 75x75, row=0, col=8, rowspan=1
[2025-03-21 18:27:23,040] INFO: Button 1,8: B?/6/F?, 75x75, row=1, col=8, rowspan=1
[2025-03-21 18:27:23,041] INFO: Button 2,8: SC UNSGN/3/X>Y, 75x75, row=2, col=8, rowspan=1
[2025-03-21 18:27:23,042] INFO: Button 3,8: EEx/CHS/X=Y, 75x75, row=3, col=8, rowspan=1
[2025-03-21 18:27:23,043] INFO: Button 0,9: XOR///DBL/, 75x75, row=0, col=9, rowspan=1
[2025-03-21 18:27:23,044] INFO: Button 1,9: AND/*/DBL*, 75x75, row=1, col=9, rowspan=1
[2025-03-21 18:27:23,044] INFO: Button 2,9: NOT/-/X>0, 75x75, row=2, col=9, rowspan=1
[2025-03-21 18:27:23,045] INFO: Button 3,9: OR/+/X=0, 75x75, row=3, col=9, rowspan=1
[2025-03-21 18:27:23,045] INFO: Total buttons created: 39
[2025-03-21 18:27:23,045] INFO: Grid configured: 10 cols, 4 rows, minsize=75
[2025-03-21 18:27:23,069] INFO: Initializing HP16CController with display and buttons
[2025-03-21 18:27:23,070] INFO: Initializing HP16CController
[2025-03-21 18:27:23,070] INFO: Binding buttons to controller actions
[2025-03-21 18:27:23,070] INFO: Binding actions to all buttons
[2025-03-21 18:27:23,072] INFO: Starting periodic stack updates
[2025-03-21 18:27:23,073] INFO: Setting entry: value=0, raw=False
[2025-03-21 18:27:23,073] INFO: Entry set: 0, value=0
[2025-03-21 18:27:23,283] INFO: Root window size: 1089x560+156+156
[2025-03-21 18:27:23,283] INFO: Entering Tkinter mainloop
[2025-03-21 18:27:24,651] INFO: Handling command: 
[2025-03-21 18:27:24,651] INFO: Handling normal command: 1
[2025-03-21 18:27:24,651] INFO: Entering digit: 1
[2025-03-21 18:27:24,652] INFO: Clearing entry
[2025-03-21 18:27:24,652] INFO: Appending character: 1
[2025-03-21 18:27:24,652] INFO: Setting entry: value=1, raw=False
[2025-03-21 18:27:24,652] INFO: Entry set: 1, value=1
[2025-03-21 18:27:25,460] INFO: Handling command: 
[2025-03-21 18:27:25,461] INFO: Handling normal command: ENTER
[2025-03-21 18:27:25,461] INFO: Entering value
[2025-03-21 18:27:25,461] INFO: Pushed value: 1, X=1, stack=[0, 0, 0]
[2025-03-21 18:27:25,461] INFO: Clearing entry
[2025-03-21 18:27:26,233] INFO: Handling command: 
[2025-03-21 18:27:26,234] INFO: Handling normal command: 2
[2025-03-21 18:27:26,234] INFO: Entering digit: 2
[2025-03-21 18:27:26,234] INFO: Appending character: 2
[2025-03-21 18:27:26,234] INFO: Setting entry: value=2, raw=False
[2025-03-21 18:27:26,234] INFO: Entry set: 2, value=2
[2025-03-21 18:27:27,035] INFO: Handling command: 
[2025-03-21 18:27:27,036] INFO: Handling normal command: ENTER
[2025-03-21 18:27:27,036] INFO: Entering value
[2025-03-21 18:27:27,036] INFO: Pushed value: 2, X=2, stack=[0, 0, 1]
[2025-03-21 18:27:27,036] INFO: Clearing entry
[2025-03-21 18:27:27,830] INFO: Handling command: 
[2025-03-21 18:27:27,830] INFO: Handling normal command: 3
[2025-03-21 18:27:27,831] INFO: Entering digit: 3
[2025-03-21 18:27:27,831] INFO: Appending character: 3
[2025-03-21 18:27:27,831] INFO: Setting entry: value=3, raw=False
[2025-03-21 18:27:27,831] INFO: Entry set: 3, value=3
[2025-03-21 18:27:28,618] INFO: Handling command: 
[2025-03-21 18:27:28,619] INFO: Handling normal command: ENTER
[2025-03-21 18:27:28,619] INFO: Entering value
[2025-03-21 18:27:28,619] INFO: Pushed value: 3, X=3, stack=[0, 1, 2]
[2025-03-21 18:27:28,619] INFO: Clearing entry
[2025-03-21 18:27:29,248] INFO: Handling command: 
[2025-03-21 18:27:29,248] INFO: Handling normal command: 4
[2025-03-21 18:27:29,249] INFO: Entering digit: 4
[2025-03-21 18:27:29,249] INFO: Appending character: 4
[2025-03-21 18:27:29,249] INFO: Setting entry: value=4, raw=False
[2025-03-21 18:27:29,249] INFO: Entry set: 4, value=4
[2025-03-21 18:27:30,532] INFO: Handling command: 
[2025-03-21 18:27:30,532] INFO: Handling normal command: R↓
[2025-03-21 18:27:30,532] INFO: Entering operator: R↓
