[2025-03-21 18:08:46,207] INFO: Stack initialized: [0, 0, 0], X=0, word_size=16, complement_mode=UNSIGNED
[2025-03-21 18:08:46,232] INFO: Script started: main.pyw
[2025-03-21 18:08:46,232] INFO: Entering function: main
[2025-03-21 18:08:46,232] INFO: Creating Tk root window
[2025-03-21 18:08:46,291] INFO: Setting window title: HP 16C Emulator
[2025-03-21 18:08:46,291] INFO: Configuring root background color: #1e1818
[2025-03-21 18:08:46,292] INFO: Setting root resizable: False, False
[2025-03-21 18:08:46,292] INFO: Entering function: load_config
[2025-03-21 18:08:46,292] INFO: Config loaded and updated: {'display_width': 575, 'display_height': 80, 'margin': 20, 'bg_color': '#1e1818', 'display_font_family': 'Courier', 'display_font_size': 18, 'display_x': 125, 'display_y': 20}
[2025-03-21 18:08:46,292] INFO: Exiting function: load_config
[2025-03-21 18:08:46,292] INFO: Custom font created: family=Courier, size=18
[2025-03-21 18:08:46,292] INFO: Setting up UI: display at x=125, y=20, width=575, height=80, grid=4x10, total=1089x560
[2025-03-21 18:08:46,293] INFO: Initializing Display: x=125, y=20, width=575, height=80
[2025-03-21 18:08:46,296] INFO: Stack info updated: 00-16-0000
[2025-03-21 18:08:46,296] INFO: Display initialized: mode=DEC, entry=0
[2025-03-21 18:08:46,296] INFO: Setting mode: DEC
[2025-03-21 18:08:46,296] INFO: Setting entry: value=0, raw=False
[2025-03-21 18:08:46,296] INFO: Entry set: 0, value=0
[2025-03-21 18:08:46,297] INFO: Creating buttons from BUTTONS_CONFIG
[2025-03-21 18:08:46,298] INFO: Button 0,0: SL/A/LJ, 75x75, row=0, col=0, rowspan=1
[2025-03-21 18:08:46,299] INFO: Button 1,0: x><(i)/GSB/RTN, 75x75, row=1, col=0, rowspan=1
[2025-03-21 18:08:46,300] INFO: Button 2,0: (i)/R/S/P/R, 75x75, row=2, col=0, rowspan=1
[2025-03-21 18:08:46,300] INFO: Button 3,0: /ON/, 75x75, row=3, col=0, rowspan=1
[2025-03-21 18:08:46,301] INFO: Button 0,1: SR/B/ASR, 75x75, row=0, col=1, rowspan=1
[2025-03-21 18:08:46,302] INFO: Button 1,1: x><I/GTO/LBL, 75x75, row=1, col=1, rowspan=1
[2025-03-21 18:08:46,302] INFO: Button 2,1: I/SST/BST, 75x75, row=2, col=1, rowspan=1
[2025-03-21 18:08:46,303] INFO: Button 3,1: /f/, 75x75, row=3, col=1, rowspan=1
[2025-03-21 18:08:46,304] INFO: Button 0,2: RL/C/DSZ, 75x75, row=0, col=2, rowspan=1
[2025-03-21 18:08:46,304] INFO: Button 1,2: SHOW HEX/HEX/DSZ, 75x75, row=1, col=2, rowspan=1
[2025-03-21 18:08:46,307] INFO: Button 2,2: CLR PRGM/R↓/R↑, 75x75, row=2, col=2, rowspan=1
[2025-03-21 18:08:46,307] INFO: Button 3,2: /g/, 75x75, row=3, col=2, rowspan=1
[2025-03-21 18:08:46,308] INFO: Button 0,3: RR/D/RRC, 75x75, row=0, col=3, rowspan=1
[2025-03-21 18:08:46,309] INFO: Button 1,3: SHOW DEC/DEC/ISZ, 75x75, row=1, col=3, rowspan=1
[2025-03-21 18:08:46,310] INFO: Button 2,3: CLR REG/x><y/PSE, 75x75, row=2, col=3, rowspan=1
[2025-03-21 18:08:46,328] INFO: Button 3,3: WSIZE/STO/⯇, 75x75, row=3, col=3, rowspan=1
[2025-03-21 18:08:46,329] INFO: Button 0,4: RLn/E/RLCn, 75x75, row=0, col=4, rowspan=1
[2025-03-21 18:08:46,330] INFO: Button 1,4: SHOW OCT/OCT/√x, 75x75, row=1, col=4, rowspan=1
[2025-03-21 18:08:46,330] INFO: Button 2,4: CLR PRFX/BSP/CLX, 75x75, row=2, col=4, rowspan=1
[2025-03-21 18:08:46,331] INFO: Button 3,4: FLOAT/RCL/⯈, 75x75, row=3, col=4, rowspan=1
[2025-03-21 18:08:46,332] INFO: Button 0,5: RRn/F/RRCn, 75x75, row=0, col=5, rowspan=1
[2025-03-21 18:08:46,333] INFO: Button 1,5: SHOW BIN/BIN/1/x, 75x75, row=1, col=5, rowspan=1
[2025-03-21 18:08:46,334] INFO: Button 2,5: WINDOW/ENTER/LST X, 75x175, row=2, col=5, rowspan=2
[2025-03-21 18:08:46,335] INFO: Button 0,6: MASKL/7/#B, 75x75, row=0, col=6, rowspan=1
[2025-03-21 18:08:46,335] INFO: Button 1,6: SB/4/SF, 75x75, row=1, col=6, rowspan=1
[2025-03-21 18:08:46,336] INFO: Button 2,6: SC 1'S/1/X≤Y, 75x75, row=2, col=6, rowspan=1
[2025-03-21 18:08:46,337] INFO: Button 3,6: MEM/0/X≠Y, 75x75, row=3, col=6, rowspan=1
[2025-03-21 18:08:46,338] INFO: Button 0,7: MASKR/8/ABS, 75x75, row=0, col=7, rowspan=1
[2025-03-21 18:08:46,338] INFO: Button 1,7: CB/5/CF, 75x75, row=1, col=7, rowspan=1
[2025-03-21 18:08:46,339] INFO: Button 2,7: SC 2'S/2/X<0, 75x75, row=2, col=7, rowspan=1
[2025-03-21 18:08:46,340] INFO: Button 3,7: STATUS/./X≠0, 75x75, row=3, col=7, rowspan=1
[2025-03-21 18:08:46,341] INFO: Button 0,8: RMD/9/DBLR, 75x75, row=0, col=8, rowspan=1
[2025-03-21 18:08:46,341] INFO: Button 1,8: B?/6/F?, 75x75, row=1, col=8, rowspan=1
[2025-03-21 18:08:46,342] INFO: Button 2,8: SC UNSGN/3/X>Y, 75x75, row=2, col=8, rowspan=1
[2025-03-21 18:08:46,343] INFO: Button 3,8: EEx/CHS/X=Y, 75x75, row=3, col=8, rowspan=1
[2025-03-21 18:08:46,344] INFO: Button 0,9: XOR///DBL/, 75x75, row=0, col=9, rowspan=1
[2025-03-21 18:08:46,344] INFO: Button 1,9: AND/*/DBL*, 75x75, row=1, col=9, rowspan=1
[2025-03-21 18:08:46,345] INFO: Button 2,9: NOT/-/X>0, 75x75, row=2, col=9, rowspan=1
[2025-03-21 18:08:46,346] INFO: Button 3,9: OR/+/X=0, 75x75, row=3, col=9, rowspan=1
[2025-03-21 18:08:46,346] INFO: Total buttons created: 39
[2025-03-21 18:08:46,346] INFO: Grid configured: 10 cols, 4 rows, minsize=75
[2025-03-21 18:08:46,370] INFO: Initializing HP16CController with display and buttons
[2025-03-21 18:08:46,370] INFO: Initializing HP16CController
[2025-03-21 18:08:46,370] INFO: Binding buttons to controller actions
[2025-03-21 18:08:46,370] INFO: Binding actions to all buttons
[2025-03-21 18:08:46,372] INFO: Starting periodic stack updates
[2025-03-21 18:08:46,373] INFO: Setting entry: value=0, raw=False
[2025-03-21 18:08:46,373] INFO: Entry set: 0, value=0
[2025-03-21 18:08:46,586] INFO: Root window size: 1089x560+52+52
[2025-03-21 18:08:46,586] INFO: Entering Tkinter mainloop
[2025-03-21 18:08:47,416] INFO: Handling command: 
[2025-03-21 18:08:47,416] INFO: Handling normal command: 1
[2025-03-21 18:08:47,417] INFO: Entering digit: 1
[2025-03-21 18:08:47,417] INFO: Appending character: 1
[2025-03-21 18:08:47,417] INFO: Setting entry: value=1, raw=False
[2025-03-21 18:08:47,417] INFO: Entry set: 1, value=1
[2025-03-21 18:08:48,113] INFO: Handling command: 
[2025-03-21 18:08:48,113] INFO: Handling normal command: ENTER
[2025-03-21 18:08:48,113] INFO: Entering value
[2025-03-21 18:08:48,113] INFO: Pushed value: 1, X=1, stack=[0, 0, 0]
[2025-03-21 18:08:48,113] INFO: Clearing entry
[2025-03-21 18:08:48,743] INFO: Handling command: 
[2025-03-21 18:08:48,743] INFO: Handling normal command: 2
[2025-03-21 18:08:48,743] INFO: Entering digit: 2
[2025-03-21 18:08:48,743] INFO: Clearing entry
[2025-03-21 18:08:48,743] INFO: Appending character: 2
[2025-03-21 18:08:48,743] INFO: Setting entry: value=2, raw=False
[2025-03-21 18:08:48,743] INFO: Entry set: 2, value=2
[2025-03-21 18:08:49,411] INFO: Handling command: 
[2025-03-21 18:08:49,411] INFO: Handling normal command: ENTER
[2025-03-21 18:08:49,411] INFO: Entering value
[2025-03-21 18:08:49,411] INFO: Pushed value: 2, X=2, stack=[0, 0, 1]
[2025-03-21 18:08:49,411] INFO: Clearing entry
[2025-03-21 18:08:50,228] INFO: Handling command: 
[2025-03-21 18:08:50,228] INFO: Handling normal command: 3
[2025-03-21 18:08:50,228] INFO: Entering digit: 3
[2025-03-21 18:08:50,228] INFO: Clearing entry
[2025-03-21 18:08:50,228] INFO: Appending character: 3
[2025-03-21 18:08:50,228] INFO: Setting entry: value=3, raw=False
[2025-03-21 18:08:50,228] INFO: Entry set: 3, value=3
[2025-03-21 18:08:51,001] INFO: Handling command: 
[2025-03-21 18:08:51,001] INFO: Handling normal command: ENTER
[2025-03-21 18:08:51,001] INFO: Entering value
[2025-03-21 18:08:51,001] INFO: Pushed value: 3, X=3, stack=[0, 1, 2]
[2025-03-21 18:08:51,001] INFO: Clearing entry
[2025-03-21 18:08:51,653] INFO: Handling command: 
[2025-03-21 18:08:51,653] INFO: Handling normal command: 4
[2025-03-21 18:08:51,653] INFO: Entering digit: 4
[2025-03-21 18:08:51,653] INFO: Clearing entry
[2025-03-21 18:08:51,653] INFO: Appending character: 4
[2025-03-21 18:08:51,653] INFO: Setting entry: value=4, raw=False
[2025-03-21 18:08:51,653] INFO: Entry set: 4, value=4
[2025-03-21 18:08:52,778] INFO: Handling command: 
[2025-03-21 18:08:52,778] INFO: Handling normal command: R↓
[2025-03-21 18:08:52,778] INFO: Entering operator: R↓
[2025-03-21 18:08:52,778] INFO: Pushed value: 4, X=4, stack=[1, 2, 3]
[2025-03-21 18:08:52,778] INFO: Clearing entry
[2025-03-21 18:08:52,779] INFO: Stack rolled down: X=3, stack=[4, 1, 2]
[2025-03-21 18:08:52,779] INFO: Formatted 3 in DEC as 3
[2025-03-21 18:08:52,779] INFO: Setting entry: value=3, raw=False
[2025-03-21 18:08:52,779] INFO: Entry set: 3, value=3
[2025-03-21 18:08:52,779] INFO: Performed R↓: stack rotated down
[2025-03-21 18:08:53,408] INFO: Handling command: 
[2025-03-21 18:08:53,408] INFO: Handling normal command: R↓
[2025-03-21 18:08:53,408] INFO: Entering operator: R↓
[2025-03-21 18:08:53,408] INFO: Pushed value: 3, X=3, stack=[1, 2, 3]
[2025-03-21 18:08:53,408] INFO: Clearing entry
[2025-03-21 18:08:53,408] INFO: Stack rolled down: X=3, stack=[3, 1, 2]
[2025-03-21 18:08:53,408] INFO: Formatted 3 in DEC as 3
[2025-03-21 18:08:53,408] INFO: Setting entry: value=3, raw=False
[2025-03-21 18:08:53,408] INFO: Entry set: 3, value=3
[2025-03-21 18:08:53,408] INFO: Performed R↓: stack rotated down
[2025-03-21 18:08:59,499] INFO: Handling command: 
[2025-03-21 18:08:59,499] INFO: Handling normal command: R↓
[2025-03-21 18:08:59,499] INFO: Entering operator: R↓
[2025-03-21 18:08:59,499] INFO: Pushed value: 3, X=3, stack=[1, 2, 3]
[2025-03-21 18:08:59,499] INFO: Clearing entry
[2025-03-21 18:08:59,499] INFO: Stack rolled down: X=3, stack=[3, 1, 2]
[2025-03-21 18:08:59,499] INFO: Formatted 3 in DEC as 3
[2025-03-21 18:08:59,499] INFO: Setting entry: value=3, raw=False
[2025-03-21 18:08:59,499] INFO: Entry set: 3, value=3
[2025-03-21 18:08:59,499] INFO: Performed R↓: stack rotated down
[2025-03-21 18:09:01,028] INFO: Handling command: 
[2025-03-21 18:09:01,029] INFO: Handling normal command: R↓
[2025-03-21 18:09:01,029] INFO: Entering operator: R↓
[2025-03-21 18:09:01,029] INFO: Pushed value: 3, X=3, stack=[1, 2, 3]
[2025-03-21 18:09:01,029] INFO: Clearing entry
[2025-03-21 18:09:01,029] INFO: Stack rolled down: X=3, stack=[3, 1, 2]
[2025-03-21 18:09:01,029] INFO: Formatted 3 in DEC as 3
[2025-03-21 18:09:01,029] INFO: Setting entry: value=3, raw=False
[2025-03-21 18:09:01,029] INFO: Entry set: 3, value=3
[2025-03-21 18:09:01,029] INFO: Performed R↓: stack rotated down
[2025-03-21 18:09:02,648] INFO: Handling command: yellow_f_function
[2025-03-21 18:09:02,649] INFO: Toggling mode: f, f_active=False, g_active=False
[2025-03-21 18:09:02,681] INFO: Mode set: f
[2025-03-21 18:09:03,563] INFO: f-mode action: STATUS
[2025-03-21 18:09:03,564] INFO: Toggling stack display: show=True, mode=DEC
[2025-03-21 18:09:03,564] INFO: Stack displayed: ['3', '3', '1', '2']
[2025-03-21 18:09:03,564] INFO: Toggling mode: f, f_active=True, g_active=False
[2025-03-21 18:09:03,572] INFO: Mode reset to normal
