[2025-03-21 18:33:41,811] INFO: Stack initialized: [0, 0, 0], X=0, word_size=16, complement_mode=UNSIGNED
[2025-03-21 18:33:41,818] INFO: Script started: main.pyw
[2025-03-21 18:33:41,819] INFO: Entering function: main
[2025-03-21 18:33:41,819] INFO: Creating Tk root window
[2025-03-21 18:33:41,881] INFO: Setting window title: HP 16C Emulator
[2025-03-21 18:33:41,881] INFO: Configuring root background color: #1e1818
[2025-03-21 18:33:41,882] INFO: Setting root resizable: False, False
[2025-03-21 18:33:41,882] INFO: Entering function: load_config
[2025-03-21 18:33:41,882] INFO: Config loaded and updated: {'display_width': 575, 'display_height': 80, 'margin': 20, 'bg_color': '#1e1818', 'display_font_family': 'Courier', 'display_font_size': 18, 'display_x': 125, 'display_y': 20}
[2025-03-21 18:33:41,882] INFO: Exiting function: load_config
[2025-03-21 18:33:41,882] INFO: Custom font created: family=Courier, size=18
[2025-03-21 18:33:41,882] INFO: Setting up UI: display at x=125, y=20, width=575, height=80, grid=4x10, total=1089x560
[2025-03-21 18:33:41,883] INFO: Initializing Display: x=125, y=20, width=575, height=80
[2025-03-21 18:33:41,886] INFO: Stack info updated: 00-16-0000
[2025-03-21 18:33:41,886] INFO: Display initialized: mode=DEC, entry=0
[2025-03-21 18:33:41,886] INFO: Setting mode: DEC
[2025-03-21 18:33:41,886] INFO: Setting entry: value=0, raw=False
[2025-03-21 18:33:41,886] INFO: Entry set: 0, value=0
[2025-03-21 18:33:41,887] INFO: Creating buttons from BUTTONS_CONFIG
[2025-03-21 18:33:41,888] INFO: Button 0,0: SL/A/LJ, 75x75, row=0, col=0, rowspan=1
[2025-03-21 18:33:41,889] INFO: Button 1,0: x><(i)/GSB/RTN, 75x75, row=1, col=0, rowspan=1
[2025-03-21 18:33:41,889] INFO: Button 2,0: (i)/R/S/P/R, 75x75, row=2, col=0, rowspan=1
[2025-03-21 18:33:41,890] INFO: Button 3,0: /ON/, 75x75, row=3, col=0, rowspan=1
[2025-03-21 18:33:41,891] INFO: Button 0,1: SR/B/ASR, 75x75, row=0, col=1, rowspan=1
[2025-03-21 18:33:41,892] INFO: Button 1,1: x><I/GTO/LBL, 75x75, row=1, col=1, rowspan=1
[2025-03-21 18:33:41,892] INFO: Button 2,1: I/SST/BST, 75x75, row=2, col=1, rowspan=1
[2025-03-21 18:33:41,893] INFO: Button 3,1: /f/, 75x75, row=3, col=1, rowspan=1
[2025-03-21 18:33:41,893] INFO: Button 0,2: RL/C/DSZ, 75x75, row=0, col=2, rowspan=1
[2025-03-21 18:33:41,894] INFO: Button 1,2: SHOW HEX/HEX/DSZ, 75x75, row=1, col=2, rowspan=1
[2025-03-21 18:33:41,896] INFO: Button 2,2: CLR PRGM/R↓/R↑, 75x75, row=2, col=2, rowspan=1
[2025-03-21 18:33:41,897] INFO: Button 3,2: /g/, 75x75, row=3, col=2, rowspan=1
[2025-03-21 18:33:41,898] INFO: Button 0,3: RR/D/RRC, 75x75, row=0, col=3, rowspan=1
[2025-03-21 18:33:41,898] INFO: Button 1,3: SHOW DEC/DEC/ISZ, 75x75, row=1, col=3, rowspan=1
[2025-03-21 18:33:41,899] INFO: Button 2,3: CLR REG/x><y/PSE, 75x75, row=2, col=3, rowspan=1
[2025-03-21 18:33:42,008] INFO: Button 3,3: WSIZE/STO/⯇, 75x75, row=3, col=3, rowspan=1
[2025-03-21 18:33:42,009] INFO: Button 0,4: RLn/E/RLCn, 75x75, row=0, col=4, rowspan=1
[2025-03-21 18:33:42,010] INFO: Button 1,4: SHOW OCT/OCT/√x, 75x75, row=1, col=4, rowspan=1
[2025-03-21 18:33:42,010] INFO: Button 2,4: CLR PRFX/BSP/CLX, 75x75, row=2, col=4, rowspan=1
[2025-03-21 18:33:42,011] INFO: Button 3,4: FLOAT/RCL/⯈, 75x75, row=3, col=4, rowspan=1
[2025-03-21 18:33:42,012] INFO: Button 0,5: RRn/F/RRCn, 75x75, row=0, col=5, rowspan=1
[2025-03-21 18:33:42,013] INFO: Button 1,5: SHOW BIN/BIN/1/x, 75x75, row=1, col=5, rowspan=1
[2025-03-21 18:33:42,014] INFO: Button 2,5: WINDOW/ENTER/LST X, 75x175, row=2, col=5, rowspan=2
[2025-03-21 18:33:42,014] INFO: Button 0,6: MASKL/7/#B, 75x75, row=0, col=6, rowspan=1
[2025-03-21 18:33:42,015] INFO: Button 1,6: SB/4/SF, 75x75, row=1, col=6, rowspan=1
[2025-03-21 18:33:42,016] INFO: Button 2,6: SC 1'S/1/X≤Y, 75x75, row=2, col=6, rowspan=1
[2025-03-21 18:33:42,017] INFO: Button 3,6: MEM/0/X≠Y, 75x75, row=3, col=6, rowspan=1
[2025-03-21 18:33:42,018] INFO: Button 0,7: MASKR/8/ABS, 75x75, row=0, col=7, rowspan=1
[2025-03-21 18:33:42,018] INFO: Button 1,7: CB/5/CF, 75x75, row=1, col=7, rowspan=1
[2025-03-21 18:33:42,019] INFO: Button 2,7: SC 2'S/2/X<0, 75x75, row=2, col=7, rowspan=1
[2025-03-21 18:33:42,020] INFO: Button 3,7: STATUS/./X≠0, 75x75, row=3, col=7, rowspan=1
[2025-03-21 18:33:42,021] INFO: Button 0,8: RMD/9/DBLR, 75x75, row=0, col=8, rowspan=1
[2025-03-21 18:33:42,022] INFO: Button 1,8: B?/6/F?, 75x75, row=1, col=8, rowspan=1
[2025-03-21 18:33:42,022] INFO: Button 2,8: SC UNSGN/3/X>Y, 75x75, row=2, col=8, rowspan=1
[2025-03-21 18:33:42,023] INFO: Button 3,8: EEx/CHS/X=Y, 75x75, row=3, col=8, rowspan=1
[2025-03-21 18:33:42,024] INFO: Button 0,9: XOR///DBL/, 75x75, row=0, col=9, rowspan=1
[2025-03-21 18:33:42,025] INFO: Button 1,9: AND/*/DBL*, 75x75, row=1, col=9, rowspan=1
[2025-03-21 18:33:42,025] INFO: Button 2,9: NOT/-/X>0, 75x75, row=2, col=9, rowspan=1
[2025-03-21 18:33:42,026] INFO: Button 3,9: OR/+/X=0, 75x75, row=3, col=9, rowspan=1
[2025-03-21 18:33:42,026] INFO: Total buttons created: 39
[2025-03-21 18:33:42,026] INFO: Grid configured: 10 cols, 4 rows, minsize=75
[2025-03-21 18:33:42,049] INFO: Initializing HP16CController with display and buttons
[2025-03-21 18:33:42,049] INFO: Initializing HP16CController
[2025-03-21 18:33:42,049] INFO: Binding buttons to controller actions
[2025-03-21 18:33:42,049] INFO: Binding actions to all buttons
[2025-03-21 18:33:42,051] INFO: Starting periodic stack updates
[2025-03-21 18:33:42,052] INFO: Setting entry: value=0, raw=False
[2025-03-21 18:33:42,052] INFO: Entry set: 0, value=0
[2025-03-21 18:33:42,284] INFO: Root window size: 1089x560+156+156
[2025-03-21 18:33:42,284] INFO: Entering Tkinter mainloop
[2025-03-21 18:33:46,238] INFO: Handling command: 
[2025-03-21 18:33:46,238] INFO: Handling normal command: 1
[2025-03-21 18:33:46,238] INFO: Entering digit: 1
[2025-03-21 18:33:46,238] INFO: Clearing entry
[2025-03-21 18:33:46,238] INFO: Appending character: 1
[2025-03-21 18:33:46,238] INFO: Setting entry: value=1, raw=False
[2025-03-21 18:33:46,238] INFO: Entry set: 1, value=1
[2025-03-21 18:33:46,942] INFO: Handling command: 
[2025-03-21 18:33:46,942] INFO: Handling normal command: ENTER
[2025-03-21 18:33:46,942] INFO: Entering value
[2025-03-21 18:33:46,943] INFO: Pushed value: 1, X=1, stack=[0, 0, 0]
[2025-03-21 18:33:46,943] INFO: Clearing entry
[2025-03-21 18:33:47,565] INFO: Handling command: 
[2025-03-21 18:33:47,565] INFO: Handling normal command: 2
[2025-03-21 18:33:47,565] INFO: Entering digit: 2
[2025-03-21 18:33:47,565] INFO: Appending character: 2
[2025-03-21 18:33:47,565] INFO: Setting entry: value=2, raw=False
[2025-03-21 18:33:47,566] INFO: Entry set: 2, value=2
[2025-03-21 18:33:48,187] INFO: Handling command: 
[2025-03-21 18:33:48,187] INFO: Handling normal command: ENTER
[2025-03-21 18:33:48,187] INFO: Entering value
[2025-03-21 18:33:48,187] INFO: Pushed value: 2, X=2, stack=[0, 0, 1]
[2025-03-21 18:33:48,187] INFO: Clearing entry
[2025-03-21 18:33:48,832] INFO: Handling command: 
[2025-03-21 18:33:48,832] INFO: Handling normal command: 3
[2025-03-21 18:33:48,832] INFO: Entering digit: 3
[2025-03-21 18:33:48,832] INFO: Appending character: 3
[2025-03-21 18:33:48,832] INFO: Setting entry: value=3, raw=False
[2025-03-21 18:33:48,833] INFO: Entry set: 3, value=3
[2025-03-21 18:33:49,620] INFO: Handling command: 
[2025-03-21 18:33:49,620] INFO: Handling normal command: ENTER
[2025-03-21 18:33:49,620] INFO: Entering value
[2025-03-21 18:33:49,620] INFO: Pushed value: 3, X=3, stack=[0, 1, 2]
[2025-03-21 18:33:49,620] INFO: Clearing entry
[2025-03-21 18:33:50,182] INFO: Handling command: 
[2025-03-21 18:33:50,182] INFO: Handling normal command: 4
[2025-03-21 18:33:50,182] INFO: Entering digit: 4
[2025-03-21 18:33:50,182] INFO: Appending character: 4
[2025-03-21 18:33:50,182] INFO: Setting entry: value=4, raw=False
[2025-03-21 18:33:50,182] INFO: Entry set: 4, value=4
[2025-03-21 18:33:51,540] INFO: Handling command: 
[2025-03-21 18:33:51,540] INFO: Handling normal command: R↓
[2025-03-21 18:33:51,540] INFO: Entering operator: R↓
[2025-03-21 18:33:51,541] INFO: Pushed value: 4, X=4, stack=[1, 2, 3]
[2025-03-21 18:33:51,541] INFO: Clearing entry
[2025-03-21 18:33:51,541] INFO: Stack rolled down: X=3, stack=[4, 1, 2]
[2025-03-21 18:33:51,541] INFO: Formatted 3 in DEC as 3
[2025-03-21 18:33:51,541] INFO: Setting entry: value=3, raw=False
[2025-03-21 18:33:51,541] INFO: Entry set: 3, value=3
[2025-03-21 18:33:51,541] INFO: Performed R↓: stack rotated down
[2025-03-21 18:33:51,847] INFO: Handling command: 
[2025-03-21 18:33:51,847] INFO: Handling normal command: R↓
[2025-03-21 18:33:51,847] INFO: Entering operator: R↓
[2025-03-21 18:33:51,847] INFO: Stack rolled down: X=2, stack=[3, 4, 1]
[2025-03-21 18:33:51,847] INFO: Formatted 2 in DEC as 2
[2025-03-21 18:33:51,847] INFO: Setting entry: value=2, raw=False
[2025-03-21 18:33:51,848] INFO: Entry set: 2, value=2
[2025-03-21 18:33:51,848] INFO: Performed R↓: stack rotated down
[2025-03-21 18:33:52,275] INFO: Handling command: 
[2025-03-21 18:33:52,275] INFO: Handling normal command: R↓
[2025-03-21 18:33:52,275] INFO: Entering operator: R↓
[2025-03-21 18:33:52,275] INFO: Stack rolled down: X=1, stack=[2, 3, 4]
[2025-03-21 18:33:52,275] INFO: Formatted 1 in DEC as 1
[2025-03-21 18:33:52,275] INFO: Setting entry: value=1, raw=False
[2025-03-21 18:33:52,276] INFO: Entry set: 1, value=1
[2025-03-21 18:33:52,276] INFO: Performed R↓: stack rotated down
[2025-03-21 18:33:53,085] INFO: Handling command: 
[2025-03-21 18:33:53,085] INFO: Handling normal command: 1
[2025-03-21 18:33:53,085] INFO: Entering digit: 1
[2025-03-21 18:33:53,085] INFO: Appending character: 1
[2025-03-21 18:33:53,085] INFO: Setting entry: value=1, raw=False
[2025-03-21 18:33:53,085] INFO: Entry set: 1, value=1
[2025-03-21 18:33:53,880] INFO: Handling command: 
[2025-03-21 18:33:53,880] INFO: Handling normal command: R↓
[2025-03-21 18:33:53,880] INFO: Entering operator: R↓
[2025-03-21 18:33:53,880] INFO: Pushed value: 1, X=1, stack=[3, 4, 1]
[2025-03-21 18:33:53,880] INFO: Clearing entry
[2025-03-21 18:33:53,880] INFO: Stack rolled down: X=1, stack=[1, 3, 4]
[2025-03-21 18:33:53,880] INFO: Formatted 1 in DEC as 1
[2025-03-21 18:33:53,880] INFO: Setting entry: value=1, raw=False
[2025-03-21 18:33:53,881] INFO: Entry set: 1, value=1
[2025-03-21 18:33:53,881] INFO: Performed R↓: stack rotated down
[2025-03-21 18:33:54,300] INFO: Handling command: 
[2025-03-21 18:33:54,300] INFO: Handling normal command: R↓
[2025-03-21 18:33:54,300] INFO: Entering operator: R↓
[2025-03-21 18:33:54,300] INFO: Stack rolled down: X=4, stack=[1, 1, 3]
[2025-03-21 18:33:54,300] INFO: Formatted 4 in DEC as 4
[2025-03-21 18:33:54,300] INFO: Setting entry: value=4, raw=False
[2025-03-21 18:33:54,301] INFO: Entry set: 4, value=4
[2025-03-21 18:33:54,301] INFO: Performed R↓: stack rotated down
[2025-03-21 18:33:54,712] INFO: Handling command: 
[2025-03-21 18:33:54,712] INFO: Handling normal command: R↓
[2025-03-21 18:33:54,712] INFO: Entering operator: R↓
[2025-03-21 18:33:54,712] INFO: Stack rolled down: X=3, stack=[4, 1, 1]
[2025-03-21 18:33:54,712] INFO: Formatted 3 in DEC as 3
[2025-03-21 18:33:54,712] INFO: Setting entry: value=3, raw=False
[2025-03-21 18:33:54,713] INFO: Entry set: 3, value=3
[2025-03-21 18:33:54,713] INFO: Performed R↓: stack rotated down
[2025-03-21 18:33:55,275] INFO: Handling command: 
[2025-03-21 18:33:55,275] INFO: Handling normal command: R↓
[2025-03-21 18:33:55,275] INFO: Entering operator: R↓
[2025-03-21 18:33:55,275] INFO: Stack rolled down: X=1, stack=[3, 4, 1]
[2025-03-21 18:33:55,275] INFO: Formatted 1 in DEC as 1
[2025-03-21 18:33:55,275] INFO: Setting entry: value=1, raw=False
[2025-03-21 18:33:55,275] INFO: Entry set: 1, value=1
[2025-03-21 18:33:55,275] INFO: Performed R↓: stack rotated down
[2025-03-21 18:33:55,995] INFO: Handling command: 
[2025-03-21 18:33:55,995] INFO: Handling normal command: R↓
[2025-03-21 18:33:55,995] INFO: Entering operator: R↓
[2025-03-21 18:33:55,995] INFO: Stack rolled down: X=1, stack=[1, 3, 4]
[2025-03-21 18:33:55,995] INFO: Formatted 1 in DEC as 1
[2025-03-21 18:33:55,995] INFO: Setting entry: value=1, raw=False
[2025-03-21 18:33:55,995] INFO: Entry set: 1, value=1
[2025-03-21 18:33:55,995] INFO: Performed R↓: stack rotated down
[2025-03-21 18:33:56,633] INFO: Handling command: 
[2025-03-21 18:33:56,633] INFO: Handling normal command: R↓
[2025-03-21 18:33:56,633] INFO: Entering operator: R↓
[2025-03-21 18:33:56,633] INFO: Stack rolled down: X=4, stack=[1, 1, 3]
[2025-03-21 18:33:56,633] INFO: Formatted 4 in DEC as 4
[2025-03-21 18:33:56,633] INFO: Setting entry: value=4, raw=False
[2025-03-21 18:33:56,633] INFO: Entry set: 4, value=4
[2025-03-21 18:33:56,633] INFO: Performed R↓: stack rotated down
[2025-03-21 18:33:57,675] INFO: Handling command: 
[2025-03-21 18:33:57,675] INFO: Handling normal command: 4
[2025-03-21 18:33:57,675] INFO: Entering digit: 4
[2025-03-21 18:33:57,675] INFO: Appending character: 4
[2025-03-21 18:33:57,675] INFO: Setting entry: value=4, raw=False
[2025-03-21 18:33:57,675] INFO: Entry set: 4, value=4
[2025-03-21 18:33:58,500] INFO: Handling command: 
[2025-03-21 18:33:58,500] INFO: Handling normal command: R↓
[2025-03-21 18:33:58,500] INFO: Entering operator: R↓
[2025-03-21 18:33:58,500] INFO: Pushed value: 4, X=4, stack=[1, 3, 4]
[2025-03-21 18:33:58,500] INFO: Clearing entry
[2025-03-21 18:33:58,500] INFO: Stack rolled down: X=4, stack=[4, 1, 3]
[2025-03-21 18:33:58,500] INFO: Formatted 4 in DEC as 4
[2025-03-21 18:33:58,500] INFO: Setting entry: value=4, raw=False
[2025-03-21 18:33:58,500] INFO: Entry set: 4, value=4
[2025-03-21 18:33:58,500] INFO: Performed R↓: stack rotated down
[2025-03-21 18:33:59,025] INFO: Handling command: 
[2025-03-21 18:33:59,025] INFO: Handling normal command: R↓
[2025-03-21 18:33:59,025] INFO: Entering operator: R↓
[2025-03-21 18:33:59,025] INFO: Stack rolled down: X=3, stack=[4, 4, 1]
[2025-03-21 18:33:59,025] INFO: Formatted 3 in DEC as 3
[2025-03-21 18:33:59,025] INFO: Setting entry: value=3, raw=False
[2025-03-21 18:33:59,025] INFO: Entry set: 3, value=3
[2025-03-21 18:33:59,025] INFO: Performed R↓: stack rotated down
[2025-03-21 18:33:59,438] INFO: Handling command: 
[2025-03-21 18:33:59,438] INFO: Handling normal command: R↓
[2025-03-21 18:33:59,438] INFO: Entering operator: R↓
[2025-03-21 18:33:59,438] INFO: Stack rolled down: X=1, stack=[3, 4, 4]
[2025-03-21 18:33:59,438] INFO: Formatted 1 in DEC as 1
[2025-03-21 18:33:59,438] INFO: Setting entry: value=1, raw=False
[2025-03-21 18:33:59,439] INFO: Entry set: 1, value=1
[2025-03-21 18:33:59,439] INFO: Performed R↓: stack rotated down
[2025-03-21 18:34:00,960] INFO: Handling command: 
[2025-03-21 18:34:00,960] INFO: Handling normal command: R↓
[2025-03-21 18:34:00,960] INFO: Entering operator: R↓
[2025-03-21 18:34:00,960] INFO: Stack rolled down: X=4, stack=[1, 3, 4]
[2025-03-21 18:34:00,960] INFO: Formatted 4 in DEC as 4
[2025-03-21 18:34:00,960] INFO: Setting entry: value=4, raw=False
[2025-03-21 18:34:00,960] INFO: Entry set: 4, value=4
[2025-03-21 18:34:00,961] INFO: Performed R↓: stack rotated down
[2025-03-21 18:34:01,560] INFO: Handling command: 
[2025-03-21 18:34:01,560] INFO: Handling normal command: R↓
[2025-03-21 18:34:01,560] INFO: Entering operator: R↓
[2025-03-21 18:34:01,560] INFO: Stack rolled down: X=4, stack=[4, 1, 3]
[2025-03-21 18:34:01,560] INFO: Formatted 4 in DEC as 4
[2025-03-21 18:34:01,560] INFO: Setting entry: value=4, raw=False
[2025-03-21 18:34:01,560] INFO: Entry set: 4, value=4
[2025-03-21 18:34:01,560] INFO: Performed R↓: stack rotated down
[2025-03-21 18:34:01,808] INFO: Handling command: 
[2025-03-21 18:34:01,808] INFO: Handling normal command: R↓
[2025-03-21 18:34:01,808] INFO: Entering operator: R↓
[2025-03-21 18:34:01,808] INFO: Stack rolled down: X=3, stack=[4, 4, 1]
[2025-03-21 18:34:01,808] INFO: Formatted 3 in DEC as 3
[2025-03-21 18:34:01,808] INFO: Setting entry: value=3, raw=False
[2025-03-21 18:34:01,808] INFO: Entry set: 3, value=3
[2025-03-21 18:34:01,808] INFO: Performed R↓: stack rotated down
[2025-03-21 18:34:02,025] INFO: Handling command: 
[2025-03-21 18:34:02,025] INFO: Handling normal command: R↓
[2025-03-21 18:34:02,025] INFO: Entering operator: R↓
[2025-03-21 18:34:02,025] INFO: Stack rolled down: X=1, stack=[3, 4, 4]
[2025-03-21 18:34:02,025] INFO: Formatted 1 in DEC as 1
[2025-03-21 18:34:02,025] INFO: Setting entry: value=1, raw=False
[2025-03-21 18:34:02,025] INFO: Entry set: 1, value=1
[2025-03-21 18:34:02,025] INFO: Performed R↓: stack rotated down
[2025-03-21 18:34:02,692] INFO: Handling command: yellow_f_function
[2025-03-21 18:34:02,693] INFO: Toggling mode: f, f_active=False, g_active=False
[2025-03-21 18:34:02,727] INFO: Mode set: f
[2025-03-21 18:34:03,938] INFO: f-mode action: STATUS
[2025-03-21 18:34:03,938] INFO: Toggling stack display: show=True, mode=DEC
[2025-03-21 18:34:03,939] INFO: Stack displayed: ['1', '3', '4', '4']
[2025-03-21 18:34:03,939] INFO: Toggling mode: f, f_active=True, g_active=False
[2025-03-21 18:34:03,946] INFO: Mode reset to normal
[2025-03-21 18:34:06,283] INFO: Exiting function: main
[2025-03-21 18:34:06,283] INFO: Script ended: main.pyw
