[2025-03-21 18:17:30,698] INFO: Stack initialized: [0, 0, 0], X=0, word_size=16, complement_mode=UNSIGNED
[2025-03-21 18:17:30,706] INFO: Script started: main.pyw
[2025-03-21 18:17:30,706] INFO: Entering function: main
[2025-03-21 18:17:30,706] INFO: Creating Tk root window
[2025-03-21 18:17:30,766] INFO: Setting window title: HP 16C Emulator
[2025-03-21 18:17:30,766] INFO: Configuring root background color: #1e1818
[2025-03-21 18:17:30,766] INFO: Setting root resizable: False, False
[2025-03-21 18:17:30,766] INFO: Entering function: load_config
[2025-03-21 18:17:30,767] INFO: Config loaded and updated: {'display_width': 575, 'display_height': 80, 'margin': 20, 'bg_color': '#1e1818', 'display_font_family': 'Courier', 'display_font_size': 18, 'display_x': 125, 'display_y': 20}
[2025-03-21 18:17:30,767] INFO: Exiting function: load_config
[2025-03-21 18:17:30,767] INFO: Custom font created: family=Courier, size=18
[2025-03-21 18:17:30,767] INFO: Setting up UI: display at x=125, y=20, width=575, height=80, grid=4x10, total=1089x560
[2025-03-21 18:17:30,768] INFO: Initializing Display: x=125, y=20, width=575, height=80
[2025-03-21 18:17:30,771] INFO: Stack info updated: 00-16-0000
[2025-03-21 18:17:30,771] INFO: Display initialized: mode=DEC, entry=0
[2025-03-21 18:17:30,771] INFO: Setting mode: DEC
[2025-03-21 18:17:30,772] INFO: Setting entry: value=0, raw=False
[2025-03-21 18:17:30,772] INFO: Entry set: 0, value=0
[2025-03-21 18:17:30,772] INFO: Creating buttons from BUTTONS_CONFIG
[2025-03-21 18:17:30,774] INFO: Button 0,0: SL/A/LJ, 75x75, row=0, col=0, rowspan=1
[2025-03-21 18:17:30,774] INFO: Button 1,0: x><(i)/GSB/RTN, 75x75, row=1, col=0, rowspan=1
[2025-03-21 18:17:30,775] INFO: Button 2,0: (i)/R/S/P/R, 75x75, row=2, col=0, rowspan=1
[2025-03-21 18:17:30,775] INFO: Button 3,0: /ON/, 75x75, row=3, col=0, rowspan=1
[2025-03-21 18:17:30,776] INFO: Button 0,1: SR/B/ASR, 75x75, row=0, col=1, rowspan=1
[2025-03-21 18:17:30,777] INFO: Button 1,1: x><I/GTO/LBL, 75x75, row=1, col=1, rowspan=1
[2025-03-21 18:17:30,778] INFO: Button 2,1: I/SST/BST, 75x75, row=2, col=1, rowspan=1
[2025-03-21 18:17:30,778] INFO: Button 3,1: /f/, 75x75, row=3, col=1, rowspan=1
[2025-03-21 18:17:30,779] INFO: Button 0,2: RL/C/DSZ, 75x75, row=0, col=2, rowspan=1
[2025-03-21 18:17:30,780] INFO: Button 1,2: SHOW HEX/HEX/DSZ, 75x75, row=1, col=2, rowspan=1
[2025-03-21 18:17:30,782] INFO: Button 2,2: CLR PRGM/R↓/R↑, 75x75, row=2, col=2, rowspan=1
[2025-03-21 18:17:30,782] INFO: Button 3,2: /g/, 75x75, row=3, col=2, rowspan=1
[2025-03-21 18:17:30,783] INFO: Button 0,3: RR/D/RRC, 75x75, row=0, col=3, rowspan=1
[2025-03-21 18:17:30,784] INFO: Button 1,3: SHOW DEC/DEC/ISZ, 75x75, row=1, col=3, rowspan=1
[2025-03-21 18:17:30,785] INFO: Button 2,3: CLR REG/x><y/PSE, 75x75, row=2, col=3, rowspan=1
[2025-03-21 18:17:30,803] INFO: Button 3,3: WSIZE/STO/⯇, 75x75, row=3, col=3, rowspan=1
[2025-03-21 18:17:30,804] INFO: Button 0,4: RLn/E/RLCn, 75x75, row=0, col=4, rowspan=1
[2025-03-21 18:17:30,805] INFO: Button 1,4: SHOW OCT/OCT/√x, 75x75, row=1, col=4, rowspan=1
[2025-03-21 18:17:30,805] INFO: Button 2,4: CLR PRFX/BSP/CLX, 75x75, row=2, col=4, rowspan=1
[2025-03-21 18:17:30,806] INFO: Button 3,4: FLOAT/RCL/⯈, 75x75, row=3, col=4, rowspan=1
[2025-03-21 18:17:30,807] INFO: Button 0,5: RRn/F/RRCn, 75x75, row=0, col=5, rowspan=1
[2025-03-21 18:17:30,808] INFO: Button 1,5: SHOW BIN/BIN/1/x, 75x75, row=1, col=5, rowspan=1
[2025-03-21 18:17:30,808] INFO: Button 2,5: WINDOW/ENTER/LST X, 75x175, row=2, col=5, rowspan=2
[2025-03-21 18:17:30,809] INFO: Button 0,6: MASKL/7/#B, 75x75, row=0, col=6, rowspan=1
[2025-03-21 18:17:30,810] INFO: Button 1,6: SB/4/SF, 75x75, row=1, col=6, rowspan=1
[2025-03-21 18:17:30,811] INFO: Button 2,6: SC 1'S/1/X≤Y, 75x75, row=2, col=6, rowspan=1
[2025-03-21 18:17:30,812] INFO: Button 3,6: MEM/0/X≠Y, 75x75, row=3, col=6, rowspan=1
[2025-03-21 18:17:30,812] INFO: Button 0,7: MASKR/8/ABS, 75x75, row=0, col=7, rowspan=1
[2025-03-21 18:17:30,813] INFO: Button 1,7: CB/5/CF, 75x75, row=1, col=7, rowspan=1
[2025-03-21 18:17:30,814] INFO: Button 2,7: SC 2'S/2/X<0, 75x75, row=2, col=7, rowspan=1
[2025-03-21 18:17:30,815] INFO: Button 3,7: STATUS/./X≠0, 75x75, row=3, col=7, rowspan=1
[2025-03-21 18:17:30,815] INFO: Button 0,8: RMD/9/DBLR, 75x75, row=0, col=8, rowspan=1
[2025-03-21 18:17:30,816] INFO: Button 1,8: B?/6/F?, 75x75, row=1, col=8, rowspan=1
[2025-03-21 18:17:30,817] INFO: Button 2,8: SC UNSGN/3/X>Y, 75x75, row=2, col=8, rowspan=1
[2025-03-21 18:17:30,818] INFO: Button 3,8: EEx/CHS/X=Y, 75x75, row=3, col=8, rowspan=1
[2025-03-21 18:17:30,819] INFO: Button 0,9: XOR///DBL/, 75x75, row=0, col=9, rowspan=1
[2025-03-21 18:17:30,820] INFO: Button 1,9: AND/*/DBL*, 75x75, row=1, col=9, rowspan=1
[2025-03-21 18:17:30,820] INFO: Button 2,9: NOT/-/X>0, 75x75, row=2, col=9, rowspan=1
[2025-03-21 18:17:30,821] INFO: Button 3,9: OR/+/X=0, 75x75, row=3, col=9, rowspan=1
[2025-03-21 18:17:30,821] INFO: Total buttons created: 39
[2025-03-21 18:17:30,821] INFO: Grid configured: 10 cols, 4 rows, minsize=75
[2025-03-21 18:17:30,843] INFO: Initializing HP16CController with display and buttons
[2025-03-21 18:17:30,844] INFO: Initializing HP16CController
[2025-03-21 18:17:30,844] INFO: Binding buttons to controller actions
[2025-03-21 18:17:30,844] INFO: Binding actions to all buttons
[2025-03-21 18:17:30,845] INFO: Starting periodic stack updates
[2025-03-21 18:17:30,846] INFO: Setting entry: value=0, raw=False
[2025-03-21 18:17:30,846] INFO: Entry set: 0, value=0
[2025-03-21 18:17:31,049] INFO: Root window size: 1089x560+208+208
[2025-03-21 18:17:31,049] INFO: Entering Tkinter mainloop
[2025-03-21 18:17:31,756] INFO: Handling command: 
[2025-03-21 18:17:31,757] INFO: Handling normal command: 1
[2025-03-21 18:17:31,757] INFO: Entering digit: 1
[2025-03-21 18:17:31,757] INFO: Appending character: 1
[2025-03-21 18:17:31,757] INFO: Setting entry: value=1, raw=False
[2025-03-21 18:17:31,757] INFO: Entry set: 1, value=1
[2025-03-21 18:17:32,461] INFO: Handling command: 
[2025-03-21 18:17:32,461] INFO: Handling normal command: ENTER
[2025-03-21 18:17:32,461] INFO: Entering value
[2025-03-21 18:17:32,462] INFO: Pushed value: 1, X=1, stack=[0, 0, 0]
[2025-03-21 18:17:32,462] INFO: Clearing entry
[2025-03-21 18:17:33,039] INFO: Handling command: 
[2025-03-21 18:17:33,039] INFO: Handling normal command: 2
[2025-03-21 18:17:33,039] INFO: Entering digit: 2
[2025-03-21 18:17:33,039] INFO: Clearing entry
[2025-03-21 18:17:33,039] INFO: Appending character: 2
[2025-03-21 18:17:33,039] INFO: Setting entry: value=2, raw=False
[2025-03-21 18:17:33,040] INFO: Entry set: 2, value=2
[2025-03-21 18:17:33,541] INFO: Handling command: 
[2025-03-21 18:17:33,541] INFO: Handling normal command: ENTER
[2025-03-21 18:17:33,541] INFO: Entering value
[2025-03-21 18:17:33,541] INFO: Pushed value: 2, X=2, stack=[0, 0, 1]
[2025-03-21 18:17:33,541] INFO: Clearing entry
[2025-03-21 18:17:34,314] INFO: Handling command: 
[2025-03-21 18:17:34,314] INFO: Handling normal command: 3
[2025-03-21 18:17:34,314] INFO: Entering digit: 3
[2025-03-21 18:17:34,314] INFO: Clearing entry
[2025-03-21 18:17:34,314] INFO: Appending character: 3
[2025-03-21 18:17:34,314] INFO: Setting entry: value=3, raw=False
[2025-03-21 18:17:34,314] INFO: Entry set: 3, value=3
[2025-03-21 18:17:35,019] INFO: Handling command: 
[2025-03-21 18:17:35,019] INFO: Handling normal command: ENTER
[2025-03-21 18:17:35,019] INFO: Entering value
[2025-03-21 18:17:35,019] INFO: Pushed value: 3, X=3, stack=[0, 1, 2]
[2025-03-21 18:17:35,019] INFO: Clearing entry
[2025-03-21 18:17:35,701] INFO: Handling command: 
[2025-03-21 18:17:35,701] INFO: Handling normal command: 4
[2025-03-21 18:17:35,701] INFO: Entering digit: 4
[2025-03-21 18:17:35,701] INFO: Clearing entry
[2025-03-21 18:17:35,701] INFO: Appending character: 4
[2025-03-21 18:17:35,701] INFO: Setting entry: value=4, raw=False
[2025-03-21 18:17:35,701] INFO: Entry set: 4, value=4
[2025-03-21 18:17:37,644] INFO: Handling command: 
[2025-03-21 18:17:37,644] INFO: Handling normal command: R↓
[2025-03-21 18:17:37,644] INFO: Entering operator: R↓
[2025-03-21 18:17:37,644] INFO: Pushed value: 4, X=4, stack=[1, 2, 3]
[2025-03-21 18:17:37,644] INFO: Clearing entry
[2025-03-21 18:17:37,645] INFO: Stack rolled down: X=3, stack=[4, 1, 2]
[2025-03-21 18:17:37,645] INFO: Formatted 3 in DEC as 3
[2025-03-21 18:17:37,645] INFO: Setting entry: value=3, raw=False
[2025-03-21 18:17:37,645] INFO: Entry set: 3, value=3
[2025-03-21 18:17:37,645] INFO: Performed R↓: stack rotated down
[2025-03-21 18:17:38,409] INFO: Handling command: 
[2025-03-21 18:17:38,409] INFO: Handling normal command: R↓
[2025-03-21 18:17:38,409] INFO: Entering operator: R↓
[2025-03-21 18:17:38,409] INFO: Stack rolled down: X=2, stack=[3, 4, 1]
[2025-03-21 18:17:38,409] INFO: Formatted 2 in DEC as 2
[2025-03-21 18:17:38,409] INFO: Setting entry: value=2, raw=False
[2025-03-21 18:17:38,409] INFO: Entry set: 2, value=2
[2025-03-21 18:17:38,409] INFO: Performed R↓: stack rotated down
[2025-03-21 18:17:39,302] INFO: Handling command: 
[2025-03-21 18:17:39,302] INFO: Handling normal command: R↓
[2025-03-21 18:17:39,302] INFO: Entering operator: R↓
[2025-03-21 18:17:39,302] INFO: Stack rolled down: X=1, stack=[2, 3, 4]
[2025-03-21 18:17:39,302] INFO: Formatted 1 in DEC as 1
[2025-03-21 18:17:39,302] INFO: Setting entry: value=1, raw=False
[2025-03-21 18:17:39,303] INFO: Entry set: 1, value=1
[2025-03-21 18:17:39,303] INFO: Performed R↓: stack rotated down
[2025-03-21 18:17:44,440] INFO: Handling command: yellow_f_function
[2025-03-21 18:17:44,440] INFO: Toggling mode: f, f_active=False, g_active=False
[2025-03-21 18:17:44,472] INFO: Mode set: f
[2025-03-21 18:17:45,415] INFO: f-mode action: STATUS
[2025-03-21 18:17:45,415] INFO: Toggling stack display: show=True, mode=DEC
[2025-03-21 18:17:45,415] INFO: Stack displayed: ['1', '2', '3', '4']
[2025-03-21 18:17:45,415] INFO: Toggling mode: f, f_active=True, g_active=False
[2025-03-21 18:17:45,422] INFO: Mode reset to normal
[2025-03-21 18:17:48,227] INFO: Handling normal command: R↓
[2025-03-21 18:17:48,228] INFO: Entering operator: R↓
[2025-03-21 18:17:48,228] INFO: Stack rolled down: X=4, stack=[1, 2, 3]
[2025-03-21 18:17:48,228] INFO: Formatted 4 in DEC as 4
[2025-03-21 18:17:48,228] INFO: Setting entry: value=4, raw=False
[2025-03-21 18:17:48,228] INFO: Entry set: 4, value=4
[2025-03-21 18:17:48,228] INFO: Performed R↓: stack rotated down
[2025-03-21 18:17:49,187] INFO: Handling normal command: R↓
[2025-03-21 18:17:49,188] INFO: Entering operator: R↓
[2025-03-21 18:17:49,188] INFO: Stack rolled down: X=3, stack=[4, 1, 2]
[2025-03-21 18:17:49,188] INFO: Formatted 3 in DEC as 3
[2025-03-21 18:17:49,188] INFO: Setting entry: value=3, raw=False
[2025-03-21 18:17:49,188] INFO: Entry set: 3, value=3
[2025-03-21 18:17:49,188] INFO: Performed R↓: stack rotated down
[2025-03-21 18:17:49,608] INFO: Handling normal command: R↓
[2025-03-21 18:17:49,608] INFO: Entering operator: R↓
[2025-03-21 18:17:49,608] INFO: Stack rolled down: X=2, stack=[3, 4, 1]
[2025-03-21 18:17:49,608] INFO: Formatted 2 in DEC as 2
[2025-03-21 18:17:49,608] INFO: Setting entry: value=2, raw=False
[2025-03-21 18:17:49,608] INFO: Entry set: 2, value=2
[2025-03-21 18:17:49,608] INFO: Performed R↓: stack rotated down
[2025-03-21 18:17:49,907] INFO: Handling normal command: R↓
[2025-03-21 18:17:49,907] INFO: Entering operator: R↓
[2025-03-21 18:17:49,907] INFO: Stack rolled down: X=1, stack=[2, 3, 4]
[2025-03-21 18:17:49,907] INFO: Formatted 1 in DEC as 1
[2025-03-21 18:17:49,907] INFO: Setting entry: value=1, raw=False
[2025-03-21 18:17:49,907] INFO: Entry set: 1, value=1
[2025-03-21 18:17:49,907] INFO: Performed R↓: stack rotated down
[2025-03-21 18:17:56,155] INFO: Handling normal command: 1
[2025-03-21 18:17:56,155] INFO: Entering digit: 1
[2025-03-21 18:17:56,155] INFO: Appending character: 1
[2025-03-21 18:17:56,155] INFO: Setting entry: value=11, raw=False
[2025-03-21 18:17:56,155] INFO: Entry set: 11, value=11
