[2025-03-21 18:01:34,577] INFO: Stack initialized: [0, 0, 0], X=0, word_size=16, complement_mode=UNSIGNED
[2025-03-21 18:01:34,585] INFO: Script started: main.pyw
[2025-03-21 18:01:34,585] INFO: Entering function: main
[2025-03-21 18:01:34,585] INFO: Creating Tk root window
[2025-03-21 18:01:34,644] INFO: Setting window title: HP 16C Emulator
[2025-03-21 18:01:34,644] INFO: Configuring root background color: #1e1818
[2025-03-21 18:01:34,645] INFO: Setting root resizable: False, False
[2025-03-21 18:01:34,645] INFO: Entering function: load_config
[2025-03-21 18:01:34,645] INFO: Config loaded and updated: {'display_width': 575, 'display_height': 80, 'margin': 20, 'bg_color': '#1e1818', 'display_font_family': 'Courier', 'display_font_size': 18, 'display_x': 125, 'display_y': 20}
[2025-03-21 18:01:34,646] INFO: Exiting function: load_config
[2025-03-21 18:01:34,646] INFO: Custom font created: family=Courier, size=18
[2025-03-21 18:01:34,646] INFO: Setting up UI: display at x=125, y=20, width=575, height=80, grid=4x10, total=1089x560
[2025-03-21 18:01:34,646] INFO: Initializing Display: x=125, y=20, width=575, height=80
[2025-03-21 18:01:34,649] INFO: Stack info updated: 00-16-0000
[2025-03-21 18:01:34,649] INFO: Display initialized: mode=DEC, entry=0
[2025-03-21 18:01:34,649] INFO: Setting mode: DEC
[2025-03-21 18:01:34,649] INFO: Setting entry: value=0, raw=False
[2025-03-21 18:01:34,650] INFO: Entry set: 0, value=0
[2025-03-21 18:01:34,650] INFO: Creating buttons from BUTTONS_CONFIG
[2025-03-21 18:01:34,651] INFO: Button 0,0: SL/A/LJ, 75x75, row=0, col=0, rowspan=1
[2025-03-21 18:01:34,652] INFO: Button 1,0: x><(i)/GSB/RTN, 75x75, row=1, col=0, rowspan=1
[2025-03-21 18:01:34,653] INFO: Button 2,0: (i)/R/S/P/R, 75x75, row=2, col=0, rowspan=1
[2025-03-21 18:01:34,653] INFO: Button 3,0: /ON/, 75x75, row=3, col=0, rowspan=1
[2025-03-21 18:01:34,654] INFO: Button 0,1: SR/B/ASR, 75x75, row=0, col=1, rowspan=1
[2025-03-21 18:01:34,655] INFO: Button 1,1: x><I/GTO/LBL, 75x75, row=1, col=1, rowspan=1
[2025-03-21 18:01:34,656] INFO: Button 2,1: I/SST/BST, 75x75, row=2, col=1, rowspan=1
[2025-03-21 18:01:34,656] INFO: Button 3,1: /f/, 75x75, row=3, col=1, rowspan=1
[2025-03-21 18:01:34,657] INFO: Button 0,2: RL/C/DSZ, 75x75, row=0, col=2, rowspan=1
[2025-03-21 18:01:34,658] INFO: Button 1,2: SHOW HEX/HEX/DSZ, 75x75, row=1, col=2, rowspan=1
[2025-03-21 18:01:34,660] INFO: Button 2,2: CLR PRGM/R↓/R↑, 75x75, row=2, col=2, rowspan=1
[2025-03-21 18:01:34,660] INFO: Button 3,2: /g/, 75x75, row=3, col=2, rowspan=1
[2025-03-21 18:01:34,661] INFO: Button 0,3: RR/D/RRC, 75x75, row=0, col=3, rowspan=1
[2025-03-21 18:01:34,662] INFO: Button 1,3: SHOW DEC/DEC/ISZ, 75x75, row=1, col=3, rowspan=1
[2025-03-21 18:01:34,663] INFO: Button 2,3: CLR REG/x><y/PSE, 75x75, row=2, col=3, rowspan=1
[2025-03-21 18:01:34,681] INFO: Button 3,3: WSIZE/STO/⯇, 75x75, row=3, col=3, rowspan=1
[2025-03-21 18:01:34,682] INFO: Button 0,4: RLn/E/RLCn, 75x75, row=0, col=4, rowspan=1
[2025-03-21 18:01:34,682] INFO: Button 1,4: SHOW OCT/OCT/√x, 75x75, row=1, col=4, rowspan=1
[2025-03-21 18:01:34,683] INFO: Button 2,4: CLR PRFX/BSP/CLX, 75x75, row=2, col=4, rowspan=1
[2025-03-21 18:01:34,684] INFO: Button 3,4: FLOAT/RCL/⯈, 75x75, row=3, col=4, rowspan=1
[2025-03-21 18:01:34,685] INFO: Button 0,5: RRn/F/RRCn, 75x75, row=0, col=5, rowspan=1
[2025-03-21 18:01:34,685] INFO: Button 1,5: SHOW BIN/BIN/1/x, 75x75, row=1, col=5, rowspan=1
[2025-03-21 18:01:34,686] INFO: Button 2,5: WINDOW/ENTER/LST X, 75x175, row=2, col=5, rowspan=2
[2025-03-21 18:01:34,687] INFO: Button 0,6: MASKL/7/#B, 75x75, row=0, col=6, rowspan=1
[2025-03-21 18:01:34,688] INFO: Button 1,6: SB/4/SF, 75x75, row=1, col=6, rowspan=1
[2025-03-21 18:01:34,688] INFO: Button 2,6: SC 1'S/1/X≤Y, 75x75, row=2, col=6, rowspan=1
[2025-03-21 18:01:34,689] INFO: Button 3,6: MEM/0/X≠Y, 75x75, row=3, col=6, rowspan=1
[2025-03-21 18:01:34,690] INFO: Button 0,7: MASKR/8/ABS, 75x75, row=0, col=7, rowspan=1
[2025-03-21 18:01:34,691] INFO: Button 1,7: CB/5/CF, 75x75, row=1, col=7, rowspan=1
[2025-03-21 18:01:34,692] INFO: Button 2,7: SC 2'S/2/X<0, 75x75, row=2, col=7, rowspan=1
[2025-03-21 18:01:34,693] INFO: Button 3,7: STATUS/./X≠0, 75x75, row=3, col=7, rowspan=1
[2025-03-21 18:01:34,694] INFO: Button 0,8: RMD/9/DBLR, 75x75, row=0, col=8, rowspan=1
[2025-03-21 18:01:34,694] INFO: Button 1,8: B?/6/F?, 75x75, row=1, col=8, rowspan=1
[2025-03-21 18:01:34,695] INFO: Button 2,8: SC UNSGN/3/X>Y, 75x75, row=2, col=8, rowspan=1
[2025-03-21 18:01:34,696] INFO: Button 3,8: EEx/CHS/X=Y, 75x75, row=3, col=8, rowspan=1
[2025-03-21 18:01:34,697] INFO: Button 0,9: XOR///DBL/, 75x75, row=0, col=9, rowspan=1
[2025-03-21 18:01:34,697] INFO: Button 1,9: AND/*/DBL*, 75x75, row=1, col=9, rowspan=1
[2025-03-21 18:01:34,698] INFO: Button 2,9: NOT/-/X>0, 75x75, row=2, col=9, rowspan=1
[2025-03-21 18:01:34,699] INFO: Button 3,9: OR/+/X=0, 75x75, row=3, col=9, rowspan=1
[2025-03-21 18:01:34,699] INFO: Total buttons created: 39
[2025-03-21 18:01:34,699] INFO: Grid configured: 10 cols, 4 rows, minsize=75
[2025-03-21 18:01:34,722] INFO: Initializing HP16CController with display and buttons
[2025-03-21 18:01:34,722] INFO: Initializing HP16CController
[2025-03-21 18:01:34,722] INFO: Binding buttons to controller actions
[2025-03-21 18:01:34,722] INFO: Binding actions to all buttons
[2025-03-21 18:01:34,724] INFO: Starting periodic stack updates
[2025-03-21 18:01:34,725] INFO: Setting entry: value=0, raw=False
[2025-03-21 18:01:34,725] INFO: Entry set: 0, value=0
[2025-03-21 18:01:34,933] INFO: Root window size: 1089x560+26+26
[2025-03-21 18:01:34,933] INFO: Entering Tkinter mainloop
[2025-03-21 18:01:38,663] INFO: Handling command: 
[2025-03-21 18:01:38,663] INFO: Handling normal command: 1
[2025-03-21 18:01:38,663] INFO: Entering digit: 1
[2025-03-21 18:01:38,663] INFO: Appending character: 1
[2025-03-21 18:01:38,664] INFO: Setting entry: value=1, raw=False
[2025-03-21 18:01:38,664] INFO: Entry set: 1, value=1
[2025-03-21 18:01:38,664] INFO: Pushed value: 1, X=1, stack=[0, 0, 0]
[2025-03-21 18:01:38,664] INFO: Setting entry: value=1, raw=False
[2025-03-21 18:01:38,664] INFO: Entry set: 1, value=1
[2025-03-21 18:01:39,315] INFO: Handling command: 
[2025-03-21 18:01:39,315] INFO: Handling normal command: ENTER
[2025-03-21 18:01:39,315] INFO: Entering value
[2025-03-21 18:01:39,315] INFO: Pushed value: 1, X=1, stack=[0, 0, 1]
[2025-03-21 18:01:39,315] INFO: Clearing entry
[2025-03-21 18:01:39,923] INFO: Handling command: 
[2025-03-21 18:01:39,923] INFO: Handling normal command: 2
[2025-03-21 18:01:39,923] INFO: Entering digit: 2
[2025-03-21 18:01:39,923] INFO: Clearing entry
[2025-03-21 18:01:39,923] INFO: Appending character: 2
[2025-03-21 18:01:39,923] INFO: Setting entry: value=2, raw=False
[2025-03-21 18:01:39,923] INFO: Entry set: 2, value=2
[2025-03-21 18:01:39,923] INFO: Pushed value: 2, X=2, stack=[0, 1, 1]
[2025-03-21 18:01:39,923] INFO: Setting entry: value=2, raw=False
[2025-03-21 18:01:39,923] INFO: Entry set: 2, value=2
[2025-03-21 18:01:40,470] INFO: Handling command: 
[2025-03-21 18:01:40,470] INFO: Handling normal command: ENTER
[2025-03-21 18:01:40,470] INFO: Entering value
[2025-03-21 18:01:40,470] INFO: Pushed value: 2, X=2, stack=[1, 1, 2]
[2025-03-21 18:01:40,470] INFO: Clearing entry
[2025-03-21 18:01:41,159] INFO: Handling command: 
[2025-03-21 18:01:41,160] INFO: Handling normal command: 3
[2025-03-21 18:01:41,160] INFO: Entering digit: 3
[2025-03-21 18:01:41,160] INFO: Clearing entry
[2025-03-21 18:01:41,160] INFO: Appending character: 3
[2025-03-21 18:01:41,160] INFO: Setting entry: value=3, raw=False
[2025-03-21 18:01:41,160] INFO: Entry set: 3, value=3
[2025-03-21 18:01:41,160] INFO: Pushed value: 3, X=3, stack=[1, 2, 2]
[2025-03-21 18:01:41,160] INFO: Setting entry: value=3, raw=False
[2025-03-21 18:01:41,160] INFO: Entry set: 3, value=3
[2025-03-21 18:01:41,752] INFO: Handling command: 
[2025-03-21 18:01:41,753] INFO: Handling normal command: ENTER
[2025-03-21 18:01:41,753] INFO: Entering value
[2025-03-21 18:01:41,753] INFO: Pushed value: 3, X=3, stack=[2, 2, 3]
[2025-03-21 18:01:41,753] INFO: Clearing entry
[2025-03-21 18:01:42,458] INFO: Handling command: 
[2025-03-21 18:01:42,458] INFO: Handling normal command: 4
[2025-03-21 18:01:42,458] INFO: Entering digit: 4
[2025-03-21 18:01:42,458] INFO: Clearing entry
[2025-03-21 18:01:42,458] INFO: Appending character: 4
[2025-03-21 18:01:42,458] INFO: Setting entry: value=4, raw=False
[2025-03-21 18:01:42,458] INFO: Entry set: 4, value=4
[2025-03-21 18:01:42,458] INFO: Pushed value: 4, X=4, stack=[2, 3, 3]
[2025-03-21 18:01:42,458] INFO: Setting entry: value=4, raw=False
[2025-03-21 18:01:42,458] INFO: Entry set: 4, value=4
[2025-03-21 18:01:44,654] INFO: Handling command: 
[2025-03-21 18:01:44,655] INFO: Handling normal command: R↓
[2025-03-21 18:01:44,655] INFO: Entering operator: R↓
[2025-03-21 18:01:44,655] INFO: Stack rolled down: X=3, stack=[4, 2, 3]
[2025-03-21 18:01:44,655] INFO: Formatted 3 in DEC as 3
[2025-03-21 18:01:44,655] INFO: Setting entry: value=3, raw=False
[2025-03-21 18:01:44,655] INFO: Entry set: 3, value=3
[2025-03-21 18:01:44,655] INFO: Performed R↓: stack rotated down
[2025-03-21 18:01:45,292] INFO: Handling command: 
[2025-03-21 18:01:45,293] INFO: Handling normal command: R↓
[2025-03-21 18:01:45,293] INFO: Entering operator: R↓
[2025-03-21 18:01:45,293] INFO: Stack rolled down: X=3, stack=[3, 4, 2]
[2025-03-21 18:01:45,293] INFO: Formatted 3 in DEC as 3
[2025-03-21 18:01:45,293] INFO: Setting entry: value=3, raw=False
[2025-03-21 18:01:45,293] INFO: Entry set: 3, value=3
[2025-03-21 18:01:45,293] INFO: Performed R↓: stack rotated down
[2025-03-21 18:01:47,129] INFO: Handling command: 
[2025-03-21 18:01:47,129] INFO: Handling normal command: R↓
[2025-03-21 18:01:47,130] INFO: Entering operator: R↓
[2025-03-21 18:01:47,130] INFO: Stack rolled down: X=2, stack=[3, 3, 4]
[2025-03-21 18:01:47,130] INFO: Formatted 2 in DEC as 2
[2025-03-21 18:01:47,130] INFO: Setting entry: value=2, raw=False
[2025-03-21 18:01:47,130] INFO: Entry set: 2, value=2
[2025-03-21 18:01:47,130] INFO: Performed R↓: stack rotated down
[2025-03-21 18:01:48,480] INFO: Handling command: 
[2025-03-21 18:01:48,480] INFO: Handling normal command: R↓
[2025-03-21 18:01:48,480] INFO: Entering operator: R↓
[2025-03-21 18:01:48,480] INFO: Stack rolled down: X=4, stack=[2, 3, 3]
[2025-03-21 18:01:48,481] INFO: Formatted 4 in DEC as 4
[2025-03-21 18:01:48,481] INFO: Setting entry: value=4, raw=False
[2025-03-21 18:01:48,481] INFO: Entry set: 4, value=4
[2025-03-21 18:01:48,481] INFO: Performed R↓: stack rotated down
[2025-03-21 18:01:59,017] INFO: Handling command: yellow_f_function
[2025-03-21 18:01:59,017] INFO: Toggling mode: f, f_active=False, g_active=False
[2025-03-21 18:01:59,049] INFO: Mode set: f
[2025-03-21 18:01:59,872] INFO: f-mode action: STATUS
[2025-03-21 18:01:59,872] INFO: Toggling stack display: show=True, mode=DEC
[2025-03-21 18:01:59,873] INFO: Stack displayed: ['4', '2', '3', '3']
[2025-03-21 18:01:59,873] INFO: Toggling mode: f, f_active=True, g_active=False
[2025-03-21 18:01:59,879] INFO: Mode reset to normal
[2025-03-21 18:02:02,010] INFO: Exiting function: main
[2025-03-21 18:02:02,010] INFO: Script ended: main.pyw
