[2025-03-21 19:28:04,086] INFO: Stack initialized: [0, 0, 0], X=0, word_size=16, complement_mode=UNSIGNED
[2025-03-21 19:28:04,090] INFO: Script started: main.pyw
[2025-03-21 19:28:04,091] INFO: Entering function: main
[2025-03-21 19:28:04,091] INFO: Creating Tk root window
[2025-03-21 19:28:04,150] INFO: Setting window title: HP 16C Emulator
[2025-03-21 19:28:04,151] INFO: Configuring root background color: #1e1818
[2025-03-21 19:28:04,151] INFO: Setting root resizable: False, False
[2025-03-21 19:28:04,151] INFO: Entering function: load_config
[2025-03-21 19:28:04,151] INFO: Config loaded and updated: {'display_width': 575, 'display_height': 80, 'margin': 20, 'bg_color': '#1e1818', 'display_font_family': 'Courier', 'display_font_size': 18, 'display_x': 125, 'display_y': 20}
[2025-03-21 19:28:04,151] INFO: Exiting function: load_config
[2025-03-21 19:28:04,151] INFO: Custom font created: family=Courier, size=18
[2025-03-21 19:28:04,151] INFO: Setting up UI: display at x=125, y=20, width=575, height=80, grid=4x10, total=1089x560
[2025-03-21 19:28:04,151] INFO: Initializing Display: x=125, y=20, width=575, height=80
[2025-03-21 19:28:04,154] INFO: Stack info updated: 00-16-0000
[2025-03-21 19:28:04,154] INFO: Display initialized: mode=DEC, entry=0
[2025-03-21 19:28:04,154] INFO: Setting mode: DEC
[2025-03-21 19:28:04,154] INFO: Setting entry: value=0, raw=False
[2025-03-21 19:28:04,154] INFO: Entry set: 0, value=0
[2025-03-21 19:28:04,154] INFO: Creating buttons from BUTTONS_CONFIG
[2025-03-21 19:28:04,156] INFO: Button 0,0: SL/A/LJ, 75x75, row=0, col=0, rowspan=1
[2025-03-21 19:28:04,156] INFO: Button 1,0: x><(i)/GSB/RTN, 75x75, row=1, col=0, rowspan=1
[2025-03-21 19:28:04,157] INFO: Button 2,0: (i)/R/S/P/R, 75x75, row=2, col=0, rowspan=1
[2025-03-21 19:28:04,158] INFO: Button 3,0: /ON/, 75x75, row=3, col=0, rowspan=1
[2025-03-21 19:28:04,158] INFO: Button 0,1: SR/B/ASR, 75x75, row=0, col=1, rowspan=1
[2025-03-21 19:28:04,159] INFO: Button 1,1: x><I/GTO/LBL, 75x75, row=1, col=1, rowspan=1
[2025-03-21 19:28:04,160] INFO: Button 2,1: I/SST/BST, 75x75, row=2, col=1, rowspan=1
[2025-03-21 19:28:04,160] INFO: Button 3,1: /f/, 75x75, row=3, col=1, rowspan=1
[2025-03-21 19:28:04,161] INFO: Button 0,2: RL/C/DSZ, 75x75, row=0, col=2, rowspan=1
[2025-03-21 19:28:04,162] INFO: Button 1,2: SHOW HEX/HEX/DSZ, 75x75, row=1, col=2, rowspan=1
[2025-03-21 19:28:04,164] INFO: Button 2,2: CLR PRGM/R↓/R↑, 75x75, row=2, col=2, rowspan=1
[2025-03-21 19:28:04,164] INFO: Button 3,2: /g/, 75x75, row=3, col=2, rowspan=1
[2025-03-21 19:28:04,165] INFO: Button 0,3: RR/D/RRC, 75x75, row=0, col=3, rowspan=1
[2025-03-21 19:28:04,166] INFO: Button 1,3: SHOW DEC/DEC/ISZ, 75x75, row=1, col=3, rowspan=1
[2025-03-21 19:28:04,167] INFO: Button 2,3: CLR REG/x><y/PSE, 75x75, row=2, col=3, rowspan=1
[2025-03-21 19:28:04,185] INFO: Button 3,3: WSIZE/STO/⯇, 75x75, row=3, col=3, rowspan=1
[2025-03-21 19:28:04,186] INFO: Button 0,4: RLn/E/RLCn, 75x75, row=0, col=4, rowspan=1
[2025-03-21 19:28:04,187] INFO: Button 1,4: SHOW OCT/OCT/√x, 75x75, row=1, col=4, rowspan=1
[2025-03-21 19:28:04,188] INFO: Button 2,4: CLR PRFX/BSP/CLX, 75x75, row=2, col=4, rowspan=1
[2025-03-21 19:28:04,189] INFO: Button 3,4: FLOAT/RCL/⯈, 75x75, row=3, col=4, rowspan=1
[2025-03-21 19:28:04,190] INFO: Button 0,5: RRn/F/RRCn, 75x75, row=0, col=5, rowspan=1
[2025-03-21 19:28:04,191] INFO: Button 1,5: SHOW BIN/BIN/1/x, 75x75, row=1, col=5, rowspan=1
[2025-03-21 19:28:04,191] INFO: Button 2,5: WINDOW/ENTER/LST X, 75x175, row=2, col=5, rowspan=2
[2025-03-21 19:28:04,192] INFO: Button 0,6: MASKL/7/#B, 75x75, row=0, col=6, rowspan=1
[2025-03-21 19:28:04,193] INFO: Button 1,6: SB/4/SF, 75x75, row=1, col=6, rowspan=1
[2025-03-21 19:28:04,194] INFO: Button 2,6: SC 1'S/1/X≤Y, 75x75, row=2, col=6, rowspan=1
[2025-03-21 19:28:04,194] INFO: Button 3,6: MEM/0/X≠Y, 75x75, row=3, col=6, rowspan=1
[2025-03-21 19:28:04,195] INFO: Button 0,7: MASKR/8/ABS, 75x75, row=0, col=7, rowspan=1
[2025-03-21 19:28:04,196] INFO: Button 1,7: CB/5/CF, 75x75, row=1, col=7, rowspan=1
[2025-03-21 19:28:04,197] INFO: Button 2,7: SC 2'S/2/X<0, 75x75, row=2, col=7, rowspan=1
[2025-03-21 19:28:04,197] INFO: Button 3,7: STATUS/./X≠0, 75x75, row=3, col=7, rowspan=1
[2025-03-21 19:28:04,198] INFO: Button 0,8: RMD/9/DBLR, 75x75, row=0, col=8, rowspan=1
[2025-03-21 19:28:04,199] INFO: Button 1,8: B?/6/F?, 75x75, row=1, col=8, rowspan=1
[2025-03-21 19:28:04,200] INFO: Button 2,8: SC UNSGN/3/X>Y, 75x75, row=2, col=8, rowspan=1
[2025-03-21 19:28:04,200] INFO: Button 3,8: EEx/CHS/X=Y, 75x75, row=3, col=8, rowspan=1
[2025-03-21 19:28:04,201] INFO: Button 0,9: XOR///DBL/, 75x75, row=0, col=9, rowspan=1
[2025-03-21 19:28:04,202] INFO: Button 1,9: AND/*/DBL*, 75x75, row=1, col=9, rowspan=1
[2025-03-21 19:28:04,202] INFO: Button 2,9: NOT/-/X>0, 75x75, row=2, col=9, rowspan=1
[2025-03-21 19:28:04,204] INFO: Button 3,9: OR/+/X=0, 75x75, row=3, col=9, rowspan=1
[2025-03-21 19:28:04,204] INFO: Total buttons created: 39
[2025-03-21 19:28:04,204] INFO: Grid configured: 10 cols, 4 rows, minsize=75
[2025-03-21 19:28:04,227] INFO: Initializing HP16CController with display and buttons
[2025-03-21 19:28:04,227] INFO: Initializing HP16CController
[2025-03-21 19:28:04,228] INFO: Binding buttons to controller actions
[2025-03-21 19:28:04,228] INFO: Binding actions to all buttons
[2025-03-21 19:28:04,229] INFO: Starting periodic stack updates
[2025-03-21 19:28:04,229] INFO: Setting entry: value=0, raw=False
[2025-03-21 19:28:04,229] INFO: Entry set: 0, value=0
[2025-03-21 19:28:04,443] INFO: Root window size: 1089x560+208+208
[2025-03-21 19:28:04,443] INFO: Entering Tkinter mainloop
[2025-03-21 19:28:08,117] INFO: Handling command: 
[2025-03-21 19:28:08,117] INFO: Handling normal command: 3
[2025-03-21 19:28:08,117] INFO: Entering digit: 3
[2025-03-21 19:28:08,117] INFO: Clearing entry
[2025-03-21 19:28:08,117] INFO: Appending character: 3
[2025-03-21 19:28:08,117] INFO: Setting entry: value=3, raw=False
[2025-03-21 19:28:08,118] INFO: Entry set: 3, value=3
[2025-03-21 19:28:08,484] INFO: Handling command: 
[2025-03-21 19:28:08,484] INFO: Handling normal command: 2
[2025-03-21 19:28:08,484] INFO: Entering digit: 2
[2025-03-21 19:28:08,484] INFO: Appending character: 2
[2025-03-21 19:28:08,484] INFO: Setting entry: value=32, raw=False
[2025-03-21 19:28:08,484] INFO: Entry set: 32, value=32
[2025-03-21 19:28:09,339] INFO: Handling command: yellow_f_function
[2025-03-21 19:28:09,339] INFO: Toggling mode: f, f_active=False, g_active=False
[2025-03-21 19:28:09,370] INFO: Mode set: f
[2025-03-21 19:28:09,842] INFO: f-mode action: WSIZE
[2025-03-21 19:28:09,842] INFO: Setting word size: 32
[2025-03-21 19:28:09,842] INFO: Word size changed: 16 -> 32, X=0, stack=[0, 0, 0]
[2025-03-21 19:28:09,842] INFO: Stack info updated: 00-32-0000
[2025-03-21 19:28:09,842] INFO: Formatted 0 in DEC as 0
[2025-03-21 19:28:09,842] INFO: Setting entry: value=0, raw=False
[2025-03-21 19:28:09,843] INFO: Entry set: 0, value=0
[2025-03-21 19:28:09,843] INFO: Clearing entry
[2025-03-21 19:28:09,843] INFO: Toggling mode: f, f_active=True, g_active=False
[2025-03-21 19:28:09,849] INFO: Mode reset to normal
[2025-03-21 19:28:10,944] INFO: Handling normal command: A
[2025-03-21 19:28:10,944] INFO: Entering digit: A
[2025-03-21 19:28:10,944] INFO: Ignoring invalid digit A for base DEC
[2025-03-21 19:28:11,469] INFO: Handling normal command: B
[2025-03-21 19:28:11,469] INFO: Entering digit: B
[2025-03-21 19:28:11,469] INFO: Ignoring invalid digit B for base DEC
[2025-03-21 19:28:12,504] INFO: Handling normal command: HEX
[2025-03-21 19:28:12,504] INFO: Setting mode: HEX
[2025-03-21 19:28:12,504] INFO: Setting entry: value=0, raw=False
[2025-03-21 19:28:12,504] INFO: Entry set: 00000000, value=0
[2025-03-21 19:28:12,504] INFO: Formatted 0 in HEX as 00000000
[2025-03-21 19:28:12,504] INFO: Setting entry: value=0, raw=False
[2025-03-21 19:28:12,504] INFO: Entry set: 00000000, value=0
[2025-03-21 19:28:12,505] INFO: Base set to HEX
[2025-03-21 19:28:13,194] INFO: Handling normal command: A
[2025-03-21 19:28:13,194] INFO: Entering digit: A
[2025-03-21 19:28:13,194] INFO: Appending character: A
[2025-03-21 19:28:13,194] INFO: Setting entry: value=10, raw=False
[2025-03-21 19:28:13,194] INFO: Entry set: 0000000a, value=10
[2025-03-21 19:28:13,547] INFO: Handling normal command: B
[2025-03-21 19:28:13,547] INFO: Entering digit: B
[2025-03-21 19:28:13,547] INFO: Appending character: B
[2025-03-21 19:28:13,547] INFO: Setting entry: value=171, raw=False
[2025-03-21 19:28:13,547] INFO: Entry set: 000000ab, value=171
[2025-03-21 19:28:14,132] INFO: Handling normal command: C
[2025-03-21 19:28:14,132] INFO: Entering digit: C
[2025-03-21 19:28:14,132] INFO: Appending character: C
[2025-03-21 19:28:14,132] INFO: Setting entry: value=2748, raw=False
[2025-03-21 19:28:14,132] INFO: Entry set: 00000abc, value=2748
[2025-03-21 19:28:14,897] INFO: Handling normal command: D
[2025-03-21 19:28:14,897] INFO: Entering digit: D
[2025-03-21 19:28:14,897] INFO: Appending character: D
[2025-03-21 19:28:14,897] INFO: Setting entry: value=43981, raw=False
[2025-03-21 19:28:14,897] INFO: Entry set: 0000abcd, value=43981
[2025-03-21 19:28:15,264] INFO: Handling normal command: E
[2025-03-21 19:28:15,264] INFO: Entering digit: E
[2025-03-21 19:28:15,264] INFO: Appending character: E
[2025-03-21 19:28:15,264] INFO: Setting entry: value=703710, raw=False
[2025-03-21 19:28:15,264] INFO: Entry set: 000abcde, value=703710
[2025-03-21 19:28:15,699] INFO: Handling normal command: F
[2025-03-21 19:28:15,699] INFO: Entering digit: F
[2025-03-21 19:28:15,699] INFO: Appending character: F
[2025-03-21 19:28:15,699] INFO: Setting entry: value=11259375, raw=False
[2025-03-21 19:28:15,699] INFO: Entry set: 00abcdef, value=11259375
[2025-03-21 19:28:16,419] INFO: Handling normal command: ENTER
[2025-03-21 19:28:16,419] INFO: Entering value
[2025-03-21 19:28:16,419] INFO: Failed to interpret 00abcdef in DEC, defaulting to 0
[2025-03-21 19:28:16,419] INFO: Pushed value: 0, X=0, stack=[0, 0, 0]
[2025-03-21 19:28:16,419] INFO: Clearing entry
[2025-03-21 19:28:17,297] INFO: Handling command: yellow_f_function
[2025-03-21 19:28:17,297] INFO: Toggling mode: f, f_active=False, g_active=False
[2025-03-21 19:28:17,327] INFO: Mode set: f
[2025-03-21 19:28:17,972] INFO: f-mode action: STATUS
[2025-03-21 19:28:17,972] INFO: Toggling stack display: show=True, mode=HEX
[2025-03-21 19:28:17,972] INFO: Stack displayed: ['00000000', '00000000', '00000000', '00000000']
[2025-03-21 19:28:17,972] INFO: Toggling mode: f, f_active=True, g_active=False
[2025-03-21 19:28:17,978] INFO: Mode reset to normal
[2025-03-21 19:28:31,569] INFO: Handling normal command: A
[2025-03-21 19:28:31,569] INFO: Entering digit: A
[2025-03-21 19:28:31,569] INFO: Appending character: A
[2025-03-21 19:28:31,569] INFO: Setting entry: value=10, raw=False
[2025-03-21 19:28:31,569] INFO: Entry set: 0000000a, value=10
[2025-03-21 19:28:32,079] INFO: Handling normal command: B
[2025-03-21 19:28:32,079] INFO: Entering digit: B
[2025-03-21 19:28:32,079] INFO: Appending character: B
[2025-03-21 19:28:32,079] INFO: Setting entry: value=171, raw=False
[2025-03-21 19:28:32,080] INFO: Entry set: 000000ab, value=171
[2025-03-21 19:28:32,604] INFO: Handling normal command: C
[2025-03-21 19:28:32,604] INFO: Entering digit: C
[2025-03-21 19:28:32,604] INFO: Appending character: C
[2025-03-21 19:28:32,604] INFO: Setting entry: value=2748, raw=False
[2025-03-21 19:28:32,604] INFO: Entry set: 00000abc, value=2748
[2025-03-21 19:28:32,964] INFO: Handling normal command: D
[2025-03-21 19:28:32,964] INFO: Entering digit: D
[2025-03-21 19:28:32,964] INFO: Appending character: D
[2025-03-21 19:28:32,964] INFO: Setting entry: value=43981, raw=False
[2025-03-21 19:28:32,965] INFO: Entry set: 0000abcd, value=43981
[2025-03-21 19:28:33,714] INFO: Handling normal command: E
[2025-03-21 19:28:33,714] INFO: Entering digit: E
[2025-03-21 19:28:33,714] INFO: Appending character: E
[2025-03-21 19:28:33,714] INFO: Setting entry: value=703710, raw=False
[2025-03-21 19:28:33,715] INFO: Entry set: 000abcde, value=703710
[2025-03-21 19:28:34,111] INFO: Handling normal command: F
[2025-03-21 19:28:34,111] INFO: Entering digit: F
[2025-03-21 19:28:34,111] INFO: Appending character: F
[2025-03-21 19:28:34,111] INFO: Setting entry: value=11259375, raw=False
[2025-03-21 19:28:34,111] INFO: Entry set: 00abcdef, value=11259375
[2025-03-21 19:28:35,101] INFO: Handling normal command: DEC
[2025-03-21 19:28:35,101] INFO: Setting mode: DEC
[2025-03-21 19:28:35,101] INFO: Setting entry: value=11259375, raw=False
[2025-03-21 19:28:35,101] INFO: Entry set: 11259375, value=11259375
[2025-03-21 19:28:35,101] INFO: Formatted 11259375 in DEC as 11259375
[2025-03-21 19:28:35,102] INFO: Setting entry: value=11259375, raw=False
[2025-03-21 19:28:35,102] INFO: Entry set: 11259375, value=11259375
[2025-03-21 19:28:35,102] INFO: Base set to DEC
[2025-03-21 19:28:35,934] INFO: Handling normal command: ENTER
[2025-03-21 19:28:35,934] INFO: Entering value
[2025-03-21 19:28:35,934] INFO: Pushed value: 11259375, X=11259375, stack=[0, 0, 0]
[2025-03-21 19:28:35,935] INFO: Clearing entry
[2025-03-21 19:28:37,164] INFO: Handling command: yellow_f_function
[2025-03-21 19:28:37,164] INFO: Toggling mode: f, f_active=False, g_active=False
[2025-03-21 19:28:37,194] INFO: Mode set: f
[2025-03-21 19:28:38,274] INFO: f-mode action: STATUS
[2025-03-21 19:28:38,274] INFO: Toggling stack display: show=True, mode=DEC
[2025-03-21 19:28:38,274] INFO: Stack displayed: ['11259375', '0', '0', '0']
[2025-03-21 19:28:38,274] INFO: Toggling mode: f, f_active=True, g_active=False
[2025-03-21 19:28:38,280] INFO: Mode reset to normal
