[2025-03-21 19:34:45,530] INFO: Stack initialized: [0, 0, 0], X=0, word_size=16, complement_mode=UNSIGNED
[2025-03-21 19:34:45,556] INFO: Script started: main.pyw
[2025-03-21 19:34:45,556] INFO: Entering function: main
[2025-03-21 19:34:45,556] INFO: Creating Tk root window
[2025-03-21 19:34:45,618] INFO: Setting window title: HP 16C Emulator
[2025-03-21 19:34:45,618] INFO: Configuring root background color: #1e1818
[2025-03-21 19:34:45,618] INFO: Setting root resizable: False, False
[2025-03-21 19:34:45,619] INFO: Entering function: load_config
[2025-03-21 19:34:45,619] INFO: Config loaded and updated: {'display_width': 575, 'display_height': 80, 'margin': 20, 'bg_color': '#1e1818', 'display_font_family': 'Courier', 'display_font_size': 18, 'display_x': 125, 'display_y': 20}
[2025-03-21 19:34:45,619] INFO: Exiting function: load_config
[2025-03-21 19:34:45,619] INFO: Custom font created: family=Courier, size=18
[2025-03-21 19:34:45,619] INFO: Setting up UI: display at x=125, y=20, width=575, height=80, grid=4x10, total=1089x560
[2025-03-21 19:34:45,619] INFO: Initializing Display: x=125, y=20, width=575, height=80
[2025-03-21 19:34:45,623] INFO: Stack info updated: 00-16-0000
[2025-03-21 19:34:45,623] INFO: Display initialized: mode=DEC, entry=0
[2025-03-21 19:34:45,623] INFO: Setting mode: DEC
[2025-03-21 19:34:45,623] INFO: Setting entry: value=0, raw=False
[2025-03-21 19:34:45,624] INFO: Entry set: 0, value=0
[2025-03-21 19:34:45,624] INFO: Creating buttons from BUTTONS_CONFIG
[2025-03-21 19:34:45,625] INFO: Button 0,0: SL/A/LJ, 75x75, row=0, col=0, rowspan=1
[2025-03-21 19:34:45,626] INFO: Button 1,0: x><(i)/GSB/RTN, 75x75, row=1, col=0, rowspan=1
[2025-03-21 19:34:45,627] INFO: Button 2,0: (i)/R/S/P/R, 75x75, row=2, col=0, rowspan=1
[2025-03-21 19:34:45,627] INFO: Button 3,0: /ON/, 75x75, row=3, col=0, rowspan=1
[2025-03-21 19:34:45,628] INFO: Button 0,1: SR/B/ASR, 75x75, row=0, col=1, rowspan=1
[2025-03-21 19:34:45,629] INFO: Button 1,1: x><I/GTO/LBL, 75x75, row=1, col=1, rowspan=1
[2025-03-21 19:34:45,630] INFO: Button 2,1: I/SST/BST, 75x75, row=2, col=1, rowspan=1
[2025-03-21 19:34:45,630] INFO: Button 3,1: /f/, 75x75, row=3, col=1, rowspan=1
[2025-03-21 19:34:45,631] INFO: Button 0,2: RL/C/DSZ, 75x75, row=0, col=2, rowspan=1
[2025-03-21 19:34:45,632] INFO: Button 1,2: SHOW HEX/HEX/DSZ, 75x75, row=1, col=2, rowspan=1
[2025-03-21 19:34:45,634] INFO: Button 2,2: CLR PRGM/R↓/R↑, 75x75, row=2, col=2, rowspan=1
[2025-03-21 19:34:45,634] INFO: Button 3,2: /g/, 75x75, row=3, col=2, rowspan=1
[2025-03-21 19:34:45,635] INFO: Button 0,3: RR/D/RRC, 75x75, row=0, col=3, rowspan=1
[2025-03-21 19:34:45,636] INFO: Button 1,3: SHOW DEC/DEC/ISZ, 75x75, row=1, col=3, rowspan=1
[2025-03-21 19:34:45,637] INFO: Button 2,3: CLR REG/x><y/PSE, 75x75, row=2, col=3, rowspan=1
[2025-03-21 19:34:45,655] INFO: Button 3,3: WSIZE/STO/⯇, 75x75, row=3, col=3, rowspan=1
[2025-03-21 19:34:45,656] INFO: Button 0,4: RLn/E/RLCn, 75x75, row=0, col=4, rowspan=1
[2025-03-21 19:34:45,657] INFO: Button 1,4: SHOW OCT/OCT/√x, 75x75, row=1, col=4, rowspan=1
[2025-03-21 19:34:45,657] INFO: Button 2,4: CLR PRFX/BSP/CLX, 75x75, row=2, col=4, rowspan=1
[2025-03-21 19:34:45,658] INFO: Button 3,4: FLOAT/RCL/⯈, 75x75, row=3, col=4, rowspan=1
[2025-03-21 19:34:45,659] INFO: Button 0,5: RRn/F/RRCn, 75x75, row=0, col=5, rowspan=1
[2025-03-21 19:34:45,660] INFO: Button 1,5: SHOW BIN/BIN/1/x, 75x75, row=1, col=5, rowspan=1
[2025-03-21 19:34:45,661] INFO: Button 2,5: WINDOW/ENTER/LST X, 75x175, row=2, col=5, rowspan=2
[2025-03-21 19:34:45,661] INFO: Button 0,6: MASKL/7/#B, 75x75, row=0, col=6, rowspan=1
[2025-03-21 19:34:45,662] INFO: Button 1,6: SB/4/SF, 75x75, row=1, col=6, rowspan=1
[2025-03-21 19:34:45,663] INFO: Button 2,6: SC 1'S/1/X≤Y, 75x75, row=2, col=6, rowspan=1
[2025-03-21 19:34:45,664] INFO: Button 3,6: MEM/0/X≠Y, 75x75, row=3, col=6, rowspan=1
[2025-03-21 19:34:45,664] INFO: Button 0,7: MASKR/8/ABS, 75x75, row=0, col=7, rowspan=1
[2025-03-21 19:34:45,665] INFO: Button 1,7: CB/5/CF, 75x75, row=1, col=7, rowspan=1
[2025-03-21 19:34:45,666] INFO: Button 2,7: SC 2'S/2/X<0, 75x75, row=2, col=7, rowspan=1
[2025-03-21 19:34:45,667] INFO: Button 3,7: STATUS/./X≠0, 75x75, row=3, col=7, rowspan=1
[2025-03-21 19:34:45,667] INFO: Button 0,8: RMD/9/DBLR, 75x75, row=0, col=8, rowspan=1
[2025-03-21 19:34:45,668] INFO: Button 1,8: B?/6/F?, 75x75, row=1, col=8, rowspan=1
[2025-03-21 19:34:45,669] INFO: Button 2,8: SC UNSGN/3/X>Y, 75x75, row=2, col=8, rowspan=1
[2025-03-21 19:34:45,670] INFO: Button 3,8: EEx/CHS/X=Y, 75x75, row=3, col=8, rowspan=1
[2025-03-21 19:34:45,670] INFO: Button 0,9: XOR///DBL/, 75x75, row=0, col=9, rowspan=1
[2025-03-21 19:34:45,671] INFO: Button 1,9: AND/*/DBL*, 75x75, row=1, col=9, rowspan=1
[2025-03-21 19:34:45,672] INFO: Button 2,9: NOT/-/X>0, 75x75, row=2, col=9, rowspan=1
[2025-03-21 19:34:45,673] INFO: Button 3,9: OR/+/X=0, 75x75, row=3, col=9, rowspan=1
[2025-03-21 19:34:45,673] INFO: Total buttons created: 39
[2025-03-21 19:34:45,674] INFO: Grid configured: 10 cols, 4 rows, minsize=75
[2025-03-21 19:34:45,697] INFO: Initializing HP16CController with display and buttons
[2025-03-21 19:34:45,697] INFO: Initializing HP16CController
[2025-03-21 19:34:45,697] INFO: Binding buttons to controller actions
[2025-03-21 19:34:45,698] INFO: Binding actions to all buttons
[2025-03-21 19:34:45,699] INFO: Starting periodic stack updates
[2025-03-21 19:34:45,700] INFO: Setting entry: value=0, raw=False
[2025-03-21 19:34:45,700] INFO: Entry set: 0, value=0
[2025-03-21 19:34:45,929] INFO: Root window size: 1089x560+104+104
[2025-03-21 19:34:45,929] INFO: Entering Tkinter mainloop
[2025-03-21 19:34:48,411] INFO: Handling command: 
[2025-03-21 19:34:48,412] INFO: Handling normal command: BIN
[2025-03-21 19:34:48,412] INFO: Setting mode: BIN
[2025-03-21 19:34:48,412] INFO: Setting entry: value=0, raw=False
[2025-03-21 19:34:48,412] INFO: Entry set: 0000000000000000, value=0
[2025-03-21 19:34:48,412] INFO: Formatted 0 in BIN as 0000000000000000
[2025-03-21 19:34:48,412] INFO: Setting entry: value=0, raw=False
[2025-03-21 19:34:48,413] INFO: Entry set: 0000000000000000, value=0
[2025-03-21 19:34:48,413] INFO: Base set to BIN
[2025-03-21 19:34:49,468] INFO: Handling command: 
[2025-03-21 19:34:49,468] INFO: Handling normal command: OCT
[2025-03-21 19:34:49,468] INFO: Setting mode: OCT
[2025-03-21 19:34:49,468] INFO: Setting entry: value=0000000000000000, raw=False
[2025-03-21 19:34:49,469] INFO: Entry set: 000000, value=0
[2025-03-21 19:34:49,469] INFO: Formatted 0 in OCT as 0
[2025-03-21 19:34:49,469] INFO: Setting entry: value=0, raw=False
[2025-03-21 19:34:49,469] INFO: Entry set: 000000, value=0
[2025-03-21 19:34:49,469] INFO: Base set to OCT
[2025-03-21 19:34:50,406] INFO: Handling command: 
[2025-03-21 19:34:50,406] INFO: Handling normal command: DEC
[2025-03-21 19:34:50,406] INFO: Setting mode: DEC
[2025-03-21 19:34:50,406] INFO: Setting entry: value=0, raw=False
[2025-03-21 19:34:50,406] INFO: Entry set: 0, value=0
[2025-03-21 19:34:50,407] INFO: Formatted 0 in DEC as 0
[2025-03-21 19:34:50,407] INFO: Setting entry: value=0, raw=False
[2025-03-21 19:34:50,407] INFO: Entry set: 0, value=0
[2025-03-21 19:34:50,407] INFO: Base set to DEC
[2025-03-21 19:34:51,141] INFO: Handling command: set_base_hex
[2025-03-21 19:34:51,141] INFO: Handling normal command: HEX
[2025-03-21 19:34:51,141] INFO: Setting mode: HEX
[2025-03-21 19:34:51,141] INFO: Setting entry: value=0, raw=False
[2025-03-21 19:34:51,141] INFO: Entry set: 0000, value=0
[2025-03-21 19:34:51,141] INFO: Formatted 0 in HEX as 0
[2025-03-21 19:34:51,141] INFO: Setting entry: value=0, raw=False
[2025-03-21 19:34:51,142] INFO: Entry set: 0000, value=0
[2025-03-21 19:34:51,142] INFO: Base set to HEX
[2025-03-21 19:34:52,738] INFO: Handling command: 
[2025-03-21 19:34:52,738] INFO: Handling normal command: 1
[2025-03-21 19:34:52,738] INFO: Entering digit: 1
[2025-03-21 19:34:52,738] INFO: Clearing entry
[2025-03-21 19:34:52,739] INFO: Appending character: 1
[2025-03-21 19:34:52,739] INFO: Setting entry: value=1, raw=False
[2025-03-21 19:34:52,739] INFO: Entry set: 0001, value=1
[2025-03-21 19:34:53,196] INFO: Handling command: 
[2025-03-21 19:34:53,196] INFO: Handling normal command: 1
[2025-03-21 19:34:53,196] INFO: Entering digit: 1
[2025-03-21 19:34:53,196] INFO: Appending character: 1
[2025-03-21 19:34:53,196] INFO: Setting entry: value=17, raw=False
[2025-03-21 19:34:53,196] INFO: Entry set: 0011, value=17
[2025-03-21 19:34:53,526] INFO: Handling command: 
[2025-03-21 19:34:53,526] INFO: Handling normal command: 1
[2025-03-21 19:34:53,526] INFO: Entering digit: 1
[2025-03-21 19:34:53,526] INFO: Appending character: 1
[2025-03-21 19:34:53,526] INFO: Setting entry: value=273, raw=False
[2025-03-21 19:34:53,526] INFO: Entry set: 0111, value=273
[2025-03-21 19:34:53,871] INFO: Handling command: 
[2025-03-21 19:34:53,871] INFO: Handling normal command: 1
[2025-03-21 19:34:53,871] INFO: Entering digit: 1
[2025-03-21 19:34:53,871] INFO: Appending character: 1
[2025-03-21 19:34:53,871] INFO: Setting entry: value=4369, raw=False
[2025-03-21 19:34:53,871] INFO: Entry set: 1111, value=4369
[2025-03-21 19:34:54,261] INFO: Handling command: 
[2025-03-21 19:34:54,261] INFO: Handling normal command: 1
[2025-03-21 19:34:54,261] INFO: Entering digit: 1
[2025-03-21 19:34:54,261] INFO: Ignoring digit 1: max digits (4) reached for base HEX
[2025-03-21 19:34:54,756] INFO: Handling command: 
[2025-03-21 19:34:54,756] INFO: Handling normal command: 2
[2025-03-21 19:34:54,756] INFO: Entering digit: 2
[2025-03-21 19:34:54,756] INFO: Ignoring digit 2: max digits (4) reached for base HEX
[2025-03-21 19:34:55,109] INFO: Handling command: 
[2025-03-21 19:34:55,109] INFO: Handling normal command: 2
[2025-03-21 19:34:55,109] INFO: Entering digit: 2
[2025-03-21 19:34:55,109] INFO: Ignoring digit 2: max digits (4) reached for base HEX
[2025-03-21 19:34:55,439] INFO: Handling command: 
[2025-03-21 19:34:55,439] INFO: Handling normal command: 2
[2025-03-21 19:34:55,439] INFO: Entering digit: 2
[2025-03-21 19:34:55,439] INFO: Ignoring digit 2: max digits (4) reached for base HEX
[2025-03-21 19:34:55,701] INFO: Handling command: 
[2025-03-21 19:34:55,701] INFO: Handling normal command: 2
[2025-03-21 19:34:55,701] INFO: Entering digit: 2
[2025-03-21 19:34:55,701] INFO: Ignoring digit 2: max digits (4) reached for base HEX
[2025-03-21 19:34:56,054] INFO: Handling command: 
[2025-03-21 19:34:56,054] INFO: Handling normal command: 3
[2025-03-21 19:34:56,054] INFO: Entering digit: 3
[2025-03-21 19:34:56,054] INFO: Ignoring digit 3: max digits (4) reached for base HEX
[2025-03-21 19:34:56,354] INFO: Handling command: 
[2025-03-21 19:34:56,354] INFO: Handling normal command: 3
[2025-03-21 19:34:56,354] INFO: Entering digit: 3
[2025-03-21 19:34:56,354] INFO: Ignoring digit 3: max digits (4) reached for base HEX
[2025-03-21 19:34:56,669] INFO: Handling command: 
[2025-03-21 19:34:56,669] INFO: Handling normal command: 6
[2025-03-21 19:34:56,669] INFO: Entering digit: 6
[2025-03-21 19:34:56,669] INFO: Ignoring digit 6: max digits (4) reached for base HEX
[2025-03-21 19:34:56,946] INFO: Handling command: 
[2025-03-21 19:34:56,946] INFO: Handling normal command: 6
[2025-03-21 19:34:56,946] INFO: Entering digit: 6
[2025-03-21 19:34:56,946] INFO: Ignoring digit 6: max digits (4) reached for base HEX
[2025-03-21 19:34:57,231] INFO: Handling command: 
[2025-03-21 19:34:57,231] INFO: Handling normal command: 5
[2025-03-21 19:34:57,231] INFO: Entering digit: 5
[2025-03-21 19:34:57,231] INFO: Ignoring digit 5: max digits (4) reached for base HEX
[2025-03-21 19:34:57,629] INFO: Handling command: 
[2025-03-21 19:34:57,629] INFO: Handling normal command: 4
[2025-03-21 19:34:57,629] INFO: Entering digit: 4
[2025-03-21 19:34:57,629] INFO: Ignoring digit 4: max digits (4) reached for base HEX
[2025-03-21 19:34:57,891] INFO: Handling command: 
[2025-03-21 19:34:57,891] INFO: Handling normal command: 4
[2025-03-21 19:34:57,891] INFO: Entering digit: 4
[2025-03-21 19:34:57,891] INFO: Ignoring digit 4: max digits (4) reached for base HEX
[2025-03-21 19:34:58,071] INFO: Handling command: 
[2025-03-21 19:34:58,071] INFO: Handling normal command: 4
[2025-03-21 19:34:58,071] INFO: Entering digit: 4
[2025-03-21 19:34:58,071] INFO: Ignoring digit 4: max digits (4) reached for base HEX
[2025-03-21 19:35:03,170] INFO: Handling command: 
[2025-03-21 19:35:03,171] INFO: Handling normal command: BSP
[2025-03-21 19:35:03,171] INFO: Performing backspace
[2025-03-21 19:35:03,171] INFO: Setting entry: value=111, raw=False
[2025-03-21 19:35:03,171] INFO: Entry set: 0111, value=273
[2025-03-21 19:35:03,494] INFO: Handling command: 
[2025-03-21 19:35:03,494] INFO: Handling normal command: BSP
[2025-03-21 19:35:03,494] INFO: Performing backspace
[2025-03-21 19:35:03,494] INFO: Setting entry: value=11, raw=False
[2025-03-21 19:35:03,494] INFO: Entry set: 0011, value=17
[2025-03-21 19:35:03,711] INFO: Handling command: 
[2025-03-21 19:35:03,711] INFO: Handling normal command: BSP
[2025-03-21 19:35:03,711] INFO: Performing backspace
[2025-03-21 19:35:03,711] INFO: Setting entry: value=1, raw=False
[2025-03-21 19:35:03,711] INFO: Entry set: 0001, value=1
[2025-03-21 19:35:03,884] INFO: Handling command: 
[2025-03-21 19:35:03,884] INFO: Handling normal command: BSP
[2025-03-21 19:35:03,884] INFO: Performing backspace
[2025-03-21 19:35:03,884] INFO: Setting entry: value=0, raw=False
[2025-03-21 19:35:03,884] INFO: Entry set: 0000, value=0
[2025-03-21 19:35:04,588] INFO: Handling command: 
[2025-03-21 19:35:04,589] INFO: Handling normal command: BIN
[2025-03-21 19:35:04,589] INFO: Setting mode: BIN
[2025-03-21 19:35:04,589] INFO: Setting entry: value=0, raw=False
[2025-03-21 19:35:04,589] INFO: Entry set: 0000000000000000, value=0
[2025-03-21 19:35:04,589] INFO: Formatted 0 in BIN as 0000000000000000
[2025-03-21 19:35:04,589] INFO: Setting entry: value=0, raw=False
[2025-03-21 19:35:04,589] INFO: Entry set: 0000000000000000, value=0
[2025-03-21 19:35:04,589] INFO: Base set to BIN
[2025-03-21 19:35:05,405] INFO: Handling command: 
[2025-03-21 19:35:05,406] INFO: Handling normal command: 1
[2025-03-21 19:35:05,406] INFO: Entering digit: 1
[2025-03-21 19:35:05,406] INFO: Ignoring digit 1: max digits (16) reached for base BIN
[2025-03-21 19:35:06,148] INFO: Handling command: 
[2025-03-21 19:35:06,149] INFO: Handling normal command: 0
[2025-03-21 19:35:06,149] INFO: Entering digit: 0
[2025-03-21 19:35:06,149] INFO: Ignoring digit 0: max digits (16) reached for base BIN
[2025-03-21 19:35:06,583] INFO: Handling command: 
[2025-03-21 19:35:06,584] INFO: Handling normal command: 1
[2025-03-21 19:35:06,584] INFO: Entering digit: 1
[2025-03-21 19:35:06,584] INFO: Ignoring digit 1: max digits (16) reached for base BIN
[2025-03-21 19:35:07,040] INFO: Handling command: 
[2025-03-21 19:35:07,040] INFO: Handling normal command: 0
[2025-03-21 19:35:07,040] INFO: Entering digit: 0
[2025-03-21 19:35:07,040] INFO: Ignoring digit 0: max digits (16) reached for base BIN
[2025-03-21 19:35:07,430] INFO: Handling command: 
[2025-03-21 19:35:07,431] INFO: Handling normal command: 1
[2025-03-21 19:35:07,431] INFO: Entering digit: 1
[2025-03-21 19:35:07,431] INFO: Ignoring digit 1: max digits (16) reached for base BIN
[2025-03-21 19:35:07,858] INFO: Handling command: 
[2025-03-21 19:35:07,858] INFO: Handling normal command: 0
[2025-03-21 19:35:07,858] INFO: Entering digit: 0
[2025-03-21 19:35:07,859] INFO: Ignoring digit 0: max digits (16) reached for base BIN
[2025-03-21 19:35:08,180] INFO: Handling command: 
[2025-03-21 19:35:08,181] INFO: Handling normal command: 1
[2025-03-21 19:35:08,181] INFO: Entering digit: 1
[2025-03-21 19:35:08,181] INFO: Ignoring digit 1: max digits (16) reached for base BIN
[2025-03-21 19:35:08,938] INFO: Handling command: 
[2025-03-21 19:35:08,939] INFO: Handling normal command: DEC
[2025-03-21 19:35:08,939] INFO: Setting mode: DEC
[2025-03-21 19:35:08,939] INFO: Setting entry: value=0000000000000000, raw=False
[2025-03-21 19:35:08,939] INFO: Entry set: 0, value=0
[2025-03-21 19:35:08,939] INFO: Formatted 0 in DEC as 0
[2025-03-21 19:35:08,939] INFO: Setting entry: value=0, raw=False
[2025-03-21 19:35:08,939] INFO: Entry set: 0, value=0
[2025-03-21 19:35:08,939] INFO: Base set to DEC
[2025-03-21 19:35:09,500] INFO: Handling command: 
[2025-03-21 19:35:09,500] INFO: Handling normal command: 1
[2025-03-21 19:35:09,501] INFO: Entering digit: 1
[2025-03-21 19:35:09,501] INFO: Appending character: 1
[2025-03-21 19:35:09,501] INFO: Setting entry: value=1, raw=False
[2025-03-21 19:35:09,501] INFO: Entry set: 1, value=1
[2025-03-21 19:35:09,875] INFO: Handling command: 
[2025-03-21 19:35:09,875] INFO: Handling normal command: 2
[2025-03-21 19:35:09,875] INFO: Entering digit: 2
[2025-03-21 19:35:09,876] INFO: Appending character: 2
[2025-03-21 19:35:09,876] INFO: Setting entry: value=12, raw=False
[2025-03-21 19:35:09,876] INFO: Entry set: 12, value=12
[2025-03-21 19:35:10,280] INFO: Handling command: 
[2025-03-21 19:35:10,280] INFO: Handling normal command: 5
[2025-03-21 19:35:10,280] INFO: Entering digit: 5
[2025-03-21 19:35:10,280] INFO: Appending character: 5
[2025-03-21 19:35:10,280] INFO: Setting entry: value=125, raw=False
[2025-03-21 19:35:10,281] INFO: Entry set: 125, value=125
[2025-03-21 19:35:10,865] INFO: Handling command: 
[2025-03-21 19:35:10,865] INFO: Handling normal command: 3
[2025-03-21 19:35:10,865] INFO: Entering digit: 3
[2025-03-21 19:35:10,865] INFO: Appending character: 3
[2025-03-21 19:35:10,866] INFO: Setting entry: value=1253, raw=False
[2025-03-21 19:35:10,866] INFO: Entry set: 1253, value=1253
[2025-03-21 19:35:11,255] INFO: Handling command: 
[2025-03-21 19:35:11,255] INFO: Handling normal command: 6
[2025-03-21 19:35:11,255] INFO: Entering digit: 6
[2025-03-21 19:35:11,256] INFO: Appending character: 6
[2025-03-21 19:35:11,256] INFO: Setting entry: value=12536, raw=False
[2025-03-21 19:35:11,256] INFO: Entry set: 12536, value=12536
[2025-03-21 19:35:12,695] INFO: Handling command: 
[2025-03-21 19:35:12,695] INFO: Handling normal command: 9
[2025-03-21 19:35:12,695] INFO: Entering digit: 9
[2025-03-21 19:35:12,696] INFO: Ignoring digit 9: max digits (5) reached for base DEC
[2025-03-21 19:35:13,010] INFO: Handling command: 
[2025-03-21 19:35:13,010] INFO: Handling normal command: 8
[2025-03-21 19:35:13,010] INFO: Entering digit: 8
[2025-03-21 19:35:13,010] INFO: Ignoring digit 8: max digits (5) reached for base DEC
[2025-03-21 19:35:13,244] INFO: Handling command: 
[2025-03-21 19:35:13,244] INFO: Handling normal command: 8
[2025-03-21 19:35:13,244] INFO: Entering digit: 8
[2025-03-21 19:35:13,244] INFO: Ignoring digit 8: max digits (5) reached for base DEC
[2025-03-21 19:35:13,498] INFO: Handling command: 
[2025-03-21 19:35:13,498] INFO: Handling normal command: 7
[2025-03-21 19:35:13,498] INFO: Entering digit: 7
[2025-03-21 19:35:13,498] INFO: Ignoring digit 7: max digits (5) reached for base DEC
[2025-03-21 19:35:13,745] INFO: Handling command: 
[2025-03-21 19:35:13,745] INFO: Handling normal command: 7
[2025-03-21 19:35:13,746] INFO: Entering digit: 7
[2025-03-21 19:35:13,746] INFO: Ignoring digit 7: max digits (5) reached for base DEC
[2025-03-21 19:35:14,428] INFO: Handling command: 
[2025-03-21 19:35:14,428] INFO: Handling normal command: OCT
[2025-03-21 19:35:14,428] INFO: Setting mode: OCT
[2025-03-21 19:35:14,429] INFO: Setting entry: value=12536, raw=False
[2025-03-21 19:35:14,429] INFO: Entry set: 030370, value=12536
[2025-03-21 19:35:14,429] INFO: Formatted 12536 in OCT as 30370
[2025-03-21 19:35:14,429] INFO: Setting entry: value=12536, raw=False
[2025-03-21 19:35:14,429] INFO: Entry set: 030370, value=12536
[2025-03-21 19:35:14,429] INFO: Base set to OCT
[2025-03-21 19:35:16,138] INFO: Handling command: 
[2025-03-21 19:35:16,138] INFO: Handling normal command: 5
[2025-03-21 19:35:16,138] INFO: Entering digit: 5
[2025-03-21 19:35:16,138] INFO: Appending character: 5
[2025-03-21 19:35:16,138] INFO: Setting entry: value=100293, raw=False
[2025-03-21 19:35:16,139] INFO: Entry set: 103705, value=34757
[2025-03-21 19:35:17,721] INFO: Handling command: 
[2025-03-21 19:35:17,721] INFO: Handling normal command: DEC
[2025-03-21 19:35:17,721] INFO: Setting mode: DEC
[2025-03-21 19:35:17,721] INFO: Setting entry: value=34757, raw=False
[2025-03-21 19:35:17,721] INFO: Entry set: 34757, value=34757
[2025-03-21 19:35:17,721] INFO: Formatted 34757 in DEC as 34757
[2025-03-21 19:35:17,721] INFO: Setting entry: value=34757, raw=False
[2025-03-21 19:35:17,721] INFO: Entry set: 34757, value=34757
[2025-03-21 19:35:17,722] INFO: Base set to DEC
[2025-03-21 19:35:20,129] INFO: Handling command: 
[2025-03-21 19:35:20,129] INFO: Handling normal command: OCT
[2025-03-21 19:35:20,129] INFO: Setting mode: OCT
[2025-03-21 19:35:20,130] INFO: Setting entry: value=34757, raw=False
[2025-03-21 19:35:20,130] INFO: Entry set: 103705, value=34757
[2025-03-21 19:35:20,130] INFO: Formatted 34757 in OCT as 103705
[2025-03-21 19:35:20,130] INFO: Setting entry: value=34757, raw=False
[2025-03-21 19:35:20,130] INFO: Entry set: 103705, value=34757
[2025-03-21 19:35:20,130] INFO: Base set to OCT
[2025-03-21 19:35:20,848] INFO: Handling command: 
[2025-03-21 19:35:20,848] INFO: Handling normal command: DEC
[2025-03-21 19:35:20,848] INFO: Setting mode: DEC
[2025-03-21 19:35:20,848] INFO: Setting entry: value=34757, raw=False
[2025-03-21 19:35:20,848] INFO: Entry set: 34757, value=34757
[2025-03-21 19:35:20,849] INFO: Formatted 34757 in DEC as 34757
[2025-03-21 19:35:20,849] INFO: Setting entry: value=34757, raw=False
[2025-03-21 19:35:20,849] INFO: Entry set: 34757, value=34757
[2025-03-21 19:35:20,849] INFO: Base set to DEC
[2025-03-21 19:35:21,568] INFO: Handling command: 
[2025-03-21 19:35:21,568] INFO: Handling normal command: OCT
[2025-03-21 19:35:21,568] INFO: Setting mode: OCT
[2025-03-21 19:35:21,568] INFO: Setting entry: value=34757, raw=False
[2025-03-21 19:35:21,568] INFO: Entry set: 103705, value=34757
[2025-03-21 19:35:21,568] INFO: Formatted 34757 in OCT as 103705
[2025-03-21 19:35:21,569] INFO: Setting entry: value=34757, raw=False
[2025-03-21 19:35:21,569] INFO: Entry set: 103705, value=34757
[2025-03-21 19:35:21,569] INFO: Base set to OCT
[2025-03-21 19:35:22,866] INFO: Handling command: 
[2025-03-21 19:35:22,866] INFO: Handling normal command: DEC
[2025-03-21 19:35:22,866] INFO: Setting mode: DEC
[2025-03-21 19:35:22,866] INFO: Setting entry: value=34757, raw=False
[2025-03-21 19:35:22,867] INFO: Entry set: 34757, value=34757
[2025-03-21 19:35:22,867] INFO: Formatted 34757 in DEC as 34757
[2025-03-21 19:35:22,867] INFO: Setting entry: value=34757, raw=False
[2025-03-21 19:35:22,867] INFO: Entry set: 34757, value=34757
[2025-03-21 19:35:22,867] INFO: Base set to DEC
[2025-03-21 19:35:25,453] INFO: Handling command: 
[2025-03-21 19:35:25,453] INFO: Handling normal command: BSP
[2025-03-21 19:35:25,453] INFO: Performing backspace
[2025-03-21 19:35:25,453] INFO: Setting entry: value=3475, raw=False
[2025-03-21 19:35:25,453] INFO: Entry set: 3475, value=3475
[2025-03-21 19:35:25,693] INFO: Handling command: 
[2025-03-21 19:35:25,693] INFO: Handling normal command: BSP
[2025-03-21 19:35:25,693] INFO: Performing backspace
[2025-03-21 19:35:25,693] INFO: Setting entry: value=347, raw=False
[2025-03-21 19:35:25,693] INFO: Entry set: 347, value=347
[2025-03-21 19:35:25,896] INFO: Handling command: 
[2025-03-21 19:35:25,896] INFO: Handling normal command: BSP
[2025-03-21 19:35:25,896] INFO: Performing backspace
[2025-03-21 19:35:25,896] INFO: Setting entry: value=34, raw=False
[2025-03-21 19:35:25,896] INFO: Entry set: 34, value=34
[2025-03-21 19:35:26,068] INFO: Handling command: 
[2025-03-21 19:35:26,068] INFO: Handling normal command: BSP
[2025-03-21 19:35:26,068] INFO: Performing backspace
[2025-03-21 19:35:26,068] INFO: Setting entry: value=3, raw=False
[2025-03-21 19:35:26,068] INFO: Entry set: 3, value=3
[2025-03-21 19:35:26,278] INFO: Handling command: 
[2025-03-21 19:35:26,278] INFO: Handling normal command: BSP
[2025-03-21 19:35:26,278] INFO: Performing backspace
[2025-03-21 19:35:26,278] INFO: Setting entry: value=0, raw=False
[2025-03-21 19:35:26,278] INFO: Entry set: 0, value=0
[2025-03-21 19:35:27,186] INFO: Handling command: 
[2025-03-21 19:35:27,186] INFO: Handling normal command: 9
[2025-03-21 19:35:27,186] INFO: Entering digit: 9
[2025-03-21 19:35:27,186] INFO: Appending character: 9
[2025-03-21 19:35:27,186] INFO: Setting entry: value=9, raw=False
[2025-03-21 19:35:27,186] INFO: Entry set: 9, value=9
[2025-03-21 19:35:27,411] INFO: Handling command: 
[2025-03-21 19:35:27,411] INFO: Handling normal command: 9
[2025-03-21 19:35:27,411] INFO: Entering digit: 9
[2025-03-21 19:35:27,411] INFO: Appending character: 9
[2025-03-21 19:35:27,411] INFO: Setting entry: value=99, raw=False
[2025-03-21 19:35:27,411] INFO: Entry set: 99, value=99
[2025-03-21 19:35:27,621] INFO: Handling command: 
[2025-03-21 19:35:27,621] INFO: Handling normal command: 9
[2025-03-21 19:35:27,621] INFO: Entering digit: 9
[2025-03-21 19:35:27,621] INFO: Appending character: 9
[2025-03-21 19:35:27,621] INFO: Setting entry: value=999, raw=False
[2025-03-21 19:35:27,621] INFO: Entry set: 999, value=999
[2025-03-21 19:35:27,831] INFO: Handling command: 
[2025-03-21 19:35:27,831] INFO: Handling normal command: 9
[2025-03-21 19:35:27,831] INFO: Entering digit: 9
[2025-03-21 19:35:27,831] INFO: Appending character: 9
[2025-03-21 19:35:27,831] INFO: Setting entry: value=9999, raw=False
[2025-03-21 19:35:27,831] INFO: Entry set: 9999, value=9999
[2025-03-21 19:35:28,047] INFO: Handling command: 
[2025-03-21 19:35:28,048] INFO: Handling normal command: 9
[2025-03-21 19:35:28,048] INFO: Entering digit: 9
[2025-03-21 19:35:28,048] INFO: Appending character: 9
[2025-03-21 19:35:28,048] INFO: Setting entry: value=99999, raw=False
[2025-03-21 19:35:28,048] INFO: Entry set: 34463, value=34463
[2025-03-21 19:35:28,296] INFO: Handling command: 
[2025-03-21 19:35:28,296] INFO: Handling normal command: 9
[2025-03-21 19:35:28,296] INFO: Entering digit: 9
[2025-03-21 19:35:28,296] INFO: Ignoring digit 9: max digits (5) reached for base DEC
[2025-03-21 19:35:29,212] INFO: Handling command: 
[2025-03-21 19:35:29,212] INFO: Handling normal command: 9
[2025-03-21 19:35:29,212] INFO: Entering digit: 9
[2025-03-21 19:35:29,212] INFO: Ignoring digit 9: max digits (5) reached for base DEC
[2025-03-21 19:35:29,421] INFO: Handling command: 
[2025-03-21 19:35:29,422] INFO: Handling normal command: 9
[2025-03-21 19:35:29,422] INFO: Entering digit: 9
[2025-03-21 19:35:29,422] INFO: Ignoring digit 9: max digits (5) reached for base DEC
[2025-03-21 19:35:30,928] INFO: Handling command: 
[2025-03-21 19:35:30,929] INFO: Handling normal command: OCT
[2025-03-21 19:35:30,929] INFO: Setting mode: OCT
[2025-03-21 19:35:30,929] INFO: Setting entry: value=34463, raw=False
[2025-03-21 19:35:30,929] INFO: Entry set: 103237, value=34463
[2025-03-21 19:35:30,929] INFO: Formatted 34463 in OCT as 103237
[2025-03-21 19:35:30,929] INFO: Setting entry: value=34463, raw=False
[2025-03-21 19:35:30,929] INFO: Entry set: 103237, value=34463
[2025-03-21 19:35:30,929] INFO: Base set to OCT
[2025-03-21 19:35:33,126] INFO: Handling command: set_base_hex
[2025-03-21 19:35:33,127] INFO: Handling normal command: HEX
[2025-03-21 19:35:33,127] INFO: Setting mode: HEX
[2025-03-21 19:35:33,127] INFO: Setting entry: value=34463, raw=False
[2025-03-21 19:35:33,127] INFO: Entry set: 869f, value=34463
[2025-03-21 19:35:33,127] INFO: Formatted 34463 in HEX as 869f
[2025-03-21 19:35:33,127] INFO: Setting entry: value=34463, raw=False
[2025-03-21 19:35:33,127] INFO: Entry set: 869f, value=34463
[2025-03-21 19:35:33,127] INFO: Base set to HEX
[2025-03-21 19:35:34,739] INFO: Handling command: 
[2025-03-21 19:35:34,739] INFO: Handling normal command: DEC
[2025-03-21 19:35:34,739] INFO: Setting mode: DEC
[2025-03-21 19:35:34,740] INFO: Setting entry: value=34463, raw=False
[2025-03-21 19:35:34,740] INFO: Entry set: 34463, value=34463
[2025-03-21 19:35:34,740] INFO: Formatted 34463 in DEC as 34463
[2025-03-21 19:35:34,740] INFO: Setting entry: value=34463, raw=False
[2025-03-21 19:35:34,740] INFO: Entry set: 34463, value=34463
[2025-03-21 19:35:34,740] INFO: Base set to DEC
[2025-03-21 19:35:35,458] INFO: Handling command: 
[2025-03-21 19:35:35,459] INFO: Handling normal command: OCT
[2025-03-21 19:35:35,459] INFO: Setting mode: OCT
[2025-03-21 19:35:35,459] INFO: Setting entry: value=34463, raw=False
[2025-03-21 19:35:35,459] INFO: Entry set: 103237, value=34463
[2025-03-21 19:35:35,459] INFO: Formatted 34463 in OCT as 103237
[2025-03-21 19:35:35,459] INFO: Setting entry: value=34463, raw=False
[2025-03-21 19:35:35,459] INFO: Entry set: 103237, value=34463
[2025-03-21 19:35:35,459] INFO: Base set to OCT
[2025-03-21 19:35:37,161] INFO: Handling command: 
[2025-03-21 19:35:37,161] INFO: Handling normal command: BIN
[2025-03-21 19:35:37,161] INFO: Setting mode: BIN
[2025-03-21 19:35:37,161] INFO: Setting entry: value=34463, raw=False
[2025-03-21 19:35:37,162] INFO: Entry set: 1000011010011111, value=34463
[2025-03-21 19:35:37,162] INFO: Formatted 34463 in BIN as 1000011010011111
[2025-03-21 19:35:37,162] INFO: Setting entry: value=34463, raw=False
[2025-03-21 19:35:37,162] INFO: Entry set: 1000011010011111, value=34463
[2025-03-21 19:35:37,162] INFO: Base set to BIN
[2025-03-21 19:35:40,536] INFO: Handling command: 
[2025-03-21 19:35:40,536] INFO: Handling normal command: BSP
[2025-03-21 19:35:40,536] INFO: Performing backspace
[2025-03-21 19:35:40,536] INFO: Setting entry: value=100001101001111, raw=False
[2025-03-21 19:35:40,536] INFO: Entry set: 0100001101001111, value=17231
[2025-03-21 19:35:40,739] INFO: Handling command: 
[2025-03-21 19:35:40,739] INFO: Handling normal command: BSP
[2025-03-21 19:35:40,740] INFO: Performing backspace
[2025-03-21 19:35:40,740] INFO: Setting entry: value=10000110100111, raw=False
[2025-03-21 19:35:40,740] INFO: Entry set: 0010000110100111, value=8615
[2025-03-21 19:35:40,971] INFO: Handling command: 
[2025-03-21 19:35:40,971] INFO: Handling normal command: BSP
[2025-03-21 19:35:40,971] INFO: Performing backspace
[2025-03-21 19:35:40,971] INFO: Setting entry: value=1000011010011, raw=False
[2025-03-21 19:35:40,971] INFO: Entry set: 0001000011010011, value=4307
[2025-03-21 19:35:41,151] INFO: Handling command: 
[2025-03-21 19:35:41,151] INFO: Handling normal command: BSP
[2025-03-21 19:35:41,151] INFO: Performing backspace
[2025-03-21 19:35:41,151] INFO: Setting entry: value=100001101001, raw=False
[2025-03-21 19:35:41,152] INFO: Entry set: 0000100001101001, value=2153
[2025-03-21 19:35:41,390] INFO: Handling command: 
[2025-03-21 19:35:41,390] INFO: Handling normal command: BSP
[2025-03-21 19:35:41,391] INFO: Performing backspace
[2025-03-21 19:35:41,391] INFO: Setting entry: value=10000110100, raw=False
[2025-03-21 19:35:41,391] INFO: Entry set: 0000010000110100, value=1076
[2025-03-21 19:35:41,593] INFO: Handling command: 
[2025-03-21 19:35:41,593] INFO: Handling normal command: BSP
[2025-03-21 19:35:41,593] INFO: Performing backspace
[2025-03-21 19:35:41,593] INFO: Setting entry: value=1000011010, raw=False
[2025-03-21 19:35:41,594] INFO: Entry set: 0000001000011010, value=538
[2025-03-21 19:35:41,788] INFO: Handling command: 
[2025-03-21 19:35:41,788] INFO: Handling normal command: BSP
[2025-03-21 19:35:41,788] INFO: Performing backspace
[2025-03-21 19:35:41,788] INFO: Setting entry: value=100001101, raw=False
[2025-03-21 19:35:41,789] INFO: Entry set: 0000000100001101, value=269
[2025-03-21 19:35:42,021] INFO: Handling command: 
[2025-03-21 19:35:42,021] INFO: Handling normal command: BSP
[2025-03-21 19:35:42,021] INFO: Performing backspace
[2025-03-21 19:35:42,021] INFO: Setting entry: value=10000110, raw=False
[2025-03-21 19:35:42,022] INFO: Entry set: 0000000010000110, value=134
[2025-03-21 19:35:42,193] INFO: Handling command: 
[2025-03-21 19:35:42,193] INFO: Handling normal command: BSP
[2025-03-21 19:35:42,193] INFO: Performing backspace
[2025-03-21 19:35:42,194] INFO: Setting entry: value=1000011, raw=False
[2025-03-21 19:35:42,194] INFO: Entry set: 0000000001000011, value=67
[2025-03-21 19:35:42,427] INFO: Handling command: 
[2025-03-21 19:35:42,427] INFO: Handling normal command: BSP
[2025-03-21 19:35:42,427] INFO: Performing backspace
[2025-03-21 19:35:42,427] INFO: Setting entry: value=100001, raw=False
[2025-03-21 19:35:42,427] INFO: Entry set: 0000000000100001, value=33
[2025-03-21 19:35:42,636] INFO: Handling command: 
[2025-03-21 19:35:42,636] INFO: Handling normal command: BSP
[2025-03-21 19:35:42,636] INFO: Performing backspace
[2025-03-21 19:35:42,636] INFO: Setting entry: value=10000, raw=False
[2025-03-21 19:35:42,637] INFO: Entry set: 0000000000010000, value=16
[2025-03-21 19:35:42,838] INFO: Handling command: 
[2025-03-21 19:35:42,838] INFO: Handling normal command: BSP
[2025-03-21 19:35:42,838] INFO: Performing backspace
[2025-03-21 19:35:42,838] INFO: Setting entry: value=1000, raw=False
[2025-03-21 19:35:42,839] INFO: Entry set: 0000000000001000, value=8
[2025-03-21 19:35:43,056] INFO: Handling command: 
[2025-03-21 19:35:43,056] INFO: Handling normal command: BSP
[2025-03-21 19:35:43,056] INFO: Performing backspace
[2025-03-21 19:35:43,056] INFO: Setting entry: value=100, raw=False
[2025-03-21 19:35:43,056] INFO: Entry set: 0000000000000100, value=4
[2025-03-21 19:35:43,258] INFO: Handling command: 
[2025-03-21 19:35:43,258] INFO: Handling normal command: BSP
[2025-03-21 19:35:43,258] INFO: Performing backspace
[2025-03-21 19:35:43,258] INFO: Setting entry: value=10, raw=False
[2025-03-21 19:35:43,258] INFO: Entry set: 0000000000000010, value=2
[2025-03-21 19:35:43,476] INFO: Handling command: 
[2025-03-21 19:35:43,476] INFO: Handling normal command: BSP
[2025-03-21 19:35:43,476] INFO: Performing backspace
[2025-03-21 19:35:43,476] INFO: Setting entry: value=1, raw=False
[2025-03-21 19:35:43,476] INFO: Entry set: 0000000000000001, value=1
[2025-03-21 19:35:43,671] INFO: Handling command: 
[2025-03-21 19:35:43,671] INFO: Handling normal command: BSP
[2025-03-21 19:35:43,672] INFO: Performing backspace
[2025-03-21 19:35:43,672] INFO: Setting entry: value=0, raw=False
[2025-03-21 19:35:43,672] INFO: Entry set: 0000000000000000, value=0
[2025-03-21 19:35:44,451] INFO: Handling command: 
[2025-03-21 19:35:44,451] INFO: Handling normal command: 1
[2025-03-21 19:35:44,451] INFO: Entering digit: 1
[2025-03-21 19:35:44,451] INFO: Appending character: 1
[2025-03-21 19:35:44,452] INFO: Setting entry: value=1, raw=False
[2025-03-21 19:35:44,452] INFO: Entry set: 0000000000000001, value=1
[2025-03-21 19:35:44,908] INFO: Handling command: 
[2025-03-21 19:35:44,908] INFO: Handling normal command: 0
[2025-03-21 19:35:44,908] INFO: Entering digit: 0
[2025-03-21 19:35:44,909] INFO: Appending character: 0
[2025-03-21 19:35:44,909] INFO: Setting entry: value=2, raw=False
[2025-03-21 19:35:44,909] INFO: Entry set: 0000000000000010, value=2
[2025-03-21 19:35:45,268] INFO: Handling command: 
[2025-03-21 19:35:45,268] INFO: Handling normal command: 1
[2025-03-21 19:35:45,268] INFO: Entering digit: 1
[2025-03-21 19:35:45,268] INFO: Appending character: 1
[2025-03-21 19:35:45,268] INFO: Setting entry: value=5, raw=False
[2025-03-21 19:35:45,268] INFO: Entry set: 0000000000000101, value=5
[2025-03-21 19:35:45,793] INFO: Handling command: 
[2025-03-21 19:35:45,793] INFO: Handling normal command: 0
[2025-03-21 19:35:45,793] INFO: Entering digit: 0
[2025-03-21 19:35:45,793] INFO: Appending character: 0
[2025-03-21 19:35:45,793] INFO: Setting entry: value=10, raw=False
[2025-03-21 19:35:45,794] INFO: Entry set: 0000000000001010, value=10
[2025-03-21 19:35:46,183] INFO: Handling command: 
[2025-03-21 19:35:46,183] INFO: Handling normal command: 1
[2025-03-21 19:35:46,183] INFO: Entering digit: 1
[2025-03-21 19:35:46,183] INFO: Appending character: 1
[2025-03-21 19:35:46,183] INFO: Setting entry: value=21, raw=False
[2025-03-21 19:35:46,184] INFO: Entry set: 0000000000010101, value=21
[2025-03-21 19:35:46,618] INFO: Handling command: 
[2025-03-21 19:35:46,618] INFO: Handling normal command: 0
[2025-03-21 19:35:46,618] INFO: Entering digit: 0
[2025-03-21 19:35:46,618] INFO: Appending character: 0
[2025-03-21 19:35:46,619] INFO: Setting entry: value=42, raw=False
[2025-03-21 19:35:46,619] INFO: Entry set: 0000000000101010, value=42
[2025-03-21 19:35:47,091] INFO: Handling command: 
[2025-03-21 19:35:47,091] INFO: Handling normal command: 1
[2025-03-21 19:35:47,091] INFO: Entering digit: 1
[2025-03-21 19:35:47,091] INFO: Appending character: 1
[2025-03-21 19:35:47,092] INFO: Setting entry: value=85, raw=False
[2025-03-21 19:35:47,092] INFO: Entry set: 0000000001010101, value=85
[2025-03-21 19:35:47,533] INFO: Handling command: 
[2025-03-21 19:35:47,533] INFO: Handling normal command: 0
[2025-03-21 19:35:47,533] INFO: Entering digit: 0
[2025-03-21 19:35:47,534] INFO: Appending character: 0
[2025-03-21 19:35:47,534] INFO: Setting entry: value=170, raw=False
[2025-03-21 19:35:47,534] INFO: Entry set: 0000000010101010, value=170
[2025-03-21 19:35:47,938] INFO: Handling command: 
[2025-03-21 19:35:47,938] INFO: Handling normal command: 1
[2025-03-21 19:35:47,939] INFO: Entering digit: 1
[2025-03-21 19:35:47,939] INFO: Appending character: 1
[2025-03-21 19:35:47,939] INFO: Setting entry: value=341, raw=False
[2025-03-21 19:35:47,939] INFO: Entry set: 0000000101010101, value=341
[2025-03-21 19:35:48,463] INFO: Handling command: 
[2025-03-21 19:35:48,463] INFO: Handling normal command: 0
[2025-03-21 19:35:48,463] INFO: Entering digit: 0
[2025-03-21 19:35:48,463] INFO: Appending character: 0
[2025-03-21 19:35:48,463] INFO: Setting entry: value=682, raw=False
[2025-03-21 19:35:48,464] INFO: Entry set: 0000001010101010, value=682
[2025-03-21 19:35:48,906] INFO: Handling command: 
[2025-03-21 19:35:48,906] INFO: Handling normal command: 1
[2025-03-21 19:35:48,906] INFO: Entering digit: 1
[2025-03-21 19:35:48,906] INFO: Appending character: 1
[2025-03-21 19:35:48,906] INFO: Setting entry: value=1365, raw=False
[2025-03-21 19:35:48,906] INFO: Entry set: 0000010101010101, value=1365
[2025-03-21 19:35:49,423] INFO: Handling command: 
[2025-03-21 19:35:49,423] INFO: Handling normal command: 0
[2025-03-21 19:35:49,423] INFO: Entering digit: 0
[2025-03-21 19:35:49,423] INFO: Appending character: 0
[2025-03-21 19:35:49,423] INFO: Setting entry: value=2730, raw=False
[2025-03-21 19:35:49,423] INFO: Entry set: 0000101010101010, value=2730
[2025-03-21 19:35:49,941] INFO: Handling command: 
[2025-03-21 19:35:49,941] INFO: Handling normal command: 1
[2025-03-21 19:35:49,941] INFO: Entering digit: 1
[2025-03-21 19:35:49,941] INFO: Appending character: 1
[2025-03-21 19:35:49,941] INFO: Setting entry: value=5461, raw=False
[2025-03-21 19:35:49,941] INFO: Entry set: 0001010101010101, value=5461
[2025-03-21 19:35:50,413] INFO: Handling command: 
[2025-03-21 19:35:50,413] INFO: Handling normal command: 0
[2025-03-21 19:35:50,413] INFO: Entering digit: 0
[2025-03-21 19:35:50,413] INFO: Appending character: 0
[2025-03-21 19:35:50,413] INFO: Setting entry: value=10922, raw=False
[2025-03-21 19:35:50,413] INFO: Entry set: 0010101010101010, value=10922
[2025-03-21 19:35:50,856] INFO: Handling command: 
[2025-03-21 19:35:50,856] INFO: Handling normal command: 1
[2025-03-21 19:35:50,856] INFO: Entering digit: 1
[2025-03-21 19:35:50,856] INFO: Appending character: 1
[2025-03-21 19:35:50,856] INFO: Setting entry: value=21845, raw=False
[2025-03-21 19:35:50,857] INFO: Entry set: 0101010101010101, value=21845
[2025-03-21 19:35:51,621] INFO: Handling command: 
[2025-03-21 19:35:51,621] INFO: Handling normal command: 0
[2025-03-21 19:35:51,621] INFO: Entering digit: 0
[2025-03-21 19:35:51,621] INFO: Appending character: 0
[2025-03-21 19:35:51,621] INFO: Setting entry: value=43690, raw=False
[2025-03-21 19:35:51,622] INFO: Entry set: 1010101010101010, value=43690
[2025-03-21 19:35:53,653] INFO: Handling command: 
[2025-03-21 19:35:53,653] INFO: Handling normal command: 1
[2025-03-21 19:35:53,653] INFO: Entering digit: 1
[2025-03-21 19:35:53,653] INFO: Ignoring digit 1: max digits (16) reached for base BIN
[2025-03-21 19:35:54,396] INFO: Handling command: 
[2025-03-21 19:35:54,396] INFO: Handling normal command: 1
[2025-03-21 19:35:54,396] INFO: Entering digit: 1
[2025-03-21 19:35:54,396] INFO: Ignoring digit 1: max digits (16) reached for base BIN
[2025-03-21 19:35:55,274] INFO: Handling command: set_base_hex
[2025-03-21 19:35:55,274] INFO: Handling normal command: HEX
[2025-03-21 19:35:55,274] INFO: Setting mode: HEX
[2025-03-21 19:35:55,274] INFO: Setting entry: value=43690, raw=False
[2025-03-21 19:35:55,274] INFO: Entry set: aaaa, value=43690
[2025-03-21 19:35:55,274] INFO: Formatted 43690 in HEX as aaaa
[2025-03-21 19:35:55,274] INFO: Setting entry: value=43690, raw=False
[2025-03-21 19:35:55,274] INFO: Entry set: aaaa, value=43690
[2025-03-21 19:35:55,275] INFO: Base set to HEX
[2025-03-21 19:35:56,759] INFO: Handling command: 
[2025-03-21 19:35:56,759] INFO: Handling normal command: DEC
[2025-03-21 19:35:56,759] INFO: Setting mode: DEC
[2025-03-21 19:35:56,759] INFO: Setting entry: value=43690, raw=False
[2025-03-21 19:35:56,759] INFO: Entry set: 43690, value=43690
[2025-03-21 19:35:56,759] INFO: Formatted 43690 in DEC as 43690
[2025-03-21 19:35:56,759] INFO: Setting entry: value=43690, raw=False
[2025-03-21 19:35:56,759] INFO: Entry set: 43690, value=43690
[2025-03-21 19:35:56,759] INFO: Base set to DEC
[2025-03-21 19:35:57,855] INFO: Handling command: 
[2025-03-21 19:35:57,855] INFO: Handling normal command: OCT
[2025-03-21 19:35:57,855] INFO: Setting mode: OCT
[2025-03-21 19:35:57,855] INFO: Setting entry: value=43690, raw=False
[2025-03-21 19:35:57,855] INFO: Entry set: 125252, value=43690
[2025-03-21 19:35:57,855] INFO: Formatted 43690 in OCT as 125252
[2025-03-21 19:35:57,855] INFO: Setting entry: value=43690, raw=False
[2025-03-21 19:35:57,855] INFO: Entry set: 125252, value=43690
[2025-03-21 19:35:57,855] INFO: Base set to OCT
[2025-03-21 19:35:58,784] INFO: Handling command: 
[2025-03-21 19:35:58,784] INFO: Handling normal command: BIN
[2025-03-21 19:35:58,784] INFO: Setting mode: BIN
[2025-03-21 19:35:58,784] INFO: Setting entry: value=43690, raw=False
[2025-03-21 19:35:58,784] INFO: Entry set: 1010101010101010, value=43690
[2025-03-21 19:35:58,784] INFO: Formatted 43690 in BIN as 1010101010101010
[2025-03-21 19:35:58,784] INFO: Setting entry: value=43690, raw=False
[2025-03-21 19:35:58,784] INFO: Entry set: 1010101010101010, value=43690
[2025-03-21 19:35:58,784] INFO: Base set to BIN
[2025-03-21 19:36:00,599] INFO: Handling command: 
[2025-03-21 19:36:00,600] INFO: Handling normal command: DEC
[2025-03-21 19:36:00,600] INFO: Setting mode: DEC
[2025-03-21 19:36:00,600] INFO: Setting entry: value=43690, raw=False
[2025-03-21 19:36:00,600] INFO: Entry set: 43690, value=43690
[2025-03-21 19:36:00,600] INFO: Formatted 43690 in DEC as 43690
[2025-03-21 19:36:00,600] INFO: Setting entry: value=43690, raw=False
[2025-03-21 19:36:00,600] INFO: Entry set: 43690, value=43690
[2025-03-21 19:36:00,600] INFO: Base set to DEC
[2025-03-21 19:36:02,480] INFO: Handling command: 
[2025-03-21 19:36:02,481] INFO: Handling normal command: 9
[2025-03-21 19:36:02,481] INFO: Entering digit: 9
[2025-03-21 19:36:02,481] INFO: Ignoring digit 9: max digits (5) reached for base DEC
[2025-03-21 19:36:02,737] INFO: Handling command: 
[2025-03-21 19:36:02,737] INFO: Handling normal command: 9
[2025-03-21 19:36:02,737] INFO: Entering digit: 9
[2025-03-21 19:36:02,737] INFO: Ignoring digit 9: max digits (5) reached for base DEC
[2025-03-21 19:36:03,059] INFO: Handling command: 
[2025-03-21 19:36:03,059] INFO: Handling normal command: 9
[2025-03-21 19:36:03,059] INFO: Entering digit: 9
[2025-03-21 19:36:03,059] INFO: Ignoring digit 9: max digits (5) reached for base DEC
[2025-03-21 19:36:07,589] INFO: Handling command: 
[2025-03-21 19:36:07,589] INFO: Handling normal command: BSP
[2025-03-21 19:36:07,589] INFO: Performing backspace
[2025-03-21 19:36:07,589] INFO: Setting entry: value=4369, raw=False
[2025-03-21 19:36:07,590] INFO: Entry set: 4369, value=4369
[2025-03-21 19:36:07,844] INFO: Handling command: 
[2025-03-21 19:36:07,844] INFO: Handling normal command: BSP
[2025-03-21 19:36:07,844] INFO: Performing backspace
[2025-03-21 19:36:07,844] INFO: Setting entry: value=436, raw=False
[2025-03-21 19:36:07,844] INFO: Entry set: 436, value=436
[2025-03-21 19:36:08,053] INFO: Handling command: 
[2025-03-21 19:36:08,054] INFO: Handling normal command: BSP
[2025-03-21 19:36:08,054] INFO: Performing backspace
[2025-03-21 19:36:08,054] INFO: Setting entry: value=43, raw=False
[2025-03-21 19:36:08,054] INFO: Entry set: 43, value=43
[2025-03-21 19:36:08,256] INFO: Handling command: 
[2025-03-21 19:36:08,257] INFO: Handling normal command: BSP
[2025-03-21 19:36:08,257] INFO: Performing backspace
[2025-03-21 19:36:08,257] INFO: Setting entry: value=4, raw=False
[2025-03-21 19:36:08,257] INFO: Entry set: 4, value=4
[2025-03-21 19:36:08,451] INFO: Handling command: 
[2025-03-21 19:36:08,452] INFO: Handling normal command: BSP
[2025-03-21 19:36:08,452] INFO: Performing backspace
[2025-03-21 19:36:08,452] INFO: Setting entry: value=0, raw=False
[2025-03-21 19:36:08,452] INFO: Entry set: 0, value=0
[2025-03-21 19:36:09,231] INFO: Handling command: 
[2025-03-21 19:36:09,231] INFO: Handling normal command: 9
[2025-03-21 19:36:09,231] INFO: Entering digit: 9
[2025-03-21 19:36:09,232] INFO: Appending character: 9
[2025-03-21 19:36:09,232] INFO: Setting entry: value=9, raw=False
[2025-03-21 19:36:09,232] INFO: Entry set: 9, value=9
[2025-03-21 19:36:09,464] INFO: Handling command: 
[2025-03-21 19:36:09,464] INFO: Handling normal command: 9
[2025-03-21 19:36:09,464] INFO: Entering digit: 9
[2025-03-21 19:36:09,464] INFO: Appending character: 9
[2025-03-21 19:36:09,464] INFO: Setting entry: value=99, raw=False
[2025-03-21 19:36:09,464] INFO: Entry set: 99, value=99
[2025-03-21 19:36:09,688] INFO: Handling command: 
[2025-03-21 19:36:09,688] INFO: Handling normal command: 9
[2025-03-21 19:36:09,688] INFO: Entering digit: 9
[2025-03-21 19:36:09,689] INFO: Appending character: 9
[2025-03-21 19:36:09,689] INFO: Setting entry: value=999, raw=False
[2025-03-21 19:36:09,689] INFO: Entry set: 999, value=999
[2025-03-21 19:36:09,898] INFO: Handling command: 
[2025-03-21 19:36:09,899] INFO: Handling normal command: 9
[2025-03-21 19:36:09,899] INFO: Entering digit: 9
[2025-03-21 19:36:09,899] INFO: Appending character: 9
[2025-03-21 19:36:09,899] INFO: Setting entry: value=9999, raw=False
[2025-03-21 19:36:09,899] INFO: Entry set: 9999, value=9999
[2025-03-21 19:36:10,132] INFO: Handling command: 
[2025-03-21 19:36:10,132] INFO: Handling normal command: 9
[2025-03-21 19:36:10,132] INFO: Entering digit: 9
[2025-03-21 19:36:10,132] INFO: Appending character: 9
[2025-03-21 19:36:10,132] INFO: Setting entry: value=99999, raw=False
[2025-03-21 19:36:10,132] INFO: Entry set: 34463, value=34463
[2025-03-21 19:36:13,115] INFO: Handling command: 
[2025-03-21 19:36:13,115] INFO: Handling normal command: BIN
[2025-03-21 19:36:13,115] INFO: Setting mode: BIN
[2025-03-21 19:36:13,116] INFO: Setting entry: value=34463, raw=False
[2025-03-21 19:36:13,116] INFO: Entry set: 1000011010011111, value=34463
[2025-03-21 19:36:13,116] INFO: Formatted 34463 in BIN as 1000011010011111
[2025-03-21 19:36:13,116] INFO: Setting entry: value=34463, raw=False
[2025-03-21 19:36:13,116] INFO: Entry set: 1000011010011111, value=34463
[2025-03-21 19:36:13,116] INFO: Base set to BIN
[2025-03-21 19:36:14,639] INFO: Handling command: 
[2025-03-21 19:36:14,639] INFO: Handling normal command: OCT
[2025-03-21 19:36:14,639] INFO: Setting mode: OCT
[2025-03-21 19:36:14,639] INFO: Setting entry: value=34463, raw=False
[2025-03-21 19:36:14,639] INFO: Entry set: 103237, value=34463
[2025-03-21 19:36:14,639] INFO: Formatted 34463 in OCT as 103237
[2025-03-21 19:36:14,639] INFO: Setting entry: value=34463, raw=False
[2025-03-21 19:36:14,639] INFO: Entry set: 103237, value=34463
[2025-03-21 19:36:14,639] INFO: Base set to OCT
[2025-03-21 19:36:15,643] INFO: Handling command: 
[2025-03-21 19:36:15,643] INFO: Handling normal command: DEC
[2025-03-21 19:36:15,643] INFO: Setting mode: DEC
[2025-03-21 19:36:15,643] INFO: Setting entry: value=34463, raw=False
[2025-03-21 19:36:15,644] INFO: Entry set: 34463, value=34463
[2025-03-21 19:36:15,644] INFO: Formatted 34463 in DEC as 34463
[2025-03-21 19:36:15,644] INFO: Setting entry: value=34463, raw=False
[2025-03-21 19:36:15,644] INFO: Entry set: 34463, value=34463
[2025-03-21 19:36:15,644] INFO: Base set to DEC
[2025-03-21 19:36:16,236] INFO: Handling command: set_base_hex
[2025-03-21 19:36:16,236] INFO: Handling normal command: HEX
[2025-03-21 19:36:16,236] INFO: Setting mode: HEX
[2025-03-21 19:36:16,236] INFO: Setting entry: value=34463, raw=False
[2025-03-21 19:36:16,237] INFO: Entry set: 869f, value=34463
[2025-03-21 19:36:16,237] INFO: Formatted 34463 in HEX as 869f
[2025-03-21 19:36:16,237] INFO: Setting entry: value=34463, raw=False
[2025-03-21 19:36:16,237] INFO: Entry set: 869f, value=34463
[2025-03-21 19:36:16,237] INFO: Base set to HEX
[2025-03-21 19:36:17,257] INFO: Handling command: 
[2025-03-21 19:36:17,257] INFO: Handling normal command: DEC
[2025-03-21 19:36:17,257] INFO: Setting mode: DEC
[2025-03-21 19:36:17,257] INFO: Setting entry: value=34463, raw=False
[2025-03-21 19:36:17,257] INFO: Entry set: 34463, value=34463
[2025-03-21 19:36:17,257] INFO: Formatted 34463 in DEC as 34463
[2025-03-21 19:36:17,257] INFO: Setting entry: value=34463, raw=False
[2025-03-21 19:36:17,258] INFO: Entry set: 34463, value=34463
[2025-03-21 19:36:17,258] INFO: Base set to DEC
[2025-03-21 19:36:18,149] INFO: Handling command: 
[2025-03-21 19:36:18,149] INFO: Handling normal command: OCT
[2025-03-21 19:36:18,149] INFO: Setting mode: OCT
[2025-03-21 19:36:18,149] INFO: Setting entry: value=34463, raw=False
[2025-03-21 19:36:18,149] INFO: Entry set: 103237, value=34463
[2025-03-21 19:36:18,149] INFO: Formatted 34463 in OCT as 103237
[2025-03-21 19:36:18,149] INFO: Setting entry: value=34463, raw=False
[2025-03-21 19:36:18,150] INFO: Entry set: 103237, value=34463
[2025-03-21 19:36:18,150] INFO: Base set to OCT
[2025-03-21 19:36:18,703] INFO: Handling command: 
[2025-03-21 19:36:18,703] INFO: Handling normal command: DEC
[2025-03-21 19:36:18,703] INFO: Setting mode: DEC
[2025-03-21 19:36:18,703] INFO: Setting entry: value=34463, raw=False
[2025-03-21 19:36:18,704] INFO: Entry set: 34463, value=34463
[2025-03-21 19:36:18,704] INFO: Formatted 34463 in DEC as 34463
[2025-03-21 19:36:18,704] INFO: Setting entry: value=34463, raw=False
[2025-03-21 19:36:18,704] INFO: Entry set: 34463, value=34463
[2025-03-21 19:36:18,704] INFO: Base set to DEC
[2025-03-21 19:36:19,213] INFO: Handling command: set_base_hex
[2025-03-21 19:36:19,213] INFO: Handling normal command: HEX
[2025-03-21 19:36:19,213] INFO: Setting mode: HEX
[2025-03-21 19:36:19,213] INFO: Setting entry: value=34463, raw=False
[2025-03-21 19:36:19,213] INFO: Entry set: 869f, value=34463
[2025-03-21 19:36:19,213] INFO: Formatted 34463 in HEX as 869f
[2025-03-21 19:36:19,213] INFO: Setting entry: value=34463, raw=False
[2025-03-21 19:36:19,214] INFO: Entry set: 869f, value=34463
[2025-03-21 19:36:19,214] INFO: Base set to HEX
[2025-03-21 19:36:19,873] INFO: Handling command: 
[2025-03-21 19:36:19,873] INFO: Handling normal command: DEC
[2025-03-21 19:36:19,873] INFO: Setting mode: DEC
[2025-03-21 19:36:19,874] INFO: Setting entry: value=34463, raw=False
[2025-03-21 19:36:19,874] INFO: Entry set: 34463, value=34463
[2025-03-21 19:36:19,874] INFO: Formatted 34463 in DEC as 34463
[2025-03-21 19:36:19,874] INFO: Setting entry: value=34463, raw=False
[2025-03-21 19:36:19,874] INFO: Entry set: 34463, value=34463
[2025-03-21 19:36:19,874] INFO: Base set to DEC
[2025-03-21 19:36:21,052] INFO: Handling command: 
[2025-03-21 19:36:21,052] INFO: Handling normal command: OCT
[2025-03-21 19:36:21,052] INFO: Setting mode: OCT
[2025-03-21 19:36:21,052] INFO: Setting entry: value=34463, raw=False
[2025-03-21 19:36:21,052] INFO: Entry set: 103237, value=34463
[2025-03-21 19:36:21,052] INFO: Formatted 34463 in OCT as 103237
[2025-03-21 19:36:21,052] INFO: Setting entry: value=34463, raw=False
[2025-03-21 19:36:21,052] INFO: Entry set: 103237, value=34463
[2025-03-21 19:36:21,052] INFO: Base set to OCT
[2025-03-21 19:36:22,049] INFO: Handling command: 
[2025-03-21 19:36:22,049] INFO: Handling normal command: BIN
[2025-03-21 19:36:22,049] INFO: Setting mode: BIN
[2025-03-21 19:36:22,049] INFO: Setting entry: value=34463, raw=False
[2025-03-21 19:36:22,049] INFO: Entry set: 1000011010011111, value=34463
[2025-03-21 19:36:22,050] INFO: Formatted 34463 in BIN as 1000011010011111
[2025-03-21 19:36:22,050] INFO: Setting entry: value=34463, raw=False
[2025-03-21 19:36:22,050] INFO: Entry set: 1000011010011111, value=34463
[2025-03-21 19:36:22,050] INFO: Base set to BIN
[2025-03-21 19:36:23,391] INFO: Handling command: 
[2025-03-21 19:36:23,391] INFO: Handling normal command: DEC
[2025-03-21 19:36:23,391] INFO: Setting mode: DEC
[2025-03-21 19:36:23,391] INFO: Setting entry: value=34463, raw=False
[2025-03-21 19:36:23,391] INFO: Entry set: 34463, value=34463
[2025-03-21 19:36:23,391] INFO: Formatted 34463 in DEC as 34463
[2025-03-21 19:36:23,391] INFO: Setting entry: value=34463, raw=False
[2025-03-21 19:36:23,391] INFO: Entry set: 34463, value=34463
[2025-03-21 19:36:23,391] INFO: Base set to DEC
[2025-03-21 19:36:26,347] INFO: Handling command: 
[2025-03-21 19:36:26,347] INFO: Handling normal command: DEC
[2025-03-21 19:36:26,347] INFO: Setting mode: DEC
[2025-03-21 19:36:26,347] INFO: Setting entry: value=34463, raw=False
[2025-03-21 19:36:26,347] INFO: Entry set: 34463, value=34463
[2025-03-21 19:36:26,347] INFO: Formatted 34463 in DEC as 34463
[2025-03-21 19:36:26,347] INFO: Setting entry: value=34463, raw=False
[2025-03-21 19:36:26,347] INFO: Entry set: 34463, value=34463
[2025-03-21 19:36:26,347] INFO: Base set to DEC
[2025-03-21 19:36:26,744] INFO: Handling command: 
[2025-03-21 19:36:26,744] INFO: Handling normal command: DEC
[2025-03-21 19:36:26,744] INFO: Setting mode: DEC
[2025-03-21 19:36:26,744] INFO: Setting entry: value=34463, raw=False
[2025-03-21 19:36:26,745] INFO: Entry set: 34463, value=34463
[2025-03-21 19:36:26,745] INFO: Formatted 34463 in DEC as 34463
[2025-03-21 19:36:26,745] INFO: Setting entry: value=34463, raw=False
[2025-03-21 19:36:26,745] INFO: Entry set: 34463, value=34463
[2025-03-21 19:36:26,745] INFO: Base set to DEC
[2025-03-21 19:36:27,224] INFO: Handling command: 
[2025-03-21 19:36:27,224] INFO: Handling normal command: DEC
[2025-03-21 19:36:27,224] INFO: Setting mode: DEC
[2025-03-21 19:36:27,224] INFO: Setting entry: value=34463, raw=False
[2025-03-21 19:36:27,224] INFO: Entry set: 34463, value=34463
[2025-03-21 19:36:27,224] INFO: Formatted 34463 in DEC as 34463
[2025-03-21 19:36:27,224] INFO: Setting entry: value=34463, raw=False
[2025-03-21 19:36:27,225] INFO: Entry set: 34463, value=34463
[2025-03-21 19:36:27,225] INFO: Base set to DEC
[2025-03-21 19:36:27,486] INFO: Handling command: 
[2025-03-21 19:36:27,486] INFO: Handling normal command: DEC
[2025-03-21 19:36:27,486] INFO: Setting mode: DEC
[2025-03-21 19:36:27,486] INFO: Setting entry: value=34463, raw=False
[2025-03-21 19:36:27,486] INFO: Entry set: 34463, value=34463
[2025-03-21 19:36:27,486] INFO: Formatted 34463 in DEC as 34463
[2025-03-21 19:36:27,486] INFO: Setting entry: value=34463, raw=False
[2025-03-21 19:36:27,486] INFO: Entry set: 34463, value=34463
[2025-03-21 19:36:27,486] INFO: Base set to DEC
[2025-03-21 19:36:28,799] INFO: Handling command: set_base_hex
[2025-03-21 19:36:28,799] INFO: Handling normal command: HEX
[2025-03-21 19:36:28,799] INFO: Setting mode: HEX
[2025-03-21 19:36:28,799] INFO: Setting entry: value=34463, raw=False
[2025-03-21 19:36:28,799] INFO: Entry set: 869f, value=34463
[2025-03-21 19:36:28,800] INFO: Formatted 34463 in HEX as 869f
[2025-03-21 19:36:28,800] INFO: Setting entry: value=34463, raw=False
[2025-03-21 19:36:28,800] INFO: Entry set: 869f, value=34463
[2025-03-21 19:36:28,800] INFO: Base set to HEX
[2025-03-21 19:36:29,601] INFO: Handling command: 
[2025-03-21 19:36:29,602] INFO: Handling normal command: DEC
[2025-03-21 19:36:29,602] INFO: Setting mode: DEC
[2025-03-21 19:36:29,602] INFO: Setting entry: value=34463, raw=False
[2025-03-21 19:36:29,602] INFO: Entry set: 34463, value=34463
[2025-03-21 19:36:29,602] INFO: Formatted 34463 in DEC as 34463
[2025-03-21 19:36:29,602] INFO: Setting entry: value=34463, raw=False
[2025-03-21 19:36:29,602] INFO: Entry set: 34463, value=34463
[2025-03-21 19:36:29,602] INFO: Base set to DEC
[2025-03-21 19:37:35,767] INFO: Handling command: 
[2025-03-21 19:37:35,767] INFO: Handling normal command: DEC
[2025-03-21 19:37:35,767] INFO: Setting mode: DEC
[2025-03-21 19:37:35,767] INFO: Setting entry: value=34463, raw=False
[2025-03-21 19:37:35,767] INFO: Entry set: 34463, value=34463
[2025-03-21 19:37:35,767] INFO: Formatted 34463 in DEC as 34463
[2025-03-21 19:37:35,767] INFO: Setting entry: value=34463, raw=False
[2025-03-21 19:37:35,767] INFO: Entry set: 34463, value=34463
[2025-03-21 19:37:35,767] INFO: Base set to DEC
[2025-03-21 19:37:37,379] INFO: Handling command: 
[2025-03-21 19:37:37,379] INFO: Handling normal command: OCT
[2025-03-21 19:37:37,380] INFO: Setting mode: OCT
[2025-03-21 19:37:37,380] INFO: Setting entry: value=34463, raw=False
[2025-03-21 19:37:37,380] INFO: Entry set: 103237, value=34463
[2025-03-21 19:37:37,380] INFO: Formatted 34463 in OCT as 103237
[2025-03-21 19:37:37,380] INFO: Setting entry: value=34463, raw=False
[2025-03-21 19:37:37,380] INFO: Entry set: 103237, value=34463
[2025-03-21 19:37:37,380] INFO: Base set to OCT
[2025-03-21 19:37:40,048] INFO: Handling command: set_base_hex
[2025-03-21 19:37:40,048] INFO: Handling normal command: HEX
[2025-03-21 19:37:40,049] INFO: Setting mode: HEX
[2025-03-21 19:37:40,049] INFO: Setting entry: value=34463, raw=False
[2025-03-21 19:37:40,049] INFO: Entry set: 869f, value=34463
[2025-03-21 19:37:40,049] INFO: Formatted 34463 in HEX as 869f
[2025-03-21 19:37:40,049] INFO: Setting entry: value=34463, raw=False
[2025-03-21 19:37:40,049] INFO: Entry set: 869f, value=34463
[2025-03-21 19:37:40,049] INFO: Base set to HEX
[2025-03-21 19:39:32,661] INFO: Handling command: 
[2025-03-21 19:39:32,661] INFO: Handling normal command: BSP
[2025-03-21 19:39:32,661] INFO: Performing backspace
[2025-03-21 19:39:32,662] INFO: Setting entry: value=869, raw=False
[2025-03-21 19:39:32,662] INFO: Entry set: 0869, value=2153
[2025-03-21 19:39:32,863] INFO: Handling command: 
[2025-03-21 19:39:32,863] INFO: Handling normal command: BSP
[2025-03-21 19:39:32,863] INFO: Performing backspace
[2025-03-21 19:39:32,863] INFO: Setting entry: value=86, raw=False
[2025-03-21 19:39:32,863] INFO: Entry set: 0086, value=134
[2025-03-21 19:39:33,118] INFO: Handling command: 
[2025-03-21 19:39:33,118] INFO: Handling normal command: BSP
[2025-03-21 19:39:33,118] INFO: Performing backspace
[2025-03-21 19:39:33,118] INFO: Setting entry: value=8, raw=False
[2025-03-21 19:39:33,119] INFO: Entry set: 0008, value=8
[2025-03-21 19:39:33,313] INFO: Handling command: 
[2025-03-21 19:39:33,313] INFO: Handling normal command: BSP
[2025-03-21 19:39:33,313] INFO: Performing backspace
[2025-03-21 19:39:33,313] INFO: Setting entry: value=0, raw=False
[2025-03-21 19:39:33,313] INFO: Entry set: 0000, value=0
[2025-03-21 19:39:34,371] INFO: Handling command: 
[2025-03-21 19:39:34,371] INFO: Handling normal command: DEC
[2025-03-21 19:39:34,371] INFO: Setting mode: DEC
[2025-03-21 19:39:34,371] INFO: Setting entry: value=0, raw=False
[2025-03-21 19:39:34,371] INFO: Entry set: 0, value=0
[2025-03-21 19:39:34,371] INFO: Formatted 0 in DEC as 0
[2025-03-21 19:39:34,372] INFO: Setting entry: value=0, raw=False
[2025-03-21 19:39:34,372] INFO: Entry set: 0, value=0
[2025-03-21 19:39:34,372] INFO: Base set to DEC
[2025-03-21 19:39:36,261] INFO: Handling command: 
[2025-03-21 19:39:36,261] INFO: Handling normal command: 8
[2025-03-21 19:39:36,261] INFO: Entering digit: 8
[2025-03-21 19:39:36,261] INFO: Appending character: 8
[2025-03-21 19:39:36,261] INFO: Setting entry: value=8, raw=False
[2025-03-21 19:39:36,261] INFO: Entry set: 8, value=8
[2025-03-21 19:39:38,653] INFO: Handling command: yellow_f_function
[2025-03-21 19:39:38,653] INFO: Toggling mode: f, f_active=False, g_active=False
[2025-03-21 19:39:38,687] INFO: Mode set: f
[2025-03-21 19:39:39,208] INFO: f-mode action: WSIZE
[2025-03-21 19:39:39,208] INFO: Setting word size: 8
[2025-03-21 19:39:39,208] INFO: Word size changed: 16 -> 8, X=0, stack=[0, 0, 0]
[2025-03-21 19:39:39,208] INFO: Stack info updated: 00-08-0000
[2025-03-21 19:39:39,208] INFO: Formatted 0 in DEC as 0
[2025-03-21 19:39:39,209] INFO: Setting entry: value=0, raw=False
[2025-03-21 19:39:39,209] INFO: Entry set: 0, value=0
[2025-03-21 19:39:39,209] INFO: Clearing entry
[2025-03-21 19:39:39,209] INFO: Toggling mode: f, f_active=True, g_active=False
[2025-03-21 19:39:39,217] INFO: Mode reset to normal
[2025-03-21 19:39:44,436] INFO: Handling normal command: 9
[2025-03-21 19:39:44,436] INFO: Entering digit: 9
[2025-03-21 19:39:44,436] INFO: Appending character: 9
[2025-03-21 19:39:44,436] INFO: Setting entry: value=9, raw=False
[2025-03-21 19:39:44,436] INFO: Entry set: 9, value=9
[2025-03-21 19:39:44,712] INFO: Handling normal command: 9
[2025-03-21 19:39:44,713] INFO: Entering digit: 9
[2025-03-21 19:39:44,713] INFO: Appending character: 9
[2025-03-21 19:39:44,713] INFO: Setting entry: value=99, raw=False
[2025-03-21 19:39:44,713] INFO: Entry set: 99, value=99
[2025-03-21 19:39:45,020] INFO: Handling normal command: 9
[2025-03-21 19:39:45,021] INFO: Entering digit: 9
[2025-03-21 19:39:45,021] INFO: Appending character: 9
[2025-03-21 19:39:45,021] INFO: Setting entry: value=999, raw=False
[2025-03-21 19:39:45,021] INFO: Entry set: 231, value=231
