[2025-03-21 20:05:59,119] INFO: Stack initialized: [0, 0, 0], X=0, word_size=16, complement_mode=UNSIGNED
[2025-03-21 20:05:59,123] INFO: Script started: main.pyw
[2025-03-21 20:05:59,123] INFO: Entering function: main
[2025-03-21 20:05:59,123] INFO: Creating Tk root window
[2025-03-21 20:05:59,182] INFO: Setting window title: HP 16C Emulator
[2025-03-21 20:05:59,183] INFO: Configuring root background color: #1e1818
[2025-03-21 20:05:59,183] INFO: Setting root resizable: False, False
[2025-03-21 20:05:59,183] INFO: Entering function: load_config
[2025-03-21 20:05:59,183] INFO: Config loaded and updated: {'display_width': 575, 'display_height': 80, 'margin': 20, 'bg_color': '#1e1818', 'display_font_family': 'Courier', 'display_font_size': 18, 'display_x': 125, 'display_y': 20}
[2025-03-21 20:05:59,183] INFO: Exiting function: load_config
[2025-03-21 20:05:59,183] INFO: Custom font created: family=Courier, size=18
[2025-03-21 20:05:59,183] INFO: Setting up UI: display at x=125, y=20, width=575, height=80, grid=4x10, total=1089x560
[2025-03-21 20:05:59,183] INFO: Initializing Display: x=125, y=20, width=575, height=80
[2025-03-21 20:05:59,186] INFO: Stack info updated: 00-16-0000
[2025-03-21 20:05:59,186] INFO: Display initialized: mode=DEC, entry=0
[2025-03-21 20:05:59,186] INFO: Setting mode: DEC
[2025-03-21 20:05:59,186] INFO: Setting entry: value=0, raw=False
[2025-03-21 20:05:59,186] INFO: Entry set: 0, value=0
[2025-03-21 20:05:59,186] INFO: Creating buttons from BUTTONS_CONFIG
[2025-03-21 20:05:59,188] INFO: Button 0,0: SL/A/LJ, 75x75, row=0, col=0, rowspan=1
[2025-03-21 20:05:59,189] INFO: Button 1,0: x><(i)/GSB/RTN, 75x75, row=1, col=0, rowspan=1
[2025-03-21 20:05:59,190] INFO: Button 2,0: (i)/R/S/P/R, 75x75, row=2, col=0, rowspan=1
[2025-03-21 20:05:59,190] INFO: Button 3,0: /ON/, 75x75, row=3, col=0, rowspan=1
[2025-03-21 20:05:59,191] INFO: Button 0,1: SR/B/ASR, 75x75, row=0, col=1, rowspan=1
[2025-03-21 20:05:59,192] INFO: Button 1,1: x><I/GTO/LBL, 75x75, row=1, col=1, rowspan=1
[2025-03-21 20:05:59,193] INFO: Button 2,1: I/SST/BST, 75x75, row=2, col=1, rowspan=1
[2025-03-21 20:05:59,193] INFO: Button 3,1: /f/, 75x75, row=3, col=1, rowspan=1
[2025-03-21 20:05:59,194] INFO: Button 0,2: RL/C/DSZ, 75x75, row=0, col=2, rowspan=1
[2025-03-21 20:05:59,194] INFO: Button 1,2: SHOW HEX/HEX/DSZ, 75x75, row=1, col=2, rowspan=1
[2025-03-21 20:05:59,197] INFO: Button 2,2: CLR PRGM/R↓/R↑, 75x75, row=2, col=2, rowspan=1
[2025-03-21 20:05:59,197] INFO: Button 3,2: /g/, 75x75, row=3, col=2, rowspan=1
[2025-03-21 20:05:59,198] INFO: Button 0,3: RR/D/RRC, 75x75, row=0, col=3, rowspan=1
[2025-03-21 20:05:59,199] INFO: Button 1,3: SHOW DEC/DEC/ISZ, 75x75, row=1, col=3, rowspan=1
[2025-03-21 20:05:59,199] INFO: Button 2,3: CLR REG/x><y/PSE, 75x75, row=2, col=3, rowspan=1
[2025-03-21 20:05:59,218] INFO: Button 3,3: WSIZE/STO/⯇, 75x75, row=3, col=3, rowspan=1
[2025-03-21 20:05:59,219] INFO: Button 0,4: RLn/E/RLCn, 75x75, row=0, col=4, rowspan=1
[2025-03-21 20:05:59,220] INFO: Button 1,4: SHOW OCT/OCT/√x, 75x75, row=1, col=4, rowspan=1
[2025-03-21 20:05:59,221] INFO: Button 2,4: CLR PRFX/BSP/CLX, 75x75, row=2, col=4, rowspan=1
[2025-03-21 20:05:59,222] INFO: Button 3,4: FLOAT/RCL/⯈, 75x75, row=3, col=4, rowspan=1
[2025-03-21 20:05:59,223] INFO: Button 0,5: RRn/F/RRCn, 75x75, row=0, col=5, rowspan=1
[2025-03-21 20:05:59,224] INFO: Button 1,5: SHOW BIN/BIN/1/x, 75x75, row=1, col=5, rowspan=1
[2025-03-21 20:05:59,225] INFO: Button 2,5: WINDOW/ENTER/LST X, 75x175, row=2, col=5, rowspan=2
[2025-03-21 20:05:59,225] INFO: Button 0,6: MASKL/7/#B, 75x75, row=0, col=6, rowspan=1
[2025-03-21 20:05:59,226] INFO: Button 1,6: SB/4/SF, 75x75, row=1, col=6, rowspan=1
[2025-03-21 20:05:59,227] INFO: Button 2,6: SC 1'S/1/X≤Y, 75x75, row=2, col=6, rowspan=1
[2025-03-21 20:05:59,228] INFO: Button 3,6: MEM/0/X≠Y, 75x75, row=3, col=6, rowspan=1
[2025-03-21 20:05:59,228] INFO: Button 0,7: MASKR/8/ABS, 75x75, row=0, col=7, rowspan=1
[2025-03-21 20:05:59,229] INFO: Button 1,7: CB/5/CF, 75x75, row=1, col=7, rowspan=1
[2025-03-21 20:05:59,230] INFO: Button 2,7: SC 2'S/2/X<0, 75x75, row=2, col=7, rowspan=1
[2025-03-21 20:05:59,231] INFO: Button 3,7: STATUS/./X≠0, 75x75, row=3, col=7, rowspan=1
[2025-03-21 20:05:59,231] INFO: Button 0,8: RMD/9/DBLR, 75x75, row=0, col=8, rowspan=1
[2025-03-21 20:05:59,232] INFO: Button 1,8: B?/6/F?, 75x75, row=1, col=8, rowspan=1
[2025-03-21 20:05:59,233] INFO: Button 2,8: SC UNSGN/3/X>Y, 75x75, row=2, col=8, rowspan=1
[2025-03-21 20:05:59,234] INFO: Button 3,8: EEx/CHS/X=Y, 75x75, row=3, col=8, rowspan=1
[2025-03-21 20:05:59,234] INFO: Button 0,9: XOR///DBL/, 75x75, row=0, col=9, rowspan=1
[2025-03-21 20:05:59,235] INFO: Button 1,9: AND/*/DBL*, 75x75, row=1, col=9, rowspan=1
[2025-03-21 20:05:59,236] INFO: Button 2,9: NOT/-/X>0, 75x75, row=2, col=9, rowspan=1
[2025-03-21 20:05:59,237] INFO: Button 3,9: OR/+/X=0, 75x75, row=3, col=9, rowspan=1
[2025-03-21 20:05:59,237] INFO: Total buttons created: 39
[2025-03-21 20:05:59,237] INFO: Grid configured: 10 cols, 4 rows, minsize=75
[2025-03-21 20:05:59,262] INFO: Initializing HP16CController with display and buttons
[2025-03-21 20:05:59,262] INFO: Initializing HP16CController
[2025-03-21 20:05:59,262] INFO: Binding buttons to controller actions
[2025-03-21 20:05:59,262] INFO: Binding actions to all buttons
[2025-03-21 20:05:59,263] INFO: Starting periodic stack updates
[2025-03-21 20:05:59,264] INFO: Setting entry: value=0, raw=False
[2025-03-21 20:05:59,264] INFO: Entry set: 0, value=0
[2025-03-21 20:05:59,476] INFO: Root window size: 1089x560+104+104
[2025-03-21 20:05:59,476] INFO: Entering Tkinter mainloop
[2025-03-21 20:06:00,651] INFO: Handling command: 
[2025-03-21 20:06:00,651] INFO: Handling normal command: 1
[2025-03-21 20:06:00,651] INFO: Entering digit: 1
[2025-03-21 20:06:00,651] INFO: Clearing entry
[2025-03-21 20:06:00,652] INFO: Appending character: 1
[2025-03-21 20:06:00,652] INFO: Setting entry: value=1, raw=False
[2025-03-21 20:06:00,652] INFO: Entry set: 1, value=1
[2025-03-21 20:06:01,514] INFO: Handling command: set_base_hex
[2025-03-21 20:06:01,514] INFO: Handling normal command: HEX
[2025-03-21 20:06:01,514] INFO: Setting mode: HEX
[2025-03-21 20:06:01,514] INFO: Setting entry: value=1, raw=False
[2025-03-21 20:06:01,515] INFO: Entry set: 0001, value=1
[2025-03-21 20:06:01,515] INFO: Formatted 1 in HEX as 1
[2025-03-21 20:06:01,515] INFO: Setting entry: value=1, raw=False
[2025-03-21 20:06:01,515] INFO: Entry set: 0001, value=1
[2025-03-21 20:06:01,515] INFO: Base set to HEX
[2025-03-21 20:06:03,411] INFO: Handling command: 
[2025-03-21 20:06:03,411] INFO: Handling normal command: DEC
[2025-03-21 20:06:03,411] INFO: Setting mode: DEC
[2025-03-21 20:06:03,411] INFO: Setting entry: value=1, raw=False
[2025-03-21 20:06:03,411] INFO: Entry set: 1, value=1
[2025-03-21 20:06:03,412] INFO: Formatted 1 in DEC as 1
[2025-03-21 20:06:03,412] INFO: Setting entry: value=1, raw=False
[2025-03-21 20:06:03,412] INFO: Entry set: 1, value=1
[2025-03-21 20:06:03,412] INFO: Base set to DEC
[2025-03-21 20:06:04,236] INFO: Handling command: 
[2025-03-21 20:06:04,236] INFO: Handling normal command: 2
[2025-03-21 20:06:04,236] INFO: Entering digit: 2
[2025-03-21 20:06:04,236] INFO: Appending character: 2
[2025-03-21 20:06:04,236] INFO: Setting entry: value=12, raw=False
[2025-03-21 20:06:04,236] INFO: Entry set: 12, value=12
[2025-03-21 20:06:05,639] INFO: Handling command: 
[2025-03-21 20:06:05,639] INFO: Handling normal command: BSP
[2025-03-21 20:06:05,639] INFO: Performing backspace
[2025-03-21 20:06:05,639] INFO: Setting entry: value=1, raw=False
[2025-03-21 20:06:05,639] INFO: Entry set: 1, value=1
[2025-03-21 20:06:05,954] INFO: Handling command: 
[2025-03-21 20:06:05,954] INFO: Handling normal command: BSP
[2025-03-21 20:06:05,954] INFO: Performing backspace
[2025-03-21 20:06:05,954] INFO: Setting entry: value=0, raw=False
[2025-03-21 20:06:05,954] INFO: Entry set: 0, value=0
[2025-03-21 20:06:06,741] INFO: Handling command: 
[2025-03-21 20:06:06,741] INFO: Handling normal command: 2
[2025-03-21 20:06:06,741] INFO: Entering digit: 2
[2025-03-21 20:06:06,741] INFO: Appending character: 2
[2025-03-21 20:06:06,741] INFO: Setting entry: value=2, raw=False
[2025-03-21 20:06:06,741] INFO: Entry set: 2, value=2
[2025-03-21 20:06:07,919] INFO: Handling command: set_base_hex
[2025-03-21 20:06:07,919] INFO: Handling normal command: HEX
[2025-03-21 20:06:07,919] INFO: Setting mode: HEX
[2025-03-21 20:06:07,919] INFO: Setting entry: value=2, raw=False
[2025-03-21 20:06:07,919] INFO: Entry set: 0002, value=2
[2025-03-21 20:06:07,919] INFO: Formatted 2 in HEX as 2
[2025-03-21 20:06:07,919] INFO: Setting entry: value=2, raw=False
[2025-03-21 20:06:07,919] INFO: Entry set: 0002, value=2
[2025-03-21 20:06:07,919] INFO: Base set to HEX
[2025-03-21 20:06:09,929] INFO: Handling command: 
[2025-03-21 20:06:09,929] INFO: Handling normal command: DEC
[2025-03-21 20:06:09,929] INFO: Setting mode: DEC
[2025-03-21 20:06:09,929] INFO: Setting entry: value=2, raw=False
[2025-03-21 20:06:09,929] INFO: Entry set: 2, value=2
[2025-03-21 20:06:09,929] INFO: Formatted 2 in DEC as 2
[2025-03-21 20:06:09,929] INFO: Setting entry: value=2, raw=False
[2025-03-21 20:06:09,929] INFO: Entry set: 2, value=2
[2025-03-21 20:06:09,929] INFO: Base set to DEC
[2025-03-21 20:06:10,612] INFO: Handling command: 
[2025-03-21 20:06:10,612] INFO: Handling normal command: BSP
[2025-03-21 20:06:10,612] INFO: Performing backspace
[2025-03-21 20:06:10,612] INFO: Setting entry: value=0, raw=False
[2025-03-21 20:06:10,612] INFO: Entry set: 0, value=0
[2025-03-21 20:06:11,354] INFO: Handling command: 
[2025-03-21 20:06:11,354] INFO: Handling normal command: 3
[2025-03-21 20:06:11,354] INFO: Entering digit: 3
[2025-03-21 20:06:11,354] INFO: Appending character: 3
[2025-03-21 20:06:11,354] INFO: Setting entry: value=3, raw=False
[2025-03-21 20:06:11,354] INFO: Entry set: 3, value=3
[2025-03-21 20:06:12,412] INFO: Handling command: set_base_hex
[2025-03-21 20:06:12,412] INFO: Handling normal command: HEX
[2025-03-21 20:06:12,412] INFO: Setting mode: HEX
[2025-03-21 20:06:12,412] INFO: Setting entry: value=3, raw=False
[2025-03-21 20:06:12,412] INFO: Entry set: 0003, value=3
[2025-03-21 20:06:12,412] INFO: Formatted 3 in HEX as 3
[2025-03-21 20:06:12,412] INFO: Setting entry: value=3, raw=False
[2025-03-21 20:06:12,412] INFO: Entry set: 0003, value=3
[2025-03-21 20:06:12,412] INFO: Base set to HEX
[2025-03-21 20:06:13,792] INFO: Handling command: 
[2025-03-21 20:06:13,792] INFO: Handling normal command: BSP
[2025-03-21 20:06:13,792] INFO: Performing backspace
[2025-03-21 20:06:13,792] INFO: Setting entry: value=0, raw=False
[2025-03-21 20:06:13,792] INFO: Entry set: 0000, value=0
[2025-03-21 20:06:15,832] INFO: Handling command: 
[2025-03-21 20:06:15,832] INFO: Handling normal command: DEC
[2025-03-21 20:06:15,832] INFO: Setting mode: DEC
[2025-03-21 20:06:15,832] INFO: Setting entry: value=0, raw=False
[2025-03-21 20:06:15,832] INFO: Entry set: 0, value=0
[2025-03-21 20:06:15,832] INFO: Formatted 0 in DEC as 0
[2025-03-21 20:06:15,832] INFO: Setting entry: value=0, raw=False
[2025-03-21 20:06:15,832] INFO: Entry set: 0, value=0
[2025-03-21 20:06:15,832] INFO: Base set to DEC
[2025-03-21 20:06:16,694] INFO: Handling command: 
[2025-03-21 20:06:16,694] INFO: Handling normal command: 4
[2025-03-21 20:06:16,694] INFO: Entering digit: 4
[2025-03-21 20:06:16,694] INFO: Appending character: 4
[2025-03-21 20:06:16,694] INFO: Setting entry: value=4, raw=False
[2025-03-21 20:06:16,694] INFO: Entry set: 4, value=4
[2025-03-21 20:06:17,602] INFO: Handling command: set_base_hex
[2025-03-21 20:06:17,602] INFO: Handling normal command: HEX
[2025-03-21 20:06:17,602] INFO: Setting mode: HEX
[2025-03-21 20:06:17,602] INFO: Setting entry: value=4, raw=False
[2025-03-21 20:06:17,602] INFO: Entry set: 0004, value=4
[2025-03-21 20:06:17,602] INFO: Formatted 4 in HEX as 4
[2025-03-21 20:06:17,602] INFO: Setting entry: value=4, raw=False
[2025-03-21 20:06:17,602] INFO: Entry set: 0004, value=4
[2025-03-21 20:06:17,602] INFO: Base set to HEX
[2025-03-21 20:06:20,729] INFO: Handling command: 
[2025-03-21 20:06:20,730] INFO: Handling normal command: BSP
[2025-03-21 20:06:20,730] INFO: Performing backspace
[2025-03-21 20:06:20,730] INFO: Setting entry: value=0, raw=False
[2025-03-21 20:06:20,730] INFO: Entry set: 0000, value=0
[2025-03-21 20:06:20,991] INFO: Handling command: 
[2025-03-21 20:06:20,992] INFO: Handling normal command: BSP
[2025-03-21 20:06:20,992] INFO: Performing backspace
[2025-03-21 20:06:22,341] INFO: Handling command: 
[2025-03-21 20:06:22,342] INFO: Handling normal command: DEC
[2025-03-21 20:06:22,342] INFO: Setting mode: DEC
[2025-03-21 20:06:22,342] INFO: Setting entry: value=0, raw=False
[2025-03-21 20:06:22,342] INFO: Entry set: 0, value=0
[2025-03-21 20:06:22,342] INFO: Formatted 0 in DEC as 0
[2025-03-21 20:06:22,342] INFO: Setting entry: value=0, raw=False
[2025-03-21 20:06:22,342] INFO: Entry set: 0, value=0
[2025-03-21 20:06:22,342] INFO: Base set to DEC
[2025-03-21 20:06:23,001] INFO: Handling command: 
[2025-03-21 20:06:23,001] INFO: Handling normal command: 2
[2025-03-21 20:06:23,001] INFO: Entering digit: 2
[2025-03-21 20:06:23,001] INFO: Appending character: 2
[2025-03-21 20:06:23,002] INFO: Setting entry: value=2, raw=False
[2025-03-21 20:06:23,002] INFO: Entry set: 2, value=2
[2025-03-21 20:06:23,429] INFO: Handling command: 
[2025-03-21 20:06:23,429] INFO: Handling normal command: 5
[2025-03-21 20:06:23,429] INFO: Entering digit: 5
[2025-03-21 20:06:23,430] INFO: Appending character: 5
[2025-03-21 20:06:23,430] INFO: Setting entry: value=25, raw=False
[2025-03-21 20:06:23,430] INFO: Entry set: 25, value=25
[2025-03-21 20:06:23,639] INFO: Handling command: 
[2025-03-21 20:06:23,639] INFO: Handling normal command: 5
[2025-03-21 20:06:23,639] INFO: Entering digit: 5
[2025-03-21 20:06:23,640] INFO: Appending character: 5
[2025-03-21 20:06:23,640] INFO: Setting entry: value=255, raw=False
[2025-03-21 20:06:23,640] INFO: Entry set: 255, value=255
[2025-03-21 20:06:26,737] INFO: Handling command: 
[2025-03-21 20:06:26,737] INFO: Handling normal command: ENTER
[2025-03-21 20:06:26,737] INFO: Entering value
[2025-03-21 20:06:26,737] INFO: Pushed value: 255, X=255, stack=[0, 0, 0]
[2025-03-21 20:06:26,737] INFO: Clearing entry
[2025-03-21 20:06:28,432] INFO: Handling command: 
[2025-03-21 20:06:28,432] INFO: Handling normal command: R↓
[2025-03-21 20:06:28,433] INFO: Entering operator: R↓
[2025-03-21 20:06:28,433] INFO: Stack rolled down: X=0, stack=[255, 0, 0]
[2025-03-21 20:06:28,433] INFO: Formatted 0 in DEC as 0
[2025-03-21 20:06:28,433] INFO: Setting entry: value=0, raw=False
[2025-03-21 20:06:28,433] INFO: Entry set: 0, value=0
[2025-03-21 20:06:28,433] INFO: Performed R↓: stack rotated down
[2025-03-21 20:06:28,912] INFO: Handling command: 
[2025-03-21 20:06:28,912] INFO: Handling normal command: R↓
[2025-03-21 20:06:28,912] INFO: Entering operator: R↓
[2025-03-21 20:06:28,912] INFO: Stack rolled down: X=0, stack=[0, 255, 0]
[2025-03-21 20:06:28,912] INFO: Formatted 0 in DEC as 0
[2025-03-21 20:06:28,912] INFO: Setting entry: value=0, raw=False
[2025-03-21 20:06:28,913] INFO: Entry set: 0, value=0
[2025-03-21 20:06:28,913] INFO: Performed R↓: stack rotated down
[2025-03-21 20:06:29,234] INFO: Handling command: 
[2025-03-21 20:06:29,234] INFO: Handling normal command: R↓
[2025-03-21 20:06:29,234] INFO: Entering operator: R↓
[2025-03-21 20:06:29,234] INFO: Stack rolled down: X=0, stack=[0, 0, 255]
[2025-03-21 20:06:29,234] INFO: Formatted 0 in DEC as 0
[2025-03-21 20:06:29,234] INFO: Setting entry: value=0, raw=False
[2025-03-21 20:06:29,235] INFO: Entry set: 0, value=0
[2025-03-21 20:06:29,235] INFO: Performed R↓: stack rotated down
[2025-03-21 20:06:29,549] INFO: Handling command: 
[2025-03-21 20:06:29,550] INFO: Handling normal command: R↓
[2025-03-21 20:06:29,550] INFO: Entering operator: R↓
[2025-03-21 20:06:29,550] INFO: Stack rolled down: X=255, stack=[0, 0, 0]
[2025-03-21 20:06:29,550] INFO: Formatted 255 in DEC as 255
[2025-03-21 20:06:29,550] INFO: Setting entry: value=255, raw=False
[2025-03-21 20:06:29,550] INFO: Entry set: 255, value=255
[2025-03-21 20:06:29,550] INFO: Performed R↓: stack rotated down
[2025-03-21 20:06:30,397] INFO: Handling command: set_base_hex
[2025-03-21 20:06:30,397] INFO: Handling normal command: HEX
[2025-03-21 20:06:30,397] INFO: Setting mode: HEX
[2025-03-21 20:06:30,397] INFO: Setting entry: value=255, raw=False
[2025-03-21 20:06:30,398] INFO: Entry set: 00ff, value=255
[2025-03-21 20:06:30,398] INFO: Formatted 255 in HEX as ff
[2025-03-21 20:06:30,398] INFO: Setting entry: value=255, raw=False
[2025-03-21 20:06:30,398] INFO: Entry set: 00ff, value=255
[2025-03-21 20:06:30,398] INFO: Base set to HEX
[2025-03-21 20:06:34,424] INFO: Handling command: 
[2025-03-21 20:06:34,424] INFO: Handling normal command: R↓
[2025-03-21 20:06:34,424] INFO: Entering operator: R↓
[2025-03-21 20:06:34,424] INFO: Stack rolled down: X=0, stack=[255, 0, 0]
[2025-03-21 20:06:34,424] INFO: Formatted 0 in HEX as 0
[2025-03-21 20:06:34,424] INFO: Setting entry: value=0, raw=False
[2025-03-21 20:06:34,424] INFO: Entry set: 0000, value=0
[2025-03-21 20:06:34,425] INFO: Performed R↓: stack rotated down
[2025-03-21 20:06:34,844] INFO: Handling command: 
[2025-03-21 20:06:34,844] INFO: Handling normal command: R↓
[2025-03-21 20:06:34,844] INFO: Entering operator: R↓
[2025-03-21 20:06:34,844] INFO: Stack rolled down: X=0, stack=[0, 255, 0]
[2025-03-21 20:06:34,844] INFO: Formatted 0 in HEX as 0
[2025-03-21 20:06:34,844] INFO: Setting entry: value=0, raw=False
[2025-03-21 20:06:34,844] INFO: Entry set: 0000, value=0
[2025-03-21 20:06:34,844] INFO: Performed R↓: stack rotated down
[2025-03-21 20:06:35,114] INFO: Handling command: 
[2025-03-21 20:06:35,114] INFO: Handling normal command: R↓
[2025-03-21 20:06:35,114] INFO: Entering operator: R↓
[2025-03-21 20:06:35,114] INFO: Stack rolled down: X=0, stack=[0, 0, 255]
[2025-03-21 20:06:35,114] INFO: Formatted 0 in HEX as 0
[2025-03-21 20:06:35,114] INFO: Setting entry: value=0, raw=False
[2025-03-21 20:06:35,114] INFO: Entry set: 0000, value=0
[2025-03-21 20:06:35,114] INFO: Performed R↓: stack rotated down
[2025-03-21 20:06:35,407] INFO: Handling command: 
[2025-03-21 20:06:35,407] INFO: Handling normal command: R↓
[2025-03-21 20:06:35,407] INFO: Entering operator: R↓
[2025-03-21 20:06:35,407] INFO: Stack rolled down: X=255, stack=[0, 0, 0]
[2025-03-21 20:06:35,407] INFO: Formatted 255 in HEX as ff
[2025-03-21 20:06:35,407] INFO: Setting entry: value=ff, raw=False
[2025-03-21 20:06:35,407] INFO: Entry set: 00ff, value=255
[2025-03-21 20:06:35,407] INFO: Performed R↓: stack rotated down
[2025-03-21 20:06:37,514] INFO: Handling command: 
[2025-03-21 20:06:37,514] INFO: Handling normal command: ENTER
[2025-03-21 20:06:37,514] INFO: Entering value
[2025-03-21 20:06:37,514] INFO: Failed to interpret 00ff in DEC, defaulting to 0
[2025-03-21 20:06:37,514] INFO: Pushed value: 0, X=0, stack=[0, 0, 255]
[2025-03-21 20:06:37,514] INFO: Clearing entry
[2025-03-21 20:06:38,804] INFO: Handling command: 
[2025-03-21 20:06:38,804] INFO: Handling normal command: R↓
[2025-03-21 20:06:38,804] INFO: Entering operator: R↓
[2025-03-21 20:06:38,804] INFO: Stack rolled down: X=255, stack=[0, 0, 0]
[2025-03-21 20:06:38,804] INFO: Formatted 255 in HEX as ff
[2025-03-21 20:06:38,804] INFO: Setting entry: value=ff, raw=False
[2025-03-21 20:06:38,804] INFO: Entry set: 00ff, value=255
[2025-03-21 20:06:38,804] INFO: Performed R↓: stack rotated down
[2025-03-21 20:06:39,322] INFO: Handling command: 
[2025-03-21 20:06:39,322] INFO: Handling normal command: R↓
[2025-03-21 20:06:39,322] INFO: Entering operator: R↓
[2025-03-21 20:06:39,322] INFO: Stack rolled down: X=0, stack=[255, 0, 0]
[2025-03-21 20:06:39,322] INFO: Formatted 0 in HEX as 0
[2025-03-21 20:06:39,322] INFO: Setting entry: value=0, raw=False
[2025-03-21 20:06:39,322] INFO: Entry set: 0000, value=0
[2025-03-21 20:06:39,322] INFO: Performed R↓: stack rotated down
[2025-03-21 20:06:39,629] INFO: Handling command: 
[2025-03-21 20:06:39,629] INFO: Handling normal command: R↓
[2025-03-21 20:06:39,629] INFO: Entering operator: R↓
[2025-03-21 20:06:39,629] INFO: Stack rolled down: X=0, stack=[0, 255, 0]
[2025-03-21 20:06:39,629] INFO: Formatted 0 in HEX as 0
[2025-03-21 20:06:39,629] INFO: Setting entry: value=0, raw=False
[2025-03-21 20:06:39,629] INFO: Entry set: 0000, value=0
[2025-03-21 20:06:39,629] INFO: Performed R↓: stack rotated down
[2025-03-21 20:06:39,922] INFO: Handling command: 
[2025-03-21 20:06:39,922] INFO: Handling normal command: R↓
[2025-03-21 20:06:39,922] INFO: Entering operator: R↓
[2025-03-21 20:06:39,922] INFO: Stack rolled down: X=0, stack=[0, 0, 255]
[2025-03-21 20:06:39,922] INFO: Formatted 0 in HEX as 0
[2025-03-21 20:06:39,922] INFO: Setting entry: value=0, raw=False
[2025-03-21 20:06:39,922] INFO: Entry set: 0000, value=0
[2025-03-21 20:06:39,922] INFO: Performed R↓: stack rotated down
[2025-03-21 20:06:40,237] INFO: Handling command: 
[2025-03-21 20:06:40,237] INFO: Handling normal command: R↓
[2025-03-21 20:06:40,237] INFO: Entering operator: R↓
[2025-03-21 20:06:40,237] INFO: Stack rolled down: X=255, stack=[0, 0, 0]
[2025-03-21 20:06:40,237] INFO: Formatted 255 in HEX as ff
[2025-03-21 20:06:40,237] INFO: Setting entry: value=ff, raw=False
[2025-03-21 20:06:40,237] INFO: Entry set: 00ff, value=255
[2025-03-21 20:06:40,237] INFO: Performed R↓: stack rotated down
[2025-03-21 20:06:40,657] INFO: Handling command: 
[2025-03-21 20:06:40,657] INFO: Handling normal command: R↓
[2025-03-21 20:06:40,657] INFO: Entering operator: R↓
[2025-03-21 20:06:40,657] INFO: Stack rolled down: X=0, stack=[255, 0, 0]
[2025-03-21 20:06:40,657] INFO: Formatted 0 in HEX as 0
[2025-03-21 20:06:40,657] INFO: Setting entry: value=0, raw=False
[2025-03-21 20:06:40,657] INFO: Entry set: 0000, value=0
[2025-03-21 20:06:40,657] INFO: Performed R↓: stack rotated down
[2025-03-21 20:06:40,987] INFO: Handling command: 
[2025-03-21 20:06:40,987] INFO: Handling normal command: R↓
[2025-03-21 20:06:40,987] INFO: Entering operator: R↓
[2025-03-21 20:06:40,987] INFO: Stack rolled down: X=0, stack=[0, 255, 0]
[2025-03-21 20:06:40,987] INFO: Formatted 0 in HEX as 0
[2025-03-21 20:06:40,987] INFO: Setting entry: value=0, raw=False
[2025-03-21 20:06:40,987] INFO: Entry set: 0000, value=0
[2025-03-21 20:06:40,987] INFO: Performed R↓: stack rotated down
[2025-03-21 20:06:41,302] INFO: Handling command: 
[2025-03-21 20:06:41,302] INFO: Handling normal command: R↓
[2025-03-21 20:06:41,302] INFO: Entering operator: R↓
[2025-03-21 20:06:41,302] INFO: Stack rolled down: X=0, stack=[0, 0, 255]
[2025-03-21 20:06:41,302] INFO: Formatted 0 in HEX as 0
[2025-03-21 20:06:41,302] INFO: Setting entry: value=0, raw=False
[2025-03-21 20:06:41,302] INFO: Entry set: 0000, value=0
[2025-03-21 20:06:41,302] INFO: Performed R↓: stack rotated down
[2025-03-21 20:06:41,579] INFO: Handling command: 
[2025-03-21 20:06:41,579] INFO: Handling normal command: R↓
[2025-03-21 20:06:41,579] INFO: Entering operator: R↓
[2025-03-21 20:06:41,579] INFO: Stack rolled down: X=255, stack=[0, 0, 0]
[2025-03-21 20:06:41,579] INFO: Formatted 255 in HEX as ff
[2025-03-21 20:06:41,579] INFO: Setting entry: value=ff, raw=False
[2025-03-21 20:06:41,579] INFO: Entry set: 00ff, value=255
[2025-03-21 20:06:41,580] INFO: Performed R↓: stack rotated down
[2025-03-21 20:06:42,397] INFO: Handling command: 
[2025-03-21 20:06:42,397] INFO: Handling normal command: R↓
[2025-03-21 20:06:42,397] INFO: Entering operator: R↓
[2025-03-21 20:06:42,397] INFO: Stack rolled down: X=0, stack=[255, 0, 0]
[2025-03-21 20:06:42,397] INFO: Formatted 0 in HEX as 0
[2025-03-21 20:06:42,397] INFO: Setting entry: value=0, raw=False
[2025-03-21 20:06:42,397] INFO: Entry set: 0000, value=0
[2025-03-21 20:06:42,397] INFO: Performed R↓: stack rotated down
[2025-03-21 20:06:43,072] INFO: Handling command: yellow_f_function
[2025-03-21 20:06:43,072] INFO: Toggling mode: f, f_active=False, g_active=False
[2025-03-21 20:06:43,102] INFO: Mode set: f
[2025-03-21 20:06:43,926] INFO: f-mode action: STATUS
[2025-03-21 20:06:43,927] INFO: Toggling stack display: show=True, mode=HEX
[2025-03-21 20:06:43,927] INFO: Stack displayed: ['0000', '00ff', '0000', '0000']
[2025-03-21 20:06:43,927] INFO: Toggling mode: f, f_active=True, g_active=False
[2025-03-21 20:06:43,933] INFO: Mode reset to normal
[2025-03-21 20:07:59,151] INFO: Handling command: reload_program
[2025-03-21 20:07:59,151] INFO: Reloading program
