[2025-03-21 19:58:15,949] INFO: Stack initialized: [0, 0, 0], X=0, word_size=16, complement_mode=UNSIGNED
[2025-03-21 19:58:15,974] INFO: Script started: main.pyw
[2025-03-21 19:58:15,975] INFO: Entering function: main
[2025-03-21 19:58:15,975] INFO: Creating Tk root window
[2025-03-21 19:58:16,034] INFO: Setting window title: HP 16C Emulator
[2025-03-21 19:58:16,035] INFO: Configuring root background color: #1e1818
[2025-03-21 19:58:16,035] INFO: Setting root resizable: False, False
[2025-03-21 19:58:16,035] INFO: Entering function: load_config
[2025-03-21 19:58:16,035] INFO: Config loaded and updated: {'display_width': 575, 'display_height': 80, 'margin': 20, 'bg_color': '#1e1818', 'display_font_family': 'Courier', 'display_font_size': 18, 'display_x': 125, 'display_y': 20}
[2025-03-21 19:58:16,036] INFO: Exiting function: load_config
[2025-03-21 19:58:16,036] INFO: Custom font created: family=Courier, size=18
[2025-03-21 19:58:16,036] INFO: Setting up UI: display at x=125, y=20, width=575, height=80, grid=4x10, total=1089x560
[2025-03-21 19:58:16,036] INFO: Initializing Display: x=125, y=20, width=575, height=80
[2025-03-21 19:58:16,039] INFO: Stack info updated: 00-16-0000
[2025-03-21 19:58:16,040] INFO: Display initialized: mode=DEC, entry=0
[2025-03-21 19:58:16,040] INFO: Setting mode: DEC
[2025-03-21 19:58:16,040] INFO: Setting entry: value=0, raw=False
[2025-03-21 19:58:16,040] INFO: Entry set: 0, value=0
[2025-03-21 19:58:16,040] INFO: Creating buttons from BUTTONS_CONFIG
[2025-03-21 19:58:16,042] INFO: Button 0,0: SL/A/LJ, 75x75, row=0, col=0, rowspan=1
[2025-03-21 19:58:16,043] INFO: Button 1,0: x><(i)/GSB/RTN, 75x75, row=1, col=0, rowspan=1
[2025-03-21 19:58:16,044] INFO: Button 2,0: (i)/R/S/P/R, 75x75, row=2, col=0, rowspan=1
[2025-03-21 19:58:16,044] INFO: Button 3,0: /ON/, 75x75, row=3, col=0, rowspan=1
[2025-03-21 19:58:16,045] INFO: Button 0,1: SR/B/ASR, 75x75, row=0, col=1, rowspan=1
[2025-03-21 19:58:16,046] INFO: Button 1,1: x><I/GTO/LBL, 75x75, row=1, col=1, rowspan=1
[2025-03-21 19:58:16,047] INFO: Button 2,1: I/SST/BST, 75x75, row=2, col=1, rowspan=1
[2025-03-21 19:58:16,047] INFO: Button 3,1: /f/, 75x75, row=3, col=1, rowspan=1
[2025-03-21 19:58:16,048] INFO: Button 0,2: RL/C/DSZ, 75x75, row=0, col=2, rowspan=1
[2025-03-21 19:58:16,049] INFO: Button 1,2: SHOW HEX/HEX/DSZ, 75x75, row=1, col=2, rowspan=1
[2025-03-21 19:58:16,052] INFO: Button 2,2: CLR PRGM/R↓/R↑, 75x75, row=2, col=2, rowspan=1
[2025-03-21 19:58:16,052] INFO: Button 3,2: /g/, 75x75, row=3, col=2, rowspan=1
[2025-03-21 19:58:16,053] INFO: Button 0,3: RR/D/RRC, 75x75, row=0, col=3, rowspan=1
[2025-03-21 19:58:16,054] INFO: Button 1,3: SHOW DEC/DEC/ISZ, 75x75, row=1, col=3, rowspan=1
[2025-03-21 19:58:16,055] INFO: Button 2,3: CLR REG/x><y/PSE, 75x75, row=2, col=3, rowspan=1
[2025-03-21 19:58:16,074] INFO: Button 3,3: WSIZE/STO/⯇, 75x75, row=3, col=3, rowspan=1
[2025-03-21 19:58:16,075] INFO: Button 0,4: RLn/E/RLCn, 75x75, row=0, col=4, rowspan=1
[2025-03-21 19:58:16,076] INFO: Button 1,4: SHOW OCT/OCT/√x, 75x75, row=1, col=4, rowspan=1
[2025-03-21 19:58:16,077] INFO: Button 2,4: CLR PRFX/BSP/CLX, 75x75, row=2, col=4, rowspan=1
[2025-03-21 19:58:16,078] INFO: Button 3,4: FLOAT/RCL/⯈, 75x75, row=3, col=4, rowspan=1
[2025-03-21 19:58:16,079] INFO: Button 0,5: RRn/F/RRCn, 75x75, row=0, col=5, rowspan=1
[2025-03-21 19:58:16,080] INFO: Button 1,5: SHOW BIN/BIN/1/x, 75x75, row=1, col=5, rowspan=1
[2025-03-21 19:58:16,080] INFO: Button 2,5: WINDOW/ENTER/LST X, 75x175, row=2, col=5, rowspan=2
[2025-03-21 19:58:16,081] INFO: Button 0,6: MASKL/7/#B, 75x75, row=0, col=6, rowspan=1
[2025-03-21 19:58:16,082] INFO: Button 1,6: SB/4/SF, 75x75, row=1, col=6, rowspan=1
[2025-03-21 19:58:16,083] INFO: Button 2,6: SC 1'S/1/X≤Y, 75x75, row=2, col=6, rowspan=1
[2025-03-21 19:58:16,084] INFO: Button 3,6: MEM/0/X≠Y, 75x75, row=3, col=6, rowspan=1
[2025-03-21 19:58:16,085] INFO: Button 0,7: MASKR/8/ABS, 75x75, row=0, col=7, rowspan=1
[2025-03-21 19:58:16,085] INFO: Button 1,7: CB/5/CF, 75x75, row=1, col=7, rowspan=1
[2025-03-21 19:58:16,086] INFO: Button 2,7: SC 2'S/2/X<0, 75x75, row=2, col=7, rowspan=1
[2025-03-21 19:58:16,087] INFO: Button 3,7: STATUS/./X≠0, 75x75, row=3, col=7, rowspan=1
[2025-03-21 19:58:16,088] INFO: Button 0,8: RMD/9/DBLR, 75x75, row=0, col=8, rowspan=1
[2025-03-21 19:58:16,089] INFO: Button 1,8: B?/6/F?, 75x75, row=1, col=8, rowspan=1
[2025-03-21 19:58:16,089] INFO: Button 2,8: SC UNSGN/3/X>Y, 75x75, row=2, col=8, rowspan=1
[2025-03-21 19:58:16,090] INFO: Button 3,8: EEx/CHS/X=Y, 75x75, row=3, col=8, rowspan=1
[2025-03-21 19:58:16,091] INFO: Button 0,9: XOR///DBL/, 75x75, row=0, col=9, rowspan=1
[2025-03-21 19:58:16,092] INFO: Button 1,9: AND/*/DBL*, 75x75, row=1, col=9, rowspan=1
[2025-03-21 19:58:16,094] INFO: Button 2,9: NOT/-/X>0, 75x75, row=2, col=9, rowspan=1
[2025-03-21 19:58:16,096] INFO: Button 3,9: OR/+/X=0, 75x75, row=3, col=9, rowspan=1
[2025-03-21 19:58:16,096] INFO: Total buttons created: 39
[2025-03-21 19:58:16,096] INFO: Grid configured: 10 cols, 4 rows, minsize=75
[2025-03-21 19:58:16,126] INFO: Initializing HP16CController with display and buttons
[2025-03-21 19:58:16,127] INFO: Initializing HP16CController
[2025-03-21 19:58:16,127] INFO: Binding buttons to controller actions
[2025-03-21 19:58:16,127] INFO: Binding actions to all buttons
[2025-03-21 19:58:16,128] INFO: Starting periodic stack updates
[2025-03-21 19:58:16,129] INFO: Setting entry: value=0, raw=False
[2025-03-21 19:58:16,130] INFO: Entry set: 0, value=0
[2025-03-21 19:58:16,356] INFO: Root window size: 1089x560+156+156
[2025-03-21 19:58:16,356] INFO: Entering Tkinter mainloop
[2025-03-21 19:58:28,627] INFO: Handling command: 
[2025-03-21 19:58:28,627] INFO: Handling normal command: 9
[2025-03-21 19:58:28,627] INFO: Entering digit: 9
[2025-03-21 19:58:28,627] INFO: Clearing entry
[2025-03-21 19:58:28,628] INFO: Appending character: 9
[2025-03-21 19:58:28,628] INFO: Setting entry: value=9, raw=False
[2025-03-21 19:58:28,628] INFO: Entry set: 9, value=9
[2025-03-21 19:58:29,466] INFO: Handling command: yellow_f_function
[2025-03-21 19:58:29,467] INFO: Toggling mode: f, f_active=False, g_active=False
[2025-03-21 19:58:29,501] INFO: Mode set: f
[2025-03-21 19:58:30,239] INFO: f-mode action: WSIZE
[2025-03-21 19:58:30,239] INFO: Setting word size: 9
[2025-03-21 19:58:30,239] INFO: Word size changed: 16 -> 9, X=0, stack=[0, 0, 0]
[2025-03-21 19:58:30,239] INFO: Stack info updated: 00-09-0000
[2025-03-21 19:58:30,239] INFO: Formatted 0 in DEC as 0
[2025-03-21 19:58:30,239] INFO: Setting entry: value=0, raw=False
[2025-03-21 19:58:30,240] INFO: Entry set: 0, value=0
[2025-03-21 19:58:30,240] INFO: Clearing entry
[2025-03-21 19:58:30,240] INFO: Toggling mode: f, f_active=True, g_active=False
[2025-03-21 19:58:30,247] INFO: Mode reset to normal
[2025-03-21 19:58:31,890] INFO: Handling normal command: 5
[2025-03-21 19:58:31,890] INFO: Entering digit: 5
[2025-03-21 19:58:31,890] INFO: Appending character: 5
[2025-03-21 19:58:31,890] INFO: Setting entry: value=5, raw=False
[2025-03-21 19:58:31,890] INFO: Entry set: 5, value=5
[2025-03-21 19:58:32,601] INFO: Handling normal command: 1
[2025-03-21 19:58:32,602] INFO: Entering digit: 1
[2025-03-21 19:58:32,602] INFO: Appending character: 1
[2025-03-21 19:58:32,602] INFO: Setting entry: value=51, raw=False
[2025-03-21 19:58:32,602] INFO: Entry set: 51, value=51
[2025-03-21 19:58:33,201] INFO: Handling normal command: 2
[2025-03-21 19:58:33,202] INFO: Entering digit: 2
[2025-03-21 19:58:33,202] INFO: Ignoring digit 2: value 512 exceeds max 511
[2025-03-21 19:58:34,311] INFO: Handling normal command: 1
[2025-03-21 19:58:34,312] INFO: Entering digit: 1
[2025-03-21 19:58:34,312] INFO: Appending character: 1
[2025-03-21 19:58:34,312] INFO: Setting entry: value=511, raw=False
[2025-03-21 19:58:34,312] INFO: Entry set: 511, value=511
[2025-03-21 19:58:35,954] INFO: Handling normal command: HEX
[2025-03-21 19:58:35,954] INFO: Setting mode: HEX
[2025-03-21 19:58:35,955] INFO: Setting entry: value=511, raw=False
[2025-03-21 19:58:35,955] INFO: Scheduling reset in 1 second
[2025-03-21 19:58:35,955] INFO: Entry set: Error, value=511
[2025-03-21 19:58:35,955] INFO: Formatted 511 in HEX as 1ff
[2025-03-21 19:58:35,955] INFO: Setting entry: value=511, raw=False
[2025-03-21 19:58:35,955] INFO: Scheduling reset in 1 second
[2025-03-21 19:58:35,955] INFO: Entry set: Error, value=511
[2025-03-21 19:58:35,955] INFO: Base set to HEX
[2025-03-21 19:58:36,964] INFO: Clearing entry
[2025-03-21 19:58:36,964] INFO: Clearing entry
[2025-03-21 19:58:42,443] INFO: Handling normal command: DEC
[2025-03-21 19:58:42,443] INFO: Setting mode: DEC
[2025-03-21 19:58:42,443] INFO: Setting entry: value=0, raw=False
[2025-03-21 19:58:42,443] INFO: Entry set: 0, value=0
[2025-03-21 19:58:42,443] INFO: Formatted 0 in DEC as 0
[2025-03-21 19:58:42,443] INFO: Setting entry: value=0, raw=False
[2025-03-21 19:58:42,444] INFO: Entry set: 0, value=0
[2025-03-21 19:58:42,444] INFO: Base set to DEC
[2025-03-21 19:58:44,654] INFO: Handling normal command: 5
[2025-03-21 19:58:44,654] INFO: Entering digit: 5
[2025-03-21 19:58:44,654] INFO: Appending character: 5
[2025-03-21 19:58:44,654] INFO: Setting entry: value=5, raw=False
[2025-03-21 19:58:44,655] INFO: Entry set: 5, value=5
[2025-03-21 19:58:45,434] INFO: Handling normal command: 1
[2025-03-21 19:58:45,434] INFO: Entering digit: 1
[2025-03-21 19:58:45,434] INFO: Appending character: 1
[2025-03-21 19:58:45,434] INFO: Setting entry: value=51, raw=False
[2025-03-21 19:58:45,435] INFO: Entry set: 51, value=51
[2025-03-21 19:58:45,682] INFO: Handling normal command: 1
[2025-03-21 19:58:45,682] INFO: Entering digit: 1
[2025-03-21 19:58:45,682] INFO: Appending character: 1
[2025-03-21 19:58:45,682] INFO: Setting entry: value=511, raw=False
[2025-03-21 19:58:45,682] INFO: Entry set: 511, value=511
[2025-03-21 19:58:46,649] INFO: Handling normal command: HEX
[2025-03-21 19:58:46,649] INFO: Setting mode: HEX
[2025-03-21 19:58:46,649] INFO: Setting entry: value=511, raw=False
[2025-03-21 19:58:46,649] INFO: Scheduling reset in 1 second
[2025-03-21 19:58:46,649] INFO: Entry set: Error, value=511
[2025-03-21 19:58:46,649] INFO: Formatted 511 in HEX as 1ff
[2025-03-21 19:58:46,649] INFO: Setting entry: value=511, raw=False
[2025-03-21 19:58:46,649] INFO: Scheduling reset in 1 second
[2025-03-21 19:58:46,650] INFO: Entry set: Error, value=511
[2025-03-21 19:58:46,650] INFO: Base set to HEX
[2025-03-21 19:58:47,649] INFO: Clearing entry
[2025-03-21 19:58:47,650] INFO: Clearing entry
[2025-03-21 19:58:50,624] INFO: Handling normal command: DEC
[2025-03-21 19:58:50,624] INFO: Setting mode: DEC
[2025-03-21 19:58:50,624] INFO: Setting entry: value=0, raw=False
[2025-03-21 19:58:50,624] INFO: Entry set: 0, value=0
[2025-03-21 19:58:50,624] INFO: Formatted 0 in DEC as 0
[2025-03-21 19:58:50,624] INFO: Setting entry: value=0, raw=False
[2025-03-21 19:58:50,624] INFO: Entry set: 0, value=0
[2025-03-21 19:58:50,624] INFO: Base set to DEC
[2025-03-21 19:58:51,637] INFO: Handling normal command: 5
[2025-03-21 19:58:51,637] INFO: Entering digit: 5
[2025-03-21 19:58:51,637] INFO: Appending character: 5
[2025-03-21 19:58:51,637] INFO: Setting entry: value=5, raw=False
[2025-03-21 19:58:51,637] INFO: Entry set: 5, value=5
[2025-03-21 19:58:52,132] INFO: Handling normal command: 1
[2025-03-21 19:58:52,132] INFO: Entering digit: 1
[2025-03-21 19:58:52,132] INFO: Appending character: 1
[2025-03-21 19:58:52,132] INFO: Setting entry: value=51, raw=False
[2025-03-21 19:58:52,132] INFO: Entry set: 51, value=51
[2025-03-21 19:58:52,394] INFO: Handling normal command: 1
[2025-03-21 19:58:52,394] INFO: Entering digit: 1
[2025-03-21 19:58:52,394] INFO: Appending character: 1
[2025-03-21 19:58:52,394] INFO: Setting entry: value=511, raw=False
[2025-03-21 19:58:52,394] INFO: Entry set: 511, value=511
[2025-03-21 19:58:52,994] INFO: Handling normal command: OCT
[2025-03-21 19:58:52,994] INFO: Setting mode: OCT
[2025-03-21 19:58:52,994] INFO: Setting entry: value=511, raw=False
[2025-03-21 19:58:52,994] INFO: Entry set: 777, value=511
[2025-03-21 19:58:52,994] INFO: Formatted 511 in OCT as 777
[2025-03-21 19:58:52,994] INFO: Setting entry: value=511, raw=False
[2025-03-21 19:58:52,994] INFO: Entry set: 777, value=511
[2025-03-21 19:58:52,994] INFO: Base set to OCT
[2025-03-21 19:58:54,210] INFO: Handling normal command: BIN
[2025-03-21 19:58:54,210] INFO: Setting mode: BIN
[2025-03-21 19:58:54,210] INFO: Setting entry: value=511, raw=False
[2025-03-21 19:58:54,210] INFO: Entry set: 111111111, value=511
[2025-03-21 19:58:54,210] INFO: Formatted 511 in BIN as 111111111
[2025-03-21 19:58:54,210] INFO: Setting entry: value=511, raw=False
[2025-03-21 19:58:54,210] INFO: Entry set: 111111111, value=511
[2025-03-21 19:58:54,210] INFO: Base set to BIN
[2025-03-21 19:58:55,379] INFO: Handling normal command: DEC
[2025-03-21 19:58:55,379] INFO: Setting mode: DEC
[2025-03-21 19:58:55,379] INFO: Setting entry: value=511, raw=False
[2025-03-21 19:58:55,379] INFO: Entry set: 511, value=511
[2025-03-21 19:58:55,379] INFO: Formatted 511 in DEC as 511
[2025-03-21 19:58:55,379] INFO: Setting entry: value=511, raw=False
[2025-03-21 19:58:55,379] INFO: Entry set: 511, value=511
[2025-03-21 19:58:55,379] INFO: Base set to DEC
[2025-03-21 19:58:56,175] INFO: Handling normal command: HEX
[2025-03-21 19:58:56,175] INFO: Setting mode: HEX
[2025-03-21 19:58:56,175] INFO: Setting entry: value=511, raw=False
[2025-03-21 19:58:56,175] INFO: Scheduling reset in 1 second
[2025-03-21 19:58:56,175] INFO: Entry set: Error, value=511
[2025-03-21 19:58:56,175] INFO: Formatted 511 in HEX as 1ff
[2025-03-21 19:58:56,175] INFO: Setting entry: value=511, raw=False
[2025-03-21 19:58:56,175] INFO: Scheduling reset in 1 second
[2025-03-21 19:58:56,175] INFO: Entry set: Error, value=511
[2025-03-21 19:58:56,175] INFO: Base set to HEX
[2025-03-21 19:58:57,179] INFO: Clearing entry
[2025-03-21 19:58:57,180] INFO: Clearing entry
[2025-03-21 19:59:04,964] INFO: Handling normal command: 1
[2025-03-21 19:59:04,964] INFO: Entering digit: 1
[2025-03-21 19:59:04,965] INFO: Appending character: 1
[2025-03-21 19:59:04,965] INFO: Setting entry: value=1, raw=False
[2025-03-21 19:59:04,965] INFO: Scheduling reset in 1 second
[2025-03-21 19:59:04,965] INFO: Entry set: Error, value=1
[2025-03-21 19:59:05,969] INFO: Clearing entry
[2025-03-21 19:59:07,679] INFO: Handling command: reload_program
[2025-03-21 19:59:07,679] INFO: Reloading program
