[2025-03-21 19:44:52,281] INFO: Stack initialized: [0, 0, 0], X=0, word_size=16, complement_mode=UNSIGNED
[2025-03-21 19:44:52,306] INFO: Script started: main.pyw
[2025-03-21 19:44:52,307] INFO: Entering function: main
[2025-03-21 19:44:52,307] INFO: Creating Tk root window
[2025-03-21 19:44:52,367] INFO: Setting window title: HP 16C Emulator
[2025-03-21 19:44:52,367] INFO: Configuring root background color: #1e1818
[2025-03-21 19:44:52,367] INFO: Setting root resizable: False, False
[2025-03-21 19:44:52,367] INFO: Entering function: load_config
[2025-03-21 19:44:52,368] INFO: Config loaded and updated: {'display_width': 575, 'display_height': 80, 'margin': 20, 'bg_color': '#1e1818', 'display_font_family': 'Courier', 'display_font_size': 18, 'display_x': 125, 'display_y': 20}
[2025-03-21 19:44:52,368] INFO: Exiting function: load_config
[2025-03-21 19:44:52,368] INFO: Custom font created: family=Courier, size=18
[2025-03-21 19:44:52,368] INFO: Setting up UI: display at x=125, y=20, width=575, height=80, grid=4x10, total=1089x560
[2025-03-21 19:44:52,368] INFO: Initializing Display: x=125, y=20, width=575, height=80
[2025-03-21 19:44:52,371] INFO: Stack info updated: 00-16-0000
[2025-03-21 19:44:52,372] INFO: Display initialized: mode=DEC, entry=0
[2025-03-21 19:44:52,372] INFO: Setting mode: DEC
[2025-03-21 19:44:52,372] INFO: Setting entry: value=0, raw=False
[2025-03-21 19:44:52,372] INFO: Entry set: 0, value=0
[2025-03-21 19:44:52,373] INFO: Creating buttons from BUTTONS_CONFIG
[2025-03-21 19:44:52,374] INFO: Button 0,0: SL/A/LJ, 75x75, row=0, col=0, rowspan=1
[2025-03-21 19:44:52,375] INFO: Button 1,0: x><(i)/GSB/RTN, 75x75, row=1, col=0, rowspan=1
[2025-03-21 19:44:52,376] INFO: Button 2,0: (i)/R/S/P/R, 75x75, row=2, col=0, rowspan=1
[2025-03-21 19:44:52,376] INFO: Button 3,0: /ON/, 75x75, row=3, col=0, rowspan=1
[2025-03-21 19:44:52,377] INFO: Button 0,1: SR/B/ASR, 75x75, row=0, col=1, rowspan=1
[2025-03-21 19:44:52,378] INFO: Button 1,1: x><I/GTO/LBL, 75x75, row=1, col=1, rowspan=1
[2025-03-21 19:44:52,379] INFO: Button 2,1: I/SST/BST, 75x75, row=2, col=1, rowspan=1
[2025-03-21 19:44:52,379] INFO: Button 3,1: /f/, 75x75, row=3, col=1, rowspan=1
[2025-03-21 19:44:52,380] INFO: Button 0,2: RL/C/DSZ, 75x75, row=0, col=2, rowspan=1
[2025-03-21 19:44:52,381] INFO: Button 1,2: SHOW HEX/HEX/DSZ, 75x75, row=1, col=2, rowspan=1
[2025-03-21 19:44:52,383] INFO: Button 2,2: CLR PRGM/R↓/R↑, 75x75, row=2, col=2, rowspan=1
[2025-03-21 19:44:52,383] INFO: Button 3,2: /g/, 75x75, row=3, col=2, rowspan=1
[2025-03-21 19:44:52,384] INFO: Button 0,3: RR/D/RRC, 75x75, row=0, col=3, rowspan=1
[2025-03-21 19:44:52,385] INFO: Button 1,3: SHOW DEC/DEC/ISZ, 75x75, row=1, col=3, rowspan=1
[2025-03-21 19:44:52,386] INFO: Button 2,3: CLR REG/x><y/PSE, 75x75, row=2, col=3, rowspan=1
[2025-03-21 19:44:52,405] INFO: Button 3,3: WSIZE/STO/⯇, 75x75, row=3, col=3, rowspan=1
[2025-03-21 19:44:52,406] INFO: Button 0,4: RLn/E/RLCn, 75x75, row=0, col=4, rowspan=1
[2025-03-21 19:44:52,407] INFO: Button 1,4: SHOW OCT/OCT/√x, 75x75, row=1, col=4, rowspan=1
[2025-03-21 19:44:52,408] INFO: Button 2,4: CLR PRFX/BSP/CLX, 75x75, row=2, col=4, rowspan=1
[2025-03-21 19:44:52,409] INFO: Button 3,4: FLOAT/RCL/⯈, 75x75, row=3, col=4, rowspan=1
[2025-03-21 19:44:52,409] INFO: Button 0,5: RRn/F/RRCn, 75x75, row=0, col=5, rowspan=1
[2025-03-21 19:44:52,410] INFO: Button 1,5: SHOW BIN/BIN/1/x, 75x75, row=1, col=5, rowspan=1
[2025-03-21 19:44:52,411] INFO: Button 2,5: WINDOW/ENTER/LST X, 75x175, row=2, col=5, rowspan=2
[2025-03-21 19:44:52,412] INFO: Button 0,6: MASKL/7/#B, 75x75, row=0, col=6, rowspan=1
[2025-03-21 19:44:52,413] INFO: Button 1,6: SB/4/SF, 75x75, row=1, col=6, rowspan=1
[2025-03-21 19:44:52,413] INFO: Button 2,6: SC 1'S/1/X≤Y, 75x75, row=2, col=6, rowspan=1
[2025-03-21 19:44:52,414] INFO: Button 3,6: MEM/0/X≠Y, 75x75, row=3, col=6, rowspan=1
[2025-03-21 19:44:52,415] INFO: Button 0,7: MASKR/8/ABS, 75x75, row=0, col=7, rowspan=1
[2025-03-21 19:44:52,416] INFO: Button 1,7: CB/5/CF, 75x75, row=1, col=7, rowspan=1
[2025-03-21 19:44:52,417] INFO: Button 2,7: SC 2'S/2/X<0, 75x75, row=2, col=7, rowspan=1
[2025-03-21 19:44:52,417] INFO: Button 3,7: STATUS/./X≠0, 75x75, row=3, col=7, rowspan=1
[2025-03-21 19:44:52,418] INFO: Button 0,8: RMD/9/DBLR, 75x75, row=0, col=8, rowspan=1
[2025-03-21 19:44:52,419] INFO: Button 1,8: B?/6/F?, 75x75, row=1, col=8, rowspan=1
[2025-03-21 19:44:52,420] INFO: Button 2,8: SC UNSGN/3/X>Y, 75x75, row=2, col=8, rowspan=1
[2025-03-21 19:44:52,421] INFO: Button 3,8: EEx/CHS/X=Y, 75x75, row=3, col=8, rowspan=1
[2025-03-21 19:44:52,422] INFO: Button 0,9: XOR///DBL/, 75x75, row=0, col=9, rowspan=1
[2025-03-21 19:44:52,423] INFO: Button 1,9: AND/*/DBL*, 75x75, row=1, col=9, rowspan=1
[2025-03-21 19:44:52,424] INFO: Button 2,9: NOT/-/X>0, 75x75, row=2, col=9, rowspan=1
[2025-03-21 19:44:52,424] INFO: Button 3,9: OR/+/X=0, 75x75, row=3, col=9, rowspan=1
[2025-03-21 19:44:52,424] INFO: Total buttons created: 39
[2025-03-21 19:44:52,425] INFO: Grid configured: 10 cols, 4 rows, minsize=75
[2025-03-21 19:44:52,449] INFO: Initializing HP16CController with display and buttons
[2025-03-21 19:44:52,449] INFO: Initializing HP16CController
[2025-03-21 19:44:52,449] INFO: Binding buttons to controller actions
[2025-03-21 19:44:52,449] INFO: Binding actions to all buttons
[2025-03-21 19:44:52,451] INFO: Starting periodic stack updates
[2025-03-21 19:44:52,453] INFO: Setting entry: value=0, raw=False
[2025-03-21 19:44:52,453] INFO: Entry set: 0, value=0
[2025-03-21 19:44:52,676] INFO: Root window size: 1089x560+52+52
[2025-03-21 19:44:52,676] INFO: Entering Tkinter mainloop
[2025-03-21 19:44:54,733] INFO: Handling command: 
[2025-03-21 19:44:54,733] INFO: Handling normal command: 8
[2025-03-21 19:44:54,733] INFO: Entering digit: 8
[2025-03-21 19:44:54,733] INFO: Clearing entry
[2025-03-21 19:44:54,733] INFO: Appending character: 8
[2025-03-21 19:44:54,733] INFO: Setting entry: value=8, raw=False
[2025-03-21 19:44:54,734] INFO: Entry set: 8, value=8
[2025-03-21 19:44:55,752] INFO: Handling command: yellow_f_function
[2025-03-21 19:44:55,753] INFO: Toggling mode: f, f_active=False, g_active=False
[2025-03-21 19:44:55,789] INFO: Mode set: f
[2025-03-21 19:44:56,359] INFO: f-mode action: WSIZE
[2025-03-21 19:44:56,360] INFO: Setting word size: 8
[2025-03-21 19:44:56,360] INFO: Word size changed: 16 -> 8, X=0, stack=[0, 0, 0]
[2025-03-21 19:44:56,360] INFO: Stack info updated: 00-08-0000
[2025-03-21 19:44:56,360] INFO: Formatted 0 in DEC as 0
[2025-03-21 19:44:56,360] INFO: Setting entry: value=0, raw=False
[2025-03-21 19:44:56,360] INFO: Entry set: 0, value=0
[2025-03-21 19:44:56,361] INFO: Clearing entry
[2025-03-21 19:44:56,361] INFO: Toggling mode: f, f_active=True, g_active=False
[2025-03-21 19:44:56,368] INFO: Mode reset to normal
[2025-03-21 19:44:58,872] INFO: Handling normal command: 9
[2025-03-21 19:44:58,872] INFO: Entering digit: 9
[2025-03-21 19:44:58,873] INFO: Appending character: 9
[2025-03-21 19:44:58,873] INFO: Setting entry: value=9, raw=False
[2025-03-21 19:44:58,873] INFO: Entry set: 9, value=9
[2025-03-21 19:44:59,142] INFO: Handling normal command: 9
[2025-03-21 19:44:59,143] INFO: Entering digit: 9
[2025-03-21 19:44:59,143] INFO: Appending character: 9
[2025-03-21 19:44:59,143] INFO: Setting entry: value=99, raw=False
[2025-03-21 19:44:59,143] INFO: Entry set: 99, value=99
[2025-03-21 19:44:59,404] INFO: Handling normal command: 9
[2025-03-21 19:44:59,404] INFO: Entering digit: 9
[2025-03-21 19:44:59,404] INFO: Ignoring digit 9: value 999 exceeds max 255
[2025-03-21 19:44:59,787] INFO: Handling normal command: 9
[2025-03-21 19:44:59,788] INFO: Entering digit: 9
[2025-03-21 19:44:59,788] INFO: Ignoring digit 9: value 999 exceeds max 255
[2025-03-21 19:45:02,194] INFO: Handling normal command: BSP
[2025-03-21 19:45:02,195] INFO: Performing backspace
[2025-03-21 19:45:02,195] INFO: Setting entry: value=9, raw=False
[2025-03-21 19:45:02,195] INFO: Entry set: 9, value=9
[2025-03-21 19:45:02,404] INFO: Handling normal command: BSP
[2025-03-21 19:45:02,404] INFO: Performing backspace
[2025-03-21 19:45:02,405] INFO: Setting entry: value=0, raw=False
[2025-03-21 19:45:02,405] INFO: Entry set: 0, value=0
[2025-03-21 19:45:03,739] INFO: Handling normal command: 2
[2025-03-21 19:45:03,739] INFO: Entering digit: 2
[2025-03-21 19:45:03,739] INFO: Appending character: 2
[2025-03-21 19:45:03,740] INFO: Setting entry: value=2, raw=False
[2025-03-21 19:45:03,740] INFO: Entry set: 2, value=2
[2025-03-21 19:45:04,429] INFO: Handling normal command: 5
[2025-03-21 19:45:04,429] INFO: Entering digit: 5
[2025-03-21 19:45:04,429] INFO: Appending character: 5
[2025-03-21 19:45:04,430] INFO: Setting entry: value=25, raw=False
[2025-03-21 19:45:04,430] INFO: Entry set: 25, value=25
[2025-03-21 19:45:04,782] INFO: Handling normal command: 6
[2025-03-21 19:45:04,782] INFO: Entering digit: 6
[2025-03-21 19:45:04,782] INFO: Ignoring digit 6: value 256 exceeds max 255
[2025-03-21 19:45:05,322] INFO: Handling normal command: 6
[2025-03-21 19:45:05,322] INFO: Entering digit: 6
[2025-03-21 19:45:05,322] INFO: Ignoring digit 6: value 256 exceeds max 255
[2025-03-21 19:45:05,742] INFO: Handling normal command: 5
[2025-03-21 19:45:05,742] INFO: Entering digit: 5
[2025-03-21 19:45:05,742] INFO: Appending character: 5
[2025-03-21 19:45:05,742] INFO: Setting entry: value=255, raw=False
[2025-03-21 19:45:05,743] INFO: Entry set: 255, value=255
[2025-03-21 19:45:06,859] INFO: Handling normal command: BIN
[2025-03-21 19:45:06,859] INFO: Setting mode: BIN
[2025-03-21 19:45:06,860] INFO: Setting entry: value=255, raw=False
[2025-03-21 19:45:06,860] INFO: Entry set: 11111111, value=255
[2025-03-21 19:45:06,860] INFO: Formatted 255 in BIN as 11111111
[2025-03-21 19:45:06,860] INFO: Setting entry: value=255, raw=False
[2025-03-21 19:45:06,860] INFO: Entry set: 11111111, value=255
[2025-03-21 19:45:06,860] INFO: Base set to BIN
[2025-03-21 19:45:08,022] INFO: Handling normal command: OCT
[2025-03-21 19:45:08,022] INFO: Setting mode: OCT
[2025-03-21 19:45:08,022] INFO: Setting entry: value=255, raw=False
[2025-03-21 19:45:08,023] INFO: Entry set: 377, value=255
[2025-03-21 19:45:08,023] INFO: Formatted 255 in OCT as 377
[2025-03-21 19:45:08,023] INFO: Setting entry: value=255, raw=False
[2025-03-21 19:45:08,023] INFO: Entry set: 377, value=255
[2025-03-21 19:45:08,023] INFO: Base set to OCT
[2025-03-21 19:45:08,862] INFO: Handling normal command: DEC
[2025-03-21 19:45:08,862] INFO: Setting mode: DEC
[2025-03-21 19:45:08,862] INFO: Setting entry: value=255, raw=False
[2025-03-21 19:45:08,862] INFO: Entry set: 255, value=255
[2025-03-21 19:45:08,862] INFO: Formatted 255 in DEC as 255
[2025-03-21 19:45:08,863] INFO: Setting entry: value=255, raw=False
[2025-03-21 19:45:08,863] INFO: Entry set: 255, value=255
[2025-03-21 19:45:08,863] INFO: Base set to DEC
[2025-03-21 19:45:09,567] INFO: Handling normal command: HEX
[2025-03-21 19:45:09,567] INFO: Setting mode: HEX
[2025-03-21 19:45:09,567] INFO: Setting entry: value=255, raw=False
[2025-03-21 19:45:09,568] INFO: Entry set: ff, value=255
[2025-03-21 19:45:09,568] INFO: Formatted 255 in HEX as ff
[2025-03-21 19:45:09,568] INFO: Setting entry: value=255, raw=False
[2025-03-21 19:45:09,568] INFO: Entry set: ff, value=255
[2025-03-21 19:45:09,568] INFO: Base set to HEX
[2025-03-21 19:45:11,405] INFO: Handling normal command: DEC
[2025-03-21 19:45:11,405] INFO: Setting mode: DEC
[2025-03-21 19:45:11,405] INFO: Setting entry: value=255, raw=False
[2025-03-21 19:45:11,405] INFO: Entry set: 255, value=255
[2025-03-21 19:45:11,405] INFO: Formatted 255 in DEC as 255
[2025-03-21 19:45:11,405] INFO: Setting entry: value=255, raw=False
[2025-03-21 19:45:11,406] INFO: Entry set: 255, value=255
[2025-03-21 19:45:11,406] INFO: Base set to DEC
[2025-03-21 19:45:11,825] INFO: Handling normal command: OCT
[2025-03-21 19:45:11,825] INFO: Setting mode: OCT
[2025-03-21 19:45:11,826] INFO: Setting entry: value=255, raw=False
[2025-03-21 19:45:11,826] INFO: Entry set: 377, value=255
[2025-03-21 19:45:11,826] INFO: Formatted 255 in OCT as 377
[2025-03-21 19:45:11,826] INFO: Setting entry: value=255, raw=False
[2025-03-21 19:45:11,826] INFO: Entry set: 377, value=255
[2025-03-21 19:45:11,826] INFO: Base set to OCT
[2025-03-21 19:45:12,290] INFO: Handling normal command: BIN
[2025-03-21 19:45:12,290] INFO: Setting mode: BIN
[2025-03-21 19:45:12,291] INFO: Setting entry: value=255, raw=False
[2025-03-21 19:45:12,291] INFO: Entry set: 11111111, value=255
[2025-03-21 19:45:12,291] INFO: Formatted 255 in BIN as 11111111
[2025-03-21 19:45:12,291] INFO: Setting entry: value=255, raw=False
[2025-03-21 19:45:12,291] INFO: Entry set: 11111111, value=255
[2025-03-21 19:45:12,291] INFO: Base set to BIN
[2025-03-21 19:45:13,610] INFO: Handling normal command: BSP
[2025-03-21 19:45:13,610] INFO: Performing backspace
[2025-03-21 19:45:13,610] INFO: Setting entry: value=1111111, raw=False
[2025-03-21 19:45:13,610] INFO: Entry set: 01111111, value=127
[2025-03-21 19:45:13,850] INFO: Handling normal command: BSP
[2025-03-21 19:45:13,850] INFO: Performing backspace
[2025-03-21 19:45:13,850] INFO: Setting entry: value=111111, raw=False
[2025-03-21 19:45:13,850] INFO: Entry set: 00111111, value=63
[2025-03-21 19:45:14,052] INFO: Handling normal command: BSP
[2025-03-21 19:45:14,052] INFO: Performing backspace
[2025-03-21 19:45:14,052] INFO: Setting entry: value=11111, raw=False
[2025-03-21 19:45:14,052] INFO: Entry set: 00011111, value=31
[2025-03-21 19:45:14,255] INFO: Handling normal command: BSP
[2025-03-21 19:45:14,255] INFO: Performing backspace
[2025-03-21 19:45:14,255] INFO: Setting entry: value=1111, raw=False
[2025-03-21 19:45:14,255] INFO: Entry set: 00001111, value=15
[2025-03-21 19:45:14,457] INFO: Handling normal command: BSP
[2025-03-21 19:45:14,457] INFO: Performing backspace
[2025-03-21 19:45:14,457] INFO: Setting entry: value=111, raw=False
[2025-03-21 19:45:14,457] INFO: Entry set: 00000111, value=7
[2025-03-21 19:45:14,667] INFO: Handling normal command: BSP
[2025-03-21 19:45:14,667] INFO: Performing backspace
[2025-03-21 19:45:14,667] INFO: Setting entry: value=11, raw=False
[2025-03-21 19:45:14,667] INFO: Entry set: 00000011, value=3
[2025-03-21 19:45:14,862] INFO: Handling normal command: BSP
[2025-03-21 19:45:14,862] INFO: Performing backspace
[2025-03-21 19:45:14,862] INFO: Setting entry: value=1, raw=False
[2025-03-21 19:45:14,862] INFO: Entry set: 00000001, value=1
[2025-03-21 19:45:15,080] INFO: Handling normal command: BSP
[2025-03-21 19:45:15,080] INFO: Performing backspace
[2025-03-21 19:45:15,080] INFO: Setting entry: value=0, raw=False
[2025-03-21 19:45:15,080] INFO: Entry set: 00000000, value=0
[2025-03-21 19:45:15,267] INFO: Handling normal command: BSP
[2025-03-21 19:45:15,267] INFO: Performing backspace
[2025-03-21 19:45:15,665] INFO: Handling normal command: OCT
[2025-03-21 19:45:15,665] INFO: Setting mode: OCT
[2025-03-21 19:45:15,665] INFO: Setting entry: value=0, raw=False
[2025-03-21 19:45:15,665] INFO: Entry set: 000, value=0
[2025-03-21 19:45:15,665] INFO: Formatted 0 in OCT as 0
[2025-03-21 19:45:15,665] INFO: Setting entry: value=0, raw=False
[2025-03-21 19:45:15,665] INFO: Entry set: 000, value=0
[2025-03-21 19:45:15,665] INFO: Base set to OCT
[2025-03-21 19:45:16,475] INFO: Handling normal command: DEC
[2025-03-21 19:45:16,475] INFO: Setting mode: DEC
[2025-03-21 19:45:16,475] INFO: Setting entry: value=0, raw=False
[2025-03-21 19:45:16,475] INFO: Entry set: 0, value=0
[2025-03-21 19:45:16,475] INFO: Formatted 0 in DEC as 0
[2025-03-21 19:45:16,475] INFO: Setting entry: value=0, raw=False
[2025-03-21 19:45:16,475] INFO: Entry set: 0, value=0
[2025-03-21 19:45:16,475] INFO: Base set to DEC
[2025-03-21 19:45:16,947] INFO: Handling normal command: HEX
[2025-03-21 19:45:16,947] INFO: Setting mode: HEX
[2025-03-21 19:45:16,947] INFO: Setting entry: value=0, raw=False
[2025-03-21 19:45:16,947] INFO: Entry set: 00, value=0
[2025-03-21 19:45:16,947] INFO: Formatted 0 in HEX as 0
[2025-03-21 19:45:16,947] INFO: Setting entry: value=0, raw=False
[2025-03-21 19:45:16,947] INFO: Entry set: 00, value=0
[2025-03-21 19:45:16,947] INFO: Base set to HEX
[2025-03-21 19:45:19,776] INFO: Handling normal command: F
[2025-03-21 19:45:19,776] INFO: Entering digit: F
[2025-03-21 19:45:19,776] INFO: Appending character: F
[2025-03-21 19:45:19,776] INFO: Setting entry: value=15, raw=False
[2025-03-21 19:45:19,776] INFO: Entry set: 0f, value=15
[2025-03-21 19:45:20,727] INFO: Handling normal command: F
[2025-03-21 19:45:20,728] INFO: Entering digit: F
[2025-03-21 19:45:20,728] INFO: Appending character: F
[2025-03-21 19:45:20,728] INFO: Setting entry: value=255, raw=False
[2025-03-21 19:45:20,728] INFO: Entry set: ff, value=255
[2025-03-21 19:45:21,621] INFO: Handling normal command: DEC
[2025-03-21 19:45:21,621] INFO: Setting mode: DEC
[2025-03-21 19:45:21,621] INFO: Setting entry: value=255, raw=False
[2025-03-21 19:45:21,621] INFO: Entry set: 255, value=255
[2025-03-21 19:45:21,621] INFO: Formatted 255 in DEC as 255
[2025-03-21 19:45:21,621] INFO: Setting entry: value=255, raw=False
[2025-03-21 19:45:21,621] INFO: Entry set: 255, value=255
[2025-03-21 19:45:21,621] INFO: Base set to DEC
[2025-03-21 19:45:22,820] INFO: Handling normal command: BIN
[2025-03-21 19:45:22,820] INFO: Setting mode: BIN
[2025-03-21 19:45:22,820] INFO: Setting entry: value=255, raw=False
[2025-03-21 19:45:22,820] INFO: Entry set: 11111111, value=255
[2025-03-21 19:45:22,820] INFO: Formatted 255 in BIN as 11111111
[2025-03-21 19:45:22,820] INFO: Setting entry: value=255, raw=False
[2025-03-21 19:45:22,820] INFO: Entry set: 11111111, value=255
[2025-03-21 19:45:22,820] INFO: Base set to BIN
[2025-03-21 19:45:27,560] INFO: Handling normal command: BSP
[2025-03-21 19:45:27,561] INFO: Performing backspace
[2025-03-21 19:45:27,561] INFO: Setting entry: value=1111111, raw=False
[2025-03-21 19:45:27,561] INFO: Entry set: 01111111, value=127
[2025-03-21 19:45:27,770] INFO: Handling normal command: BSP
[2025-03-21 19:45:27,770] INFO: Performing backspace
[2025-03-21 19:45:27,770] INFO: Setting entry: value=111111, raw=False
[2025-03-21 19:45:27,770] INFO: Entry set: 00111111, value=63
[2025-03-21 19:45:27,980] INFO: Handling normal command: BSP
[2025-03-21 19:45:27,981] INFO: Performing backspace
[2025-03-21 19:45:27,981] INFO: Setting entry: value=11111, raw=False
[2025-03-21 19:45:27,981] INFO: Entry set: 00011111, value=31
[2025-03-21 19:45:28,159] INFO: Handling normal command: BSP
[2025-03-21 19:45:28,160] INFO: Performing backspace
[2025-03-21 19:45:28,160] INFO: Setting entry: value=1111, raw=False
[2025-03-21 19:45:28,160] INFO: Entry set: 00001111, value=15
[2025-03-21 19:45:28,355] INFO: Handling normal command: BSP
[2025-03-21 19:45:28,355] INFO: Performing backspace
[2025-03-21 19:45:28,355] INFO: Setting entry: value=111, raw=False
[2025-03-21 19:45:28,355] INFO: Entry set: 00000111, value=7
[2025-03-21 19:45:28,549] INFO: Handling normal command: BSP
[2025-03-21 19:45:28,549] INFO: Performing backspace
[2025-03-21 19:45:28,550] INFO: Setting entry: value=11, raw=False
[2025-03-21 19:45:28,550] INFO: Entry set: 00000011, value=3
[2025-03-21 19:45:28,753] INFO: Handling normal command: BSP
[2025-03-21 19:45:28,753] INFO: Performing backspace
[2025-03-21 19:45:28,753] INFO: Setting entry: value=1, raw=False
[2025-03-21 19:45:28,753] INFO: Entry set: 00000001, value=1
[2025-03-21 19:45:28,969] INFO: Handling normal command: BSP
[2025-03-21 19:45:28,970] INFO: Performing backspace
[2025-03-21 19:45:28,970] INFO: Setting entry: value=0, raw=False
[2025-03-21 19:45:28,970] INFO: Entry set: 00000000, value=0
[2025-03-21 19:45:29,712] INFO: Handling normal command: 1
[2025-03-21 19:45:29,713] INFO: Entering digit: 1
[2025-03-21 19:45:29,713] INFO: Appending character: 1
[2025-03-21 19:45:29,713] INFO: Setting entry: value=1, raw=False
[2025-03-21 19:45:29,713] INFO: Entry set: 00000001, value=1
[2025-03-21 19:45:30,072] INFO: Handling normal command: 0
[2025-03-21 19:45:30,072] INFO: Entering digit: 0
[2025-03-21 19:45:30,073] INFO: Appending character: 0
[2025-03-21 19:45:30,073] INFO: Setting entry: value=2, raw=False
[2025-03-21 19:45:30,073] INFO: Entry set: 00000010, value=2
[2025-03-21 19:45:30,424] INFO: Handling normal command: 1
[2025-03-21 19:45:30,424] INFO: Entering digit: 1
[2025-03-21 19:45:30,425] INFO: Appending character: 1
[2025-03-21 19:45:30,425] INFO: Setting entry: value=5, raw=False
[2025-03-21 19:45:30,425] INFO: Entry set: 00000101, value=5
[2025-03-21 19:45:30,792] INFO: Handling normal command: 0
[2025-03-21 19:45:30,792] INFO: Entering digit: 0
[2025-03-21 19:45:30,792] INFO: Appending character: 0
[2025-03-21 19:45:30,793] INFO: Setting entry: value=10, raw=False
[2025-03-21 19:45:30,793] INFO: Entry set: 00001010, value=10
[2025-03-21 19:45:31,189] INFO: Handling normal command: 1
[2025-03-21 19:45:31,189] INFO: Entering digit: 1
[2025-03-21 19:45:31,189] INFO: Appending character: 1
[2025-03-21 19:45:31,189] INFO: Setting entry: value=21, raw=False
[2025-03-21 19:45:31,190] INFO: Entry set: 00010101, value=21
[2025-03-21 19:45:31,587] INFO: Handling normal command: 0
[2025-03-21 19:45:31,587] INFO: Entering digit: 0
[2025-03-21 19:45:31,587] INFO: Appending character: 0
[2025-03-21 19:45:31,587] INFO: Setting entry: value=42, raw=False
[2025-03-21 19:45:31,588] INFO: Entry set: 00101010, value=42
[2025-03-21 19:45:31,969] INFO: Handling normal command: 1
[2025-03-21 19:45:31,969] INFO: Entering digit: 1
[2025-03-21 19:45:31,969] INFO: Appending character: 1
[2025-03-21 19:45:31,970] INFO: Setting entry: value=85, raw=False
[2025-03-21 19:45:31,970] INFO: Entry set: 01010101, value=85
[2025-03-21 19:45:32,352] INFO: Handling normal command: 0
[2025-03-21 19:45:32,352] INFO: Entering digit: 0
[2025-03-21 19:45:32,352] INFO: Appending character: 0
[2025-03-21 19:45:32,352] INFO: Setting entry: value=170, raw=False
[2025-03-21 19:45:32,353] INFO: Entry set: 10101010, value=170
[2025-03-21 19:45:33,342] INFO: Handling normal command: DEC
[2025-03-21 19:45:33,342] INFO: Setting mode: DEC
[2025-03-21 19:45:33,342] INFO: Setting entry: value=170, raw=False
[2025-03-21 19:45:33,343] INFO: Entry set: 170, value=170
[2025-03-21 19:45:33,343] INFO: Formatted 170 in DEC as 170
[2025-03-21 19:45:33,343] INFO: Setting entry: value=170, raw=False
[2025-03-21 19:45:33,343] INFO: Entry set: 170, value=170
[2025-03-21 19:45:33,343] INFO: Base set to DEC
[2025-03-21 19:45:35,548] INFO: Handling normal command: OCT
[2025-03-21 19:45:35,548] INFO: Setting mode: OCT
[2025-03-21 19:45:35,548] INFO: Setting entry: value=170, raw=False
[2025-03-21 19:45:35,548] INFO: Entry set: 252, value=170
[2025-03-21 19:45:35,548] INFO: Formatted 170 in OCT as 252
[2025-03-21 19:45:35,548] INFO: Setting entry: value=170, raw=False
[2025-03-21 19:45:35,549] INFO: Entry set: 252, value=170
[2025-03-21 19:45:35,549] INFO: Base set to OCT
[2025-03-21 19:45:36,711] INFO: Handling normal command: BIN
[2025-03-21 19:45:36,711] INFO: Setting mode: BIN
[2025-03-21 19:45:36,711] INFO: Setting entry: value=170, raw=False
[2025-03-21 19:45:36,712] INFO: Entry set: 10101010, value=170
[2025-03-21 19:45:36,712] INFO: Formatted 170 in BIN as 10101010
[2025-03-21 19:45:36,712] INFO: Setting entry: value=170, raw=False
[2025-03-21 19:45:36,712] INFO: Entry set: 10101010, value=170
[2025-03-21 19:45:36,712] INFO: Base set to BIN
[2025-03-21 19:45:37,520] INFO: Handling normal command: DEC
[2025-03-21 19:45:37,520] INFO: Setting mode: DEC
[2025-03-21 19:45:37,521] INFO: Setting entry: value=170, raw=False
[2025-03-21 19:45:37,521] INFO: Entry set: 170, value=170
[2025-03-21 19:45:37,521] INFO: Formatted 170 in DEC as 170
[2025-03-21 19:45:37,521] INFO: Setting entry: value=170, raw=False
[2025-03-21 19:45:37,521] INFO: Entry set: 170, value=170
[2025-03-21 19:45:37,521] INFO: Base set to DEC
[2025-03-21 19:45:38,090] INFO: Handling normal command: HEX
[2025-03-21 19:45:38,090] INFO: Setting mode: HEX
[2025-03-21 19:45:38,090] INFO: Setting entry: value=170, raw=False
[2025-03-21 19:45:38,090] INFO: Entry set: aa, value=170
[2025-03-21 19:45:38,091] INFO: Formatted 170 in HEX as aa
[2025-03-21 19:45:38,091] INFO: Setting entry: value=170, raw=False
[2025-03-21 19:45:38,091] INFO: Entry set: aa, value=170
[2025-03-21 19:45:38,091] INFO: Base set to HEX
[2025-03-21 19:45:40,918] INFO: Handling normal command: DEC
[2025-03-21 19:45:40,918] INFO: Setting mode: DEC
[2025-03-21 19:45:40,918] INFO: Setting entry: value=170, raw=False
[2025-03-21 19:45:40,918] INFO: Entry set: 170, value=170
[2025-03-21 19:45:40,918] INFO: Formatted 170 in DEC as 170
[2025-03-21 19:45:40,918] INFO: Setting entry: value=170, raw=False
[2025-03-21 19:45:40,918] INFO: Entry set: 170, value=170
[2025-03-21 19:45:40,919] INFO: Base set to DEC
[2025-03-21 19:45:48,905] INFO: Handling normal command: BSP
[2025-03-21 19:45:48,905] INFO: Performing backspace
[2025-03-21 19:45:48,905] INFO: Setting entry: value=17, raw=False
[2025-03-21 19:45:48,905] INFO: Entry set: 17, value=17
[2025-03-21 19:45:49,100] INFO: Handling normal command: BSP
[2025-03-21 19:45:49,100] INFO: Performing backspace
[2025-03-21 19:45:49,100] INFO: Setting entry: value=1, raw=False
[2025-03-21 19:45:49,100] INFO: Entry set: 1, value=1
[2025-03-21 19:45:49,303] INFO: Handling normal command: BSP
[2025-03-21 19:45:49,303] INFO: Performing backspace
[2025-03-21 19:45:49,303] INFO: Setting entry: value=0, raw=False
[2025-03-21 19:45:49,303] INFO: Entry set: 0, value=0
[2025-03-21 19:45:49,483] INFO: Handling normal command: BSP
[2025-03-21 19:45:49,483] INFO: Performing backspace
[2025-03-21 19:45:51,965] INFO: Handling normal command: 1
[2025-03-21 19:45:51,965] INFO: Entering digit: 1
[2025-03-21 19:45:51,965] INFO: Appending character: 1
[2025-03-21 19:45:51,965] INFO: Setting entry: value=1, raw=False
[2025-03-21 19:45:51,965] INFO: Entry set: 1, value=1
[2025-03-21 19:45:52,535] INFO: Handling normal command: 6
[2025-03-21 19:45:52,535] INFO: Entering digit: 6
[2025-03-21 19:45:52,535] INFO: Appending character: 6
[2025-03-21 19:45:52,535] INFO: Setting entry: value=16, raw=False
[2025-03-21 19:45:52,535] INFO: Entry set: 16, value=16
[2025-03-21 19:45:54,335] INFO: Handling command: yellow_f_function
[2025-03-21 19:45:54,335] INFO: Toggling mode: f, f_active=False, g_active=False
[2025-03-21 19:45:54,367] INFO: Mode set: f
[2025-03-21 19:45:54,844] INFO: f-mode action: WSIZE
[2025-03-21 19:45:54,845] INFO: Setting word size: 16
[2025-03-21 19:45:54,845] INFO: Word size changed: 8 -> 16, X=0, stack=[0, 0, 0]
[2025-03-21 19:45:54,845] INFO: Stack info updated: 00-16-0000
[2025-03-21 19:45:54,845] INFO: Formatted 0 in DEC as 0
[2025-03-21 19:45:54,845] INFO: Setting entry: value=0, raw=False
[2025-03-21 19:45:54,845] INFO: Entry set: 0, value=0
[2025-03-21 19:45:54,845] INFO: Clearing entry
[2025-03-21 19:45:54,845] INFO: Toggling mode: f, f_active=True, g_active=False
[2025-03-21 19:45:54,852] INFO: Mode reset to normal
[2025-03-21 19:45:56,938] INFO: Handling normal command: 2
[2025-03-21 19:45:56,939] INFO: Entering digit: 2
[2025-03-21 19:45:56,939] INFO: Appending character: 2
[2025-03-21 19:45:56,939] INFO: Setting entry: value=2, raw=False
[2025-03-21 19:45:56,939] INFO: Entry set: 2, value=2
[2025-03-21 19:45:57,417] INFO: Handling normal command: 5
[2025-03-21 19:45:57,418] INFO: Entering digit: 5
[2025-03-21 19:45:57,418] INFO: Appending character: 5
[2025-03-21 19:45:57,418] INFO: Setting entry: value=25, raw=False
[2025-03-21 19:45:57,418] INFO: Entry set: 25, value=25
[2025-03-21 19:45:57,928] INFO: Handling normal command: 6
[2025-03-21 19:45:57,928] INFO: Entering digit: 6
[2025-03-21 19:45:57,928] INFO: Appending character: 6
[2025-03-21 19:45:57,928] INFO: Setting entry: value=256, raw=False
[2025-03-21 19:45:57,928] INFO: Entry set: 256, value=256
[2025-03-21 19:45:58,708] INFO: Handling normal command: HEX
[2025-03-21 19:45:58,708] INFO: Setting mode: HEX
[2025-03-21 19:45:58,708] INFO: Setting entry: value=256, raw=False
[2025-03-21 19:45:58,708] INFO: Entry set: 0100, value=256
[2025-03-21 19:45:58,708] INFO: Formatted 256 in HEX as 100
[2025-03-21 19:45:58,708] INFO: Setting entry: value=256, raw=False
[2025-03-21 19:45:58,709] INFO: Entry set: 0100, value=256
[2025-03-21 19:45:58,709] INFO: Base set to HEX
[2025-03-21 19:46:06,006] INFO: Handling normal command: DEC
[2025-03-21 19:46:06,006] INFO: Setting mode: DEC
[2025-03-21 19:46:06,006] INFO: Setting entry: value=256, raw=False
[2025-03-21 19:46:06,006] INFO: Entry set: 256, value=256
[2025-03-21 19:46:06,006] INFO: Formatted 256 in DEC as 256
[2025-03-21 19:46:06,006] INFO: Setting entry: value=256, raw=False
[2025-03-21 19:46:06,006] INFO: Entry set: 256, value=256
[2025-03-21 19:46:06,006] INFO: Base set to DEC
[2025-03-21 19:46:07,528] INFO: Handling normal command: BSP
[2025-03-21 19:46:07,528] INFO: Performing backspace
[2025-03-21 19:46:07,528] INFO: Setting entry: value=25, raw=False
[2025-03-21 19:46:07,528] INFO: Entry set: 25, value=25
[2025-03-21 19:46:07,716] INFO: Handling normal command: BSP
[2025-03-21 19:46:07,716] INFO: Performing backspace
[2025-03-21 19:46:07,716] INFO: Setting entry: value=2, raw=False
[2025-03-21 19:46:07,716] INFO: Entry set: 2, value=2
[2025-03-21 19:46:07,925] INFO: Handling normal command: BSP
[2025-03-21 19:46:07,926] INFO: Performing backspace
[2025-03-21 19:46:07,926] INFO: Setting entry: value=0, raw=False
[2025-03-21 19:46:07,926] INFO: Entry set: 0, value=0
[2025-03-21 19:46:08,097] INFO: Handling normal command: BSP
[2025-03-21 19:46:08,098] INFO: Performing backspace
[2025-03-21 19:46:11,562] INFO: Handling normal command: 8
[2025-03-21 19:46:11,562] INFO: Entering digit: 8
[2025-03-21 19:46:11,562] INFO: Appending character: 8
[2025-03-21 19:46:11,562] INFO: Setting entry: value=8, raw=False
[2025-03-21 19:46:11,563] INFO: Entry set: 8, value=8
[2025-03-21 19:46:12,485] INFO: Handling command: yellow_f_function
[2025-03-21 19:46:12,485] INFO: Toggling mode: f, f_active=False, g_active=False
[2025-03-21 19:46:12,517] INFO: Mode set: f
[2025-03-21 19:46:13,085] INFO: f-mode action: WSIZE
[2025-03-21 19:46:13,085] INFO: Setting word size: 8
[2025-03-21 19:46:13,085] INFO: Word size changed: 16 -> 8, X=0, stack=[0, 0, 0]
[2025-03-21 19:46:13,085] INFO: Stack info updated: 00-08-0000
[2025-03-21 19:46:13,085] INFO: Formatted 0 in DEC as 0
[2025-03-21 19:46:13,085] INFO: Setting entry: value=0, raw=False
[2025-03-21 19:46:13,085] INFO: Entry set: 0, value=0
[2025-03-21 19:46:13,086] INFO: Clearing entry
[2025-03-21 19:46:13,086] INFO: Toggling mode: f, f_active=True, g_active=False
[2025-03-21 19:46:13,093] INFO: Mode reset to normal
[2025-03-21 19:46:14,067] INFO: Handling normal command: HEX
[2025-03-21 19:46:14,067] INFO: Setting mode: HEX
[2025-03-21 19:46:14,067] INFO: Setting entry: value=0, raw=False
[2025-03-21 19:46:14,067] INFO: Entry set: 00, value=0
[2025-03-21 19:46:14,067] INFO: Formatted 0 in HEX as 0
[2025-03-21 19:46:14,067] INFO: Setting entry: value=0, raw=False
[2025-03-21 19:46:14,067] INFO: Entry set: 00, value=0
[2025-03-21 19:46:14,068] INFO: Base set to HEX
[2025-03-21 19:46:14,967] INFO: Handling normal command: 1
[2025-03-21 19:46:14,967] INFO: Entering digit: 1
[2025-03-21 19:46:14,967] INFO: Appending character: 1
[2025-03-21 19:46:14,967] INFO: Setting entry: value=1, raw=False
[2025-03-21 19:46:14,968] INFO: Entry set: 01, value=1
[2025-03-21 19:46:15,327] INFO: Handling normal command: 0
[2025-03-21 19:46:15,327] INFO: Entering digit: 0
[2025-03-21 19:46:15,327] INFO: Appending character: 0
[2025-03-21 19:46:15,327] INFO: Setting entry: value=16, raw=False
[2025-03-21 19:46:15,327] INFO: Entry set: 10, value=16
[2025-03-21 19:46:15,620] INFO: Handling normal command: 0
[2025-03-21 19:46:15,620] INFO: Entering digit: 0
[2025-03-21 19:46:15,620] INFO: Ignoring digit 0: value 256 exceeds max 255
[2025-03-21 19:46:19,648] INFO: Handling normal command: DEC
[2025-03-21 19:46:19,648] INFO: Setting mode: DEC
[2025-03-21 19:46:19,648] INFO: Setting entry: value=16, raw=False
[2025-03-21 19:46:19,648] INFO: Entry set: 16, value=16
[2025-03-21 19:46:19,648] INFO: Formatted 16 in DEC as 16
[2025-03-21 19:46:19,648] INFO: Setting entry: value=16, raw=False
[2025-03-21 19:46:19,648] INFO: Entry set: 16, value=16
[2025-03-21 19:46:19,648] INFO: Base set to DEC
[2025-03-21 19:46:20,457] INFO: Handling normal command: DEC
[2025-03-21 19:46:20,457] INFO: Setting mode: DEC
[2025-03-21 19:46:20,457] INFO: Setting entry: value=16, raw=False
[2025-03-21 19:46:20,457] INFO: Entry set: 16, value=16
[2025-03-21 19:46:20,457] INFO: Formatted 16 in DEC as 16
[2025-03-21 19:46:20,457] INFO: Setting entry: value=16, raw=False
[2025-03-21 19:46:20,457] INFO: Entry set: 16, value=16
[2025-03-21 19:46:20,457] INFO: Base set to DEC
[2025-03-21 19:46:22,190] INFO: Handling normal command: 2
[2025-03-21 19:46:22,190] INFO: Entering digit: 2
[2025-03-21 19:46:22,190] INFO: Appending character: 2
[2025-03-21 19:46:22,191] INFO: Setting entry: value=162, raw=False
[2025-03-21 19:46:22,191] INFO: Entry set: 162, value=162
[2025-03-21 19:46:23,742] INFO: Handling normal command: BSP
[2025-03-21 19:46:23,742] INFO: Performing backspace
[2025-03-21 19:46:23,742] INFO: Setting entry: value=16, raw=False
[2025-03-21 19:46:23,742] INFO: Entry set: 16, value=16
[2025-03-21 19:46:23,945] INFO: Handling normal command: BSP
[2025-03-21 19:46:23,945] INFO: Performing backspace
[2025-03-21 19:46:23,945] INFO: Setting entry: value=1, raw=False
[2025-03-21 19:46:23,945] INFO: Entry set: 1, value=1
[2025-03-21 19:46:24,155] INFO: Handling normal command: BSP
[2025-03-21 19:46:24,155] INFO: Performing backspace
[2025-03-21 19:46:24,155] INFO: Setting entry: value=0, raw=False
[2025-03-21 19:46:24,155] INFO: Entry set: 0, value=0
[2025-03-21 19:46:24,342] INFO: Handling normal command: BSP
[2025-03-21 19:46:24,342] INFO: Performing backspace
[2025-03-21 19:46:24,883] INFO: Handling normal command: 2
[2025-03-21 19:46:24,884] INFO: Entering digit: 2
[2025-03-21 19:46:24,884] INFO: Appending character: 2
[2025-03-21 19:46:24,884] INFO: Setting entry: value=2, raw=False
[2025-03-21 19:46:24,884] INFO: Entry set: 2, value=2
[2025-03-21 19:46:25,213] INFO: Handling normal command: 2
[2025-03-21 19:46:25,213] INFO: Entering digit: 2
[2025-03-21 19:46:25,213] INFO: Appending character: 2
[2025-03-21 19:46:25,213] INFO: Setting entry: value=22, raw=False
[2025-03-21 19:46:25,213] INFO: Entry set: 22, value=22
[2025-03-21 19:46:26,345] INFO: Handling normal command: BSP
[2025-03-21 19:46:26,345] INFO: Performing backspace
[2025-03-21 19:46:26,345] INFO: Setting entry: value=2, raw=False
[2025-03-21 19:46:26,345] INFO: Entry set: 2, value=2
[2025-03-21 19:46:26,555] INFO: Handling normal command: BSP
[2025-03-21 19:46:26,555] INFO: Performing backspace
[2025-03-21 19:46:26,555] INFO: Setting entry: value=0, raw=False
[2025-03-21 19:46:26,555] INFO: Entry set: 0, value=0
[2025-03-21 19:46:26,743] INFO: Handling normal command: BSP
[2025-03-21 19:46:26,743] INFO: Performing backspace
[2025-03-21 19:46:27,350] INFO: Handling normal command: 2
[2025-03-21 19:46:27,350] INFO: Entering digit: 2
[2025-03-21 19:46:27,350] INFO: Appending character: 2
[2025-03-21 19:46:27,350] INFO: Setting entry: value=2, raw=False
[2025-03-21 19:46:27,350] INFO: Entry set: 2, value=2
[2025-03-21 19:46:27,868] INFO: Handling normal command: 5
[2025-03-21 19:46:27,868] INFO: Entering digit: 5
[2025-03-21 19:46:27,868] INFO: Appending character: 5
[2025-03-21 19:46:27,868] INFO: Setting entry: value=25, raw=False
[2025-03-21 19:46:27,868] INFO: Entry set: 25, value=25
[2025-03-21 19:46:28,685] INFO: Handling normal command: 6
[2025-03-21 19:46:28,685] INFO: Entering digit: 6
[2025-03-21 19:46:28,685] INFO: Ignoring digit 6: value 256 exceeds max 255
[2025-03-21 19:46:29,120] INFO: Handling normal command: 6
[2025-03-21 19:46:29,120] INFO: Entering digit: 6
[2025-03-21 19:46:29,120] INFO: Ignoring digit 6: value 256 exceeds max 255
[2025-03-21 19:46:29,345] INFO: Handling normal command: 6
[2025-03-21 19:46:29,345] INFO: Entering digit: 6
[2025-03-21 19:46:29,345] INFO: Ignoring digit 6: value 256 exceeds max 255
[2025-03-21 19:46:30,440] INFO: Handling normal command: 7
[2025-03-21 19:46:30,440] INFO: Entering digit: 7
[2025-03-21 19:46:30,440] INFO: Ignoring digit 7: value 257 exceeds max 255
[2025-03-21 19:46:30,777] INFO: Handling normal command: 8
[2025-03-21 19:46:30,777] INFO: Entering digit: 8
[2025-03-21 19:46:30,778] INFO: Ignoring digit 8: value 258 exceeds max 255
[2025-03-21 19:46:31,175] INFO: Handling normal command: 9
[2025-03-21 19:46:31,175] INFO: Entering digit: 9
[2025-03-21 19:46:31,175] INFO: Ignoring digit 9: value 259 exceeds max 255
[2025-03-21 19:46:32,300] INFO: Handling normal command: 3
[2025-03-21 19:46:32,300] INFO: Entering digit: 3
[2025-03-21 19:46:32,300] INFO: Appending character: 3
[2025-03-21 19:46:32,301] INFO: Setting entry: value=253, raw=False
[2025-03-21 19:46:32,301] INFO: Entry set: 253, value=253
[2025-03-21 19:46:42,935] INFO: Handling normal command: BSP
[2025-03-21 19:46:42,935] INFO: Performing backspace
[2025-03-21 19:46:42,935] INFO: Setting entry: value=25, raw=False
[2025-03-21 19:46:42,935] INFO: Entry set: 25, value=25
[2025-03-21 19:46:43,190] INFO: Handling normal command: BSP
[2025-03-21 19:46:43,190] INFO: Performing backspace
[2025-03-21 19:46:43,190] INFO: Setting entry: value=2, raw=False
[2025-03-21 19:46:43,190] INFO: Entry set: 2, value=2
[2025-03-21 19:46:43,400] INFO: Handling normal command: BSP
[2025-03-21 19:46:43,400] INFO: Performing backspace
[2025-03-21 19:46:43,400] INFO: Setting entry: value=0, raw=False
[2025-03-21 19:46:43,400] INFO: Entry set: 0, value=0
[2025-03-21 19:46:44,240] INFO: Handling normal command: HEX
[2025-03-21 19:46:44,240] INFO: Setting mode: HEX
[2025-03-21 19:46:44,240] INFO: Setting entry: value=0, raw=False
[2025-03-21 19:46:44,241] INFO: Entry set: 00, value=0
[2025-03-21 19:46:44,241] INFO: Formatted 0 in HEX as 0
[2025-03-21 19:46:44,241] INFO: Setting entry: value=0, raw=False
[2025-03-21 19:46:44,241] INFO: Entry set: 00, value=0
[2025-03-21 19:46:44,241] INFO: Base set to HEX
[2025-03-21 19:46:44,937] INFO: Handling normal command: D
[2025-03-21 19:46:44,937] INFO: Entering digit: D
[2025-03-21 19:46:44,937] INFO: Appending character: D
[2025-03-21 19:46:44,937] INFO: Setting entry: value=13, raw=False
[2025-03-21 19:46:44,937] INFO: Entry set: 0d, value=13
[2025-03-21 19:46:45,290] INFO: Handling normal command: D
[2025-03-21 19:46:45,290] INFO: Entering digit: D
[2025-03-21 19:46:45,290] INFO: Appending character: D
[2025-03-21 19:46:45,290] INFO: Setting entry: value=221, raw=False
[2025-03-21 19:46:45,291] INFO: Entry set: dd, value=221
[2025-03-21 19:46:46,790] INFO: Handling normal command: DEC
[2025-03-21 19:46:46,790] INFO: Setting mode: DEC
[2025-03-21 19:46:46,790] INFO: Setting entry: value=221, raw=False
[2025-03-21 19:46:46,790] INFO: Entry set: 221, value=221
[2025-03-21 19:46:46,790] INFO: Formatted 221 in DEC as 221
[2025-03-21 19:46:46,790] INFO: Setting entry: value=221, raw=False
[2025-03-21 19:46:46,791] INFO: Entry set: 221, value=221
[2025-03-21 19:46:46,791] INFO: Base set to DEC
[2025-03-21 19:47:08,577] INFO: Handling normal command: BSP
[2025-03-21 19:47:08,577] INFO: Performing backspace
[2025-03-21 19:47:08,577] INFO: Setting entry: value=22, raw=False
[2025-03-21 19:47:08,578] INFO: Entry set: 22, value=22
[2025-03-21 19:47:08,779] INFO: Handling normal command: BSP
[2025-03-21 19:47:08,779] INFO: Performing backspace
[2025-03-21 19:47:08,779] INFO: Setting entry: value=2, raw=False
[2025-03-21 19:47:08,780] INFO: Entry set: 2, value=2
[2025-03-21 19:47:09,004] INFO: Handling normal command: BSP
[2025-03-21 19:47:09,004] INFO: Performing backspace
[2025-03-21 19:47:09,004] INFO: Setting entry: value=0, raw=False
[2025-03-21 19:47:09,004] INFO: Entry set: 0, value=0
[2025-03-21 19:47:12,229] INFO: Handling normal command: 9
[2025-03-21 19:47:12,229] INFO: Entering digit: 9
[2025-03-21 19:47:12,229] INFO: Appending character: 9
[2025-03-21 19:47:12,229] INFO: Setting entry: value=9, raw=False
[2025-03-21 19:47:12,229] INFO: Entry set: 9, value=9
[2025-03-21 19:47:13,407] INFO: Handling command: yellow_f_function
[2025-03-21 19:47:13,407] INFO: Toggling mode: f, f_active=False, g_active=False
[2025-03-21 19:47:13,439] INFO: Mode set: f
[2025-03-21 19:47:14,014] INFO: f-mode action: WSIZE
[2025-03-21 19:47:14,014] INFO: Setting word size: 9
[2025-03-21 19:47:14,014] INFO: Word size changed: 8 -> 9, X=0, stack=[0, 0, 0]
[2025-03-21 19:47:14,014] INFO: Stack info updated: 00-09-0000
[2025-03-21 19:47:14,014] INFO: Formatted 0 in DEC as 0
[2025-03-21 19:47:14,014] INFO: Setting entry: value=0, raw=False
[2025-03-21 19:47:14,015] INFO: Entry set: 0, value=0
[2025-03-21 19:47:14,015] INFO: Clearing entry
[2025-03-21 19:47:14,015] INFO: Toggling mode: f, f_active=True, g_active=False
[2025-03-21 19:47:14,022] INFO: Mode reset to normal
