[2025-03-17 01:03:12,039] INFO: Stack initialized: [0, 0, 0], X=0, word_size=16, complement_mode=UNSIGNED
[2025-03-17 01:03:12,059] INFO: Script started: main.pyw
[2025-03-17 01:03:12,059] INFO: Entering function: main
[2025-03-17 01:03:12,059] INFO: Creating Tk root window
[2025-03-17 01:03:12,124] INFO: Setting window title: HP 16C Emulator
[2025-03-17 01:03:12,124] INFO: Configuring root background color: #1e1818
[2025-03-17 01:03:12,124] INFO: Setting root resizable: False, False
[2025-03-17 01:03:12,124] INFO: Entering function: load_config
[2025-03-17 01:03:12,124] INFO: Config loaded and updated: {'display_width': 575, 'display_height': 80, 'margin': 20, 'bg_color': '#1e1818', 'display_font_family': 'Courier', 'display_font_size': 18, 'display_x': 125, 'display_y': 20}
[2025-03-17 01:03:12,125] INFO: Exiting function: load_config
[2025-03-17 01:03:12,125] INFO: Custom font created: family=Courier, size=18
[2025-03-17 01:03:12,125] INFO: Setting up UI: display at x=125, y=20, width=575, height=80, grid=4x10, total=1089x560
[2025-03-17 01:03:12,125] INFO: Initializing Display: x=125, y=20, width=575, height=80
[2025-03-17 01:03:12,129] INFO: Stack info updated: 00-16-0000
[2025-03-17 01:03:12,129] INFO: Display initialized: mode=DEC, entry=0
[2025-03-17 01:03:12,129] INFO: Setting mode: DEC
[2025-03-17 01:03:12,130] INFO: Setting entry: value=0, raw=False
[2025-03-17 01:03:12,130] INFO: Entry set: 0, value=0
[2025-03-17 01:03:12,130] INFO: Creating buttons from BUTTONS_CONFIG
[2025-03-17 01:03:12,132] INFO: Button 0,0: SL/A/LJ, 75x75, row=0, col=0, rowspan=1
[2025-03-17 01:03:12,132] INFO: Button 1,0: x><(i)/GSB/RTN, 75x75, row=1, col=0, rowspan=1
[2025-03-17 01:03:12,133] INFO: Button 2,0: (i)/R/S/P/R, 75x75, row=2, col=0, rowspan=1
[2025-03-17 01:03:12,133] INFO: Button 3,0: /ON/, 75x75, row=3, col=0, rowspan=1
[2025-03-17 01:03:12,134] INFO: Button 0,1: SR/B/ASR, 75x75, row=0, col=1, rowspan=1
[2025-03-17 01:03:12,135] INFO: Button 1,1: x><I/GTO/LBL, 75x75, row=1, col=1, rowspan=1
[2025-03-17 01:03:12,136] INFO: Button 2,1: I/SST/BST, 75x75, row=2, col=1, rowspan=1
[2025-03-17 01:03:12,136] INFO: Button 3,1: /f/, 75x75, row=3, col=1, rowspan=1
[2025-03-17 01:03:12,137] INFO: Button 0,2: RL/C/DSZ, 75x75, row=0, col=2, rowspan=1
[2025-03-17 01:03:12,138] INFO: Button 1,2: SHOW HEX/HEX/DSZ, 75x75, row=1, col=2, rowspan=1
[2025-03-17 01:03:12,141] INFO: Button 2,2: CLR PRGM/R↓/R↑, 75x75, row=2, col=2, rowspan=1
[2025-03-17 01:03:12,141] INFO: Button 3,2: /g/, 75x75, row=3, col=2, rowspan=1
[2025-03-17 01:03:12,142] INFO: Button 0,3: RR/D/RRC, 75x75, row=0, col=3, rowspan=1
[2025-03-17 01:03:12,143] INFO: Button 1,3: SHOW DEC/DEC/ISZ, 75x75, row=1, col=3, rowspan=1
[2025-03-17 01:03:12,144] INFO: Button 2,3: CLR REG/x><y/PSE, 75x75, row=2, col=3, rowspan=1
[2025-03-17 01:03:12,252] INFO: Button 3,3: WSIZE/STO/⯇, 75x75, row=3, col=3, rowspan=1
[2025-03-17 01:03:12,252] INFO: Button 0,4: RLn/E/RLCn, 75x75, row=0, col=4, rowspan=1
[2025-03-17 01:03:12,254] INFO: Button 1,4: SHOW OCT/OCT/√x, 75x75, row=1, col=4, rowspan=1
[2025-03-17 01:03:12,255] INFO: Button 2,4: CLR PRFX/BSP/CLX, 75x75, row=2, col=4, rowspan=1
[2025-03-17 01:03:12,256] INFO: Button 3,4: FLOAT/RCL/⯈, 75x75, row=3, col=4, rowspan=1
[2025-03-17 01:03:12,256] INFO: Button 0,5: RRn/F/RRCn, 75x75, row=0, col=5, rowspan=1
[2025-03-17 01:03:12,257] INFO: Button 1,5: SHOW BIN/BIN/1/x, 75x75, row=1, col=5, rowspan=1
[2025-03-17 01:03:12,258] INFO: Button 2,5: WINDOW/ENTER/LST X, 75x175, row=2, col=5, rowspan=2
[2025-03-17 01:03:12,259] INFO: Button 0,6: MASKL/7/#B, 75x75, row=0, col=6, rowspan=1
[2025-03-17 01:03:12,260] INFO: Button 1,6: SB/4/SF, 75x75, row=1, col=6, rowspan=1
[2025-03-17 01:03:12,260] INFO: Button 2,6: SC 1'S/1/X≤Y, 75x75, row=2, col=6, rowspan=1
[2025-03-17 01:03:12,261] INFO: Button 3,6: MEM/0/X≠Y, 75x75, row=3, col=6, rowspan=1
[2025-03-17 01:03:12,262] INFO: Button 0,7: MASKR/8/ABS, 75x75, row=0, col=7, rowspan=1
[2025-03-17 01:03:12,263] INFO: Button 1,7: CB/5/CF, 75x75, row=1, col=7, rowspan=1
[2025-03-17 01:03:12,264] INFO: Button 2,7: SC 2'S/2/X<0, 75x75, row=2, col=7, rowspan=1
[2025-03-17 01:03:12,265] INFO: Button 3,7: STATUS/./X≠0, 75x75, row=3, col=7, rowspan=1
[2025-03-17 01:03:12,265] INFO: Button 0,8: RMD/9/DBLR, 75x75, row=0, col=8, rowspan=1
[2025-03-17 01:03:12,266] INFO: Button 1,8: B?/6/F?, 75x75, row=1, col=8, rowspan=1
[2025-03-17 01:03:12,267] INFO: Button 2,8: SC UNSGN/3/X>Y, 75x75, row=2, col=8, rowspan=1
[2025-03-17 01:03:12,268] INFO: Button 3,8: EEx/CHS/X=Y, 75x75, row=3, col=8, rowspan=1
[2025-03-17 01:03:12,268] INFO: Button 0,9: XOR///DBL/, 75x75, row=0, col=9, rowspan=1
[2025-03-17 01:03:12,269] INFO: Button 1,9: AND/*/DBL*, 75x75, row=1, col=9, rowspan=1
[2025-03-17 01:03:12,270] INFO: Button 2,9: NOT/-/X>0, 75x75, row=2, col=9, rowspan=1
[2025-03-17 01:03:12,271] INFO: Button 3,9: OR/+/X=0, 75x75, row=3, col=9, rowspan=1
[2025-03-17 01:03:12,271] INFO: Total buttons created: 39
[2025-03-17 01:03:12,271] INFO: Grid configured: 10 cols, 4 rows, minsize=75
[2025-03-17 01:03:12,299] INFO: Initializing HP16CController with display and buttons
[2025-03-17 01:03:12,299] INFO: Initializing HP16CController
[2025-03-17 01:03:12,299] INFO: Binding buttons to controller actions
[2025-03-17 01:03:12,299] INFO: Binding actions to all buttons
[2025-03-17 01:03:12,301] INFO: Starting periodic stack updates
[2025-03-17 01:03:12,302] INFO: Setting entry: value=0, raw=False
[2025-03-17 01:03:12,302] INFO: Entry set: 0, value=0
[2025-03-17 01:03:12,535] INFO: Root window size: 1089x560+234+234
[2025-03-17 01:03:12,535] INFO: Entering Tkinter mainloop
[2025-03-17 01:03:13,792] INFO: Handling command: 
[2025-03-17 01:03:13,792] INFO: Handling normal command: 1
[2025-03-17 01:03:13,792] INFO: Entering digit: 1
[2025-03-17 01:03:13,793] INFO: Appending character: 1
[2025-03-17 01:03:13,793] INFO: Setting entry: value=1, raw=False
[2025-03-17 01:03:13,793] INFO: Entry set: 1, value=1
[2025-03-17 01:03:14,669] INFO: Handling command: 
[2025-03-17 01:03:14,669] INFO: Handling normal command: ENTER
[2025-03-17 01:03:14,669] INFO: Entering value
[2025-03-17 01:03:14,669] INFO: Pushed value: 1, X=1, stack=[0, 0, 0]
[2025-03-17 01:03:14,669] INFO: Setting entry: value=1, raw=False
[2025-03-17 01:03:14,669] INFO: Entry set: 1, value=1
[2025-03-17 01:03:15,802] INFO: Handling command: 
[2025-03-17 01:03:15,802] INFO: Handling normal command: 2
[2025-03-17 01:03:15,802] INFO: Entering digit: 2
[2025-03-17 01:03:15,802] INFO: Clearing entry
[2025-03-17 01:03:15,802] INFO: Appending character: 2
[2025-03-17 01:03:15,802] INFO: Setting entry: value=2, raw=False
[2025-03-17 01:03:15,802] INFO: Entry set: 2, value=2
[2025-03-17 01:03:16,589] INFO: Handling command: 
[2025-03-17 01:03:16,589] INFO: Handling normal command: ENTER
[2025-03-17 01:03:16,589] INFO: Entering value
[2025-03-17 01:03:16,589] INFO: Pushed value: 2, X=2, stack=[0, 0, 1]
[2025-03-17 01:03:16,589] INFO: Setting entry: value=2, raw=False
[2025-03-17 01:03:16,589] INFO: Entry set: 2, value=2
[2025-03-17 01:03:17,497] INFO: Handling command: 
[2025-03-17 01:03:17,497] INFO: Handling normal command: 3
[2025-03-17 01:03:17,497] INFO: Entering digit: 3
[2025-03-17 01:03:17,497] INFO: Clearing entry
[2025-03-17 01:03:17,497] INFO: Appending character: 3
[2025-03-17 01:03:17,497] INFO: Setting entry: value=3, raw=False
[2025-03-17 01:03:17,497] INFO: Entry set: 3, value=3
[2025-03-17 01:03:18,382] INFO: Handling command: 
[2025-03-17 01:03:18,382] INFO: Handling normal command: ENTER
[2025-03-17 01:03:18,382] INFO: Entering value
[2025-03-17 01:03:18,382] INFO: Pushed value: 3, X=3, stack=[0, 1, 2]
[2025-03-17 01:03:18,382] INFO: Setting entry: value=3, raw=False
[2025-03-17 01:03:18,382] INFO: Entry set: 3, value=3
[2025-03-17 01:03:19,072] INFO: Handling command: 
[2025-03-17 01:03:19,072] INFO: Handling normal command: 4
[2025-03-17 01:03:19,072] INFO: Entering digit: 4
[2025-03-17 01:03:19,072] INFO: Clearing entry
[2025-03-17 01:03:19,072] INFO: Appending character: 4
[2025-03-17 01:03:19,072] INFO: Setting entry: value=4, raw=False
[2025-03-17 01:03:19,072] INFO: Entry set: 4, value=4
[2025-03-17 01:03:20,143] INFO: Handling command: yellow_f_function
[2025-03-17 01:03:20,144] INFO: Toggling mode: f, f_active=False, g_active=False
[2025-03-17 01:03:20,175] INFO: Mode set: f
[2025-03-17 01:03:20,939] INFO: f-mode action: STATUS
[2025-03-17 01:03:20,939] INFO: Toggling stack display: show=True, mode=DEC
[2025-03-17 01:03:20,939] INFO: Stack displayed: ['3', '0', '1', '2']
[2025-03-17 01:03:20,939] INFO: Toggling mode: f, f_active=True, g_active=False
[2025-03-17 01:03:20,946] INFO: Mode reset to normal
[2025-03-17 01:03:26,218] INFO: Handling command: reload_program
[2025-03-17 01:03:26,218] INFO: Reloading program
[2025-03-17 01:03:26,279] INFO: Stack initialized: [0, 0, 0], X=0, word_size=16, complement_mode=UNSIGNED
[2025-03-17 01:03:26,282] INFO: Script started: main.pyw
[2025-03-17 01:03:26,282] INFO: Entering function: main
[2025-03-17 01:03:26,282] INFO: Creating Tk root window
[2025-03-17 01:03:26,341] INFO: Setting window title: HP 16C Emulator
[2025-03-17 01:03:26,341] INFO: Configuring root background color: #1e1818
[2025-03-17 01:03:26,341] INFO: Setting root resizable: False, False
[2025-03-17 01:03:26,341] INFO: Entering function: load_config
[2025-03-17 01:03:26,341] INFO: Config loaded and updated: {'display_width': 575, 'display_height': 80, 'margin': 20, 'bg_color': '#1e1818', 'display_font_family': 'Courier', 'display_font_size': 18, 'display_x': 125, 'display_y': 20}
[2025-03-17 01:03:26,341] INFO: Exiting function: load_config
[2025-03-17 01:03:26,341] INFO: Custom font created: family=Courier, size=18
[2025-03-17 01:03:26,341] INFO: Setting up UI: display at x=125, y=20, width=575, height=80, grid=4x10, total=1089x560
[2025-03-17 01:03:26,341] INFO: Initializing Display: x=125, y=20, width=575, height=80
[2025-03-17 01:03:26,344] INFO: Stack info updated: 00-16-0000
[2025-03-17 01:03:26,344] INFO: Display initialized: mode=DEC, entry=0
[2025-03-17 01:03:26,344] INFO: Setting mode: DEC
[2025-03-17 01:03:26,344] INFO: Setting entry: value=0, raw=False
[2025-03-17 01:03:26,344] INFO: Entry set: 0, value=0
[2025-03-17 01:03:26,344] INFO: Creating buttons from BUTTONS_CONFIG
[2025-03-17 01:03:26,346] INFO: Button 0,0: SL/A/LJ, 75x75, row=0, col=0, rowspan=1
[2025-03-17 01:03:26,347] INFO: Button 1,0: x><(i)/GSB/RTN, 75x75, row=1, col=0, rowspan=1
[2025-03-17 01:03:26,347] INFO: Button 2,0: (i)/R/S/P/R, 75x75, row=2, col=0, rowspan=1
[2025-03-17 01:03:26,348] INFO: Button 3,0: /ON/, 75x75, row=3, col=0, rowspan=1
[2025-03-17 01:03:26,349] INFO: Button 0,1: SR/B/ASR, 75x75, row=0, col=1, rowspan=1
[2025-03-17 01:03:26,349] INFO: Button 1,1: x><I/GTO/LBL, 75x75, row=1, col=1, rowspan=1
[2025-03-17 01:03:26,350] INFO: Button 2,1: I/SST/BST, 75x75, row=2, col=1, rowspan=1
[2025-03-17 01:03:26,350] INFO: Button 3,1: /f/, 75x75, row=3, col=1, rowspan=1
[2025-03-17 01:03:26,351] INFO: Button 0,2: RL/C/DSZ, 75x75, row=0, col=2, rowspan=1
[2025-03-17 01:03:26,352] INFO: Button 1,2: SHOW HEX/HEX/DSZ, 75x75, row=1, col=2, rowspan=1
[2025-03-17 01:03:26,354] INFO: Button 2,2: CLR PRGM/R↓/R↑, 75x75, row=2, col=2, rowspan=1
[2025-03-17 01:03:26,355] INFO: Button 3,2: /g/, 75x75, row=3, col=2, rowspan=1
[2025-03-17 01:03:26,355] INFO: Button 0,3: RR/D/RRC, 75x75, row=0, col=3, rowspan=1
[2025-03-17 01:03:26,356] INFO: Button 1,3: SHOW DEC/DEC/ISZ, 75x75, row=1, col=3, rowspan=1
[2025-03-17 01:03:26,357] INFO: Button 2,3: CLR REG/x><y/PSE, 75x75, row=2, col=3, rowspan=1
[2025-03-17 01:03:26,376] INFO: Button 3,3: WSIZE/STO/⯇, 75x75, row=3, col=3, rowspan=1
[2025-03-17 01:03:26,377] INFO: Button 0,4: RLn/E/RLCn, 75x75, row=0, col=4, rowspan=1
[2025-03-17 01:03:26,377] INFO: Button 1,4: SHOW OCT/OCT/√x, 75x75, row=1, col=4, rowspan=1
[2025-03-17 01:03:26,378] INFO: Button 2,4: CLR PRFX/BSP/CLX, 75x75, row=2, col=4, rowspan=1
[2025-03-17 01:03:26,379] INFO: Button 3,4: FLOAT/RCL/⯈, 75x75, row=3, col=4, rowspan=1
[2025-03-17 01:03:26,379] INFO: Button 0,5: RRn/F/RRCn, 75x75, row=0, col=5, rowspan=1
[2025-03-17 01:03:26,380] INFO: Button 1,5: SHOW BIN/BIN/1/x, 75x75, row=1, col=5, rowspan=1
[2025-03-17 01:03:26,381] INFO: Button 2,5: WINDOW/ENTER/LST X, 75x175, row=2, col=5, rowspan=2
[2025-03-17 01:03:26,382] INFO: Button 0,6: MASKL/7/#B, 75x75, row=0, col=6, rowspan=1
[2025-03-17 01:03:26,382] INFO: Button 1,6: SB/4/SF, 75x75, row=1, col=6, rowspan=1
[2025-03-17 01:03:26,383] INFO: Button 2,6: SC 1'S/1/X≤Y, 75x75, row=2, col=6, rowspan=1
[2025-03-17 01:03:26,384] INFO: Button 3,6: MEM/0/X≠Y, 75x75, row=3, col=6, rowspan=1
[2025-03-17 01:03:26,384] INFO: Button 0,7: MASKR/8/ABS, 75x75, row=0, col=7, rowspan=1
[2025-03-17 01:03:26,385] INFO: Button 1,7: CB/5/CF, 75x75, row=1, col=7, rowspan=1
[2025-03-17 01:03:26,386] INFO: Button 2,7: SC 2'S/2/X<0, 75x75, row=2, col=7, rowspan=1
[2025-03-17 01:03:26,387] INFO: Button 3,7: STATUS/./X≠0, 75x75, row=3, col=7, rowspan=1
[2025-03-17 01:03:26,387] INFO: Button 0,8: RMD/9/DBLR, 75x75, row=0, col=8, rowspan=1
[2025-03-17 01:03:26,388] INFO: Button 1,8: B?/6/F?, 75x75, row=1, col=8, rowspan=1
[2025-03-17 01:03:26,389] INFO: Button 2,8: SC UNSGN/3/X>Y, 75x75, row=2, col=8, rowspan=1
[2025-03-17 01:03:26,390] INFO: Button 3,8: EEx/CHS/X=Y, 75x75, row=3, col=8, rowspan=1
[2025-03-17 01:03:26,390] INFO: Button 0,9: XOR///DBL/, 75x75, row=0, col=9, rowspan=1
[2025-03-17 01:03:26,391] INFO: Button 1,9: AND/*/DBL*, 75x75, row=1, col=9, rowspan=1
[2025-03-17 01:03:26,392] INFO: Button 2,9: NOT/-/X>0, 75x75, row=2, col=9, rowspan=1
[2025-03-17 01:03:26,392] INFO: Button 3,9: OR/+/X=0, 75x75, row=3, col=9, rowspan=1
[2025-03-17 01:03:26,393] INFO: Total buttons created: 39
[2025-03-17 01:03:26,393] INFO: Grid configured: 10 cols, 4 rows, minsize=75
[2025-03-17 01:03:26,417] INFO: Initializing HP16CController with display and buttons
[2025-03-17 01:03:26,417] INFO: Initializing HP16CController
[2025-03-17 01:03:26,417] INFO: Binding buttons to controller actions
[2025-03-17 01:03:26,417] INFO: Binding actions to all buttons
[2025-03-17 01:03:26,418] INFO: Starting periodic stack updates
[2025-03-17 01:03:26,419] INFO: Setting entry: value=0, raw=False
[2025-03-17 01:03:26,419] INFO: Entry set: 0, value=0
[2025-03-17 01:03:26,628] INFO: Root window size: 1089x560+52+52
[2025-03-17 01:03:26,629] INFO: Entering Tkinter mainloop
[2025-03-17 01:03:27,688] INFO: Handling command: 
[2025-03-17 01:03:27,688] INFO: Handling normal command: 1
[2025-03-17 01:03:27,688] INFO: Entering digit: 1
[2025-03-17 01:03:27,688] INFO: Appending character: 1
[2025-03-17 01:03:27,688] INFO: Setting entry: value=1, raw=False
[2025-03-17 01:03:27,689] INFO: Entry set: 1, value=1
[2025-03-17 01:03:28,431] INFO: Handling command: 
[2025-03-17 01:03:28,431] INFO: Handling normal command: ENTER
[2025-03-17 01:03:28,431] INFO: Entering value
[2025-03-17 01:03:28,431] INFO: Pushed value: 1, X=1, stack=[0, 0, 0]
[2025-03-17 01:03:28,431] INFO: Setting entry: value=1, raw=False
[2025-03-17 01:03:28,431] INFO: Entry set: 1, value=1
[2025-03-17 01:03:29,061] INFO: Handling command: 
[2025-03-17 01:03:29,061] INFO: Handling normal command: 2
[2025-03-17 01:03:29,061] INFO: Entering digit: 2
[2025-03-17 01:03:29,061] INFO: Clearing entry
[2025-03-17 01:03:29,062] INFO: Appending character: 2
[2025-03-17 01:03:29,062] INFO: Setting entry: value=2, raw=False
[2025-03-17 01:03:29,062] INFO: Entry set: 2, value=2
[2025-03-17 01:03:29,684] INFO: Handling command: 
[2025-03-17 01:03:29,684] INFO: Handling normal command: ENTER
[2025-03-17 01:03:29,684] INFO: Entering value
[2025-03-17 01:03:29,684] INFO: Pushed value: 2, X=2, stack=[0, 0, 1]
[2025-03-17 01:03:29,684] INFO: Setting entry: value=2, raw=False
[2025-03-17 01:03:29,684] INFO: Entry set: 2, value=2
[2025-03-17 01:03:30,314] INFO: Handling command: 
[2025-03-17 01:03:30,314] INFO: Handling normal command: 3
[2025-03-17 01:03:30,314] INFO: Entering digit: 3
[2025-03-17 01:03:30,314] INFO: Clearing entry
[2025-03-17 01:03:30,314] INFO: Appending character: 3
[2025-03-17 01:03:30,315] INFO: Setting entry: value=3, raw=False
[2025-03-17 01:03:30,315] INFO: Entry set: 3, value=3
[2025-03-17 01:03:31,094] INFO: Handling command: 
[2025-03-17 01:03:31,094] INFO: Handling normal command: ENTER
[2025-03-17 01:03:31,094] INFO: Entering value
[2025-03-17 01:03:31,094] INFO: Pushed value: 3, X=3, stack=[0, 1, 2]
[2025-03-17 01:03:31,094] INFO: Setting entry: value=3, raw=False
[2025-03-17 01:03:31,094] INFO: Entry set: 3, value=3
[2025-03-17 01:03:31,701] INFO: Handling command: 
[2025-03-17 01:03:31,701] INFO: Handling normal command: 4
[2025-03-17 01:03:31,701] INFO: Entering digit: 4
[2025-03-17 01:03:31,701] INFO: Clearing entry
[2025-03-17 01:03:31,701] INFO: Appending character: 4
[2025-03-17 01:03:31,701] INFO: Setting entry: value=4, raw=False
[2025-03-17 01:03:31,701] INFO: Entry set: 4, value=4
[2025-03-17 01:03:32,241] INFO: Handling command: 
[2025-03-17 01:03:32,241] INFO: Handling normal command: ENTER
[2025-03-17 01:03:32,241] INFO: Entering value
[2025-03-17 01:03:32,241] INFO: Pushed value: 4, X=4, stack=[1, 2, 3]
[2025-03-17 01:03:32,241] INFO: Setting entry: value=4, raw=False
[2025-03-17 01:03:32,241] INFO: Entry set: 4, value=4
[2025-03-17 01:03:33,284] INFO: Handling command: 
[2025-03-17 01:03:33,284] INFO: Handling normal command: R↓
[2025-03-17 01:03:33,284] INFO: Entering operator: R↓
[2025-03-17 01:03:33,284] INFO: Stack rolled down: X=3, stack=[4, 1, 2]
[2025-03-17 01:03:33,284] INFO: Setting entry: value=3, raw=False
[2025-03-17 01:03:33,284] INFO: Entry set: 3, value=3
[2025-03-17 01:03:33,284] INFO: Performed R↓: stack rotated down
[2025-03-17 01:03:33,689] INFO: Handling command: 
[2025-03-17 01:03:33,689] INFO: Handling normal command: R↓
[2025-03-17 01:03:33,689] INFO: Entering operator: R↓
[2025-03-17 01:03:33,689] INFO: Stack rolled down: X=2, stack=[3, 4, 1]
[2025-03-17 01:03:33,689] INFO: Setting entry: value=2, raw=False
[2025-03-17 01:03:33,689] INFO: Entry set: 2, value=2
[2025-03-17 01:03:33,689] INFO: Performed R↓: stack rotated down
[2025-03-17 01:03:34,049] INFO: Handling command: 
[2025-03-17 01:03:34,049] INFO: Handling normal command: R↓
[2025-03-17 01:03:34,049] INFO: Entering operator: R↓
[2025-03-17 01:03:34,050] INFO: Stack rolled down: X=1, stack=[2, 3, 4]
[2025-03-17 01:03:34,050] INFO: Setting entry: value=1, raw=False
[2025-03-17 01:03:34,050] INFO: Entry set: 1, value=1
[2025-03-17 01:03:34,050] INFO: Performed R↓: stack rotated down
[2025-03-17 01:03:34,386] INFO: Handling command: 
[2025-03-17 01:03:34,386] INFO: Handling normal command: R↓
[2025-03-17 01:03:34,386] INFO: Entering operator: R↓
[2025-03-17 01:03:34,386] INFO: Stack rolled down: X=4, stack=[1, 2, 3]
[2025-03-17 01:03:34,386] INFO: Setting entry: value=4, raw=False
[2025-03-17 01:03:34,386] INFO: Entry set: 4, value=4
[2025-03-17 01:03:34,386] INFO: Performed R↓: stack rotated down
[2025-03-17 01:03:34,746] INFO: Handling command: 
[2025-03-17 01:03:34,746] INFO: Handling normal command: R↓
[2025-03-17 01:03:34,746] INFO: Entering operator: R↓
[2025-03-17 01:03:34,746] INFO: Stack rolled down: X=3, stack=[4, 1, 2]
[2025-03-17 01:03:34,746] INFO: Setting entry: value=3, raw=False
[2025-03-17 01:03:34,746] INFO: Entry set: 3, value=3
[2025-03-17 01:03:34,746] INFO: Performed R↓: stack rotated down
[2025-03-17 01:03:35,009] INFO: Handling command: 
[2025-03-17 01:03:35,009] INFO: Handling normal command: R↓
[2025-03-17 01:03:35,009] INFO: Entering operator: R↓
[2025-03-17 01:03:35,009] INFO: Stack rolled down: X=2, stack=[3, 4, 1]
[2025-03-17 01:03:35,009] INFO: Setting entry: value=2, raw=False
[2025-03-17 01:03:35,009] INFO: Entry set: 2, value=2
[2025-03-17 01:03:35,009] INFO: Performed R↓: stack rotated down
[2025-03-17 01:03:35,286] INFO: Handling command: 
[2025-03-17 01:03:35,286] INFO: Handling normal command: R↓
[2025-03-17 01:03:35,286] INFO: Entering operator: R↓
[2025-03-17 01:03:35,286] INFO: Stack rolled down: X=1, stack=[2, 3, 4]
[2025-03-17 01:03:35,286] INFO: Setting entry: value=1, raw=False
[2025-03-17 01:03:35,286] INFO: Entry set: 1, value=1
[2025-03-17 01:03:35,286] INFO: Performed R↓: stack rotated down
[2025-03-17 01:03:35,631] INFO: Handling command: 
[2025-03-17 01:03:35,631] INFO: Handling normal command: R↓
[2025-03-17 01:03:35,631] INFO: Entering operator: R↓
[2025-03-17 01:03:35,631] INFO: Stack rolled down: X=4, stack=[1, 2, 3]
[2025-03-17 01:03:35,631] INFO: Setting entry: value=4, raw=False
[2025-03-17 01:03:35,631] INFO: Entry set: 4, value=4
[2025-03-17 01:03:35,631] INFO: Performed R↓: stack rotated down
[2025-03-17 01:03:35,849] INFO: Handling command: 
[2025-03-17 01:03:35,849] INFO: Handling normal command: R↓
[2025-03-17 01:03:35,849] INFO: Entering operator: R↓
[2025-03-17 01:03:35,849] INFO: Stack rolled down: X=3, stack=[4, 1, 2]
[2025-03-17 01:03:35,849] INFO: Setting entry: value=3, raw=False
[2025-03-17 01:03:35,849] INFO: Entry set: 3, value=3
[2025-03-17 01:03:35,849] INFO: Performed R↓: stack rotated down
[2025-03-17 01:03:36,165] INFO: Handling command: 
[2025-03-17 01:03:36,165] INFO: Handling normal command: R↓
[2025-03-17 01:03:36,165] INFO: Entering operator: R↓
[2025-03-17 01:03:36,165] INFO: Stack rolled down: X=2, stack=[3, 4, 1]
[2025-03-17 01:03:36,165] INFO: Setting entry: value=2, raw=False
[2025-03-17 01:03:36,165] INFO: Entry set: 2, value=2
[2025-03-17 01:03:36,165] INFO: Performed R↓: stack rotated down
[2025-03-17 01:03:36,389] INFO: Handling command: 
[2025-03-17 01:03:36,389] INFO: Handling normal command: R↓
[2025-03-17 01:03:36,389] INFO: Entering operator: R↓
[2025-03-17 01:03:36,389] INFO: Stack rolled down: X=1, stack=[2, 3, 4]
[2025-03-17 01:03:36,389] INFO: Setting entry: value=1, raw=False
[2025-03-17 01:03:36,389] INFO: Entry set: 1, value=1
[2025-03-17 01:03:36,389] INFO: Performed R↓: stack rotated down
[2025-03-17 01:03:36,674] INFO: Handling command: 
[2025-03-17 01:03:36,674] INFO: Handling normal command: R↓
[2025-03-17 01:03:36,674] INFO: Entering operator: R↓
[2025-03-17 01:03:36,674] INFO: Stack rolled down: X=4, stack=[1, 2, 3]
[2025-03-17 01:03:36,674] INFO: Setting entry: value=4, raw=False
[2025-03-17 01:03:36,674] INFO: Entry set: 4, value=4
[2025-03-17 01:03:36,674] INFO: Performed R↓: stack rotated down
[2025-03-17 01:03:36,884] INFO: Handling command: 
[2025-03-17 01:03:36,884] INFO: Handling normal command: R↓
[2025-03-17 01:03:36,884] INFO: Entering operator: R↓
[2025-03-17 01:03:36,884] INFO: Stack rolled down: X=3, stack=[4, 1, 2]
[2025-03-17 01:03:36,884] INFO: Setting entry: value=3, raw=False
[2025-03-17 01:03:36,884] INFO: Entry set: 3, value=3
[2025-03-17 01:03:36,884] INFO: Performed R↓: stack rotated down
[2025-03-17 01:03:37,116] INFO: Handling command: 
[2025-03-17 01:03:37,116] INFO: Handling normal command: R↓
[2025-03-17 01:03:37,116] INFO: Entering operator: R↓
[2025-03-17 01:03:37,116] INFO: Stack rolled down: X=2, stack=[3, 4, 1]
[2025-03-17 01:03:37,116] INFO: Setting entry: value=2, raw=False
[2025-03-17 01:03:37,116] INFO: Entry set: 2, value=2
[2025-03-17 01:03:37,116] INFO: Performed R↓: stack rotated down
[2025-03-17 01:03:37,349] INFO: Handling command: 
[2025-03-17 01:03:37,349] INFO: Handling normal command: R↓
[2025-03-17 01:03:37,349] INFO: Entering operator: R↓
[2025-03-17 01:03:37,349] INFO: Stack rolled down: X=1, stack=[2, 3, 4]
[2025-03-17 01:03:37,349] INFO: Setting entry: value=1, raw=False
[2025-03-17 01:03:37,349] INFO: Entry set: 1, value=1
[2025-03-17 01:03:37,349] INFO: Performed R↓: stack rotated down
[2025-03-17 01:03:37,559] INFO: Handling command: 
[2025-03-17 01:03:37,559] INFO: Handling normal command: R↓
[2025-03-17 01:03:37,559] INFO: Entering operator: R↓
[2025-03-17 01:03:37,559] INFO: Stack rolled down: X=4, stack=[1, 2, 3]
[2025-03-17 01:03:37,559] INFO: Setting entry: value=4, raw=False
[2025-03-17 01:03:37,559] INFO: Entry set: 4, value=4
[2025-03-17 01:03:37,559] INFO: Performed R↓: stack rotated down
[2025-03-17 01:03:38,121] INFO: Handling command: 
[2025-03-17 01:03:38,121] INFO: Handling normal command: R↓
[2025-03-17 01:03:38,121] INFO: Entering operator: R↓
[2025-03-17 01:03:38,121] INFO: Stack rolled down: X=3, stack=[4, 1, 2]
[2025-03-17 01:03:38,121] INFO: Setting entry: value=3, raw=False
[2025-03-17 01:03:38,121] INFO: Entry set: 3, value=3
[2025-03-17 01:03:38,121] INFO: Performed R↓: stack rotated down
[2025-03-17 01:03:38,346] INFO: Handling command: 
[2025-03-17 01:03:38,346] INFO: Handling normal command: R↓
[2025-03-17 01:03:38,346] INFO: Entering operator: R↓
[2025-03-17 01:03:38,346] INFO: Stack rolled down: X=2, stack=[3, 4, 1]
[2025-03-17 01:03:38,346] INFO: Setting entry: value=2, raw=False
[2025-03-17 01:03:38,346] INFO: Entry set: 2, value=2
[2025-03-17 01:03:38,346] INFO: Performed R↓: stack rotated down
[2025-03-17 01:03:38,579] INFO: Handling command: 
[2025-03-17 01:03:38,579] INFO: Handling normal command: R↓
[2025-03-17 01:03:38,579] INFO: Entering operator: R↓
[2025-03-17 01:03:38,579] INFO: Stack rolled down: X=1, stack=[2, 3, 4]
[2025-03-17 01:03:38,579] INFO: Setting entry: value=1, raw=False
[2025-03-17 01:03:38,579] INFO: Entry set: 1, value=1
[2025-03-17 01:03:38,579] INFO: Performed R↓: stack rotated down
[2025-03-17 01:03:38,789] INFO: Handling command: 
[2025-03-17 01:03:38,789] INFO: Handling normal command: R↓
[2025-03-17 01:03:38,789] INFO: Entering operator: R↓
[2025-03-17 01:03:38,789] INFO: Stack rolled down: X=4, stack=[1, 2, 3]
[2025-03-17 01:03:38,789] INFO: Setting entry: value=4, raw=False
[2025-03-17 01:03:38,789] INFO: Entry set: 4, value=4
[2025-03-17 01:03:38,789] INFO: Performed R↓: stack rotated down
[2025-03-17 01:03:41,369] INFO: Handling command: 
[2025-03-17 01:03:41,369] INFO: Handling normal command: 5
[2025-03-17 01:03:41,369] INFO: Entering digit: 5
[2025-03-17 01:03:41,369] INFO: Appending character: 5
[2025-03-17 01:03:41,369] INFO: Setting entry: value=45, raw=False
[2025-03-17 01:03:41,369] INFO: Entry set: 45, value=45
[2025-03-17 01:03:42,944] INFO: Handling command: 
[2025-03-17 01:03:42,944] INFO: Handling normal command: R↓
[2025-03-17 01:03:42,944] INFO: Entering operator: R↓
[2025-03-17 01:03:42,944] INFO: Stack rolled down: X=3, stack=[4, 1, 2]
[2025-03-17 01:03:42,944] INFO: Setting entry: value=3, raw=False
[2025-03-17 01:03:42,944] INFO: Entry set: 3, value=3
[2025-03-17 01:03:42,944] INFO: Performed R↓: stack rotated down
[2025-03-17 01:03:43,731] INFO: Handling command: 
[2025-03-17 01:03:43,731] INFO: Handling normal command: R↓
[2025-03-17 01:03:43,731] INFO: Entering operator: R↓
[2025-03-17 01:03:43,731] INFO: Stack rolled down: X=2, stack=[3, 4, 1]
[2025-03-17 01:03:43,731] INFO: Setting entry: value=2, raw=False
[2025-03-17 01:03:43,731] INFO: Entry set: 2, value=2
[2025-03-17 01:03:43,731] INFO: Performed R↓: stack rotated down
[2025-03-17 01:03:43,986] INFO: Handling command: 
[2025-03-17 01:03:43,986] INFO: Handling normal command: R↓
[2025-03-17 01:03:43,986] INFO: Entering operator: R↓
[2025-03-17 01:03:43,986] INFO: Stack rolled down: X=1, stack=[2, 3, 4]
[2025-03-17 01:03:43,986] INFO: Setting entry: value=1, raw=False
[2025-03-17 01:03:43,986] INFO: Entry set: 1, value=1
[2025-03-17 01:03:43,986] INFO: Performed R↓: stack rotated down
[2025-03-17 01:03:44,279] INFO: Handling command: 
[2025-03-17 01:03:44,279] INFO: Handling normal command: R↓
[2025-03-17 01:03:44,280] INFO: Entering operator: R↓
[2025-03-17 01:03:44,280] INFO: Stack rolled down: X=4, stack=[1, 2, 3]
[2025-03-17 01:03:44,280] INFO: Setting entry: value=4, raw=False
[2025-03-17 01:03:44,280] INFO: Entry set: 4, value=4
[2025-03-17 01:03:44,280] INFO: Performed R↓: stack rotated down
[2025-03-17 01:03:45,172] INFO: Handling command: 
[2025-03-17 01:03:45,172] INFO: Handling normal command: R↓
[2025-03-17 01:03:45,172] INFO: Entering operator: R↓
[2025-03-17 01:03:45,172] INFO: Stack rolled down: X=3, stack=[4, 1, 2]
[2025-03-17 01:03:45,172] INFO: Setting entry: value=3, raw=False
[2025-03-17 01:03:45,172] INFO: Entry set: 3, value=3
[2025-03-17 01:03:45,172] INFO: Performed R↓: stack rotated down
[2025-03-17 01:03:45,382] INFO: Handling command: 
[2025-03-17 01:03:45,382] INFO: Handling normal command: R↓
[2025-03-17 01:03:45,382] INFO: Entering operator: R↓
[2025-03-17 01:03:45,382] INFO: Stack rolled down: X=2, stack=[3, 4, 1]
[2025-03-17 01:03:45,382] INFO: Setting entry: value=2, raw=False
[2025-03-17 01:03:45,382] INFO: Entry set: 2, value=2
[2025-03-17 01:03:45,382] INFO: Performed R↓: stack rotated down
[2025-03-17 01:03:45,599] INFO: Handling command: 
[2025-03-17 01:03:45,599] INFO: Handling normal command: R↓
[2025-03-17 01:03:45,599] INFO: Entering operator: R↓
[2025-03-17 01:03:45,599] INFO: Stack rolled down: X=1, stack=[2, 3, 4]
[2025-03-17 01:03:45,599] INFO: Setting entry: value=1, raw=False
[2025-03-17 01:03:45,599] INFO: Entry set: 1, value=1
[2025-03-17 01:03:45,599] INFO: Performed R↓: stack rotated down
[2025-03-17 01:03:45,809] INFO: Handling command: 
[2025-03-17 01:03:45,809] INFO: Handling normal command: R↓
[2025-03-17 01:03:45,809] INFO: Entering operator: R↓
[2025-03-17 01:03:45,809] INFO: Stack rolled down: X=4, stack=[1, 2, 3]
[2025-03-17 01:03:45,809] INFO: Setting entry: value=4, raw=False
[2025-03-17 01:03:45,809] INFO: Entry set: 4, value=4
[2025-03-17 01:03:45,809] INFO: Performed R↓: stack rotated down
[2025-03-17 01:03:46,342] INFO: Handling command: 
[2025-03-17 01:03:46,342] INFO: Handling normal command: R↓
[2025-03-17 01:03:46,342] INFO: Entering operator: R↓
[2025-03-17 01:03:46,342] INFO: Stack rolled down: X=3, stack=[4, 1, 2]
[2025-03-17 01:03:46,342] INFO: Setting entry: value=3, raw=False
[2025-03-17 01:03:46,342] INFO: Entry set: 3, value=3
[2025-03-17 01:03:46,342] INFO: Performed R↓: stack rotated down
[2025-03-17 01:03:47,167] INFO: Handling command: yellow_f_function
[2025-03-17 01:03:47,167] INFO: Toggling mode: f, f_active=False, g_active=False
[2025-03-17 01:03:47,195] INFO: Mode set: f
[2025-03-17 01:03:47,999] INFO: f-mode action: STATUS
[2025-03-17 01:03:47,999] INFO: Toggling stack display: show=True, mode=DEC
[2025-03-17 01:03:47,999] INFO: Stack displayed: ['3', '4', '1', '2']
[2025-03-17 01:03:47,999] INFO: Toggling mode: f, f_active=True, g_active=False
[2025-03-17 01:03:48,005] INFO: Mode reset to normal
[2025-03-17 01:04:37,790] INFO: Exiting function: main
[2025-03-17 01:04:37,790] INFO: Script ended: main.pyw
