[2025-03-21 18:05:35,563] INFO: Stack initialized: [0, 0, 0], X=0, word_size=16, complement_mode=UNSIGNED
[2025-03-21 18:05:35,588] INFO: Script started: main.pyw
[2025-03-21 18:05:35,589] INFO: Entering function: main
[2025-03-21 18:05:35,589] INFO: Creating Tk root window
[2025-03-21 18:05:35,652] INFO: Setting window title: HP 16C Emulator
[2025-03-21 18:05:35,652] INFO: Configuring root background color: #1e1818
[2025-03-21 18:05:35,653] INFO: Setting root resizable: False, False
[2025-03-21 18:05:35,653] INFO: Entering function: load_config
[2025-03-21 18:05:35,653] INFO: Config loaded and updated: {'display_width': 575, 'display_height': 80, 'margin': 20, 'bg_color': '#1e1818', 'display_font_family': 'Courier', 'display_font_size': 18, 'display_x': 125, 'display_y': 20}
[2025-03-21 18:05:35,653] INFO: Exiting function: load_config
[2025-03-21 18:05:35,653] INFO: Custom font created: family=Courier, size=18
[2025-03-21 18:05:35,654] INFO: Setting up UI: display at x=125, y=20, width=575, height=80, grid=4x10, total=1089x560
[2025-03-21 18:05:35,654] INFO: Initializing Display: x=125, y=20, width=575, height=80
[2025-03-21 18:05:35,657] INFO: Stack info updated: 00-16-0000
[2025-03-21 18:05:35,657] INFO: Display initialized: mode=DEC, entry=0
[2025-03-21 18:05:35,657] INFO: Setting mode: DEC
[2025-03-21 18:05:35,657] INFO: Setting entry: value=0, raw=False
[2025-03-21 18:05:35,657] INFO: Entry set: 0, value=0
[2025-03-21 18:05:35,658] INFO: Creating buttons from BUTTONS_CONFIG
[2025-03-21 18:05:35,659] INFO: Button 0,0: SL/A/LJ, 75x75, row=0, col=0, rowspan=1
[2025-03-21 18:05:35,660] INFO: Button 1,0: x><(i)/GSB/RTN, 75x75, row=1, col=0, rowspan=1
[2025-03-21 18:05:35,661] INFO: Button 2,0: (i)/R/S/P/R, 75x75, row=2, col=0, rowspan=1
[2025-03-21 18:05:35,661] INFO: Button 3,0: /ON/, 75x75, row=3, col=0, rowspan=1
[2025-03-21 18:05:35,662] INFO: Button 0,1: SR/B/ASR, 75x75, row=0, col=1, rowspan=1
[2025-03-21 18:05:35,662] INFO: Button 1,1: x><I/GTO/LBL, 75x75, row=1, col=1, rowspan=1
[2025-03-21 18:05:35,663] INFO: Button 2,1: I/SST/BST, 75x75, row=2, col=1, rowspan=1
[2025-03-21 18:05:35,664] INFO: Button 3,1: /f/, 75x75, row=3, col=1, rowspan=1
[2025-03-21 18:05:35,664] INFO: Button 0,2: RL/C/DSZ, 75x75, row=0, col=2, rowspan=1
[2025-03-21 18:05:35,665] INFO: Button 1,2: SHOW HEX/HEX/DSZ, 75x75, row=1, col=2, rowspan=1
[2025-03-21 18:05:35,668] INFO: Button 2,2: CLR PRGM/R↓/R↑, 75x75, row=2, col=2, rowspan=1
[2025-03-21 18:05:35,668] INFO: Button 3,2: /g/, 75x75, row=3, col=2, rowspan=1
[2025-03-21 18:05:35,669] INFO: Button 0,3: RR/D/RRC, 75x75, row=0, col=3, rowspan=1
[2025-03-21 18:05:35,670] INFO: Button 1,3: SHOW DEC/DEC/ISZ, 75x75, row=1, col=3, rowspan=1
[2025-03-21 18:05:35,670] INFO: Button 2,3: CLR REG/x><y/PSE, 75x75, row=2, col=3, rowspan=1
[2025-03-21 18:05:35,771] INFO: Button 3,3: WSIZE/STO/⯇, 75x75, row=3, col=3, rowspan=1
[2025-03-21 18:05:35,771] INFO: Button 0,4: RLn/E/RLCn, 75x75, row=0, col=4, rowspan=1
[2025-03-21 18:05:35,772] INFO: Button 1,4: SHOW OCT/OCT/√x, 75x75, row=1, col=4, rowspan=1
[2025-03-21 18:05:35,773] INFO: Button 2,4: CLR PRFX/BSP/CLX, 75x75, row=2, col=4, rowspan=1
[2025-03-21 18:05:35,774] INFO: Button 3,4: FLOAT/RCL/⯈, 75x75, row=3, col=4, rowspan=1
[2025-03-21 18:05:35,775] INFO: Button 0,5: RRn/F/RRCn, 75x75, row=0, col=5, rowspan=1
[2025-03-21 18:05:35,776] INFO: Button 1,5: SHOW BIN/BIN/1/x, 75x75, row=1, col=5, rowspan=1
[2025-03-21 18:05:35,777] INFO: Button 2,5: WINDOW/ENTER/LST X, 75x175, row=2, col=5, rowspan=2
[2025-03-21 18:05:35,778] INFO: Button 0,6: MASKL/7/#B, 75x75, row=0, col=6, rowspan=1
[2025-03-21 18:05:35,778] INFO: Button 1,6: SB/4/SF, 75x75, row=1, col=6, rowspan=1
[2025-03-21 18:05:35,779] INFO: Button 2,6: SC 1'S/1/X≤Y, 75x75, row=2, col=6, rowspan=1
[2025-03-21 18:05:35,780] INFO: Button 3,6: MEM/0/X≠Y, 75x75, row=3, col=6, rowspan=1
[2025-03-21 18:05:35,781] INFO: Button 0,7: MASKR/8/ABS, 75x75, row=0, col=7, rowspan=1
[2025-03-21 18:05:35,781] INFO: Button 1,7: CB/5/CF, 75x75, row=1, col=7, rowspan=1
[2025-03-21 18:05:35,782] INFO: Button 2,7: SC 2'S/2/X<0, 75x75, row=2, col=7, rowspan=1
[2025-03-21 18:05:35,783] INFO: Button 3,7: STATUS/./X≠0, 75x75, row=3, col=7, rowspan=1
[2025-03-21 18:05:35,784] INFO: Button 0,8: RMD/9/DBLR, 75x75, row=0, col=8, rowspan=1
[2025-03-21 18:05:35,784] INFO: Button 1,8: B?/6/F?, 75x75, row=1, col=8, rowspan=1
[2025-03-21 18:05:35,785] INFO: Button 2,8: SC UNSGN/3/X>Y, 75x75, row=2, col=8, rowspan=1
[2025-03-21 18:05:35,786] INFO: Button 3,8: EEx/CHS/X=Y, 75x75, row=3, col=8, rowspan=1
[2025-03-21 18:05:35,787] INFO: Button 0,9: XOR///DBL/, 75x75, row=0, col=9, rowspan=1
[2025-03-21 18:05:35,787] INFO: Button 1,9: AND/*/DBL*, 75x75, row=1, col=9, rowspan=1
[2025-03-21 18:05:35,788] INFO: Button 2,9: NOT/-/X>0, 75x75, row=2, col=9, rowspan=1
[2025-03-21 18:05:35,789] INFO: Button 3,9: OR/+/X=0, 75x75, row=3, col=9, rowspan=1
[2025-03-21 18:05:35,789] INFO: Total buttons created: 39
[2025-03-21 18:05:35,789] INFO: Grid configured: 10 cols, 4 rows, minsize=75
[2025-03-21 18:05:35,815] INFO: Initializing HP16CController with display and buttons
[2025-03-21 18:05:35,815] INFO: Initializing HP16CController
[2025-03-21 18:05:35,815] INFO: Binding buttons to controller actions
[2025-03-21 18:05:35,815] INFO: Binding actions to all buttons
[2025-03-21 18:05:35,817] INFO: Starting periodic stack updates
[2025-03-21 18:05:35,817] INFO: Setting entry: value=0, raw=False
[2025-03-21 18:05:35,817] INFO: Entry set: 0, value=0
[2025-03-21 18:05:36,040] INFO: Root window size: 1089x560+104+104
[2025-03-21 18:05:36,040] INFO: Entering Tkinter mainloop
[2025-03-21 18:05:37,223] INFO: Handling command: 
[2025-03-21 18:05:37,224] INFO: Handling normal command: 1
[2025-03-21 18:05:37,224] INFO: Entering digit: 1
[2025-03-21 18:05:37,224] INFO: Appending character: 1
[2025-03-21 18:05:37,224] INFO: Setting entry: value=1, raw=False
[2025-03-21 18:05:37,224] INFO: Entry set: 1, value=1
[2025-03-21 18:05:42,563] INFO: Handling command: 
[2025-03-21 18:05:42,563] INFO: Handling normal command: ENTER
[2025-03-21 18:05:42,563] INFO: Entering value
[2025-03-21 18:05:42,563] INFO: Pushed value: 1, X=1, stack=[0, 0, 0]
[2025-03-21 18:05:42,563] INFO: Clearing entry
[2025-03-21 18:05:43,246] INFO: Handling command: 
[2025-03-21 18:05:43,246] INFO: Handling normal command: 2
[2025-03-21 18:05:43,246] INFO: Entering digit: 2
[2025-03-21 18:05:43,246] INFO: Clearing entry
[2025-03-21 18:05:43,246] INFO: Appending character: 2
[2025-03-21 18:05:43,246] INFO: Setting entry: value=2, raw=False
[2025-03-21 18:05:43,246] INFO: Entry set: 2, value=2
[2025-03-21 18:05:43,981] INFO: Handling command: 
[2025-03-21 18:05:43,981] INFO: Handling normal command: ENTER
[2025-03-21 18:05:43,981] INFO: Entering value
[2025-03-21 18:05:43,981] INFO: Pushed value: 2, X=2, stack=[0, 0, 1]
[2025-03-21 18:05:43,981] INFO: Clearing entry
[2025-03-21 18:05:44,648] INFO: Handling command: 
[2025-03-21 18:05:44,648] INFO: Handling normal command: 3
[2025-03-21 18:05:44,648] INFO: Entering digit: 3
[2025-03-21 18:05:44,648] INFO: Clearing entry
[2025-03-21 18:05:44,648] INFO: Appending character: 3
[2025-03-21 18:05:44,648] INFO: Setting entry: value=3, raw=False
[2025-03-21 18:05:44,648] INFO: Entry set: 3, value=3
[2025-03-21 18:05:45,278] INFO: Handling command: 
[2025-03-21 18:05:45,278] INFO: Handling normal command: ENTER
[2025-03-21 18:05:45,278] INFO: Entering value
[2025-03-21 18:05:45,278] INFO: Pushed value: 3, X=3, stack=[0, 1, 2]
[2025-03-21 18:05:45,278] INFO: Clearing entry
[2025-03-21 18:05:45,931] INFO: Handling command: 
[2025-03-21 18:05:45,931] INFO: Handling normal command: 4
[2025-03-21 18:05:45,931] INFO: Entering digit: 4
[2025-03-21 18:05:45,931] INFO: Clearing entry
[2025-03-21 18:05:45,931] INFO: Appending character: 4
[2025-03-21 18:05:45,932] INFO: Setting entry: value=4, raw=False
[2025-03-21 18:05:45,932] INFO: Entry set: 4, value=4
[2025-03-21 18:05:47,034] INFO: Handling command: 
[2025-03-21 18:05:47,034] INFO: Handling normal command: R↓
[2025-03-21 18:05:47,034] INFO: Entering operator: R↓
[2025-03-21 18:05:47,034] INFO: Pushed value: 4, X=4, stack=[1, 2, 3]
[2025-03-21 18:05:47,034] INFO: Setting entry: value=4, raw=False
[2025-03-21 18:05:47,034] INFO: Entry set: 4, value=4
[2025-03-21 18:05:47,034] INFO: Stack rolled down: X=3, stack=[4, 1, 2]
[2025-03-21 18:05:47,035] INFO: Formatted 3 in DEC as 3
[2025-03-21 18:05:47,035] INFO: Setting entry: value=3, raw=False
[2025-03-21 18:05:47,035] INFO: Entry set: 3, value=3
[2025-03-21 18:05:47,035] INFO: Performed R↓: stack rotated down
[2025-03-21 18:05:48,384] INFO: Handling command: 
[2025-03-21 18:05:48,384] INFO: Handling normal command: R↓
[2025-03-21 18:05:48,384] INFO: Entering operator: R↓
[2025-03-21 18:05:48,384] INFO: Pushed value: 3, X=3, stack=[1, 2, 3]
[2025-03-21 18:05:48,384] INFO: Setting entry: value=3, raw=False
[2025-03-21 18:05:48,384] INFO: Entry set: 3, value=3
[2025-03-21 18:05:48,384] INFO: Stack rolled down: X=3, stack=[3, 1, 2]
[2025-03-21 18:05:48,384] INFO: Formatted 3 in DEC as 3
[2025-03-21 18:05:48,384] INFO: Setting entry: value=3, raw=False
[2025-03-21 18:05:48,384] INFO: Entry set: 3, value=3
[2025-03-21 18:05:48,385] INFO: Performed R↓: stack rotated down
[2025-03-21 18:05:50,244] INFO: Handling command: 
[2025-03-21 18:05:50,244] INFO: Handling normal command: R↓
[2025-03-21 18:05:50,244] INFO: Entering operator: R↓
[2025-03-21 18:05:50,244] INFO: Pushed value: 3, X=3, stack=[1, 2, 3]
[2025-03-21 18:05:50,244] INFO: Setting entry: value=3, raw=False
[2025-03-21 18:05:50,244] INFO: Entry set: 3, value=3
[2025-03-21 18:05:50,244] INFO: Stack rolled down: X=3, stack=[3, 1, 2]
[2025-03-21 18:05:50,244] INFO: Formatted 3 in DEC as 3
[2025-03-21 18:05:50,244] INFO: Setting entry: value=3, raw=False
[2025-03-21 18:05:50,244] INFO: Entry set: 3, value=3
[2025-03-21 18:05:50,244] INFO: Performed R↓: stack rotated down
[2025-03-21 18:05:50,919] INFO: Handling command: 
[2025-03-21 18:05:50,919] INFO: Handling normal command: R↓
[2025-03-21 18:05:50,919] INFO: Entering operator: R↓
[2025-03-21 18:05:50,919] INFO: Pushed value: 3, X=3, stack=[1, 2, 3]
[2025-03-21 18:05:50,919] INFO: Setting entry: value=3, raw=False
[2025-03-21 18:05:50,919] INFO: Entry set: 3, value=3
[2025-03-21 18:05:50,919] INFO: Stack rolled down: X=3, stack=[3, 1, 2]
[2025-03-21 18:05:50,919] INFO: Formatted 3 in DEC as 3
[2025-03-21 18:05:50,919] INFO: Setting entry: value=3, raw=False
[2025-03-21 18:05:50,919] INFO: Entry set: 3, value=3
[2025-03-21 18:05:50,919] INFO: Performed R↓: stack rotated down
[2025-03-21 18:05:51,249] INFO: Handling command: 
[2025-03-21 18:05:51,249] INFO: Handling normal command: R↓
[2025-03-21 18:05:51,249] INFO: Entering operator: R↓
[2025-03-21 18:05:51,249] INFO: Pushed value: 3, X=3, stack=[1, 2, 3]
[2025-03-21 18:05:51,249] INFO: Setting entry: value=3, raw=False
[2025-03-21 18:05:51,249] INFO: Entry set: 3, value=3
[2025-03-21 18:05:51,249] INFO: Stack rolled down: X=3, stack=[3, 1, 2]
[2025-03-21 18:05:51,249] INFO: Formatted 3 in DEC as 3
[2025-03-21 18:05:51,249] INFO: Setting entry: value=3, raw=False
[2025-03-21 18:05:51,249] INFO: Entry set: 3, value=3
[2025-03-21 18:05:51,249] INFO: Performed R↓: stack rotated down
[2025-03-21 18:05:51,496] INFO: Handling command: 
[2025-03-21 18:05:51,496] INFO: Handling normal command: R↓
[2025-03-21 18:05:51,496] INFO: Entering operator: R↓
[2025-03-21 18:05:51,496] INFO: Pushed value: 3, X=3, stack=[1, 2, 3]
[2025-03-21 18:05:51,496] INFO: Setting entry: value=3, raw=False
[2025-03-21 18:05:51,496] INFO: Entry set: 3, value=3
[2025-03-21 18:05:51,496] INFO: Stack rolled down: X=3, stack=[3, 1, 2]
[2025-03-21 18:05:51,496] INFO: Formatted 3 in DEC as 3
[2025-03-21 18:05:51,496] INFO: Setting entry: value=3, raw=False
[2025-03-21 18:05:51,496] INFO: Entry set: 3, value=3
[2025-03-21 18:05:51,496] INFO: Performed R↓: stack rotated down
