[2025-03-21 19:10:10,821] INFO: Stack initialized: [0, 0, 0], X=0, word_size=16, complement_mode=UNSIGNED
[2025-03-21 19:10:10,843] INFO: Script started: main.pyw
[2025-03-21 19:10:10,843] INFO: Entering function: main
[2025-03-21 19:10:10,843] INFO: Creating Tk root window
[2025-03-21 19:10:10,903] INFO: Setting window title: HP 16C Emulator
[2025-03-21 19:10:10,903] INFO: Configuring root background color: #1e1818
[2025-03-21 19:10:10,904] INFO: Setting root resizable: False, False
[2025-03-21 19:10:10,904] INFO: Entering function: load_config
[2025-03-21 19:10:10,904] INFO: Config loaded and updated: {'display_width': 575, 'display_height': 80, 'margin': 20, 'bg_color': '#1e1818', 'display_font_family': 'Courier', 'display_font_size': 18, 'display_x': 125, 'display_y': 20}
[2025-03-21 19:10:10,904] INFO: Exiting function: load_config
[2025-03-21 19:10:10,904] INFO: Custom font created: family=Courier, size=18
[2025-03-21 19:10:10,904] INFO: Setting up UI: display at x=125, y=20, width=575, height=80, grid=4x10, total=1089x560
[2025-03-21 19:10:10,905] INFO: Initializing Display: x=125, y=20, width=575, height=80
[2025-03-21 19:10:10,908] INFO: Stack info updated: 00-16-0000
[2025-03-21 19:10:10,908] INFO: Display initialized: mode=DEC, entry=0
[2025-03-21 19:10:10,908] INFO: Setting mode: DEC
[2025-03-21 19:10:10,908] INFO: Setting entry: value=0, raw=False
[2025-03-21 19:10:10,908] INFO: Entry set: 0, value=0
[2025-03-21 19:10:10,909] INFO: Creating buttons from BUTTONS_CONFIG
[2025-03-21 19:10:10,910] INFO: Button 0,0: SL/A/LJ, 75x75, row=0, col=0, rowspan=1
[2025-03-21 19:10:10,911] INFO: Button 1,0: x><(i)/GSB/RTN, 75x75, row=1, col=0, rowspan=1
[2025-03-21 19:10:10,912] INFO: Button 2,0: (i)/R/S/P/R, 75x75, row=2, col=0, rowspan=1
[2025-03-21 19:10:10,912] INFO: Button 3,0: /ON/, 75x75, row=3, col=0, rowspan=1
[2025-03-21 19:10:10,913] INFO: Button 0,1: SR/B/ASR, 75x75, row=0, col=1, rowspan=1
[2025-03-21 19:10:10,914] INFO: Button 1,1: x><I/GTO/LBL, 75x75, row=1, col=1, rowspan=1
[2025-03-21 19:10:10,915] INFO: Button 2,1: I/SST/BST, 75x75, row=2, col=1, rowspan=1
[2025-03-21 19:10:10,915] INFO: Button 3,1: /f/, 75x75, row=3, col=1, rowspan=1
[2025-03-21 19:10:10,916] INFO: Button 0,2: RL/C/DSZ, 75x75, row=0, col=2, rowspan=1
[2025-03-21 19:10:10,916] INFO: Button 1,2: SHOW HEX/HEX/DSZ, 75x75, row=1, col=2, rowspan=1
[2025-03-21 19:10:10,919] INFO: Button 2,2: CLR PRGM/R↓/R↑, 75x75, row=2, col=2, rowspan=1
[2025-03-21 19:10:10,919] INFO: Button 3,2: /g/, 75x75, row=3, col=2, rowspan=1
[2025-03-21 19:10:10,920] INFO: Button 0,3: RR/D/RRC, 75x75, row=0, col=3, rowspan=1
[2025-03-21 19:10:10,921] INFO: Button 1,3: SHOW DEC/DEC/ISZ, 75x75, row=1, col=3, rowspan=1
[2025-03-21 19:10:10,921] INFO: Button 2,3: CLR REG/x><y/PSE, 75x75, row=2, col=3, rowspan=1
[2025-03-21 19:10:10,940] INFO: Button 3,3: WSIZE/STO/⯇, 75x75, row=3, col=3, rowspan=1
[2025-03-21 19:10:10,941] INFO: Button 0,4: RLn/E/RLCn, 75x75, row=0, col=4, rowspan=1
[2025-03-21 19:10:10,942] INFO: Button 1,4: SHOW OCT/OCT/√x, 75x75, row=1, col=4, rowspan=1
[2025-03-21 19:10:10,942] INFO: Button 2,4: CLR PRFX/BSP/CLX, 75x75, row=2, col=4, rowspan=1
[2025-03-21 19:10:10,943] INFO: Button 3,4: FLOAT/RCL/⯈, 75x75, row=3, col=4, rowspan=1
[2025-03-21 19:10:10,944] INFO: Button 0,5: RRn/F/RRCn, 75x75, row=0, col=5, rowspan=1
[2025-03-21 19:10:10,944] INFO: Button 1,5: SHOW BIN/BIN/1/x, 75x75, row=1, col=5, rowspan=1
[2025-03-21 19:10:10,945] INFO: Button 2,5: WINDOW/ENTER/LST X, 75x175, row=2, col=5, rowspan=2
[2025-03-21 19:10:10,946] INFO: Button 0,6: MASKL/7/#B, 75x75, row=0, col=6, rowspan=1
[2025-03-21 19:10:10,947] INFO: Button 1,6: SB/4/SF, 75x75, row=1, col=6, rowspan=1
[2025-03-21 19:10:10,948] INFO: Button 2,6: SC 1'S/1/X≤Y, 75x75, row=2, col=6, rowspan=1
[2025-03-21 19:10:10,949] INFO: Button 3,6: MEM/0/X≠Y, 75x75, row=3, col=6, rowspan=1
[2025-03-21 19:10:10,950] INFO: Button 0,7: MASKR/8/ABS, 75x75, row=0, col=7, rowspan=1
[2025-03-21 19:10:10,950] INFO: Button 1,7: CB/5/CF, 75x75, row=1, col=7, rowspan=1
[2025-03-21 19:10:10,952] INFO: Button 2,7: SC 2'S/2/X<0, 75x75, row=2, col=7, rowspan=1
[2025-03-21 19:10:10,952] INFO: Button 3,7: STATUS/./X≠0, 75x75, row=3, col=7, rowspan=1
[2025-03-21 19:10:10,953] INFO: Button 0,8: RMD/9/DBLR, 75x75, row=0, col=8, rowspan=1
[2025-03-21 19:10:10,954] INFO: Button 1,8: B?/6/F?, 75x75, row=1, col=8, rowspan=1
[2025-03-21 19:10:10,954] INFO: Button 2,8: SC UNSGN/3/X>Y, 75x75, row=2, col=8, rowspan=1
[2025-03-21 19:10:10,955] INFO: Button 3,8: EEx/CHS/X=Y, 75x75, row=3, col=8, rowspan=1
[2025-03-21 19:10:10,956] INFO: Button 0,9: XOR///DBL/, 75x75, row=0, col=9, rowspan=1
[2025-03-21 19:10:10,957] INFO: Button 1,9: AND/*/DBL*, 75x75, row=1, col=9, rowspan=1
[2025-03-21 19:10:10,957] INFO: Button 2,9: NOT/-/X>0, 75x75, row=2, col=9, rowspan=1
[2025-03-21 19:10:10,958] INFO: Button 3,9: OR/+/X=0, 75x75, row=3, col=9, rowspan=1
[2025-03-21 19:10:10,958] INFO: Total buttons created: 39
[2025-03-21 19:10:10,959] INFO: Grid configured: 10 cols, 4 rows, minsize=75
[2025-03-21 19:10:10,983] INFO: Initializing HP16CController with display and buttons
[2025-03-21 19:10:10,983] INFO: Initializing HP16CController
[2025-03-21 19:10:10,983] INFO: Binding buttons to controller actions
[2025-03-21 19:10:10,983] INFO: Binding actions to all buttons
[2025-03-21 19:10:10,985] INFO: Starting periodic stack updates
[2025-03-21 19:10:10,986] INFO: Setting entry: value=0, raw=False
[2025-03-21 19:10:10,986] INFO: Entry set: 0, value=0
[2025-03-21 19:10:11,228] INFO: Root window size: 1089x560+52+52
[2025-03-21 19:10:11,228] INFO: Entering Tkinter mainloop
[2025-03-21 19:10:13,177] INFO: Handling command: 
[2025-03-21 19:10:13,177] INFO: Handling normal command: BIN
[2025-03-21 19:10:13,177] INFO: Setting mode: BIN
[2025-03-21 19:10:13,178] INFO: Setting entry: value=0, raw=False
[2025-03-21 19:10:13,178] INFO: Entry set: 0000000000000000, value=0
[2025-03-21 19:10:13,178] INFO: Formatted 0 in BIN as 0000000000000000
[2025-03-21 19:10:13,178] INFO: Setting entry: value=0, raw=False
[2025-03-21 19:10:13,178] INFO: Entry set: 0000000000000000, value=0
[2025-03-21 19:10:13,178] INFO: Base set to BIN
[2025-03-21 19:10:14,347] INFO: Handling command: 
[2025-03-21 19:10:14,347] INFO: Handling normal command: 1
[2025-03-21 19:10:14,347] INFO: Entering digit: 1
[2025-03-21 19:10:14,347] INFO: Clearing entry
[2025-03-21 19:10:14,347] INFO: Appending character: 1
[2025-03-21 19:10:14,347] INFO: Setting entry: value=1, raw=False
[2025-03-21 19:10:14,347] INFO: Entry set: 0000000000000001, value=1
[2025-03-21 19:10:14,684] INFO: Handling command: 
[2025-03-21 19:10:14,684] INFO: Handling normal command: 2
[2025-03-21 19:10:14,684] INFO: Entering digit: 2
[2025-03-21 19:10:14,684] INFO: Appending character: 2
[2025-03-21 19:10:14,684] INFO: Failed to interpret 12 in BIN, defaulting to 0
[2025-03-21 19:10:14,684] INFO: Setting entry: value=0, raw=False
[2025-03-21 19:10:14,684] INFO: Entry set: 0000000000000000, value=0
[2025-03-21 19:10:15,209] INFO: Handling command: 
[2025-03-21 19:10:15,209] INFO: Handling normal command: 3
[2025-03-21 19:10:15,209] INFO: Entering digit: 3
[2025-03-21 19:10:15,209] INFO: Appending character: 3
[2025-03-21 19:10:15,209] INFO: Failed to interpret 123 in BIN, defaulting to 0
[2025-03-21 19:10:15,209] INFO: Setting entry: value=0, raw=False
[2025-03-21 19:10:15,209] INFO: Entry set: 0000000000000000, value=0
[2025-03-21 19:10:16,132] INFO: Handling command: 
[2025-03-21 19:10:16,132] INFO: Handling normal command: 3
[2025-03-21 19:10:16,132] INFO: Entering digit: 3
[2025-03-21 19:10:16,132] INFO: Appending character: 3
[2025-03-21 19:10:16,132] INFO: Failed to interpret 1233 in BIN, defaulting to 0
[2025-03-21 19:10:16,132] INFO: Setting entry: value=0, raw=False
[2025-03-21 19:10:16,132] INFO: Entry set: 0000000000000000, value=0
[2025-03-21 19:10:16,627] INFO: Handling command: 
[2025-03-21 19:10:16,627] INFO: Handling normal command: 2
[2025-03-21 19:10:16,627] INFO: Entering digit: 2
[2025-03-21 19:10:16,627] INFO: Appending character: 2
[2025-03-21 19:10:16,627] INFO: Failed to interpret 12332 in BIN, defaulting to 0
[2025-03-21 19:10:16,627] INFO: Setting entry: value=0, raw=False
[2025-03-21 19:10:16,627] INFO: Entry set: 0000000000000000, value=0
[2025-03-21 19:10:17,242] INFO: Handling command: 
[2025-03-21 19:10:17,242] INFO: Handling normal command: 1
[2025-03-21 19:10:17,242] INFO: Entering digit: 1
[2025-03-21 19:10:17,242] INFO: Appending character: 1
[2025-03-21 19:10:17,242] INFO: Failed to interpret 123321 in BIN, defaulting to 0
[2025-03-21 19:10:17,242] INFO: Setting entry: value=0, raw=False
[2025-03-21 19:10:17,242] INFO: Entry set: 0000000000000000, value=0
[2025-03-21 19:10:17,917] INFO: Handling command: 
[2025-03-21 19:10:17,917] INFO: Handling normal command: 1
[2025-03-21 19:10:17,917] INFO: Entering digit: 1
[2025-03-21 19:10:17,917] INFO: Appending character: 1
[2025-03-21 19:10:17,917] INFO: Failed to interpret 1233211 in BIN, defaulting to 0
[2025-03-21 19:10:17,917] INFO: Setting entry: value=0, raw=False
[2025-03-21 19:10:17,917] INFO: Entry set: 0000000000000000, value=0
[2025-03-21 19:10:18,570] INFO: Handling command: 
[2025-03-21 19:10:18,570] INFO: Handling normal command: 0
[2025-03-21 19:10:18,570] INFO: Entering digit: 0
[2025-03-21 19:10:18,570] INFO: Appending character: 0
[2025-03-21 19:10:18,570] INFO: Failed to interpret 12332110 in BIN, defaulting to 0
[2025-03-21 19:10:18,570] INFO: Setting entry: value=0, raw=False
[2025-03-21 19:10:18,570] INFO: Entry set: 0000000000000000, value=0
[2025-03-21 19:10:19,101] INFO: Handling command: 
[2025-03-21 19:10:19,102] INFO: Handling normal command: 1
[2025-03-21 19:10:19,102] INFO: Entering digit: 1
[2025-03-21 19:10:19,102] INFO: Appending character: 1
[2025-03-21 19:10:19,102] INFO: Failed to interpret 123321101 in BIN, defaulting to 0
[2025-03-21 19:10:19,102] INFO: Setting entry: value=0, raw=False
[2025-03-21 19:10:19,102] INFO: Entry set: 0000000000000000, value=0
[2025-03-21 19:10:19,530] INFO: Handling command: 
[2025-03-21 19:10:19,530] INFO: Handling normal command: 1
[2025-03-21 19:10:19,530] INFO: Entering digit: 1
[2025-03-21 19:10:19,530] INFO: Appending character: 1
[2025-03-21 19:10:19,530] INFO: Failed to interpret 1233211011 in BIN, defaulting to 0
[2025-03-21 19:10:19,530] INFO: Setting entry: value=0, raw=False
[2025-03-21 19:10:19,530] INFO: Entry set: 0000000000000000, value=0
[2025-03-21 19:10:23,884] INFO: Exiting function: main
[2025-03-21 19:10:23,884] INFO: Script ended: main.pyw
