[2025-03-21 20:14:36,781] INFO: Stack initialized: [0, 0, 0], X=0, word_size=16, complement_mode=UNSIGNED
[2025-03-21 20:14:36,789] INFO: Script started: main.pyw
[2025-03-21 20:14:36,789] INFO: Entering function: main
[2025-03-21 20:14:36,789] INFO: Creating Tk root window
[2025-03-21 20:14:36,850] INFO: Setting window title: HP 16C Emulator
[2025-03-21 20:14:36,850] INFO: Configuring root background color: #1e1818
[2025-03-21 20:14:36,850] INFO: Setting root resizable: False, False
[2025-03-21 20:14:36,851] INFO: Entering function: load_config
[2025-03-21 20:14:36,851] INFO: Config loaded and updated: {'display_width': 575, 'display_height': 80, 'margin': 20, 'bg_color': '#1e1818', 'display_font_family': 'Courier', 'display_font_size': 18, 'display_x': 125, 'display_y': 20}
[2025-03-21 20:14:36,851] INFO: Exiting function: load_config
[2025-03-21 20:14:36,851] INFO: Custom font created: family=Courier, size=18
[2025-03-21 20:14:36,851] INFO: Setting up UI: display at x=125, y=20, width=575, height=80, grid=4x10, total=1089x560
[2025-03-21 20:14:36,851] INFO: Initializing Display: x=125, y=20, width=575, height=80
[2025-03-21 20:14:36,855] INFO: Stack info updated: 00-16-0000
[2025-03-21 20:14:36,855] INFO: Display initialized: mode=DEC, entry=0
[2025-03-21 20:14:36,855] INFO: Setting mode: DEC
[2025-03-21 20:14:36,855] INFO: Setting entry: value=0, raw=False
[2025-03-21 20:14:36,855] INFO: Entry set: 0, value=0
[2025-03-21 20:14:36,855] INFO: Creating buttons from BUTTONS_CONFIG
[2025-03-21 20:14:36,857] INFO: Button 0,0: SL/A/LJ, 75x75, row=0, col=0, rowspan=1
[2025-03-21 20:14:36,857] INFO: Button 1,0: x><(i)/GSB/RTN, 75x75, row=1, col=0, rowspan=1
[2025-03-21 20:14:36,858] INFO: Button 2,0: (i)/R/S/P/R, 75x75, row=2, col=0, rowspan=1
[2025-03-21 20:14:36,859] INFO: Button 3,0: /ON/, 75x75, row=3, col=0, rowspan=1
[2025-03-21 20:14:36,859] INFO: Button 0,1: SR/B/ASR, 75x75, row=0, col=1, rowspan=1
[2025-03-21 20:14:36,860] INFO: Button 1,1: x><I/GTO/LBL, 75x75, row=1, col=1, rowspan=1
[2025-03-21 20:14:36,861] INFO: Button 2,1: I/SST/BST, 75x75, row=2, col=1, rowspan=1
[2025-03-21 20:14:36,861] INFO: Button 3,1: /f/, 75x75, row=3, col=1, rowspan=1
[2025-03-21 20:14:36,862] INFO: Button 0,2: RL/C/DSZ, 75x75, row=0, col=2, rowspan=1
[2025-03-21 20:14:36,863] INFO: Button 1,2: SHOW HEX/HEX/DSZ, 75x75, row=1, col=2, rowspan=1
[2025-03-21 20:14:36,865] INFO: Button 2,2: CLR PRGM/R↓/R↑, 75x75, row=2, col=2, rowspan=1
[2025-03-21 20:14:36,865] INFO: Button 3,2: /g/, 75x75, row=3, col=2, rowspan=1
[2025-03-21 20:14:36,866] INFO: Button 0,3: RR/D/RRC, 75x75, row=0, col=3, rowspan=1
[2025-03-21 20:14:36,867] INFO: Button 1,3: SHOW DEC/DEC/ISZ, 75x75, row=1, col=3, rowspan=1
[2025-03-21 20:14:36,868] INFO: Button 2,3: CLR REG/x><y/PSE, 75x75, row=2, col=3, rowspan=1
[2025-03-21 20:14:36,886] INFO: Button 3,3: WSIZE/STO/⯇, 75x75, row=3, col=3, rowspan=1
[2025-03-21 20:14:36,887] INFO: Button 0,4: RLn/E/RLCn, 75x75, row=0, col=4, rowspan=1
[2025-03-21 20:14:36,888] INFO: Button 1,4: SHOW OCT/OCT/√x, 75x75, row=1, col=4, rowspan=1
[2025-03-21 20:14:36,888] INFO: Button 2,4: CLR PRFX/BSP/CLX, 75x75, row=2, col=4, rowspan=1
[2025-03-21 20:14:36,889] INFO: Button 3,4: FLOAT/RCL/⯈, 75x75, row=3, col=4, rowspan=1
[2025-03-21 20:14:36,890] INFO: Button 0,5: RRn/F/RRCn, 75x75, row=0, col=5, rowspan=1
[2025-03-21 20:14:36,891] INFO: Button 1,5: SHOW BIN/BIN/1/x, 75x75, row=1, col=5, rowspan=1
[2025-03-21 20:14:36,891] INFO: Button 2,5: WINDOW/ENTER/LST X, 75x175, row=2, col=5, rowspan=2
[2025-03-21 20:14:36,892] INFO: Button 0,6: MASKL/7/#B, 75x75, row=0, col=6, rowspan=1
[2025-03-21 20:14:36,893] INFO: Button 1,6: SB/4/SF, 75x75, row=1, col=6, rowspan=1
[2025-03-21 20:14:36,894] INFO: Button 2,6: SC 1'S/1/X≤Y, 75x75, row=2, col=6, rowspan=1
[2025-03-21 20:14:36,895] INFO: Button 3,6: MEM/0/X≠Y, 75x75, row=3, col=6, rowspan=1
[2025-03-21 20:14:36,896] INFO: Button 0,7: MASKR/8/ABS, 75x75, row=0, col=7, rowspan=1
[2025-03-21 20:14:36,896] INFO: Button 1,7: CB/5/CF, 75x75, row=1, col=7, rowspan=1
[2025-03-21 20:14:36,897] INFO: Button 2,7: SC 2'S/2/X<0, 75x75, row=2, col=7, rowspan=1
[2025-03-21 20:14:36,898] INFO: Button 3,7: STATUS/./X≠0, 75x75, row=3, col=7, rowspan=1
[2025-03-21 20:14:36,899] INFO: Button 0,8: RMD/9/DBLR, 75x75, row=0, col=8, rowspan=1
[2025-03-21 20:14:36,899] INFO: Button 1,8: B?/6/F?, 75x75, row=1, col=8, rowspan=1
[2025-03-21 20:14:36,900] INFO: Button 2,8: SC UNSGN/3/X>Y, 75x75, row=2, col=8, rowspan=1
[2025-03-21 20:14:36,901] INFO: Button 3,8: EEx/CHS/X=Y, 75x75, row=3, col=8, rowspan=1
[2025-03-21 20:14:36,902] INFO: Button 0,9: XOR///DBL/, 75x75, row=0, col=9, rowspan=1
[2025-03-21 20:14:36,902] INFO: Button 1,9: AND/*/DBL*, 75x75, row=1, col=9, rowspan=1
[2025-03-21 20:14:36,903] INFO: Button 2,9: NOT/-/X>0, 75x75, row=2, col=9, rowspan=1
[2025-03-21 20:14:36,904] INFO: Button 3,9: OR/+/X=0, 75x75, row=3, col=9, rowspan=1
[2025-03-21 20:14:36,904] INFO: Total buttons created: 39
[2025-03-21 20:14:36,904] INFO: Grid configured: 10 cols, 4 rows, minsize=75
[2025-03-21 20:14:36,928] INFO: Initializing HP16CController with display and buttons
[2025-03-21 20:14:36,928] INFO: Initializing HP16CController
[2025-03-21 20:14:36,928] INFO: Binding buttons to controller actions
[2025-03-21 20:14:36,928] INFO: Binding actions to all buttons
[2025-03-21 20:14:36,930] INFO: Starting periodic stack updates
[2025-03-21 20:14:36,931] INFO: Setting entry: value=0, raw=False
[2025-03-21 20:14:36,932] INFO: Entry set: 0, value=0
[2025-03-21 20:14:37,156] INFO: Root window size: 1089x560+26+26
[2025-03-21 20:14:37,156] INFO: Entering Tkinter mainloop
[2025-03-21 20:14:41,880] INFO: Handling command: 
[2025-03-21 20:14:41,880] INFO: Handling normal command: F
[2025-03-21 20:14:41,880] INFO: Entering digit: F
[2025-03-21 20:14:41,880] INFO: Ignoring invalid digit F for base DEC
[2025-03-21 20:14:44,002] INFO: Handling command: set_base_hex
[2025-03-21 20:14:44,003] INFO: Handling normal command: HEX
[2025-03-21 20:14:44,003] INFO: Setting mode: HEX
[2025-03-21 20:14:44,003] INFO: Setting entry: value=0, raw=False
[2025-03-21 20:14:44,003] INFO: Entry set: 0000, value=0
[2025-03-21 20:14:44,003] INFO: Formatted 0 in HEX as 0
[2025-03-21 20:14:44,003] INFO: Setting entry: value=0, raw=False
[2025-03-21 20:14:44,003] INFO: Entry set: 0000, value=0
[2025-03-21 20:14:44,003] INFO: Base set to HEX
[2025-03-21 20:14:49,332] INFO: Stack initialized: [0, 0, 0], X=0, word_size=16, complement_mode=UNSIGNED
[2025-03-21 20:14:49,339] INFO: Script started: main.pyw
[2025-03-21 20:14:49,340] INFO: Entering function: main
[2025-03-21 20:14:49,340] INFO: Creating Tk root window
[2025-03-21 20:14:49,399] INFO: Setting window title: HP 16C Emulator
[2025-03-21 20:14:49,399] INFO: Configuring root background color: #1e1818
[2025-03-21 20:14:49,399] INFO: Setting root resizable: False, False
[2025-03-21 20:14:49,400] INFO: Entering function: load_config
[2025-03-21 20:14:49,400] INFO: Config loaded and updated: {'display_width': 575, 'display_height': 80, 'margin': 20, 'bg_color': '#1e1818', 'display_font_family': 'Courier', 'display_font_size': 18, 'display_x': 125, 'display_y': 20}
[2025-03-21 20:14:49,400] INFO: Exiting function: load_config
[2025-03-21 20:14:49,400] INFO: Custom font created: family=Courier, size=18
[2025-03-21 20:14:49,400] INFO: Setting up UI: display at x=125, y=20, width=575, height=80, grid=4x10, total=1089x560
[2025-03-21 20:14:49,400] INFO: Initializing Display: x=125, y=20, width=575, height=80
[2025-03-21 20:14:49,403] INFO: Stack info updated: 00-16-0000
[2025-03-21 20:14:49,404] INFO: Display initialized: mode=DEC, entry=0
[2025-03-21 20:14:49,404] INFO: Setting mode: DEC
[2025-03-21 20:14:49,404] INFO: Setting entry: value=0, raw=False
[2025-03-21 20:14:49,404] INFO: Entry set: 0, value=0
[2025-03-21 20:14:49,404] INFO: Creating buttons from BUTTONS_CONFIG
[2025-03-21 20:14:49,406] INFO: Button 0,0: SL/A/LJ, 75x75, row=0, col=0, rowspan=1
[2025-03-21 20:14:49,407] INFO: Button 1,0: x><(i)/GSB/RTN, 75x75, row=1, col=0, rowspan=1
[2025-03-21 20:14:49,408] INFO: Button 2,0: (i)/R/S/P/R, 75x75, row=2, col=0, rowspan=1
[2025-03-21 20:14:49,408] INFO: Button 3,0: /ON/, 75x75, row=3, col=0, rowspan=1
[2025-03-21 20:14:49,409] INFO: Button 0,1: SR/B/ASR, 75x75, row=0, col=1, rowspan=1
[2025-03-21 20:14:49,410] INFO: Button 1,1: x><I/GTO/LBL, 75x75, row=1, col=1, rowspan=1
[2025-03-21 20:14:49,411] INFO: Button 2,1: I/SST/BST, 75x75, row=2, col=1, rowspan=1
[2025-03-21 20:14:49,411] INFO: Button 3,1: /f/, 75x75, row=3, col=1, rowspan=1
[2025-03-21 20:14:49,412] INFO: Button 0,2: RL/C/DSZ, 75x75, row=0, col=2, rowspan=1
[2025-03-21 20:14:49,413] INFO: Button 1,2: SHOW HEX/HEX/DSZ, 75x75, row=1, col=2, rowspan=1
[2025-03-21 20:14:49,415] INFO: Button 2,2: CLR PRGM/R↓/R↑, 75x75, row=2, col=2, rowspan=1
[2025-03-21 20:14:49,416] INFO: Button 3,2: /g/, 75x75, row=3, col=2, rowspan=1
[2025-03-21 20:14:49,416] INFO: Button 0,3: RR/D/RRC, 75x75, row=0, col=3, rowspan=1
[2025-03-21 20:14:49,417] INFO: Button 1,3: SHOW DEC/DEC/ISZ, 75x75, row=1, col=3, rowspan=1
[2025-03-21 20:14:49,418] INFO: Button 2,3: CLR REG/x><y/PSE, 75x75, row=2, col=3, rowspan=1
[2025-03-21 20:14:49,437] INFO: Button 3,3: WSIZE/STO/⯇, 75x75, row=3, col=3, rowspan=1
[2025-03-21 20:14:49,438] INFO: Button 0,4: RLn/E/RLCn, 75x75, row=0, col=4, rowspan=1
[2025-03-21 20:14:49,438] INFO: Button 1,4: SHOW OCT/OCT/√x, 75x75, row=1, col=4, rowspan=1
[2025-03-21 20:14:49,439] INFO: Button 2,4: CLR PRFX/BSP/CLX, 75x75, row=2, col=4, rowspan=1
[2025-03-21 20:14:49,440] INFO: Button 3,4: FLOAT/RCL/⯈, 75x75, row=3, col=4, rowspan=1
[2025-03-21 20:14:49,441] INFO: Button 0,5: RRn/F/RRCn, 75x75, row=0, col=5, rowspan=1
[2025-03-21 20:14:49,442] INFO: Button 1,5: SHOW BIN/BIN/1/x, 75x75, row=1, col=5, rowspan=1
[2025-03-21 20:14:49,443] INFO: Button 2,5: WINDOW/ENTER/LST X, 75x175, row=2, col=5, rowspan=2
[2025-03-21 20:14:49,444] INFO: Button 0,6: MASKL/7/#B, 75x75, row=0, col=6, rowspan=1
[2025-03-21 20:14:49,445] INFO: Button 1,6: SB/4/SF, 75x75, row=1, col=6, rowspan=1
[2025-03-21 20:14:49,445] INFO: Button 2,6: SC 1'S/1/X≤Y, 75x75, row=2, col=6, rowspan=1
[2025-03-21 20:14:49,446] INFO: Button 3,6: MEM/0/X≠Y, 75x75, row=3, col=6, rowspan=1
[2025-03-21 20:14:49,448] INFO: Button 0,7: MASKR/8/ABS, 75x75, row=0, col=7, rowspan=1
[2025-03-21 20:14:49,448] INFO: Button 1,7: CB/5/CF, 75x75, row=1, col=7, rowspan=1
[2025-03-21 20:14:49,449] INFO: Button 2,7: SC 2'S/2/X<0, 75x75, row=2, col=7, rowspan=1
[2025-03-21 20:14:49,450] INFO: Button 3,7: STATUS/./X≠0, 75x75, row=3, col=7, rowspan=1
[2025-03-21 20:14:49,451] INFO: Button 0,8: RMD/9/DBLR, 75x75, row=0, col=8, rowspan=1
[2025-03-21 20:14:49,451] INFO: Button 1,8: B?/6/F?, 75x75, row=1, col=8, rowspan=1
[2025-03-21 20:14:49,452] INFO: Button 2,8: SC UNSGN/3/X>Y, 75x75, row=2, col=8, rowspan=1
[2025-03-21 20:14:49,453] INFO: Button 3,8: EEx/CHS/X=Y, 75x75, row=3, col=8, rowspan=1
[2025-03-21 20:14:49,454] INFO: Button 0,9: XOR///DBL/, 75x75, row=0, col=9, rowspan=1
[2025-03-21 20:14:49,454] INFO: Button 1,9: AND/*/DBL*, 75x75, row=1, col=9, rowspan=1
[2025-03-21 20:14:49,455] INFO: Button 2,9: NOT/-/X>0, 75x75, row=2, col=9, rowspan=1
[2025-03-21 20:14:49,456] INFO: Button 3,9: OR/+/X=0, 75x75, row=3, col=9, rowspan=1
[2025-03-21 20:14:49,456] INFO: Total buttons created: 39
[2025-03-21 20:14:49,456] INFO: Grid configured: 10 cols, 4 rows, minsize=75
[2025-03-21 20:14:49,480] INFO: Initializing HP16CController with display and buttons
[2025-03-21 20:14:49,480] INFO: Initializing HP16CController
[2025-03-21 20:14:49,480] INFO: Binding buttons to controller actions
[2025-03-21 20:14:49,480] INFO: Binding actions to all buttons
[2025-03-21 20:14:49,482] INFO: Starting periodic stack updates
[2025-03-21 20:14:49,483] INFO: Setting entry: value=0, raw=False
[2025-03-21 20:14:49,484] INFO: Entry set: 0, value=0
[2025-03-21 20:14:49,711] INFO: Root window size: 1089x560+104+104
[2025-03-21 20:14:49,711] INFO: Entering Tkinter mainloop
[2025-03-21 20:14:52,710] INFO: Handling command: set_base_hex
[2025-03-21 20:14:52,711] INFO: Handling normal command: HEX
[2025-03-21 20:14:52,711] INFO: Setting mode: HEX
[2025-03-21 20:14:52,711] INFO: Setting entry: value=0, raw=False
[2025-03-21 20:14:52,711] INFO: Entry set: 0000, value=0
[2025-03-21 20:14:52,711] INFO: Formatted 0 in HEX as 0
[2025-03-21 20:14:52,711] INFO: Setting entry: value=0, raw=False
[2025-03-21 20:14:52,711] INFO: Entry set: 0000, value=0
[2025-03-21 20:14:52,711] INFO: Base set to HEX
[2025-03-21 20:14:53,460] INFO: Handling command: 
[2025-03-21 20:14:53,460] INFO: Handling normal command: F
[2025-03-21 20:14:53,460] INFO: Entering digit: F
[2025-03-21 20:14:53,461] INFO: Clearing entry
[2025-03-21 20:14:53,461] INFO: Appending character: F
[2025-03-21 20:14:53,461] INFO: Setting entry: value=15, raw=False
[2025-03-21 20:14:53,461] INFO: Entry set: 000f, value=15
[2025-03-21 20:14:53,857] INFO: Handling command: 
[2025-03-21 20:14:53,857] INFO: Handling normal command: F
[2025-03-21 20:14:53,857] INFO: Entering digit: F
[2025-03-21 20:14:53,857] INFO: Appending character: F
[2025-03-21 20:14:53,857] INFO: Setting entry: value=255, raw=False
[2025-03-21 20:14:53,857] INFO: Entry set: 00ff, value=255
[2025-03-21 20:14:54,907] INFO: Handling command: 
[2025-03-21 20:14:54,907] INFO: Handling normal command: ENTER
[2025-03-21 20:14:54,907] INFO: Entering value
[2025-03-21 20:14:54,907] INFO: Failed to interpret 00ff in DEC, defaulting to 0
[2025-03-21 20:14:54,908] INFO: Pushed value: 0, X=0, stack=[0, 0, 0]
[2025-03-21 20:14:54,908] INFO: Clearing entry
