[2025-03-21 17:36:12,586] INFO: Stack initialized: [0, 0, 0], X=0, word_size=16, complement_mode=UNSIGNED
[2025-03-21 17:36:12,594] INFO: Script started: main.pyw
[2025-03-21 17:36:12,594] INFO: Entering function: main
[2025-03-21 17:36:12,594] INFO: Creating Tk root window
[2025-03-21 17:36:12,653] INFO: Setting window title: HP 16C Emulator
[2025-03-21 17:36:12,653] INFO: Configuring root background color: #1e1818
[2025-03-21 17:36:12,654] INFO: Setting root resizable: False, False
[2025-03-21 17:36:12,654] INFO: Entering function: load_config
[2025-03-21 17:36:12,654] INFO: Config loaded and updated: {'display_width': 575, 'display_height': 80, 'margin': 20, 'bg_color': '#1e1818', 'display_font_family': 'Courier', 'display_font_size': 18, 'display_x': 125, 'display_y': 20}
[2025-03-21 17:36:12,654] INFO: Exiting function: load_config
[2025-03-21 17:36:12,654] INFO: Custom font created: family=Courier, size=18
[2025-03-21 17:36:12,654] INFO: Setting up UI: display at x=125, y=20, width=575, height=80, grid=4x10, total=1089x560
[2025-03-21 17:36:12,655] INFO: Initializing Display: x=125, y=20, width=575, height=80
[2025-03-21 17:36:12,658] INFO: Stack info updated: 00-16-0000
[2025-03-21 17:36:12,658] INFO: Display initialized: mode=DEC, entry=0
[2025-03-21 17:36:12,658] INFO: Setting mode: DEC
[2025-03-21 17:36:12,658] INFO: Setting entry: value=0, raw=False
[2025-03-21 17:36:12,659] INFO: Entry set: 0, value=0
[2025-03-21 17:36:12,659] INFO: Creating buttons from BUTTONS_CONFIG
[2025-03-21 17:36:12,660] INFO: Button 0,0: SL/A/LJ, 75x75, row=0, col=0, rowspan=1
[2025-03-21 17:36:12,661] INFO: Button 1,0: x><(i)/GSB/RTN, 75x75, row=1, col=0, rowspan=1
[2025-03-21 17:36:12,662] INFO: Button 2,0: (i)/R/S/P/R, 75x75, row=2, col=0, rowspan=1
[2025-03-21 17:36:12,662] INFO: Button 3,0: /ON/, 75x75, row=3, col=0, rowspan=1
[2025-03-21 17:36:12,663] INFO: Button 0,1: SR/B/ASR, 75x75, row=0, col=1, rowspan=1
[2025-03-21 17:36:12,664] INFO: Button 1,1: x><I/GTO/LBL, 75x75, row=1, col=1, rowspan=1
[2025-03-21 17:36:12,665] INFO: Button 2,1: I/SST/BST, 75x75, row=2, col=1, rowspan=1
[2025-03-21 17:36:12,665] INFO: Button 3,1: /f/, 75x75, row=3, col=1, rowspan=1
[2025-03-21 17:36:12,666] INFO: Button 0,2: RL/C/DSZ, 75x75, row=0, col=2, rowspan=1
[2025-03-21 17:36:12,667] INFO: Button 1,2: SHOW HEX/HEX/DSZ, 75x75, row=1, col=2, rowspan=1
[2025-03-21 17:36:12,669] INFO: Button 2,2: CLR PRGM/R↓/R↑, 75x75, row=2, col=2, rowspan=1
[2025-03-21 17:36:12,669] INFO: Button 3,2: /g/, 75x75, row=3, col=2, rowspan=1
[2025-03-21 17:36:12,670] INFO: Button 0,3: RR/D/RRC, 75x75, row=0, col=3, rowspan=1
[2025-03-21 17:36:12,671] INFO: Button 1,3: SHOW DEC/DEC/ISZ, 75x75, row=1, col=3, rowspan=1
[2025-03-21 17:36:12,672] INFO: Button 2,3: CLR REG/x><y/PSE, 75x75, row=2, col=3, rowspan=1
[2025-03-21 17:36:12,690] INFO: Button 3,3: WSIZE/STO/⯇, 75x75, row=3, col=3, rowspan=1
[2025-03-21 17:36:12,691] INFO: Button 0,4: RLn/E/RLCn, 75x75, row=0, col=4, rowspan=1
[2025-03-21 17:36:12,692] INFO: Button 1,4: SHOW OCT/OCT/√x, 75x75, row=1, col=4, rowspan=1
[2025-03-21 17:36:12,693] INFO: Button 2,4: CLR PRFX/BSP/CLX, 75x75, row=2, col=4, rowspan=1
[2025-03-21 17:36:12,694] INFO: Button 3,4: FLOAT/RCL/⯈, 75x75, row=3, col=4, rowspan=1
[2025-03-21 17:36:12,695] INFO: Button 0,5: RRn/F/RRCn, 75x75, row=0, col=5, rowspan=1
[2025-03-21 17:36:12,695] INFO: Button 1,5: SHOW BIN/BIN/1/x, 75x75, row=1, col=5, rowspan=1
[2025-03-21 17:36:12,696] INFO: Button 2,5: WINDOW/ENTER/LST X, 75x175, row=2, col=5, rowspan=2
[2025-03-21 17:36:12,697] INFO: Button 0,6: MASKL/7/#B, 75x75, row=0, col=6, rowspan=1
[2025-03-21 17:36:12,698] INFO: Button 1,6: SB/4/SF, 75x75, row=1, col=6, rowspan=1
[2025-03-21 17:36:12,698] INFO: Button 2,6: SC 1'S/1/X≤Y, 75x75, row=2, col=6, rowspan=1
[2025-03-21 17:36:12,699] INFO: Button 3,6: MEM/0/X≠Y, 75x75, row=3, col=6, rowspan=1
[2025-03-21 17:36:12,700] INFO: Button 0,7: MASKR/8/ABS, 75x75, row=0, col=7, rowspan=1
[2025-03-21 17:36:12,701] INFO: Button 1,7: CB/5/CF, 75x75, row=1, col=7, rowspan=1
[2025-03-21 17:36:12,702] INFO: Button 2,7: SC 2'S/2/X<0, 75x75, row=2, col=7, rowspan=1
[2025-03-21 17:36:12,703] INFO: Button 3,7: STATUS/./X≠0, 75x75, row=3, col=7, rowspan=1
[2025-03-21 17:36:12,703] INFO: Button 0,8: RMD/9/DBLR, 75x75, row=0, col=8, rowspan=1
[2025-03-21 17:36:12,704] INFO: Button 1,8: B?/6/F?, 75x75, row=1, col=8, rowspan=1
[2025-03-21 17:36:12,705] INFO: Button 2,8: SC UNSGN/3/X>Y, 75x75, row=2, col=8, rowspan=1
[2025-03-21 17:36:12,706] INFO: Button 3,8: EEx/CHS/X=Y, 75x75, row=3, col=8, rowspan=1
[2025-03-21 17:36:12,706] INFO: Button 0,9: XOR///DBL/, 75x75, row=0, col=9, rowspan=1
[2025-03-21 17:36:12,707] INFO: Button 1,9: AND/*/DBL*, 75x75, row=1, col=9, rowspan=1
[2025-03-21 17:36:12,708] INFO: Button 2,9: NOT/-/X>0, 75x75, row=2, col=9, rowspan=1
[2025-03-21 17:36:12,709] INFO: Button 3,9: OR/+/X=0, 75x75, row=3, col=9, rowspan=1
[2025-03-21 17:36:12,709] INFO: Total buttons created: 39
[2025-03-21 17:36:12,709] INFO: Grid configured: 10 cols, 4 rows, minsize=75
[2025-03-21 17:36:12,735] INFO: Initializing HP16CController with display and buttons
[2025-03-21 17:36:12,735] INFO: Initializing HP16CController
[2025-03-21 17:36:12,735] INFO: Binding buttons to controller actions
[2025-03-21 17:36:12,735] INFO: Binding actions to all buttons
[2025-03-21 17:36:12,737] INFO: Starting periodic stack updates
[2025-03-21 17:36:12,738] INFO: Setting entry: value=0, raw=False
[2025-03-21 17:36:12,738] INFO: Entry set: 0, value=0
[2025-03-21 17:36:12,931] INFO: Root window size: 1089x560+156+156
[2025-03-21 17:36:12,931] INFO: Entering Tkinter mainloop
[2025-03-21 17:36:17,074] INFO: Handling command: 
[2025-03-21 17:36:17,074] INFO: Handling normal command: 1
[2025-03-21 17:36:17,075] INFO: Entering digit: 1
[2025-03-21 17:36:17,075] INFO: Appending character: 1
[2025-03-21 17:36:17,075] INFO: Setting entry: value=1, raw=False
[2025-03-21 17:36:17,075] INFO: Entry set: 1, value=1
[2025-03-21 17:36:41,156] INFO: Handling command: 
[2025-03-21 17:36:41,156] INFO: Handling normal command: ENTER
[2025-03-21 17:36:41,156] INFO: Entering value
[2025-03-21 17:36:41,157] INFO: Pushed value: 1, X=1, stack=[0, 0, 0]
[2025-03-21 17:36:41,157] INFO: Setting entry: value=1, raw=False
[2025-03-21 17:36:41,157] INFO: Entry set: 1, value=1
[2025-03-21 17:36:46,511] INFO: Handling command: 
[2025-03-21 17:36:46,511] INFO: Handling normal command: ENTER
[2025-03-21 17:36:46,511] INFO: Entering value
[2025-03-21 17:36:46,511] INFO: Pushed value: 1, X=1, stack=[0, 0, 1]
[2025-03-21 17:36:46,511] INFO: Setting entry: value=1, raw=False
[2025-03-21 17:36:46,512] INFO: Entry set: 1, value=1
[2025-03-21 17:36:47,156] INFO: Handling command: 
[2025-03-21 17:36:47,156] INFO: Handling normal command: ENTER
[2025-03-21 17:36:47,156] INFO: Entering value
[2025-03-21 17:36:47,156] INFO: Pushed value: 1, X=1, stack=[0, 1, 1]
[2025-03-21 17:36:47,157] INFO: Setting entry: value=1, raw=False
[2025-03-21 17:36:47,157] INFO: Entry set: 1, value=1
[2025-03-21 17:36:47,636] INFO: Handling command: 
[2025-03-21 17:36:47,636] INFO: Handling normal command: ENTER
[2025-03-21 17:36:47,636] INFO: Entering value
[2025-03-21 17:36:47,636] INFO: Pushed value: 1, X=1, stack=[1, 1, 1]
[2025-03-21 17:36:47,636] INFO: Setting entry: value=1, raw=False
[2025-03-21 17:36:47,637] INFO: Entry set: 1, value=1
[2025-03-21 17:36:48,319] INFO: Handling command: 
[2025-03-21 17:36:48,319] INFO: Handling normal command: ENTER
[2025-03-21 17:36:48,319] INFO: Entering value
[2025-03-21 17:36:48,319] INFO: Pushed value: 1, X=1, stack=[1, 1, 1]
[2025-03-21 17:36:48,319] INFO: Setting entry: value=1, raw=False
[2025-03-21 17:36:48,319] INFO: Entry set: 1, value=1
[2025-03-21 17:36:48,611] INFO: Handling command: 
[2025-03-21 17:36:48,611] INFO: Handling normal command: ENTER
[2025-03-21 17:36:48,611] INFO: Entering value
[2025-03-21 17:36:48,611] INFO: Pushed value: 1, X=1, stack=[1, 1, 1]
[2025-03-21 17:36:48,611] INFO: Setting entry: value=1, raw=False
[2025-03-21 17:36:48,612] INFO: Entry set: 1, value=1
[2025-03-21 17:36:48,843] INFO: Handling command: 
[2025-03-21 17:36:48,844] INFO: Handling normal command: ENTER
[2025-03-21 17:36:48,844] INFO: Entering value
[2025-03-21 17:36:48,844] INFO: Pushed value: 1, X=1, stack=[1, 1, 1]
[2025-03-21 17:36:48,844] INFO: Setting entry: value=1, raw=False
[2025-03-21 17:36:48,844] INFO: Entry set: 1, value=1
[2025-03-21 17:36:49,668] INFO: Handling command: 
[2025-03-21 17:36:49,669] INFO: Handling normal command: 0
[2025-03-21 17:36:49,669] INFO: Entering digit: 0
[2025-03-21 17:36:49,669] INFO: Clearing entry
[2025-03-21 17:36:49,669] INFO: Appending character: 0
[2025-03-21 17:36:49,669] INFO: Setting entry: value=0, raw=False
[2025-03-21 17:36:49,669] INFO: Entry set: 0, value=0
[2025-03-21 17:36:50,553] INFO: Handling command: 
[2025-03-21 17:36:50,554] INFO: Handling normal command: ENTER
[2025-03-21 17:36:50,554] INFO: Entering value
[2025-03-21 17:36:50,554] INFO: Pushed value: 0, X=0, stack=[1, 1, 1]
[2025-03-21 17:36:50,554] INFO: Setting entry: value=0, raw=False
[2025-03-21 17:36:50,554] INFO: Entry set: 0, value=0
[2025-03-21 17:36:50,830] INFO: Handling command: 
[2025-03-21 17:36:50,831] INFO: Handling normal command: ENTER
[2025-03-21 17:36:50,831] INFO: Entering value
[2025-03-21 17:36:50,831] INFO: Pushed value: 0, X=0, stack=[1, 1, 0]
[2025-03-21 17:36:50,831] INFO: Setting entry: value=0, raw=False
[2025-03-21 17:36:50,831] INFO: Entry set: 0, value=0
[2025-03-21 17:36:51,093] INFO: Handling command: 
[2025-03-21 17:36:51,093] INFO: Handling normal command: ENTER
[2025-03-21 17:36:51,094] INFO: Entering value
[2025-03-21 17:36:51,094] INFO: Pushed value: 0, X=0, stack=[1, 0, 0]
[2025-03-21 17:36:51,094] INFO: Setting entry: value=0, raw=False
[2025-03-21 17:36:51,094] INFO: Entry set: 0, value=0
[2025-03-21 17:36:51,355] INFO: Handling command: 
[2025-03-21 17:36:51,356] INFO: Handling normal command: ENTER
[2025-03-21 17:36:51,356] INFO: Entering value
[2025-03-21 17:36:51,356] INFO: Pushed value: 0, X=0, stack=[0, 0, 0]
[2025-03-21 17:36:51,356] INFO: Setting entry: value=0, raw=False
[2025-03-21 17:36:51,356] INFO: Entry set: 0, value=0
[2025-03-21 17:36:57,528] INFO: Handling command: yellow_f_function
[2025-03-21 17:36:57,528] INFO: Toggling mode: f, f_active=False, g_active=False
[2025-03-21 17:36:57,557] INFO: Mode set: f
[2025-03-21 17:36:58,271] INFO: f-mode action: STATUS
[2025-03-21 17:36:58,271] INFO: Toggling stack display: show=True, mode=DEC
[2025-03-21 17:36:58,272] INFO: Stack displayed: ['0', '0', '0', '0']
[2025-03-21 17:36:58,272] INFO: Toggling mode: f, f_active=True, g_active=False
[2025-03-21 17:36:58,279] INFO: Mode reset to normal
[2025-03-21 17:37:00,258] INFO: Handling normal command: 1
[2025-03-21 17:37:00,258] INFO: Entering digit: 1
[2025-03-21 17:37:00,258] INFO: Clearing entry
[2025-03-21 17:37:00,259] INFO: Appending character: 1
[2025-03-21 17:37:00,259] INFO: Setting entry: value=1, raw=False
[2025-03-21 17:37:00,259] INFO: Entry set: 1, value=1
[2025-03-21 17:37:02,051] INFO: Handling normal command: ENTER
[2025-03-21 17:37:02,051] INFO: Entering value
[2025-03-21 17:37:02,051] INFO: Pushed value: 1, X=1, stack=[0, 0, 0]
[2025-03-21 17:37:02,051] INFO: Setting entry: value=1, raw=False
[2025-03-21 17:37:02,051] INFO: Entry set: 1, value=1
[2025-03-21 17:37:03,348] INFO: Handling command: yellow_f_function
[2025-03-21 17:37:03,348] INFO: Toggling mode: f, f_active=False, g_active=False
[2025-03-21 17:37:03,377] INFO: Mode set: f
[2025-03-21 17:37:04,128] INFO: f-mode action: STATUS
[2025-03-21 17:37:04,128] INFO: Toggling stack display: show=True, mode=DEC
[2025-03-21 17:37:04,128] INFO: Stack displayed: ['1', '0', '0', '0']
[2025-03-21 17:37:04,128] INFO: Toggling mode: f, f_active=True, g_active=False
[2025-03-21 17:37:04,135] INFO: Mode reset to normal
[2025-03-21 17:37:22,144] INFO: Exiting function: main
[2025-03-21 17:37:22,144] INFO: Script ended: main.pyw
