[2025-03-21 18:29:01,418] INFO: Stack initialized: [0, 0, 0], X=0, word_size=16, complement_mode=UNSIGNED
[2025-03-21 18:29:01,445] INFO: Script started: main.pyw
[2025-03-21 18:29:01,445] INFO: Entering function: main
[2025-03-21 18:29:01,445] INFO: Creating Tk root window
[2025-03-21 18:29:01,505] INFO: Setting window title: HP 16C Emulator
[2025-03-21 18:29:01,505] INFO: Configuring root background color: #1e1818
[2025-03-21 18:29:01,505] INFO: Setting root resizable: False, False
[2025-03-21 18:29:01,506] INFO: Entering function: load_config
[2025-03-21 18:29:01,506] INFO: Config loaded and updated: {'display_width': 575, 'display_height': 80, 'margin': 20, 'bg_color': '#1e1818', 'display_font_family': 'Courier', 'display_font_size': 18, 'display_x': 125, 'display_y': 20}
[2025-03-21 18:29:01,506] INFO: Exiting function: load_config
[2025-03-21 18:29:01,506] INFO: Custom font created: family=Courier, size=18
[2025-03-21 18:29:01,506] INFO: Setting up UI: display at x=125, y=20, width=575, height=80, grid=4x10, total=1089x560
[2025-03-21 18:29:01,507] INFO: Initializing Display: x=125, y=20, width=575, height=80
[2025-03-21 18:29:01,510] INFO: Stack info updated: 00-16-0000
[2025-03-21 18:29:01,510] INFO: Display initialized: mode=DEC, entry=0
[2025-03-21 18:29:01,510] INFO: Setting mode: DEC
[2025-03-21 18:29:01,510] INFO: Setting entry: value=0, raw=False
[2025-03-21 18:29:01,510] INFO: Entry set: 0, value=0
[2025-03-21 18:29:01,511] INFO: Creating buttons from BUTTONS_CONFIG
[2025-03-21 18:29:01,512] INFO: Button 0,0: SL/A/LJ, 75x75, row=0, col=0, rowspan=1
[2025-03-21 18:29:01,513] INFO: Button 1,0: x><(i)/GSB/RTN, 75x75, row=1, col=0, rowspan=1
[2025-03-21 18:29:01,514] INFO: Button 2,0: (i)/R/S/P/R, 75x75, row=2, col=0, rowspan=1
[2025-03-21 18:29:01,514] INFO: Button 3,0: /ON/, 75x75, row=3, col=0, rowspan=1
[2025-03-21 18:29:01,515] INFO: Button 0,1: SR/B/ASR, 75x75, row=0, col=1, rowspan=1
[2025-03-21 18:29:01,516] INFO: Button 1,1: x><I/GTO/LBL, 75x75, row=1, col=1, rowspan=1
[2025-03-21 18:29:01,517] INFO: Button 2,1: I/SST/BST, 75x75, row=2, col=1, rowspan=1
[2025-03-21 18:29:01,517] INFO: Button 3,1: /f/, 75x75, row=3, col=1, rowspan=1
[2025-03-21 18:29:01,518] INFO: Button 0,2: RL/C/DSZ, 75x75, row=0, col=2, rowspan=1
[2025-03-21 18:29:01,518] INFO: Button 1,2: SHOW HEX/HEX/DSZ, 75x75, row=1, col=2, rowspan=1
[2025-03-21 18:29:01,521] INFO: Button 2,2: CLR PRGM/R↓/R↑, 75x75, row=2, col=2, rowspan=1
[2025-03-21 18:29:01,521] INFO: Button 3,2: /g/, 75x75, row=3, col=2, rowspan=1
[2025-03-21 18:29:01,522] INFO: Button 0,3: RR/D/RRC, 75x75, row=0, col=3, rowspan=1
[2025-03-21 18:29:01,523] INFO: Button 1,3: SHOW DEC/DEC/ISZ, 75x75, row=1, col=3, rowspan=1
[2025-03-21 18:29:01,524] INFO: Button 2,3: CLR REG/x><y/PSE, 75x75, row=2, col=3, rowspan=1
[2025-03-21 18:29:01,542] INFO: Button 3,3: WSIZE/STO/⯇, 75x75, row=3, col=3, rowspan=1
[2025-03-21 18:29:01,543] INFO: Button 0,4: RLn/E/RLCn, 75x75, row=0, col=4, rowspan=1
[2025-03-21 18:29:01,544] INFO: Button 1,4: SHOW OCT/OCT/√x, 75x75, row=1, col=4, rowspan=1
[2025-03-21 18:29:01,545] INFO: Button 2,4: CLR PRFX/BSP/CLX, 75x75, row=2, col=4, rowspan=1
[2025-03-21 18:29:01,546] INFO: Button 3,4: FLOAT/RCL/⯈, 75x75, row=3, col=4, rowspan=1
[2025-03-21 18:29:01,547] INFO: Button 0,5: RRn/F/RRCn, 75x75, row=0, col=5, rowspan=1
[2025-03-21 18:29:01,547] INFO: Button 1,5: SHOW BIN/BIN/1/x, 75x75, row=1, col=5, rowspan=1
[2025-03-21 18:29:01,548] INFO: Button 2,5: WINDOW/ENTER/LST X, 75x175, row=2, col=5, rowspan=2
[2025-03-21 18:29:01,549] INFO: Button 0,6: MASKL/7/#B, 75x75, row=0, col=6, rowspan=1
[2025-03-21 18:29:01,550] INFO: Button 1,6: SB/4/SF, 75x75, row=1, col=6, rowspan=1
[2025-03-21 18:29:01,551] INFO: Button 2,6: SC 1'S/1/X≤Y, 75x75, row=2, col=6, rowspan=1
[2025-03-21 18:29:01,552] INFO: Button 3,6: MEM/0/X≠Y, 75x75, row=3, col=6, rowspan=1
[2025-03-21 18:29:01,552] INFO: Button 0,7: MASKR/8/ABS, 75x75, row=0, col=7, rowspan=1
[2025-03-21 18:29:01,553] INFO: Button 1,7: CB/5/CF, 75x75, row=1, col=7, rowspan=1
[2025-03-21 18:29:01,554] INFO: Button 2,7: SC 2'S/2/X<0, 75x75, row=2, col=7, rowspan=1
[2025-03-21 18:29:01,555] INFO: Button 3,7: STATUS/./X≠0, 75x75, row=3, col=7, rowspan=1
[2025-03-21 18:29:01,556] INFO: Button 0,8: RMD/9/DBLR, 75x75, row=0, col=8, rowspan=1
[2025-03-21 18:29:01,557] INFO: Button 1,8: B?/6/F?, 75x75, row=1, col=8, rowspan=1
[2025-03-21 18:29:01,557] INFO: Button 2,8: SC UNSGN/3/X>Y, 75x75, row=2, col=8, rowspan=1
[2025-03-21 18:29:01,558] INFO: Button 3,8: EEx/CHS/X=Y, 75x75, row=3, col=8, rowspan=1
[2025-03-21 18:29:01,559] INFO: Button 0,9: XOR///DBL/, 75x75, row=0, col=9, rowspan=1
[2025-03-21 18:29:01,560] INFO: Button 1,9: AND/*/DBL*, 75x75, row=1, col=9, rowspan=1
[2025-03-21 18:29:01,561] INFO: Button 2,9: NOT/-/X>0, 75x75, row=2, col=9, rowspan=1
[2025-03-21 18:29:01,562] INFO: Button 3,9: OR/+/X=0, 75x75, row=3, col=9, rowspan=1
[2025-03-21 18:29:01,562] INFO: Total buttons created: 39
[2025-03-21 18:29:01,562] INFO: Grid configured: 10 cols, 4 rows, minsize=75
[2025-03-21 18:29:01,587] INFO: Initializing HP16CController with display and buttons
[2025-03-21 18:29:01,587] INFO: Initializing HP16CController
[2025-03-21 18:29:01,587] INFO: Binding buttons to controller actions
[2025-03-21 18:29:01,587] INFO: Binding actions to all buttons
[2025-03-21 18:29:01,589] INFO: Starting periodic stack updates
[2025-03-21 18:29:01,590] INFO: Setting entry: value=0, raw=False
[2025-03-21 18:29:01,590] INFO: Entry set: 0, value=0
[2025-03-21 18:29:01,811] INFO: Root window size: 1089x560+26+26
[2025-03-21 18:29:01,812] INFO: Entering Tkinter mainloop
[2025-03-21 18:29:02,789] INFO: Handling command: 
[2025-03-21 18:29:02,790] INFO: Handling normal command: 1
[2025-03-21 18:29:02,790] INFO: Entering digit: 1
[2025-03-21 18:29:02,790] INFO: Clearing entry
[2025-03-21 18:29:02,790] INFO: Appending character: 1
[2025-03-21 18:29:02,790] INFO: Setting entry: value=1, raw=False
[2025-03-21 18:29:02,790] INFO: Entry set: 1, value=1
[2025-03-21 18:29:03,831] INFO: Handling command: 
[2025-03-21 18:29:03,831] INFO: Handling normal command: ENTER
[2025-03-21 18:29:03,832] INFO: Entering value
[2025-03-21 18:29:03,832] INFO: Pushed value: 1, X=1, stack=[0, 0, 0]
[2025-03-21 18:29:03,832] INFO: Clearing entry
[2025-03-21 18:29:04,514] INFO: Handling command: 
[2025-03-21 18:29:04,514] INFO: Handling normal command: 2
[2025-03-21 18:29:04,514] INFO: Entering digit: 2
[2025-03-21 18:29:04,515] INFO: Appending character: 2
[2025-03-21 18:29:04,515] INFO: Setting entry: value=2, raw=False
[2025-03-21 18:29:04,515] INFO: Entry set: 2, value=2
[2025-03-21 18:29:05,264] INFO: Handling command: 
[2025-03-21 18:29:05,264] INFO: Handling normal command: ENTER
[2025-03-21 18:29:05,265] INFO: Entering value
[2025-03-21 18:29:05,265] INFO: Pushed value: 2, X=2, stack=[0, 0, 1]
[2025-03-21 18:29:05,265] INFO: Clearing entry
[2025-03-21 18:29:06,089] INFO: Handling command: 
[2025-03-21 18:29:06,089] INFO: Handling normal command: 3
[2025-03-21 18:29:06,089] INFO: Entering digit: 3
[2025-03-21 18:29:06,089] INFO: Appending character: 3
[2025-03-21 18:29:06,089] INFO: Setting entry: value=3, raw=False
[2025-03-21 18:29:06,090] INFO: Entry set: 3, value=3
[2025-03-21 18:29:06,862] INFO: Handling command: 
[2025-03-21 18:29:06,862] INFO: Handling normal command: ENTER
[2025-03-21 18:29:06,862] INFO: Entering value
[2025-03-21 18:29:06,863] INFO: Pushed value: 3, X=3, stack=[0, 1, 2]
[2025-03-21 18:29:06,863] INFO: Clearing entry
[2025-03-21 18:29:07,447] INFO: Handling command: 
[2025-03-21 18:29:07,447] INFO: Handling normal command: 4
[2025-03-21 18:29:07,447] INFO: Entering digit: 4
[2025-03-21 18:29:07,447] INFO: Appending character: 4
[2025-03-21 18:29:07,447] INFO: Setting entry: value=4, raw=False
[2025-03-21 18:29:07,448] INFO: Entry set: 4, value=4
[2025-03-21 18:29:08,752] INFO: Handling command: 
[2025-03-21 18:29:08,752] INFO: Handling normal command: R↓
[2025-03-21 18:29:08,753] INFO: Entering operator: R↓
[2025-03-21 18:29:08,753] INFO: Pushed value: 4, X=4, stack=[1, 2, 3]
[2025-03-21 18:29:08,753] INFO: Clearing entry
[2025-03-21 18:29:08,753] INFO: Stack rolled down: X=3, stack=[4, 1, 2]
[2025-03-21 18:29:08,753] INFO: Formatted 3 in DEC as 3
[2025-03-21 18:29:08,753] INFO: Setting entry: value=3, raw=False
[2025-03-21 18:29:08,753] INFO: Entry set: 3, value=3
[2025-03-21 18:29:08,753] INFO: Performed R↓: stack rotated down
[2025-03-21 18:29:09,967] INFO: Handling command: 
[2025-03-21 18:29:09,967] INFO: Handling normal command: R↓
[2025-03-21 18:29:09,967] INFO: Entering operator: R↓
[2025-03-21 18:29:09,967] INFO: Stack rolled down: X=2, stack=[3, 4, 1]
[2025-03-21 18:29:09,967] INFO: Formatted 2 in DEC as 2
[2025-03-21 18:29:09,967] INFO: Setting entry: value=2, raw=False
[2025-03-21 18:29:09,968] INFO: Entry set: 2, value=2
[2025-03-21 18:29:09,968] INFO: Performed R↓: stack rotated down
[2025-03-21 18:29:10,417] INFO: Handling command: 
[2025-03-21 18:29:10,417] INFO: Handling normal command: R↓
[2025-03-21 18:29:10,417] INFO: Entering operator: R↓
[2025-03-21 18:29:10,417] INFO: Stack rolled down: X=1, stack=[2, 3, 4]
[2025-03-21 18:29:10,417] INFO: Formatted 1 in DEC as 1
[2025-03-21 18:29:10,417] INFO: Setting entry: value=1, raw=False
[2025-03-21 18:29:10,418] INFO: Entry set: 1, value=1
[2025-03-21 18:29:10,418] INFO: Performed R↓: stack rotated down
[2025-03-21 18:29:11,227] INFO: Handling command: 
[2025-03-21 18:29:11,227] INFO: Handling normal command: R↓
[2025-03-21 18:29:11,227] INFO: Entering operator: R↓
[2025-03-21 18:29:11,227] INFO: Stack rolled down: X=4, stack=[1, 2, 3]
[2025-03-21 18:29:11,227] INFO: Formatted 4 in DEC as 4
[2025-03-21 18:29:11,227] INFO: Setting entry: value=4, raw=False
[2025-03-21 18:29:11,228] INFO: Entry set: 4, value=4
[2025-03-21 18:29:11,228] INFO: Performed R↓: stack rotated down
[2025-03-21 18:29:11,617] INFO: Handling command: 
[2025-03-21 18:29:11,617] INFO: Handling normal command: R↓
[2025-03-21 18:29:11,617] INFO: Entering operator: R↓
[2025-03-21 18:29:11,617] INFO: Stack rolled down: X=3, stack=[4, 1, 2]
[2025-03-21 18:29:11,617] INFO: Formatted 3 in DEC as 3
[2025-03-21 18:29:11,617] INFO: Setting entry: value=3, raw=False
[2025-03-21 18:29:11,618] INFO: Entry set: 3, value=3
[2025-03-21 18:29:11,618] INFO: Performed R↓: stack rotated down
[2025-03-21 18:29:11,864] INFO: Handling command: 
[2025-03-21 18:29:11,864] INFO: Handling normal command: R↓
[2025-03-21 18:29:11,864] INFO: Entering operator: R↓
[2025-03-21 18:29:11,864] INFO: Stack rolled down: X=2, stack=[3, 4, 1]
[2025-03-21 18:29:11,864] INFO: Formatted 2 in DEC as 2
[2025-03-21 18:29:11,864] INFO: Setting entry: value=2, raw=False
[2025-03-21 18:29:11,865] INFO: Entry set: 2, value=2
[2025-03-21 18:29:11,865] INFO: Performed R↓: stack rotated down
[2025-03-21 18:29:12,254] INFO: Handling command: 
[2025-03-21 18:29:12,254] INFO: Handling normal command: R↓
[2025-03-21 18:29:12,254] INFO: Entering operator: R↓
[2025-03-21 18:29:12,254] INFO: Stack rolled down: X=1, stack=[2, 3, 4]
[2025-03-21 18:29:12,254] INFO: Formatted 1 in DEC as 1
[2025-03-21 18:29:12,254] INFO: Setting entry: value=1, raw=False
[2025-03-21 18:29:12,254] INFO: Entry set: 1, value=1
[2025-03-21 18:29:12,255] INFO: Performed R↓: stack rotated down
[2025-03-21 18:29:13,334] INFO: Handling command: 
[2025-03-21 18:29:13,334] INFO: Handling normal command: 1
[2025-03-21 18:29:13,334] INFO: Entering digit: 1
[2025-03-21 18:29:13,334] INFO: Appending character: 1
[2025-03-21 18:29:13,334] INFO: Setting entry: value=1, raw=False
[2025-03-21 18:29:13,334] INFO: Entry set: 1, value=1
[2025-03-21 18:29:15,247] INFO: Handling command: 
[2025-03-21 18:29:15,247] INFO: Handling normal command: R↓
[2025-03-21 18:29:15,247] INFO: Entering operator: R↓
[2025-03-21 18:29:15,247] INFO: Pushed value: 1, X=1, stack=[3, 4, 1]
[2025-03-21 18:29:15,247] INFO: Clearing entry
[2025-03-21 18:29:15,247] INFO: Stack rolled down: X=1, stack=[1, 3, 4]
[2025-03-21 18:29:15,248] INFO: Formatted 1 in DEC as 1
[2025-03-21 18:29:15,248] INFO: Setting entry: value=1, raw=False
[2025-03-21 18:29:15,248] INFO: Entry set: 1, value=1
[2025-03-21 18:29:15,248] INFO: Performed R↓: stack rotated down
[2025-03-21 18:29:15,794] INFO: Handling command: 
[2025-03-21 18:29:15,794] INFO: Handling normal command: R↓
[2025-03-21 18:29:15,794] INFO: Entering operator: R↓
[2025-03-21 18:29:15,794] INFO: Stack rolled down: X=4, stack=[1, 1, 3]
[2025-03-21 18:29:15,794] INFO: Formatted 4 in DEC as 4
[2025-03-21 18:29:15,794] INFO: Setting entry: value=4, raw=False
[2025-03-21 18:29:15,795] INFO: Entry set: 4, value=4
[2025-03-21 18:29:15,795] INFO: Performed R↓: stack rotated down
[2025-03-21 18:29:16,312] INFO: Handling command: 
[2025-03-21 18:29:16,312] INFO: Handling normal command: R↓
[2025-03-21 18:29:16,312] INFO: Entering operator: R↓
[2025-03-21 18:29:16,312] INFO: Stack rolled down: X=3, stack=[4, 1, 1]
[2025-03-21 18:29:16,312] INFO: Formatted 3 in DEC as 3
[2025-03-21 18:29:16,312] INFO: Setting entry: value=3, raw=False
[2025-03-21 18:29:16,312] INFO: Entry set: 3, value=3
[2025-03-21 18:29:16,313] INFO: Performed R↓: stack rotated down
[2025-03-21 18:29:16,935] INFO: Handling command: 
[2025-03-21 18:29:16,935] INFO: Handling normal command: R↓
[2025-03-21 18:29:16,935] INFO: Entering operator: R↓
[2025-03-21 18:29:16,935] INFO: Stack rolled down: X=1, stack=[3, 4, 1]
[2025-03-21 18:29:16,935] INFO: Formatted 1 in DEC as 1
[2025-03-21 18:29:16,935] INFO: Setting entry: value=1, raw=False
[2025-03-21 18:29:16,935] INFO: Entry set: 1, value=1
[2025-03-21 18:29:16,935] INFO: Performed R↓: stack rotated down
[2025-03-21 18:29:17,347] INFO: Handling command: 
[2025-03-21 18:29:17,347] INFO: Handling normal command: R↓
[2025-03-21 18:29:17,347] INFO: Entering operator: R↓
[2025-03-21 18:29:17,347] INFO: Stack rolled down: X=1, stack=[1, 3, 4]
[2025-03-21 18:29:17,347] INFO: Formatted 1 in DEC as 1
[2025-03-21 18:29:17,347] INFO: Setting entry: value=1, raw=False
[2025-03-21 18:29:17,347] INFO: Entry set: 1, value=1
[2025-03-21 18:29:17,348] INFO: Performed R↓: stack rotated down
[2025-03-21 18:29:17,647] INFO: Handling command: 
[2025-03-21 18:29:17,647] INFO: Handling normal command: R↓
[2025-03-21 18:29:17,647] INFO: Entering operator: R↓
[2025-03-21 18:29:17,647] INFO: Stack rolled down: X=4, stack=[1, 1, 3]
[2025-03-21 18:29:17,647] INFO: Formatted 4 in DEC as 4
[2025-03-21 18:29:17,647] INFO: Setting entry: value=4, raw=False
[2025-03-21 18:29:17,647] INFO: Entry set: 4, value=4
[2025-03-21 18:29:17,647] INFO: Performed R↓: stack rotated down
[2025-03-21 18:29:21,412] INFO: Handling command: 
[2025-03-21 18:29:21,412] INFO: Handling normal command: 4
[2025-03-21 18:29:21,412] INFO: Entering digit: 4
[2025-03-21 18:29:21,412] INFO: Appending character: 4
[2025-03-21 18:29:21,412] INFO: Setting entry: value=4, raw=False
[2025-03-21 18:29:21,412] INFO: Entry set: 4, value=4
[2025-03-21 18:29:22,245] INFO: Handling command: 
[2025-03-21 18:29:22,245] INFO: Handling normal command: R↓
[2025-03-21 18:29:22,245] INFO: Entering operator: R↓
[2025-03-21 18:29:22,245] INFO: Pushed value: 4, X=4, stack=[1, 3, 4]
[2025-03-21 18:29:22,245] INFO: Clearing entry
[2025-03-21 18:29:22,245] INFO: Stack rolled down: X=4, stack=[4, 1, 3]
[2025-03-21 18:29:22,245] INFO: Formatted 4 in DEC as 4
[2025-03-21 18:29:22,245] INFO: Setting entry: value=4, raw=False
[2025-03-21 18:29:22,245] INFO: Entry set: 4, value=4
[2025-03-21 18:29:22,245] INFO: Performed R↓: stack rotated down
[2025-03-21 18:29:22,657] INFO: Handling command: 
[2025-03-21 18:29:22,657] INFO: Handling normal command: R↓
[2025-03-21 18:29:22,657] INFO: Entering operator: R↓
[2025-03-21 18:29:22,657] INFO: Stack rolled down: X=3, stack=[4, 4, 1]
[2025-03-21 18:29:22,657] INFO: Formatted 3 in DEC as 3
[2025-03-21 18:29:22,657] INFO: Setting entry: value=3, raw=False
[2025-03-21 18:29:22,657] INFO: Entry set: 3, value=3
[2025-03-21 18:29:22,657] INFO: Performed R↓: stack rotated down
[2025-03-21 18:29:23,092] INFO: Handling command: 
[2025-03-21 18:29:23,092] INFO: Handling normal command: R↓
[2025-03-21 18:29:23,092] INFO: Entering operator: R↓
[2025-03-21 18:29:23,092] INFO: Stack rolled down: X=1, stack=[3, 4, 4]
[2025-03-21 18:29:23,092] INFO: Formatted 1 in DEC as 1
[2025-03-21 18:29:23,092] INFO: Setting entry: value=1, raw=False
[2025-03-21 18:29:23,092] INFO: Entry set: 1, value=1
[2025-03-21 18:29:23,092] INFO: Performed R↓: stack rotated down
[2025-03-21 18:29:24,022] INFO: Handling command: 
[2025-03-21 18:29:24,022] INFO: Handling normal command: R↓
[2025-03-21 18:29:24,022] INFO: Entering operator: R↓
[2025-03-21 18:29:24,022] INFO: Stack rolled down: X=4, stack=[1, 3, 4]
[2025-03-21 18:29:24,022] INFO: Formatted 4 in DEC as 4
[2025-03-21 18:29:24,022] INFO: Setting entry: value=4, raw=False
[2025-03-21 18:29:24,022] INFO: Entry set: 4, value=4
[2025-03-21 18:29:24,022] INFO: Performed R↓: stack rotated down
[2025-03-21 18:29:24,615] INFO: Handling command: 
[2025-03-21 18:29:24,615] INFO: Handling normal command: R↓
[2025-03-21 18:29:24,615] INFO: Entering operator: R↓
[2025-03-21 18:29:24,615] INFO: Stack rolled down: X=4, stack=[4, 1, 3]
[2025-03-21 18:29:24,615] INFO: Formatted 4 in DEC as 4
[2025-03-21 18:29:24,615] INFO: Setting entry: value=4, raw=False
[2025-03-21 18:29:24,615] INFO: Entry set: 4, value=4
[2025-03-21 18:29:24,615] INFO: Performed R↓: stack rotated down
[2025-03-21 18:29:25,005] INFO: Handling command: 
[2025-03-21 18:29:25,005] INFO: Handling normal command: R↓
[2025-03-21 18:29:25,005] INFO: Entering operator: R↓
[2025-03-21 18:29:25,005] INFO: Stack rolled down: X=3, stack=[4, 4, 1]
[2025-03-21 18:29:25,005] INFO: Formatted 3 in DEC as 3
[2025-03-21 18:29:25,005] INFO: Setting entry: value=3, raw=False
[2025-03-21 18:29:25,005] INFO: Entry set: 3, value=3
[2025-03-21 18:29:25,005] INFO: Performed R↓: stack rotated down
[2025-03-21 18:29:25,485] INFO: Handling command: 
[2025-03-21 18:29:25,486] INFO: Handling normal command: R↓
[2025-03-21 18:29:25,486] INFO: Entering operator: R↓
[2025-03-21 18:29:25,486] INFO: Stack rolled down: X=1, stack=[3, 4, 4]
[2025-03-21 18:29:25,486] INFO: Formatted 1 in DEC as 1
[2025-03-21 18:29:25,486] INFO: Setting entry: value=1, raw=False
[2025-03-21 18:29:25,486] INFO: Entry set: 1, value=1
[2025-03-21 18:29:25,486] INFO: Performed R↓: stack rotated down
[2025-03-21 18:29:54,345] INFO: Handling command: 
[2025-03-21 18:29:54,345] INFO: Handling normal command: R↓
[2025-03-21 18:29:54,345] INFO: Entering operator: R↓
[2025-03-21 18:29:54,345] INFO: Stack rolled down: X=4, stack=[1, 3, 4]
[2025-03-21 18:29:54,345] INFO: Formatted 4 in DEC as 4
[2025-03-21 18:29:54,345] INFO: Setting entry: value=4, raw=False
[2025-03-21 18:29:54,345] INFO: Entry set: 4, value=4
[2025-03-21 18:29:54,346] INFO: Performed R↓: stack rotated down
[2025-03-21 18:29:54,983] INFO: Handling command: 
[2025-03-21 18:29:54,983] INFO: Handling normal command: R↓
[2025-03-21 18:29:54,983] INFO: Entering operator: R↓
[2025-03-21 18:29:54,983] INFO: Stack rolled down: X=4, stack=[4, 1, 3]
[2025-03-21 18:29:54,983] INFO: Formatted 4 in DEC as 4
[2025-03-21 18:29:54,983] INFO: Setting entry: value=4, raw=False
[2025-03-21 18:29:54,983] INFO: Entry set: 4, value=4
[2025-03-21 18:29:54,983] INFO: Performed R↓: stack rotated down
[2025-03-21 18:29:55,613] INFO: Handling command: 
[2025-03-21 18:29:55,613] INFO: Handling normal command: R↓
[2025-03-21 18:29:55,613] INFO: Entering operator: R↓
[2025-03-21 18:29:55,613] INFO: Stack rolled down: X=3, stack=[4, 4, 1]
[2025-03-21 18:29:55,613] INFO: Formatted 3 in DEC as 3
[2025-03-21 18:29:55,613] INFO: Setting entry: value=3, raw=False
[2025-03-21 18:29:55,613] INFO: Entry set: 3, value=3
[2025-03-21 18:29:55,613] INFO: Performed R↓: stack rotated down
[2025-03-21 18:29:56,093] INFO: Handling command: 
[2025-03-21 18:29:56,093] INFO: Handling normal command: R↓
[2025-03-21 18:29:56,093] INFO: Entering operator: R↓
[2025-03-21 18:29:56,093] INFO: Stack rolled down: X=1, stack=[3, 4, 4]
[2025-03-21 18:29:56,093] INFO: Formatted 1 in DEC as 1
[2025-03-21 18:29:56,093] INFO: Setting entry: value=1, raw=False
[2025-03-21 18:29:56,093] INFO: Entry set: 1, value=1
[2025-03-21 18:29:56,093] INFO: Performed R↓: stack rotated down
[2025-03-21 18:30:17,902] INFO: Handling command: blue_g_function
[2025-03-21 18:30:17,902] INFO: Toggling mode: g, f_active=False, g_active=False
[2025-03-21 18:30:17,934] INFO: Mode set: g
[2025-03-21 18:30:18,450] INFO: g-mode action: R↑
[2025-03-21 18:30:18,450] INFO: Toggling mode: g, f_active=False, g_active=True
[2025-03-21 18:30:18,457] INFO: Mode reset to normal
[2025-03-21 18:30:27,817] INFO: Exiting function: main
[2025-03-21 18:30:27,817] INFO: Script ended: main.pyw
