[2025-03-21 20:52:10,951] INFO: Stack initialized: [0, 0, 0], X=0, word_size=16, complement_mode=UNSIGNED
[2025-03-21 20:52:10,959] INFO: Script started: main.pyw
[2025-03-21 20:52:10,960] INFO: Entering function: main
[2025-03-21 20:52:10,960] INFO: Creating Tk root window
[2025-03-21 20:52:11,019] INFO: Setting window title: HP 16C Emulator
[2025-03-21 20:52:11,019] INFO: Configuring root background color: #1e1818
[2025-03-21 20:52:11,019] INFO: Setting root resizable: False, False
[2025-03-21 20:52:11,019] INFO: Entering function: load_config
[2025-03-21 20:52:11,020] INFO: Config loaded and updated: {'display_width': 575, 'display_height': 80, 'margin': 20, 'bg_color': '#1e1818', 'display_font_family': 'Courier', 'display_font_size': 18, 'display_x': 125, 'display_y': 20}
[2025-03-21 20:52:11,020] INFO: Exiting function: load_config
[2025-03-21 20:52:11,020] INFO: Custom font created: family=Courier, size=18
[2025-03-21 20:52:11,020] INFO: Setting up UI: display at x=125, y=20, width=575, height=80, grid=4x10, total=1089x560
[2025-03-21 20:52:11,021] INFO: Initializing Display: x=125, y=20, width=575, height=80
[2025-03-21 20:52:11,024] INFO: Stack info updated: 00-16-0000
[2025-03-21 20:52:11,024] INFO: Display initialized: mode=DEC, entry=0
[2025-03-21 20:52:11,024] INFO: Setting mode: DEC
[2025-03-21 20:52:11,024] INFO: Setting entry: value=0, raw=False
[2025-03-21 20:52:11,024] INFO: Entry set: 0, value=0
[2025-03-21 20:52:11,025] INFO: Creating buttons from BUTTONS_CONFIG
[2025-03-21 20:52:11,026] INFO: Button 0,0: SL/A/LJ, 75x75, row=0, col=0, rowspan=1
[2025-03-21 20:52:11,027] INFO: Button 1,0: x><(i)/GSB/RTN, 75x75, row=1, col=0, rowspan=1
[2025-03-21 20:52:11,028] INFO: Button 2,0: (i)/R/S/P/R, 75x75, row=2, col=0, rowspan=1
[2025-03-21 20:52:11,028] INFO: Button 3,0: /ON/, 75x75, row=3, col=0, rowspan=1
[2025-03-21 20:52:11,029] INFO: Button 0,1: SR/B/ASR, 75x75, row=0, col=1, rowspan=1
[2025-03-21 20:52:11,030] INFO: Button 1,1: x><I/GTO/LBL, 75x75, row=1, col=1, rowspan=1
[2025-03-21 20:52:11,031] INFO: Button 2,1: I/SST/BST, 75x75, row=2, col=1, rowspan=1
[2025-03-21 20:52:11,031] INFO: Button 3,1: /f/, 75x75, row=3, col=1, rowspan=1
[2025-03-21 20:52:11,032] INFO: Button 0,2: RL/C/DSZ, 75x75, row=0, col=2, rowspan=1
[2025-03-21 20:52:11,033] INFO: Button 1,2: SHOW HEX/HEX/DSZ, 75x75, row=1, col=2, rowspan=1
[2025-03-21 20:52:11,035] INFO: Button 2,2: CLR PRGM/R↓/R↑, 75x75, row=2, col=2, rowspan=1
[2025-03-21 20:52:11,035] INFO: Button 3,2: /g/, 75x75, row=3, col=2, rowspan=1
[2025-03-21 20:52:11,036] INFO: Button 0,3: RR/D/RRC, 75x75, row=0, col=3, rowspan=1
[2025-03-21 20:52:11,037] INFO: Button 1,3: SHOW DEC/DEC/ISZ, 75x75, row=1, col=3, rowspan=1
[2025-03-21 20:52:11,038] INFO: Button 2,3: CLR REG/x><y/PSE, 75x75, row=2, col=3, rowspan=1
[2025-03-21 20:52:11,057] INFO: Button 3,3: WSIZE/STO/⯇, 75x75, row=3, col=3, rowspan=1
[2025-03-21 20:52:11,058] INFO: Button 0,4: RLn/E/RLCn, 75x75, row=0, col=4, rowspan=1
[2025-03-21 20:52:11,059] INFO: Button 1,4: SHOW OCT/OCT/√x, 75x75, row=1, col=4, rowspan=1
[2025-03-21 20:52:11,060] INFO: Button 2,4: CLR PRFX/BSP/CLX, 75x75, row=2, col=4, rowspan=1
[2025-03-21 20:52:11,060] INFO: Button 3,4: FLOAT/RCL/⯈, 75x75, row=3, col=4, rowspan=1
[2025-03-21 20:52:11,061] INFO: Button 0,5: RRn/F/RRCn, 75x75, row=0, col=5, rowspan=1
[2025-03-21 20:52:11,062] INFO: Button 1,5: SHOW BIN/BIN/1/x, 75x75, row=1, col=5, rowspan=1
[2025-03-21 20:52:11,063] INFO: Button 2,5: WINDOW/ENTER/LST X, 75x175, row=2, col=5, rowspan=2
[2025-03-21 20:52:11,063] INFO: Button 0,6: MASKL/7/#B, 75x75, row=0, col=6, rowspan=1
[2025-03-21 20:52:11,064] INFO: Button 1,6: SB/4/SF, 75x75, row=1, col=6, rowspan=1
[2025-03-21 20:52:11,065] INFO: Button 2,6: SC 1'S/1/X≤Y, 75x75, row=2, col=6, rowspan=1
[2025-03-21 20:52:11,066] INFO: Button 3,6: MEM/0/X≠Y, 75x75, row=3, col=6, rowspan=1
[2025-03-21 20:52:11,067] INFO: Button 0,7: MASKR/8/ABS, 75x75, row=0, col=7, rowspan=1
[2025-03-21 20:52:11,067] INFO: Button 1,7: CB/5/CF, 75x75, row=1, col=7, rowspan=1
[2025-03-21 20:52:11,068] INFO: Button 2,7: SC 2'S/2/X<0, 75x75, row=2, col=7, rowspan=1
[2025-03-21 20:52:11,069] INFO: Button 3,7: STATUS/./X≠0, 75x75, row=3, col=7, rowspan=1
[2025-03-21 20:52:11,070] INFO: Button 0,8: RMD/9/DBLR, 75x75, row=0, col=8, rowspan=1
[2025-03-21 20:52:11,071] INFO: Button 1,8: B?/6/F?, 75x75, row=1, col=8, rowspan=1
[2025-03-21 20:52:11,072] INFO: Button 2,8: SC UNSGN/3/X>Y, 75x75, row=2, col=8, rowspan=1
[2025-03-21 20:52:11,072] INFO: Button 3,8: EEx/CHS/X=Y, 75x75, row=3, col=8, rowspan=1
[2025-03-21 20:52:11,073] INFO: Button 0,9: XOR///DBL/, 75x75, row=0, col=9, rowspan=1
[2025-03-21 20:52:11,074] INFO: Button 1,9: AND/*/DBL*, 75x75, row=1, col=9, rowspan=1
[2025-03-21 20:52:11,075] INFO: Button 2,9: NOT/-/X>0, 75x75, row=2, col=9, rowspan=1
[2025-03-21 20:52:11,076] INFO: Button 3,9: OR/+/X=0, 75x75, row=3, col=9, rowspan=1
[2025-03-21 20:52:11,076] INFO: Total buttons created: 39
[2025-03-21 20:52:11,076] INFO: Grid configured: 10 cols, 4 rows, minsize=75
[2025-03-21 20:52:11,102] INFO: Initializing HP16CController with display and buttons
[2025-03-21 20:52:11,102] INFO: Initializing HP16CController
[2025-03-21 20:52:11,102] INFO: Binding buttons to controller actions
[2025-03-21 20:52:11,102] INFO: Binding actions to all buttons
[2025-03-21 20:52:11,104] INFO: Starting periodic stack updates
[2025-03-21 20:52:11,105] INFO: Setting entry: value=0, raw=False
[2025-03-21 20:52:11,105] INFO: Entry set: 0, value=0
[2025-03-21 20:52:11,319] INFO: Root window size: 1089x560+208+208
[2025-03-21 20:52:11,319] INFO: Entering Tkinter mainloop
[2025-03-21 20:52:34,146] INFO: Handling command: set_base_hex
[2025-03-21 20:52:34,146] INFO: Handling normal command: HEX
[2025-03-21 20:52:34,146] INFO: Setting mode: HEX
[2025-03-21 20:52:34,147] INFO: Setting entry: value=0, raw=False
[2025-03-21 20:52:34,147] INFO: Entry set: 0, value=0
[2025-03-21 20:52:34,147] INFO: Setting entry: value=0, raw=False
[2025-03-21 20:52:34,147] INFO: Entry set: 0, value=0
[2025-03-21 20:52:34,147] INFO: Base set to HEX
[2025-03-21 20:52:35,241] INFO: Handling command: 
[2025-03-21 20:52:35,241] INFO: Handling normal command: F
[2025-03-21 20:52:35,241] INFO: Entering digit: F
[2025-03-21 20:52:35,241] INFO: Clearing entry
[2025-03-21 20:52:35,242] INFO: Appending character: F
[2025-03-21 20:52:35,242] INFO: Setting entry: value=15, raw=False
[2025-03-21 20:52:35,242] INFO: Entry set: f, value=15
[2025-03-21 20:52:35,510] INFO: Handling command: 
[2025-03-21 20:52:35,510] INFO: Handling normal command: F
[2025-03-21 20:52:35,510] INFO: Entering digit: F
[2025-03-21 20:52:35,510] INFO: Appending character: F
[2025-03-21 20:52:35,511] INFO: Setting entry: value=255, raw=False
[2025-03-21 20:52:35,511] INFO: Entry set: ff, value=255
[2025-03-21 20:52:36,147] INFO: Handling command: 
[2025-03-21 20:52:36,147] INFO: Handling normal command: ENTER
[2025-03-21 20:52:36,147] INFO: Entering value
[2025-03-21 20:52:36,147] INFO: Pushed value: 255, X=255, stack=[0, 0, 0]
[2025-03-21 20:52:36,148] INFO: Clearing entry
[2025-03-21 20:52:37,467] INFO: Handling command: 
[2025-03-21 20:52:37,467] INFO: Handling normal command: DEC
[2025-03-21 20:52:37,467] INFO: Setting mode: DEC
[2025-03-21 20:52:37,467] INFO: Setting entry: value=0, raw=False
[2025-03-21 20:52:37,467] INFO: Entry set: 0, value=0
[2025-03-21 20:52:37,468] INFO: Setting entry: value=0, raw=False
[2025-03-21 20:52:37,468] INFO: Entry set: 0, value=0
[2025-03-21 20:52:37,468] INFO: Base set to DEC
[2025-03-21 20:52:38,803] INFO: Handling command: 
[2025-03-21 20:52:38,803] INFO: Handling normal command: OCT
[2025-03-21 20:52:38,803] INFO: Setting mode: OCT
[2025-03-21 20:52:38,803] INFO: Setting entry: value=0, raw=False
[2025-03-21 20:52:38,803] INFO: Entry set: 0, value=0
[2025-03-21 20:52:38,803] INFO: Setting entry: value=0, raw=False
[2025-03-21 20:52:38,803] INFO: Entry set: 0, value=0
[2025-03-21 20:52:38,803] INFO: Base set to OCT
[2025-03-21 20:52:39,440] INFO: Handling command: 
[2025-03-21 20:52:39,440] INFO: Handling normal command: BIN
[2025-03-21 20:52:39,440] INFO: Setting mode: BIN
[2025-03-21 20:52:39,441] INFO: Setting entry: value=0, raw=False
[2025-03-21 20:52:39,441] INFO: Entry set: 0, value=0
[2025-03-21 20:52:39,441] INFO: Setting entry: value=0, raw=False
[2025-03-21 20:52:39,441] INFO: Entry set: 0, value=0
[2025-03-21 20:52:39,441] INFO: Base set to BIN
[2025-03-21 20:52:40,183] INFO: Handling command: set_base_hex
[2025-03-21 20:52:40,183] INFO: Handling normal command: HEX
[2025-03-21 20:52:40,183] INFO: Setting mode: HEX
[2025-03-21 20:52:40,183] INFO: Setting entry: value=0, raw=False
[2025-03-21 20:52:40,183] INFO: Entry set: 0, value=0
[2025-03-21 20:52:40,183] INFO: Setting entry: value=0, raw=False
[2025-03-21 20:52:40,184] INFO: Entry set: 0, value=0
[2025-03-21 20:52:40,184] INFO: Base set to HEX
[2025-03-21 20:52:50,788] INFO: Handling command: reload_program
[2025-03-21 20:52:50,788] INFO: Reloading program
[2025-03-21 20:52:50,848] INFO: Stack initialized: [0, 0, 0], X=0, word_size=16, complement_mode=UNSIGNED
[2025-03-21 20:52:50,852] INFO: Script started: main.pyw
[2025-03-21 20:52:50,852] INFO: Entering function: main
[2025-03-21 20:52:50,852] INFO: Creating Tk root window
[2025-03-21 20:52:50,910] INFO: Setting window title: HP 16C Emulator
[2025-03-21 20:52:50,910] INFO: Configuring root background color: #1e1818
[2025-03-21 20:52:50,910] INFO: Setting root resizable: False, False
[2025-03-21 20:52:50,910] INFO: Entering function: load_config
[2025-03-21 20:52:50,910] INFO: Config loaded and updated: {'display_width': 575, 'display_height': 80, 'margin': 20, 'bg_color': '#1e1818', 'display_font_family': 'Courier', 'display_font_size': 18, 'display_x': 125, 'display_y': 20}
[2025-03-21 20:52:50,910] INFO: Exiting function: load_config
[2025-03-21 20:52:50,910] INFO: Custom font created: family=Courier, size=18
[2025-03-21 20:52:50,910] INFO: Setting up UI: display at x=125, y=20, width=575, height=80, grid=4x10, total=1089x560
[2025-03-21 20:52:50,911] INFO: Initializing Display: x=125, y=20, width=575, height=80
[2025-03-21 20:52:50,913] INFO: Stack info updated: 00-16-0000
[2025-03-21 20:52:50,913] INFO: Display initialized: mode=DEC, entry=0
[2025-03-21 20:52:50,913] INFO: Setting mode: DEC
[2025-03-21 20:52:50,913] INFO: Setting entry: value=0, raw=False
[2025-03-21 20:52:50,913] INFO: Entry set: 0, value=0
[2025-03-21 20:52:50,913] INFO: Creating buttons from BUTTONS_CONFIG
[2025-03-21 20:52:50,915] INFO: Button 0,0: SL/A/LJ, 75x75, row=0, col=0, rowspan=1
[2025-03-21 20:52:50,916] INFO: Button 1,0: x><(i)/GSB/RTN, 75x75, row=1, col=0, rowspan=1
[2025-03-21 20:52:50,916] INFO: Button 2,0: (i)/R/S/P/R, 75x75, row=2, col=0, rowspan=1
[2025-03-21 20:52:50,917] INFO: Button 3,0: /ON/, 75x75, row=3, col=0, rowspan=1
[2025-03-21 20:52:50,917] INFO: Button 0,1: SR/B/ASR, 75x75, row=0, col=1, rowspan=1
[2025-03-21 20:52:50,918] INFO: Button 1,1: x><I/GTO/LBL, 75x75, row=1, col=1, rowspan=1
[2025-03-21 20:52:50,919] INFO: Button 2,1: I/SST/BST, 75x75, row=2, col=1, rowspan=1
[2025-03-21 20:52:50,919] INFO: Button 3,1: /f/, 75x75, row=3, col=1, rowspan=1
[2025-03-21 20:52:50,920] INFO: Button 0,2: RL/C/DSZ, 75x75, row=0, col=2, rowspan=1
[2025-03-21 20:52:50,921] INFO: Button 1,2: SHOW HEX/HEX/DSZ, 75x75, row=1, col=2, rowspan=1
[2025-03-21 20:52:50,923] INFO: Button 2,2: CLR PRGM/R↓/R↑, 75x75, row=2, col=2, rowspan=1
[2025-03-21 20:52:50,924] INFO: Button 3,2: /g/, 75x75, row=3, col=2, rowspan=1
[2025-03-21 20:52:50,924] INFO: Button 0,3: RR/D/RRC, 75x75, row=0, col=3, rowspan=1
[2025-03-21 20:52:50,925] INFO: Button 1,3: SHOW DEC/DEC/ISZ, 75x75, row=1, col=3, rowspan=1
[2025-03-21 20:52:50,926] INFO: Button 2,3: CLR REG/x><y/PSE, 75x75, row=2, col=3, rowspan=1
[2025-03-21 20:52:50,944] INFO: Button 3,3: WSIZE/STO/⯇, 75x75, row=3, col=3, rowspan=1
[2025-03-21 20:52:50,945] INFO: Button 0,4: RLn/E/RLCn, 75x75, row=0, col=4, rowspan=1
[2025-03-21 20:52:50,946] INFO: Button 1,4: SHOW OCT/OCT/√x, 75x75, row=1, col=4, rowspan=1
[2025-03-21 20:52:50,947] INFO: Button 2,4: CLR PRFX/BSP/CLX, 75x75, row=2, col=4, rowspan=1
[2025-03-21 20:52:50,948] INFO: Button 3,4: FLOAT/RCL/⯈, 75x75, row=3, col=4, rowspan=1
[2025-03-21 20:52:50,948] INFO: Button 0,5: RRn/F/RRCn, 75x75, row=0, col=5, rowspan=1
[2025-03-21 20:52:50,949] INFO: Button 1,5: SHOW BIN/BIN/1/x, 75x75, row=1, col=5, rowspan=1
[2025-03-21 20:52:50,950] INFO: Button 2,5: WINDOW/ENTER/LST X, 75x175, row=2, col=5, rowspan=2
[2025-03-21 20:52:50,951] INFO: Button 0,6: MASKL/7/#B, 75x75, row=0, col=6, rowspan=1
[2025-03-21 20:52:50,951] INFO: Button 1,6: SB/4/SF, 75x75, row=1, col=6, rowspan=1
[2025-03-21 20:52:50,952] INFO: Button 2,6: SC 1'S/1/X≤Y, 75x75, row=2, col=6, rowspan=1
[2025-03-21 20:52:50,953] INFO: Button 3,6: MEM/0/X≠Y, 75x75, row=3, col=6, rowspan=1
[2025-03-21 20:52:50,954] INFO: Button 0,7: MASKR/8/ABS, 75x75, row=0, col=7, rowspan=1
[2025-03-21 20:52:50,955] INFO: Button 1,7: CB/5/CF, 75x75, row=1, col=7, rowspan=1
[2025-03-21 20:52:50,955] INFO: Button 2,7: SC 2'S/2/X<0, 75x75, row=2, col=7, rowspan=1
[2025-03-21 20:52:50,956] INFO: Button 3,7: STATUS/./X≠0, 75x75, row=3, col=7, rowspan=1
[2025-03-21 20:52:50,957] INFO: Button 0,8: RMD/9/DBLR, 75x75, row=0, col=8, rowspan=1
[2025-03-21 20:52:50,958] INFO: Button 1,8: B?/6/F?, 75x75, row=1, col=8, rowspan=1
[2025-03-21 20:52:50,958] INFO: Button 2,8: SC UNSGN/3/X>Y, 75x75, row=2, col=8, rowspan=1
[2025-03-21 20:52:50,959] INFO: Button 3,8: EEx/CHS/X=Y, 75x75, row=3, col=8, rowspan=1
[2025-03-21 20:52:50,960] INFO: Button 0,9: XOR///DBL/, 75x75, row=0, col=9, rowspan=1
[2025-03-21 20:52:50,961] INFO: Button 1,9: AND/*/DBL*, 75x75, row=1, col=9, rowspan=1
[2025-03-21 20:52:50,961] INFO: Button 2,9: NOT/-/X>0, 75x75, row=2, col=9, rowspan=1
[2025-03-21 20:52:50,962] INFO: Button 3,9: OR/+/X=0, 75x75, row=3, col=9, rowspan=1
[2025-03-21 20:52:50,962] INFO: Total buttons created: 39
[2025-03-21 20:52:50,963] INFO: Grid configured: 10 cols, 4 rows, minsize=75
[2025-03-21 20:52:50,985] INFO: Initializing HP16CController with display and buttons
[2025-03-21 20:52:50,986] INFO: Initializing HP16CController
[2025-03-21 20:52:50,986] INFO: Binding buttons to controller actions
[2025-03-21 20:52:50,986] INFO: Binding actions to all buttons
[2025-03-21 20:52:50,987] INFO: Starting periodic stack updates
[2025-03-21 20:52:50,988] INFO: Setting entry: value=0, raw=False
[2025-03-21 20:52:50,988] INFO: Entry set: 0, value=0
[2025-03-21 20:52:51,192] INFO: Root window size: 1089x560+26+26
[2025-03-21 20:52:51,192] INFO: Entering Tkinter mainloop
[2025-03-21 20:54:00,710] INFO: Handling command: 
[2025-03-21 20:54:00,710] INFO: Handling normal command: DEC
[2025-03-21 20:54:00,710] INFO: Setting mode: DEC
[2025-03-21 20:54:00,711] INFO: Setting entry: value=0, raw=False
[2025-03-21 20:54:00,711] INFO: Entry set: 0, value=0
[2025-03-21 20:54:00,711] INFO: Setting entry: value=0, raw=False
[2025-03-21 20:54:00,711] INFO: Entry set: 0, value=0
[2025-03-21 20:54:00,711] INFO: Base set to DEC
[2025-03-21 20:54:02,294] INFO: Handling command: 
[2025-03-21 20:54:02,294] INFO: Handling normal command: 2
[2025-03-21 20:54:02,294] INFO: Entering digit: 2
[2025-03-21 20:54:02,294] INFO: Clearing entry
[2025-03-21 20:54:02,294] INFO: Appending character: 2
[2025-03-21 20:54:02,294] INFO: Setting entry: value=2, raw=False
[2025-03-21 20:54:02,294] INFO: Entry set: 2, value=2
[2025-03-21 20:54:02,849] INFO: Handling command: 
[2025-03-21 20:54:02,849] INFO: Handling normal command: 5
[2025-03-21 20:54:02,849] INFO: Entering digit: 5
[2025-03-21 20:54:02,849] INFO: Appending character: 5
[2025-03-21 20:54:02,849] INFO: Setting entry: value=25, raw=False
[2025-03-21 20:54:02,849] INFO: Entry set: 25, value=25
[2025-03-21 20:54:03,035] INFO: Handling command: 
[2025-03-21 20:54:03,035] INFO: Handling normal command: 5
[2025-03-21 20:54:03,035] INFO: Entering digit: 5
[2025-03-21 20:54:03,035] INFO: Appending character: 5
[2025-03-21 20:54:03,035] INFO: Setting entry: value=255, raw=False
[2025-03-21 20:54:03,036] INFO: Entry set: 255, value=255
[2025-03-21 20:54:03,943] INFO: Handling command: set_base_hex
[2025-03-21 20:54:03,943] INFO: Handling normal command: HEX
[2025-03-21 20:54:03,943] INFO: Setting mode: HEX
[2025-03-21 20:54:03,944] INFO: Setting entry: value=255, raw=False
[2025-03-21 20:54:03,944] INFO: Entry set: ff, value=255
[2025-03-21 20:54:03,944] INFO: Setting entry: value=255, raw=False
[2025-03-21 20:54:03,944] INFO: Entry set: ff, value=255
[2025-03-21 20:54:03,944] INFO: Base set to HEX
[2025-03-21 20:54:04,949] INFO: Handling command: 
[2025-03-21 20:54:04,949] INFO: Handling normal command: OCT
[2025-03-21 20:54:04,949] INFO: Setting mode: OCT
[2025-03-21 20:54:04,949] INFO: Setting entry: value=255, raw=False
[2025-03-21 20:54:04,949] INFO: Entry set: 377, value=255
[2025-03-21 20:54:04,949] INFO: Setting entry: value=255, raw=False
[2025-03-21 20:54:04,949] INFO: Entry set: 377, value=255
[2025-03-21 20:54:04,949] INFO: Base set to OCT
[2025-03-21 20:54:05,585] INFO: Handling command: 
[2025-03-21 20:54:05,585] INFO: Handling normal command: BIN
[2025-03-21 20:54:05,585] INFO: Setting mode: BIN
[2025-03-21 20:54:05,586] INFO: Setting entry: value=255, raw=False
[2025-03-21 20:54:05,586] INFO: Entry set: 11111111, value=255
[2025-03-21 20:54:05,586] INFO: Setting entry: value=255, raw=False
[2025-03-21 20:54:05,586] INFO: Entry set: 11111111, value=255
[2025-03-21 20:54:05,586] INFO: Base set to BIN
[2025-03-21 20:54:06,373] INFO: Handling command: set_base_hex
[2025-03-21 20:54:06,373] INFO: Handling normal command: HEX
[2025-03-21 20:54:06,373] INFO: Setting mode: HEX
[2025-03-21 20:54:06,374] INFO: Setting entry: value=255, raw=False
[2025-03-21 20:54:06,374] INFO: Entry set: ff, value=255
[2025-03-21 20:54:06,374] INFO: Setting entry: value=255, raw=False
[2025-03-21 20:54:06,374] INFO: Entry set: ff, value=255
[2025-03-21 20:54:06,374] INFO: Base set to HEX
[2025-03-21 20:54:07,235] INFO: Handling command: 
[2025-03-21 20:54:07,235] INFO: Handling normal command: DEC
[2025-03-21 20:54:07,235] INFO: Setting mode: DEC
[2025-03-21 20:54:07,235] INFO: Setting entry: value=255, raw=False
[2025-03-21 20:54:07,236] INFO: Entry set: 255, value=255
[2025-03-21 20:54:07,236] INFO: Setting entry: value=255, raw=False
[2025-03-21 20:54:07,236] INFO: Entry set: 255, value=255
[2025-03-21 20:54:07,236] INFO: Base set to DEC
[2025-03-21 20:54:07,978] INFO: Handling command: 
[2025-03-21 20:54:07,978] INFO: Handling normal command: OCT
[2025-03-21 20:54:07,978] INFO: Setting mode: OCT
[2025-03-21 20:54:07,978] INFO: Setting entry: value=255, raw=False
[2025-03-21 20:54:07,979] INFO: Entry set: 377, value=255
[2025-03-21 20:54:07,979] INFO: Setting entry: value=255, raw=False
[2025-03-21 20:54:07,979] INFO: Entry set: 377, value=255
[2025-03-21 20:54:07,979] INFO: Base set to OCT
[2025-03-21 20:54:08,908] INFO: Handling command: set_base_hex
[2025-03-21 20:54:08,908] INFO: Handling normal command: HEX
[2025-03-21 20:54:08,908] INFO: Setting mode: HEX
[2025-03-21 20:54:08,908] INFO: Setting entry: value=255, raw=False
[2025-03-21 20:54:08,908] INFO: Entry set: ff, value=255
[2025-03-21 20:54:08,909] INFO: Setting entry: value=255, raw=False
[2025-03-21 20:54:08,909] INFO: Entry set: ff, value=255
[2025-03-21 20:54:08,909] INFO: Base set to HEX
[2025-03-21 20:54:09,711] INFO: Handling command: 
[2025-03-21 20:54:09,711] INFO: Handling normal command: ENTER
[2025-03-21 20:54:09,711] INFO: Entering value
[2025-03-21 20:54:09,711] INFO: Pushed value: 255, X=255, stack=[0, 0, 0]
[2025-03-21 20:54:09,711] INFO: Clearing entry
[2025-03-21 20:54:15,358] INFO: Handling command: 
[2025-03-21 20:54:15,358] INFO: Handling normal command: R↓
[2025-03-21 20:54:15,358] INFO: Entering operator: R↓
[2025-03-21 20:54:15,358] INFO: Stack rolled down: X=0, stack=[255, 0, 0]
[2025-03-21 20:54:15,358] INFO: Setting entry: value=0, raw=False
[2025-03-21 20:54:15,358] INFO: Entry set: 0, value=0
[2025-03-21 20:54:15,358] INFO: Performed R↓: stack rotated down
[2025-03-21 20:54:15,658] INFO: Handling command: 
[2025-03-21 20:54:15,658] INFO: Handling normal command: R↓
[2025-03-21 20:54:15,658] INFO: Entering operator: R↓
[2025-03-21 20:54:15,658] INFO: Stack rolled down: X=0, stack=[0, 255, 0]
[2025-03-21 20:54:15,658] INFO: Setting entry: value=0, raw=False
[2025-03-21 20:54:15,658] INFO: Entry set: 0, value=0
[2025-03-21 20:54:15,658] INFO: Performed R↓: stack rotated down
[2025-03-21 20:54:15,958] INFO: Handling command: 
[2025-03-21 20:54:15,958] INFO: Handling normal command: R↓
[2025-03-21 20:54:15,958] INFO: Entering operator: R↓
[2025-03-21 20:54:15,958] INFO: Stack rolled down: X=0, stack=[0, 0, 255]
[2025-03-21 20:54:15,958] INFO: Setting entry: value=0, raw=False
[2025-03-21 20:54:15,958] INFO: Entry set: 0, value=0
[2025-03-21 20:54:15,958] INFO: Performed R↓: stack rotated down
[2025-03-21 20:54:16,258] INFO: Handling command: 
[2025-03-21 20:54:16,258] INFO: Handling normal command: R↓
[2025-03-21 20:54:16,258] INFO: Entering operator: R↓
[2025-03-21 20:54:16,258] INFO: Stack rolled down: X=255, stack=[0, 0, 0]
[2025-03-21 20:54:16,258] INFO: Setting entry: value=ff, raw=False
[2025-03-21 20:54:16,258] INFO: Entry set: ff, value=255
[2025-03-21 20:54:16,258] INFO: Performed R↓: stack rotated down
[2025-03-21 20:54:16,783] INFO: Handling command: 
[2025-03-21 20:54:16,783] INFO: Handling normal command: R↓
[2025-03-21 20:54:16,783] INFO: Entering operator: R↓
[2025-03-21 20:54:16,783] INFO: Stack rolled down: X=0, stack=[255, 0, 0]
[2025-03-21 20:54:16,783] INFO: Setting entry: value=0, raw=False
[2025-03-21 20:54:16,783] INFO: Entry set: 0, value=0
[2025-03-21 20:54:16,783] INFO: Performed R↓: stack rotated down
[2025-03-21 20:54:17,016] INFO: Handling command: 
[2025-03-21 20:54:17,016] INFO: Handling normal command: R↓
[2025-03-21 20:54:17,016] INFO: Entering operator: R↓
[2025-03-21 20:54:17,016] INFO: Stack rolled down: X=0, stack=[0, 255, 0]
[2025-03-21 20:54:17,016] INFO: Setting entry: value=0, raw=False
[2025-03-21 20:54:17,016] INFO: Entry set: 0, value=0
[2025-03-21 20:54:17,016] INFO: Performed R↓: stack rotated down
[2025-03-21 20:54:17,271] INFO: Handling command: 
[2025-03-21 20:54:17,271] INFO: Handling normal command: R↓
[2025-03-21 20:54:17,271] INFO: Entering operator: R↓
[2025-03-21 20:54:17,271] INFO: Stack rolled down: X=0, stack=[0, 0, 255]
[2025-03-21 20:54:17,271] INFO: Setting entry: value=0, raw=False
[2025-03-21 20:54:17,271] INFO: Entry set: 0, value=0
[2025-03-21 20:54:17,271] INFO: Performed R↓: stack rotated down
[2025-03-21 20:54:17,511] INFO: Handling command: 
[2025-03-21 20:54:17,511] INFO: Handling normal command: R↓
[2025-03-21 20:54:17,511] INFO: Entering operator: R↓
[2025-03-21 20:54:17,511] INFO: Stack rolled down: X=255, stack=[0, 0, 0]
[2025-03-21 20:54:17,511] INFO: Setting entry: value=ff, raw=False
[2025-03-21 20:54:17,511] INFO: Entry set: ff, value=255
[2025-03-21 20:54:17,511] INFO: Performed R↓: stack rotated down
[2025-03-21 20:54:17,803] INFO: Handling command: 
[2025-03-21 20:54:17,803] INFO: Handling normal command: R↓
[2025-03-21 20:54:17,803] INFO: Entering operator: R↓
[2025-03-21 20:54:17,803] INFO: Stack rolled down: X=0, stack=[255, 0, 0]
[2025-03-21 20:54:17,803] INFO: Setting entry: value=0, raw=False
[2025-03-21 20:54:17,803] INFO: Entry set: 0, value=0
[2025-03-21 20:54:17,803] INFO: Performed R↓: stack rotated down
[2025-03-21 20:54:17,991] INFO: Handling command: 
[2025-03-21 20:54:17,991] INFO: Handling normal command: R↓
[2025-03-21 20:54:17,991] INFO: Entering operator: R↓
[2025-03-21 20:54:17,991] INFO: Stack rolled down: X=0, stack=[0, 255, 0]
[2025-03-21 20:54:17,991] INFO: Setting entry: value=0, raw=False
[2025-03-21 20:54:17,991] INFO: Entry set: 0, value=0
[2025-03-21 20:54:17,991] INFO: Performed R↓: stack rotated down
[2025-03-21 20:54:18,201] INFO: Handling command: 
[2025-03-21 20:54:18,201] INFO: Handling normal command: R↓
[2025-03-21 20:54:18,201] INFO: Entering operator: R↓
[2025-03-21 20:54:18,201] INFO: Stack rolled down: X=0, stack=[0, 0, 255]
[2025-03-21 20:54:18,201] INFO: Setting entry: value=0, raw=False
[2025-03-21 20:54:18,201] INFO: Entry set: 0, value=0
[2025-03-21 20:54:18,201] INFO: Performed R↓: stack rotated down
[2025-03-21 20:54:18,403] INFO: Handling command: 
[2025-03-21 20:54:18,403] INFO: Handling normal command: R↓
[2025-03-21 20:54:18,403] INFO: Entering operator: R↓
[2025-03-21 20:54:18,403] INFO: Stack rolled down: X=255, stack=[0, 0, 0]
[2025-03-21 20:54:18,403] INFO: Setting entry: value=ff, raw=False
[2025-03-21 20:54:18,403] INFO: Entry set: ff, value=255
[2025-03-21 20:54:18,403] INFO: Performed R↓: stack rotated down
[2025-03-21 20:54:18,590] INFO: Handling command: 
[2025-03-21 20:54:18,591] INFO: Handling normal command: R↓
[2025-03-21 20:54:18,591] INFO: Entering operator: R↓
[2025-03-21 20:54:18,591] INFO: Stack rolled down: X=0, stack=[255, 0, 0]
[2025-03-21 20:54:18,591] INFO: Setting entry: value=0, raw=False
[2025-03-21 20:54:18,591] INFO: Entry set: 0, value=0
[2025-03-21 20:54:18,591] INFO: Performed R↓: stack rotated down
[2025-03-21 20:54:18,801] INFO: Handling command: 
[2025-03-21 20:54:18,801] INFO: Handling normal command: R↓
[2025-03-21 20:54:18,801] INFO: Entering operator: R↓
[2025-03-21 20:54:18,801] INFO: Stack rolled down: X=0, stack=[0, 255, 0]
[2025-03-21 20:54:18,801] INFO: Setting entry: value=0, raw=False
[2025-03-21 20:54:18,801] INFO: Entry set: 0, value=0
[2025-03-21 20:54:18,801] INFO: Performed R↓: stack rotated down
[2025-03-21 20:54:19,033] INFO: Handling command: 
[2025-03-21 20:54:19,033] INFO: Handling normal command: R↓
[2025-03-21 20:54:19,033] INFO: Entering operator: R↓
[2025-03-21 20:54:19,033] INFO: Stack rolled down: X=0, stack=[0, 0, 255]
[2025-03-21 20:54:19,033] INFO: Setting entry: value=0, raw=False
[2025-03-21 20:54:19,033] INFO: Entry set: 0, value=0
[2025-03-21 20:54:19,033] INFO: Performed R↓: stack rotated down
[2025-03-21 20:54:19,266] INFO: Handling command: 
[2025-03-21 20:54:19,266] INFO: Handling normal command: R↓
[2025-03-21 20:54:19,266] INFO: Entering operator: R↓
[2025-03-21 20:54:19,266] INFO: Stack rolled down: X=255, stack=[0, 0, 0]
[2025-03-21 20:54:19,266] INFO: Setting entry: value=ff, raw=False
[2025-03-21 20:54:19,266] INFO: Entry set: ff, value=255
[2025-03-21 20:54:19,266] INFO: Performed R↓: stack rotated down
[2025-03-21 20:54:19,476] INFO: Handling command: 
[2025-03-21 20:54:19,476] INFO: Handling normal command: R↓
[2025-03-21 20:54:19,476] INFO: Entering operator: R↓
[2025-03-21 20:54:19,476] INFO: Stack rolled down: X=0, stack=[255, 0, 0]
[2025-03-21 20:54:19,476] INFO: Setting entry: value=0, raw=False
[2025-03-21 20:54:19,476] INFO: Entry set: 0, value=0
[2025-03-21 20:54:19,476] INFO: Performed R↓: stack rotated down
[2025-03-21 20:54:19,708] INFO: Handling command: 
[2025-03-21 20:54:19,708] INFO: Handling normal command: R↓
[2025-03-21 20:54:19,708] INFO: Entering operator: R↓
[2025-03-21 20:54:19,708] INFO: Stack rolled down: X=0, stack=[0, 255, 0]
[2025-03-21 20:54:19,708] INFO: Setting entry: value=0, raw=False
[2025-03-21 20:54:19,708] INFO: Entry set: 0, value=0
[2025-03-21 20:54:19,708] INFO: Performed R↓: stack rotated down
[2025-03-21 20:54:20,023] INFO: Handling command: 
[2025-03-21 20:54:20,023] INFO: Handling normal command: R↓
[2025-03-21 20:54:20,023] INFO: Entering operator: R↓
[2025-03-21 20:54:20,023] INFO: Stack rolled down: X=0, stack=[0, 0, 255]
[2025-03-21 20:54:20,023] INFO: Setting entry: value=0, raw=False
[2025-03-21 20:54:20,023] INFO: Entry set: 0, value=0
[2025-03-21 20:54:20,023] INFO: Performed R↓: stack rotated down
[2025-03-21 20:54:20,278] INFO: Handling command: 
[2025-03-21 20:54:20,278] INFO: Handling normal command: R↓
[2025-03-21 20:54:20,278] INFO: Entering operator: R↓
[2025-03-21 20:54:20,278] INFO: Stack rolled down: X=255, stack=[0, 0, 0]
[2025-03-21 20:54:20,278] INFO: Setting entry: value=ff, raw=False
[2025-03-21 20:54:20,278] INFO: Entry set: ff, value=255
[2025-03-21 20:54:20,278] INFO: Performed R↓: stack rotated down
[2025-03-21 20:54:20,503] INFO: Handling command: 
[2025-03-21 20:54:20,503] INFO: Handling normal command: R↓
[2025-03-21 20:54:20,503] INFO: Entering operator: R↓
[2025-03-21 20:54:20,503] INFO: Stack rolled down: X=0, stack=[255, 0, 0]
[2025-03-21 20:54:20,503] INFO: Setting entry: value=0, raw=False
[2025-03-21 20:54:20,503] INFO: Entry set: 0, value=0
[2025-03-21 20:54:20,503] INFO: Performed R↓: stack rotated down
[2025-03-21 20:54:20,743] INFO: Handling command: 
[2025-03-21 20:54:20,743] INFO: Handling normal command: R↓
[2025-03-21 20:54:20,743] INFO: Entering operator: R↓
[2025-03-21 20:54:20,743] INFO: Stack rolled down: X=0, stack=[0, 255, 0]
[2025-03-21 20:54:20,743] INFO: Setting entry: value=0, raw=False
[2025-03-21 20:54:20,743] INFO: Entry set: 0, value=0
[2025-03-21 20:54:20,743] INFO: Performed R↓: stack rotated down
[2025-03-21 20:54:20,983] INFO: Handling command: 
[2025-03-21 20:54:20,983] INFO: Handling normal command: R↓
[2025-03-21 20:54:20,983] INFO: Entering operator: R↓
[2025-03-21 20:54:20,983] INFO: Stack rolled down: X=0, stack=[0, 0, 255]
[2025-03-21 20:54:20,983] INFO: Setting entry: value=0, raw=False
[2025-03-21 20:54:20,983] INFO: Entry set: 0, value=0
[2025-03-21 20:54:20,983] INFO: Performed R↓: stack rotated down
[2025-03-21 20:54:21,313] INFO: Handling command: 
[2025-03-21 20:54:21,314] INFO: Handling normal command: R↓
[2025-03-21 20:54:21,314] INFO: Entering operator: R↓
[2025-03-21 20:54:21,314] INFO: Stack rolled down: X=255, stack=[0, 0, 0]
[2025-03-21 20:54:21,314] INFO: Setting entry: value=ff, raw=False
[2025-03-21 20:54:21,314] INFO: Entry set: ff, value=255
[2025-03-21 20:54:21,314] INFO: Performed R↓: stack rotated down
[2025-03-21 20:56:29,189] INFO: Exiting function: main
[2025-03-21 20:56:29,189] INFO: Script ended: main.pyw
