[2025-03-21 20:42:45,898] INFO: Stack initialized: [0, 0, 0], X=0, word_size=16, complement_mode=UNSIGNED
[2025-03-21 20:42:45,907] INFO: Script started: main.pyw
[2025-03-21 20:42:45,907] INFO: Entering function: main
[2025-03-21 20:42:45,907] INFO: Creating Tk root window
[2025-03-21 20:42:45,969] INFO: Setting window title: HP 16C Emulator
[2025-03-21 20:42:45,969] INFO: Configuring root background color: #1e1818
[2025-03-21 20:42:45,969] INFO: Setting root resizable: False, False
[2025-03-21 20:42:45,969] INFO: Entering function: load_config
[2025-03-21 20:42:45,969] INFO: Config loaded and updated: {'display_width': 575, 'display_height': 80, 'margin': 20, 'bg_color': '#1e1818', 'display_font_family': 'Courier', 'display_font_size': 18, 'display_x': 125, 'display_y': 20}
[2025-03-21 20:42:45,970] INFO: Exiting function: load_config
[2025-03-21 20:42:45,970] INFO: Custom font created: family=Courier, size=18
[2025-03-21 20:42:45,970] INFO: Setting up UI: display at x=125, y=20, width=575, height=80, grid=4x10, total=1089x560
[2025-03-21 20:42:45,970] INFO: Initializing Display: x=125, y=20, width=575, height=80
[2025-03-21 20:42:45,974] INFO: Stack info updated: 00-16-0000
[2025-03-21 20:42:45,974] INFO: Display initialized: mode=DEC, entry=0
[2025-03-21 20:42:45,974] INFO: Setting mode: DEC
[2025-03-21 20:42:45,974] INFO: Setting entry: value=0, raw=False
[2025-03-21 20:42:45,974] INFO: Entry set: 0, value=0
[2025-03-21 20:42:45,975] INFO: Creating buttons from BUTTONS_CONFIG
[2025-03-21 20:42:45,976] INFO: Button 0,0: SL/A/LJ, 75x75, row=0, col=0, rowspan=1
[2025-03-21 20:42:45,977] INFO: Button 1,0: x><(i)/GSB/RTN, 75x75, row=1, col=0, rowspan=1
[2025-03-21 20:42:45,978] INFO: Button 2,0: (i)/R/S/P/R, 75x75, row=2, col=0, rowspan=1
[2025-03-21 20:42:45,978] INFO: Button 3,0: /ON/, 75x75, row=3, col=0, rowspan=1
[2025-03-21 20:42:45,979] INFO: Button 0,1: SR/B/ASR, 75x75, row=0, col=1, rowspan=1
[2025-03-21 20:42:45,980] INFO: Button 1,1: x><I/GTO/LBL, 75x75, row=1, col=1, rowspan=1
[2025-03-21 20:42:45,981] INFO: Button 2,1: I/SST/BST, 75x75, row=2, col=1, rowspan=1
[2025-03-21 20:42:45,981] INFO: Button 3,1: /f/, 75x75, row=3, col=1, rowspan=1
[2025-03-21 20:42:45,982] INFO: Button 0,2: RL/C/DSZ, 75x75, row=0, col=2, rowspan=1
[2025-03-21 20:42:45,983] INFO: Button 1,2: SHOW HEX/HEX/DSZ, 75x75, row=1, col=2, rowspan=1
[2025-03-21 20:42:45,985] INFO: Button 2,2: CLR PRGM/R↓/R↑, 75x75, row=2, col=2, rowspan=1
[2025-03-21 20:42:45,985] INFO: Button 3,2: /g/, 75x75, row=3, col=2, rowspan=1
[2025-03-21 20:42:45,986] INFO: Button 0,3: RR/D/RRC, 75x75, row=0, col=3, rowspan=1
[2025-03-21 20:42:45,987] INFO: Button 1,3: SHOW DEC/DEC/ISZ, 75x75, row=1, col=3, rowspan=1
[2025-03-21 20:42:45,988] INFO: Button 2,3: CLR REG/x><y/PSE, 75x75, row=2, col=3, rowspan=1
[2025-03-21 20:42:46,007] INFO: Button 3,3: WSIZE/STO/⯇, 75x75, row=3, col=3, rowspan=1
[2025-03-21 20:42:46,007] INFO: Button 0,4: RLn/E/RLCn, 75x75, row=0, col=4, rowspan=1
[2025-03-21 20:42:46,008] INFO: Button 1,4: SHOW OCT/OCT/√x, 75x75, row=1, col=4, rowspan=1
[2025-03-21 20:42:46,009] INFO: Button 2,4: CLR PRFX/BSP/CLX, 75x75, row=2, col=4, rowspan=1
[2025-03-21 20:42:46,010] INFO: Button 3,4: FLOAT/RCL/⯈, 75x75, row=3, col=4, rowspan=1
[2025-03-21 20:42:46,011] INFO: Button 0,5: RRn/F/RRCn, 75x75, row=0, col=5, rowspan=1
[2025-03-21 20:42:46,012] INFO: Button 1,5: SHOW BIN/BIN/1/x, 75x75, row=1, col=5, rowspan=1
[2025-03-21 20:42:46,013] INFO: Button 2,5: WINDOW/ENTER/LST X, 75x175, row=2, col=5, rowspan=2
[2025-03-21 20:42:46,013] INFO: Button 0,6: MASKL/7/#B, 75x75, row=0, col=6, rowspan=1
[2025-03-21 20:42:46,014] INFO: Button 1,6: SB/4/SF, 75x75, row=1, col=6, rowspan=1
[2025-03-21 20:42:46,015] INFO: Button 2,6: SC 1'S/1/X≤Y, 75x75, row=2, col=6, rowspan=1
[2025-03-21 20:42:46,016] INFO: Button 3,6: MEM/0/X≠Y, 75x75, row=3, col=6, rowspan=1
[2025-03-21 20:42:46,017] INFO: Button 0,7: MASKR/8/ABS, 75x75, row=0, col=7, rowspan=1
[2025-03-21 20:42:46,017] INFO: Button 1,7: CB/5/CF, 75x75, row=1, col=7, rowspan=1
[2025-03-21 20:42:46,018] INFO: Button 2,7: SC 2'S/2/X<0, 75x75, row=2, col=7, rowspan=1
[2025-03-21 20:42:46,019] INFO: Button 3,7: STATUS/./X≠0, 75x75, row=3, col=7, rowspan=1
[2025-03-21 20:42:46,020] INFO: Button 0,8: RMD/9/DBLR, 75x75, row=0, col=8, rowspan=1
[2025-03-21 20:42:46,021] INFO: Button 1,8: B?/6/F?, 75x75, row=1, col=8, rowspan=1
[2025-03-21 20:42:46,022] INFO: Button 2,8: SC UNSGN/3/X>Y, 75x75, row=2, col=8, rowspan=1
[2025-03-21 20:42:46,023] INFO: Button 3,8: EEx/CHS/X=Y, 75x75, row=3, col=8, rowspan=1
[2025-03-21 20:42:46,024] INFO: Button 0,9: XOR///DBL/, 75x75, row=0, col=9, rowspan=1
[2025-03-21 20:42:46,024] INFO: Button 1,9: AND/*/DBL*, 75x75, row=1, col=9, rowspan=1
[2025-03-21 20:42:46,025] INFO: Button 2,9: NOT/-/X>0, 75x75, row=2, col=9, rowspan=1
[2025-03-21 20:42:46,026] INFO: Button 3,9: OR/+/X=0, 75x75, row=3, col=9, rowspan=1
[2025-03-21 20:42:46,026] INFO: Total buttons created: 39
[2025-03-21 20:42:46,026] INFO: Grid configured: 10 cols, 4 rows, minsize=75
[2025-03-21 20:42:46,053] INFO: Initializing HP16CController with display and buttons
[2025-03-21 20:42:46,053] INFO: Initializing HP16CController
[2025-03-21 20:42:46,053] INFO: Binding buttons to controller actions
[2025-03-21 20:42:46,053] INFO: Binding actions to all buttons
[2025-03-21 20:42:46,055] INFO: Starting periodic stack updates
[2025-03-21 20:42:46,056] INFO: Setting entry: value=0, raw=False
[2025-03-21 20:42:46,057] INFO: Entry set: 0, value=0
[2025-03-21 20:42:46,296] INFO: Root window size: 1089x560+156+156
[2025-03-21 20:42:46,297] INFO: Entering Tkinter mainloop
[2025-03-21 20:42:47,651] INFO: Handling command: 
[2025-03-21 20:42:47,652] INFO: Handling normal command: 2
[2025-03-21 20:42:47,652] INFO: Entering digit: 2
[2025-03-21 20:42:47,652] INFO: Clearing entry
[2025-03-21 20:42:47,652] INFO: Appending character: 2
[2025-03-21 20:42:47,652] INFO: Setting entry: value=2, raw=False
[2025-03-21 20:42:47,653] INFO: Entry set: 2, value=2
[2025-03-21 20:42:48,146] INFO: Handling command: 
[2025-03-21 20:42:48,146] INFO: Handling normal command: 5
[2025-03-21 20:42:48,146] INFO: Entering digit: 5
[2025-03-21 20:42:48,146] INFO: Appending character: 5
[2025-03-21 20:42:48,146] INFO: Setting entry: value=25, raw=False
[2025-03-21 20:42:48,146] INFO: Entry set: 25, value=25
[2025-03-21 20:42:48,363] INFO: Handling command: 
[2025-03-21 20:42:48,363] INFO: Handling normal command: 5
[2025-03-21 20:42:48,363] INFO: Entering digit: 5
[2025-03-21 20:42:48,363] INFO: Appending character: 5
[2025-03-21 20:42:48,363] INFO: Setting entry: value=255, raw=False
[2025-03-21 20:42:48,364] INFO: Entry set: 255, value=255
[2025-03-21 20:42:50,179] INFO: Handling command: yellow_f_function
[2025-03-21 20:42:50,180] INFO: Toggling mode: f, f_active=False, g_active=False
[2025-03-21 20:42:50,216] INFO: Mode set: f
[2025-03-21 20:42:51,086] INFO: f-mode action: SHOW HEX
[2025-03-21 20:42:51,086] INFO: Formatted 255 in HEX as ff
[2025-03-21 20:42:51,086] INFO: Setting entry: value=ff, raw=True
[2025-03-21 20:42:51,087] INFO: Raw entry set: ff
[2025-03-21 20:42:51,087] INFO: Scheduling reset in 1 second
[2025-03-21 20:42:51,087] INFO: Toggling mode: f, f_active=True, g_active=False
[2025-03-21 20:42:51,095] INFO: Mode reset to normal
[2025-03-21 20:42:52,094] INFO: Clearing entry
[2025-03-21 20:42:55,096] INFO: Formatted 255 in DEC as 255
[2025-03-21 20:42:55,096] INFO: Setting entry: value=255, raw=False
[2025-03-21 20:42:55,097] INFO: Entry set: 255, value=255
